2016-06-23 09:37:01 trace :
------------
String:
<xml><ToUserName><![CDATA[gh_87c9b624047c]]></ToUserName>
<FromUserName><![CDATA[oKap7wRQoZ24l6SMGlctnyO9OOE4]]></FromUserName>
<CreateTime>1466645821</CreateTime>
<MsgType><![CDATA[event]]></MsgType>
<Event><![CDATA[subscribe]]></Event>
<EventKey><![CDATA[]]></EventKey>
</xml>

2016-06-23 09:37:01 params :
------------
Array:
message : Array ;
module : news ;
rule : 55 ;
priority : 0 ;
keyword : Array ;

2016-06-23 09:37:01 response :
------------
Array:
FromUserName : gh_87c9b624047c ;
ToUserName : oKap7wRQoZ24l6SMGlctnyO9OOE4 ;
MsgType : news ;
ArticleCount : 3 ;
Articles : Array ;

2016-06-23 09:37:06 trace :
------------
String:
<xml><ToUserName><![CDATA[gh_87c9b624047c]]></ToUserName>
<FromUserName><![CDATA[oKap7wRQoZ24l6SMGlctnyO9OOE4]]></FromUserName>
<CreateTime>1466645826</CreateTime>
<MsgType><![CDATA[event]]></MsgType>
<Event><![CDATA[VIEW]]></Event>
<EventKey><![CDATA[http://show.artels.cn/v-U70510PXM38WA3X5?eqrcode=1]]></EventKey>
<MenuId>503253745</MenuId>
</xml>

2016-06-23 09:37:06 params :
------------
Array:
rule : -2 ;
module :  ;
message : Array ;

2016-06-23 09:37:06 response :
------------

2016-06-23 13:43:53 trace :
------------
String:
<xml><ToUserName><![CDATA[gh_87c9b624047c]]></ToUserName>
<FromUserName><![CDATA[oKap7wRZZmnYcY8GtNsnrBwJodjo]]></FromUserName>
<CreateTime>1466660633</CreateTime>
<MsgType><![CDATA[event]]></MsgType>
<Event><![CDATA[subscribe]]></Event>
<EventKey><![CDATA[]]></EventKey>
</xml>

2016-06-23 13:43:53 params :
------------
Array:
message : Array ;
module : news ;
rule : 55 ;
priority : 0 ;
keyword : Array ;

2016-06-23 13:43:53 response :
------------
Array:
FromUserName : gh_87c9b624047c ;
ToUserName : oKap7wRZZmnYcY8GtNsnrBwJodjo ;
MsgType : news ;
ArticleCount : 3 ;
Articles : Array ;

2016-06-23 14:43:21 trace :
------------
String:
<xml><ToUserName><![CDATA[gh_87c9b624047c]]></ToUserName>
<FromUserName><![CDATA[oKap7wVsvX1wH_Yql4T-wQK1GKzw]]></FromUserName>
<CreateTime>1466664201</CreateTime>
<MsgType><![CDATA[event]]></MsgType>
<Event><![CDATA[subscribe]]></Event>
<EventKey><![CDATA[]]></EventKey>
</xml>

2016-06-23 14:43:21 params :
------------
Array:
message : Array ;
module : news ;
rule : 55 ;
priority : 0 ;
keyword : Array ;

2016-06-23 14:43:21 response :
------------
Array:
FromUserName : gh_87c9b624047c ;
ToUserName : oKap7wVsvX1wH_Yql4T-wQK1GKzw ;
MsgType : news ;
ArticleCount : 3 ;
Articles : Array ;

2016-06-23 14:45:41 trace :
------------
String:
<xml><ToUserName><![CDATA[gh_87c9b624047c]]></ToUserName>
<FromUserName><![CDATA[oKap7wVsvX1wH_Yql4T-wQK1GKzw]]></FromUserName>
<CreateTime>1466664341</CreateTime>
<MsgType><![CDATA[event]]></MsgType>
<Event><![CDATA[unsubscribe]]></Event>
<EventKey><![CDATA[]]></EventKey>
</xml>

