2016-03-22 06:57:49 trace :
------------
String:
<xml><ToUserName><![CDATA[gh_b75bad3e9d82]]></ToUserName>
<FromUserName><![CDATA[oH51jwwj4Pjt4kNqsbRsFJumdlgE]]></FromUserName>
<CreateTime>1458601068</CreateTime>
<MsgType><![CDATA[event]]></MsgType>
<Event><![CDATA[subscribe]]></Event>
<EventKey><![CDATA[]]></EventKey>
</xml>

2016-03-22 06:57:49 params :
------------
Array:
rule : -2 ;
module :  ;
message : Array ;

2016-03-22 06:57:49 response :
------------

2016-03-22 08:38:43 trace :
------------
String:
<xml><ToUserName><![CDATA[gh_b75bad3e9d82]]></ToUserName>
<FromUserName><![CDATA[oH51jww3zU6eGOIXaPLsh6E_87NE]]></FromUserName>
<CreateTime>1458607123</CreateTime>
<MsgType><![CDATA[event]]></MsgType>
<Event><![CDATA[subscribe]]></Event>
<EventKey><![CDATA[]]></EventKey>
</xml>

2016-03-22 08:38:43 params :
------------
Array:
rule : -2 ;
module :  ;
message : Array ;

2016-03-22 08:38:43 response :
------------

2016-03-22 09:14:47 trace :
------------
String:
<xml><ToUserName><![CDATA[gh_b75bad3e9d82]]></ToUserName>
<FromUserName><![CDATA[oH51jw4zye-haKUgywRw3zoZATVA]]></FromUserName>
<CreateTime>1458609287</CreateTime>
<MsgType><![CDATA[event]]></MsgType>
<Event><![CDATA[unsubscribe]]></Event>
<EventKey><![CDATA[]]></EventKey>
</xml>

