2016-04-12 08:38:44 trace :
------------
String:
<xml><ToUserName><![CDATA[gh_b75bad3e9d82]]></ToUserName>
<FromUserName><![CDATA[oH51jw-zH3B9DYpfss8Xxmadr4Gw]]></FromUserName>
<CreateTime>1460421524</CreateTime>
<MsgType><![CDATA[event]]></MsgType>
<Event><![CDATA[subscribe]]></Event>
<EventKey><![CDATA[]]></EventKey>
</xml>

2016-04-12 08:38:44 params :
------------
Array:
rule : -2 ;
module :  ;
message : Array ;

2016-04-12 08:38:44 response :
------------

2016-04-12 10:37:15 trace :
------------
String:
<xml><ToUserName><![CDATA[gh_b75bad3e9d82]]></ToUserName>
<FromUserName><![CDATA[oH51jwzp8dpAufTG-vygQy6VJoxM]]></FromUserName>
<CreateTime>1460428635</CreateTime>
<MsgType><![CDATA[event]]></MsgType>
<Event><![CDATA[VIEW]]></Event>
<EventKey><![CDATA[http://mp.weixin.qq.com/s?__biz=MzI3ODA4NTQwNw==&mid=401613448&idx=1&sn=cdbdb063d366e8fb6f07ed693c4fad58&scene=18#wechat_redirect]]></EventKey>
<MenuId>401838942</MenuId>
</xml>

2016-04-12 10:37:15 params :
------------
Array:
rule : -2 ;
module :  ;
message : Array ;

2016-04-12 10:37:15 response :
------------

2016-04-12 15:30:42 trace :
------------
String:
<xml><ToUserName><![CDATA[gh_b75bad3e9d82]]></ToUserName>
<FromUserName><![CDATA[oH51jwz8DjMTSD9FRwpx3seEKrl8]]></FromUserName>
<CreateTime>1460446243</CreateTime>
<MsgType><![CDATA[event]]></MsgType>
<Event><![CDATA[MASSSENDJOBFINISH]]></Event>
<MsgID>402824106</MsgID>
<Status><![CDATA[send success]]></Status>
<TotalCount>161</TotalCount>
<FilterCount>161</FilterCount>
<SentCount>161</SentCount>
<ErrorCount>0</ErrorCount>
</xml>

2016-04-12 15:30:42 params :
------------
Array:
rule : -2 ;
module :  ;
message : Array ;

2016-04-12 15:30:42 response :
------------

