2016-04-09 12:12:52 trace :
------------
String:
<xml><ToUserName><![CDATA[gh_b75bad3e9d82]]></ToUserName>
<FromUserName><![CDATA[oH51jw5-q4JzVYO9-F49GPi2_3dA]]></FromUserName>
<CreateTime>1460175172</CreateTime>
<MsgType><![CDATA[event]]></MsgType>
<Event><![CDATA[subscribe]]></Event>
<EventKey><![CDATA[]]></EventKey>
</xml>

2016-04-09 12:12:52 params :
------------
Array:
rule : -2 ;
module :  ;
message : Array ;

2016-04-09 12:12:52 response :
------------

2016-04-09 19:58:38 trace :
------------
String:
<xml><ToUserName><![CDATA[gh_b75bad3e9d82]]></ToUserName>
<FromUserName><![CDATA[oH51jw2hS6cvLqxtYahPsfUJI1MY]]></FromUserName>
<CreateTime>1460203118</CreateTime>
<MsgType><![CDATA[event]]></MsgType>
<Event><![CDATA[unsubscribe]]></Event>
<EventKey><![CDATA[]]></EventKey>
</xml>

