2016-03-12 20:57:27 trace :
------------
String:
<xml><ToUserName><![CDATA[gh_b75bad3e9d82]]></ToUserName>
<FromUserName><![CDATA[oH51jwz8DjMTSD9FRwpx3seEKrl8]]></FromUserName>
<CreateTime>1457787447</CreateTime>
<MsgType><![CDATA[event]]></MsgType>
<Event><![CDATA[MASSSENDJOBFINISH]]></Event>
<MsgID>402064622</MsgID>
<Status><![CDATA[send success]]></Status>
<TotalCount>133</TotalCount>
<FilterCount>133</FilterCount>
<SentCount>133</SentCount>
<ErrorCount>0</ErrorCount>
</xml>

2016-03-12 20:57:27 params :
------------
Array:
rule : -2 ;
module :  ;
message : Array ;

2016-03-12 20:57:27 response :
------------

