2016-05-27 06:42:11 trace :
------------
String:
<xml><ToUserName><![CDATA[gh_87c9b624047c]]></ToUserName>
<FromUserName><![CDATA[oKap7wUze0CfqoMJHSW9r2Z48Pmg]]></FromUserName>
<CreateTime>1464302531</CreateTime>
<MsgType><![CDATA[event]]></MsgType>
<Event><![CDATA[CLICK]]></Event>
<EventKey><![CDATA[每天摇一摇]]></EventKey>
</xml>

2016-05-27 06:42:11 params :
------------
Array:
message : Array ;
module : mon_qmshake ;
rule : 54 ;
priority : 0 ;
keyword : Array ;

2016-05-27 06:42:11 response :
------------
Array:
FromUserName : gh_87c9b624047c ;
ToUserName : oKap7wUze0CfqoMJHSW9r2Z48Pmg ;
MsgType : news ;
ArticleCount : 1 ;
Articles : Array ;

2016-05-27 06:42:45 trace :
------------
String:
<xml><ToUserName><![CDATA[gh_87c9b624047c]]></ToUserName>
<FromUserName><![CDATA[oKap7wUze0CfqoMJHSW9r2Z48Pmg]]></FromUserName>
<CreateTime>1464302565</CreateTime>
<MsgType><![CDATA[event]]></MsgType>
<Event><![CDATA[CLICK]]></Event>
<EventKey><![CDATA[酒店地址]]></EventKey>
</xml>

2016-05-27 06:42:45 params :
------------
Array:
message : Array ;
module : cover ;
rule : 56 ;
priority : 0 ;
keyword : Array ;

2016-05-27 06:42:45 response :
------------
Array:
FromUserName : gh_87c9b624047c ;
ToUserName : oKap7wUze0CfqoMJHSW9r2Z48Pmg ;
MsgType : news ;
ArticleCount : 1 ;
Articles : Array ;

2016-05-27 09:28:22 trace :
------------
String:
<xml><ToUserName><![CDATA[gh_87c9b624047c]]></ToUserName>
<FromUserName><![CDATA[oKap7wYXWPXMZ4kes11qvvcuJmyg]]></FromUserName>
<CreateTime>1464312501</CreateTime>
<MsgType><![CDATA[text]]></MsgType>
<Content><![CDATA[捕鱼达人]]></Content>
<MsgId>6289174303422183526</MsgId>
</xml>

2016-05-27 09:28:22 params :
------------
Array:
message : Array ;
module : cover ;
rule : 62 ;
priority : 0 ;
keyword : Array ;

2016-05-27 09:28:22 response :
------------
Array:
FromUserName : gh_87c9b624047c ;
ToUserName : oKap7wYXWPXMZ4kes11qvvcuJmyg ;
MsgType : news ;
ArticleCount : 1 ;
Articles : Array ;

2016-05-27 10:02:20 trace :
------------
String:
<xml><ToUserName><![CDATA[gh_87c9b624047c]]></ToUserName>
<FromUserName><![CDATA[oKap7wYXWPXMZ4kes11qvvcuJmyg]]></FromUserName>
<CreateTime>1464314540</CreateTime>
<MsgType><![CDATA[text]]></MsgType>
<Content><![CDATA[众筹]]></Content>
<MsgId>6289183060860500383</MsgId>
</xml>

2016-05-27 10:02:20 params :
------------
Array:
message : Array ;
module : cover ;
rule : 64 ;
priority : 0 ;
keyword : Array ;

2016-05-27 10:02:20 response :
------------
Array:
FromUserName : gh_87c9b624047c ;
ToUserName : oKap7wYXWPXMZ4kes11qvvcuJmyg ;
MsgType : news ;
ArticleCount : 1 ;
Articles : Array ;

2016-05-27 10:22:18 trace :
------------
String:
<xml><ToUserName><![CDATA[gh_87c9b624047c]]></ToUserName>
<FromUserName><![CDATA[oKap7wYXWPXMZ4kes11qvvcuJmyg]]></FromUserName>
<CreateTime>1464315738</CreateTime>
<MsgType><![CDATA[text]]></MsgType>
<Content><![CDATA[一秒游戏]]></Content>
<MsgId>6289188206231321143</MsgId>
</xml>

2016-05-27 10:22:18 params :
------------
Array:
message : Array ;
module : cover ;
rule : 66 ;
priority : 0 ;
keyword : Array ;

2016-05-27 10:22:18 response :
------------
Array:
FromUserName : gh_87c9b624047c ;
ToUserName : oKap7wYXWPXMZ4kes11qvvcuJmyg ;
MsgType : news ;
ArticleCount : 1 ;
Articles : Array ;

2016-05-27 10:27:07 trace :
------------
String:
<xml><ToUserName><![CDATA[gh_87c9b624047c]]></ToUserName>
<FromUserName><![CDATA[oKap7wYXWPXMZ4kes11qvvcuJmyg]]></FromUserName>
<CreateTime>1464316027</CreateTime>
<MsgType><![CDATA[text]]></MsgType>
<Content><![CDATA[岛国么么哒]]></Content>
<MsgId>6289189447476869727</MsgId>
</xml>

2016-05-27 10:27:07 params :
------------
Array:
message : Array ;
module : cover ;
rule : 67 ;
priority : 0 ;
keyword : Array ;

2016-05-27 10:27:07 response :
------------
Array:
FromUserName : gh_87c9b624047c ;
ToUserName : oKap7wYXWPXMZ4kes11qvvcuJmyg ;
MsgType : news ;
ArticleCount : 1 ;
Articles : Array ;

2016-05-27 10:36:34 trace :
------------
String:
<xml><ToUserName><![CDATA[gh_87c9b624047c]]></ToUserName>
<FromUserName><![CDATA[oKap7wYXWPXMZ4kes11qvvcuJmyg]]></FromUserName>
<CreateTime>1464316594</CreateTime>
<MsgType><![CDATA[text]]></MsgType>
<Content><![CDATA[小猴摘桃]]></Content>
<MsgId>6289191882723326616</MsgId>
</xml>

2016-05-27 10:36:34 params :
------------
Array:
message : Array ;
module : cover ;
rule : 68 ;
priority : 0 ;
keyword : Array ;

2016-05-27 10:36:34 response :
------------
Array:
FromUserName : gh_87c9b624047c ;
ToUserName : oKap7wYXWPXMZ4kes11qvvcuJmyg ;
MsgType : news ;
ArticleCount : 1 ;
Articles : Array ;

2016-05-27 10:48:45 trace :
------------
String:
<xml><ToUserName><![CDATA[gh_87c9b624047c]]></ToUserName>
<FromUserName><![CDATA[oKap7weNkhE9Aq-Oxu1vFFFY7Y6Y]]></FromUserName>
<CreateTime>1464317325</CreateTime>
<MsgType><![CDATA[event]]></MsgType>
<Event><![CDATA[subscribe]]></Event>
<EventKey><![CDATA[]]></EventKey>
</xml>

2016-05-27 10:48:45 params :
------------
Array:
message : Array ;
module : news ;
rule : 55 ;
priority : 0 ;
keyword : Array ;

2016-05-27 10:48:45 response :
------------
Array:
FromUserName : gh_87c9b624047c ;
ToUserName : oKap7weNkhE9Aq-Oxu1vFFFY7Y6Y ;
MsgType : news ;
ArticleCount : 3 ;
Articles : Array ;

2016-05-27 10:51:37 trace :
------------
String:
<xml><ToUserName><![CDATA[gh_87c9b624047c]]></ToUserName>
<FromUserName><![CDATA[oKap7wYXWPXMZ4kes11qvvcuJmyg]]></FromUserName>
<CreateTime>1464317496</CreateTime>
<MsgType><![CDATA[text]]></MsgType>
<Content><![CDATA[萝莉来了]]></Content>
<MsgId>6289195756783827780</MsgId>
</xml>

2016-05-27 10:51:37 params :
------------
Array:
message : Array ;
module : cover ;
rule : 69 ;
priority : 0 ;
keyword : Array ;

2016-05-27 10:51:37 response :
------------
Array:
FromUserName : gh_87c9b624047c ;
ToUserName : oKap7wYXWPXMZ4kes11qvvcuJmyg ;
MsgType : news ;
ArticleCount : 1 ;
Articles : Array ;

2016-05-27 10:57:38 trace :
------------
String:
<xml><ToUserName><![CDATA[gh_87c9b624047c]]></ToUserName>
<FromUserName><![CDATA[oKap7weNkhE9Aq-Oxu1vFFFY7Y6Y]]></FromUserName>
<CreateTime>1464317857</CreateTime>
<MsgType><![CDATA[event]]></MsgType>
<Event><![CDATA[SCAN]]></Event>
<EventKey><![CDATA[100002]]></EventKey>
<Ticket><![CDATA[gQGg8DoAAAAAAAAAASxodHRwOi8vd2VpeGluLnFxLmNvbS9xL3NUb3BOODdsUi13X3FOWTJxQlR0AAIEM4o8VwMEAI0nAA==]]></Ticket>
</xml>

2016-05-27 10:57:38 params :
------------
Array:
message : Array ;
module : wdl_bigwheel ;
rule : 50 ;
priority : 0 ;
keyword : Array ;

2016-05-27 10:57:38 response :
------------
Array:
FromUserName : gh_87c9b624047c ;
ToUserName : oKap7weNkhE9Aq-Oxu1vFFFY7Y6Y ;
MsgType : news ;
ArticleCount : 1 ;
Articles : Array ;

2016-05-27 11:11:35 trace :
------------
String:
<xml><ToUserName><![CDATA[gh_87c9b624047c]]></ToUserName>
<FromUserName><![CDATA[oKap7wYXWPXMZ4kes11qvvcuJmyg]]></FromUserName>
<CreateTime>1464318695</CreateTime>
<MsgType><![CDATA[text]]></MsgType>
<Content><![CDATA[商品抓取]]></Content>
<MsgId>6289200906449616046</MsgId>
</xml>

2016-05-27 11:11:35 params :
------------
Array:
message : Array ;
module : nace_catch ;
rule : 70 ;
priority : 0 ;
keyword : Array ;

2016-05-27 11:11:35 response :
------------
Array:
FromUserName : gh_87c9b624047c ;
ToUserName : oKap7wYXWPXMZ4kes11qvvcuJmyg ;
MsgType : news ;
ArticleCount : 3 ;
Articles : Array ;

2016-05-27 11:21:54 trace :
------------
String:
<xml><ToUserName><![CDATA[gh_87c9b624047c]]></ToUserName>
<FromUserName><![CDATA[oKap7wYXWPXMZ4kes11qvvcuJmyg]]></FromUserName>
<CreateTime>1464319314</CreateTime>
<MsgType><![CDATA[text]]></MsgType>
<Content><![CDATA[变态方块]]></Content>
<MsgId>6289203565034372461</MsgId>
</xml>

2016-05-27 11:21:54 params :
------------
Array:
message : Array ;
module : cover ;
rule : 72 ;
priority : 0 ;
keyword : Array ;

2016-05-27 11:21:54 response :
------------
Array:
FromUserName : gh_87c9b624047c ;
ToUserName : oKap7wYXWPXMZ4kes11qvvcuJmyg ;
MsgType : news ;
ArticleCount : 1 ;
Articles : Array ;

2016-05-27 11:29:58 trace :
------------
String:
<xml><ToUserName><![CDATA[gh_87c9b624047c]]></ToUserName>
<FromUserName><![CDATA[oKap7wYXWPXMZ4kes11qvvcuJmyg]]></FromUserName>
<CreateTime>1464319798</CreateTime>
<MsgType><![CDATA[text]]></MsgType>
<Content><![CDATA[切西瓜切水果]]></Content>
<MsgId>6289205643798543844</MsgId>
</xml>

2016-05-27 11:29:58 params :
------------
Array:
message : Array ;
module : cover ;
rule : 73 ;
priority : 0 ;
keyword : Array ;

2016-05-27 11:29:58 response :
------------
Array:
FromUserName : gh_87c9b624047c ;
ToUserName : oKap7wYXWPXMZ4kes11qvvcuJmyg ;
MsgType : news ;
ArticleCount : 1 ;
Articles : Array ;

2016-05-27 11:36:55 trace :
------------
String:
<xml><ToUserName><![CDATA[gh_87c9b624047c]]></ToUserName>
<FromUserName><![CDATA[oKap7wYXWPXMZ4kes11qvvcuJmyg]]></FromUserName>
<CreateTime>1464320215</CreateTime>
<MsgType><![CDATA[text]]></MsgType>
<Content><![CDATA[预约]]></Content>
<MsgId>6289207434799906382</MsgId>
</xml>

2016-05-27 11:36:55 params :
------------
Array:
rule : -2 ;
module :  ;
message : Array ;

2016-05-27 11:36:55 response :
------------

2016-05-27 11:38:15 trace :
------------
String:
<xml><ToUserName><![CDATA[gh_87c9b624047c]]></ToUserName>
<FromUserName><![CDATA[oKap7wYXWPXMZ4kes11qvvcuJmyg]]></FromUserName>
<CreateTime>1464320294</CreateTime>
<MsgType><![CDATA[text]]></MsgType>
<Content><![CDATA[餐厅菜品满意度调查]]></Content>
<MsgId>6289207774102322777</MsgId>
</xml>

2016-05-27 11:38:15 params :
------------
Array:
rule : -2 ;
module :  ;
message : Array ;

2016-05-27 11:38:15 response :
------------

2016-05-27 11:38:22 trace :
------------
String:
<xml><ToUserName><![CDATA[gh_87c9b624047c]]></ToUserName>
<FromUserName><![CDATA[oKap7wYXWPXMZ4kes11qvvcuJmyg]]></FromUserName>
<CreateTime>1464320302</CreateTime>
<MsgType><![CDATA[text]]></MsgType>
<Content><![CDATA[自助餐预约]]></Content>
<MsgId>6289207808462061146</MsgId>
</xml>

2016-05-27 11:38:22 params :
------------
Array:
rule : -2 ;
module :  ;
message : Array ;

2016-05-27 11:38:22 response :
------------

2016-05-27 13:35:20 trace :
------------
String:
<xml><ToUserName><![CDATA[gh_87c9b624047c]]></ToUserName>
<FromUserName><![CDATA[oKap7wYXWPXMZ4kes11qvvcuJmyg]]></FromUserName>
<CreateTime>1464327319</CreateTime>
<MsgType><![CDATA[text]]></MsgType>
<Content><![CDATA[暴打神经猫]]></Content>
<MsgId>6289237946247578996</MsgId>
</xml>

2016-05-27 13:35:20 params :
------------
Array:
message : Array ;
module : cover ;
rule : 74 ;
priority : 0 ;
keyword : Array ;

2016-05-27 13:35:20 response :
------------
Array:
FromUserName : gh_87c9b624047c ;
ToUserName : oKap7wYXWPXMZ4kes11qvvcuJmyg ;
MsgType : news ;
ArticleCount : 1 ;
Articles : Array ;

2016-05-27 13:43:22 trace :
------------
String:
<xml><ToUserName><![CDATA[gh_87c9b624047c]]></ToUserName>
<FromUserName><![CDATA[oKap7wYXWPXMZ4kes11qvvcuJmyg]]></FromUserName>
<CreateTime>1464327802</CreateTime>
<MsgType><![CDATA[text]]></MsgType>
<Content><![CDATA[猜猜我是谁]]></Content>
<MsgId>6289240020716783072</MsgId>
</xml>

2016-05-27 13:43:22 params :
------------
Array:
message : Array ;
module : cover ;
rule : 75 ;
priority : 0 ;
keyword : Array ;

2016-05-27 13:43:22 response :
------------
Array:
FromUserName : gh_87c9b624047c ;
ToUserName : oKap7wYXWPXMZ4kes11qvvcuJmyg ;
MsgType : news ;
ArticleCount : 1 ;
Articles : Array ;

2016-05-27 15:30:40 trace :
------------
String:
<xml><ToUserName><![CDATA[gh_87c9b624047c]]></ToUserName>
<FromUserName><![CDATA[oKap7wfCAUdv6MQWKRTSFsHH0GUI]]></FromUserName>
<CreateTime>1464334240</CreateTime>
<MsgType><![CDATA[event]]></MsgType>
<Event><![CDATA[subscribe]]></Event>
<EventKey><![CDATA[]]></EventKey>
</xml>

2016-05-27 15:30:40 params :
------------
Array:
message : Array ;
module : news ;
rule : 55 ;
priority : 0 ;
keyword : Array ;

2016-05-27 15:30:40 response :
------------
Array:
FromUserName : gh_87c9b624047c ;
ToUserName : oKap7wfCAUdv6MQWKRTSFsHH0GUI ;
MsgType : news ;
ArticleCount : 3 ;
Articles : Array ;

2016-05-27 15:36:28 trace :
------------
String:
<xml><ToUserName><![CDATA[gh_87c9b624047c]]></ToUserName>
<FromUserName><![CDATA[oKap7wYuyadsvC_rB9-QH0KkKMc4]]></FromUserName>
<CreateTime>1464334588</CreateTime>
<MsgType><![CDATA[event]]></MsgType>
<Event><![CDATA[subscribe]]></Event>
<EventKey><![CDATA[]]></EventKey>
</xml>

2016-05-27 15:36:28 params :
------------
Array:
message : Array ;
module : news ;
rule : 55 ;
priority : 0 ;
keyword : Array ;

2016-05-27 15:36:28 response :
------------
Array:
FromUserName : gh_87c9b624047c ;
ToUserName : oKap7wYuyadsvC_rB9-QH0KkKMc4 ;
MsgType : news ;
ArticleCount : 3 ;
Articles : Array ;

2016-05-27 15:36:52 trace :
------------
String:
<xml><ToUserName><![CDATA[gh_87c9b624047c]]></ToUserName>
<FromUserName><![CDATA[oKap7wT4I1s2g1D64H-IFHYe72jA]]></FromUserName>
<CreateTime>1464334611</CreateTime>
<MsgType><![CDATA[event]]></MsgType>
<Event><![CDATA[subscribe]]></Event>
<EventKey><![CDATA[]]></EventKey>
</xml>

2016-05-27 15:36:52 params :
------------
Array:
message : Array ;
module : news ;
rule : 55 ;
priority : 0 ;
keyword : Array ;

2016-05-27 15:36:52 response :
------------
Array:
FromUserName : gh_87c9b624047c ;
ToUserName : oKap7wT4I1s2g1D64H-IFHYe72jA ;
MsgType : news ;
ArticleCount : 3 ;
Articles : Array ;

2016-05-27 15:40:22 trace :
------------
String:
<xml><ToUserName><![CDATA[gh_87c9b624047c]]></ToUserName>
<FromUserName><![CDATA[oKap7wV5x3DjFZTQ89z4eyYJxPqU]]></FromUserName>
<CreateTime>1464334821</CreateTime>
<MsgType><![CDATA[event]]></MsgType>
<Event><![CDATA[subscribe]]></Event>
<EventKey><![CDATA[]]></EventKey>
</xml>

2016-05-27 15:40:22 params :
------------
Array:
message : Array ;
module : news ;
rule : 55 ;
priority : 0 ;
keyword : Array ;

2016-05-27 15:40:22 response :
------------
Array:
FromUserName : gh_87c9b624047c ;
ToUserName : oKap7wV5x3DjFZTQ89z4eyYJxPqU ;
MsgType : news ;
ArticleCount : 3 ;
Articles : Array ;

2016-05-27 15:41:38 trace :
------------
String:
<xml><ToUserName><![CDATA[gh_87c9b624047c]]></ToUserName>
<FromUserName><![CDATA[oKap7wcvlBDufrzVIJ7YbbDy8yss]]></FromUserName>
<CreateTime>1464334898</CreateTime>
<MsgType><![CDATA[event]]></MsgType>
<Event><![CDATA[subscribe]]></Event>
<EventKey><![CDATA[]]></EventKey>
</xml>

2016-05-27 15:41:38 params :
------------
Array:
message : Array ;
module : news ;
rule : 55 ;
priority : 0 ;
keyword : Array ;

2016-05-27 15:41:38 response :
------------
Array:
FromUserName : gh_87c9b624047c ;
ToUserName : oKap7wcvlBDufrzVIJ7YbbDy8yss ;
MsgType : news ;
ArticleCount : 3 ;
Articles : Array ;

2016-05-27 15:42:10 trace :
------------
String:
<xml><ToUserName><![CDATA[gh_87c9b624047c]]></ToUserName>
<FromUserName><![CDATA[oKap7wYfGSO88j0tXoyIvFn609fY]]></FromUserName>
<CreateTime>1464334930</CreateTime>
<MsgType><![CDATA[event]]></MsgType>
<Event><![CDATA[subscribe]]></Event>
<EventKey><![CDATA[]]></EventKey>
</xml>

2016-05-27 15:42:10 params :
------------
Array:
message : Array ;
module : news ;
rule : 55 ;
priority : 0 ;
keyword : Array ;

2016-05-27 15:42:10 response :
------------
Array:
FromUserName : gh_87c9b624047c ;
ToUserName : oKap7wYfGSO88j0tXoyIvFn609fY ;
MsgType : news ;
ArticleCount : 3 ;
Articles : Array ;

2016-05-27 15:44:41 trace :
------------
String:
<xml><ToUserName><![CDATA[gh_87c9b624047c]]></ToUserName>
<FromUserName><![CDATA[oKap7wcicRPOHlBETqZmx9YrUKL0]]></FromUserName>
<CreateTime>1464335080</CreateTime>
<MsgType><![CDATA[event]]></MsgType>
<Event><![CDATA[subscribe]]></Event>
<EventKey><![CDATA[]]></EventKey>
</xml>

2016-05-27 15:44:41 params :
------------
Array:
message : Array ;
module : news ;
rule : 55 ;
priority : 0 ;
keyword : Array ;

2016-05-27 15:44:41 response :
------------
Array:
FromUserName : gh_87c9b624047c ;
ToUserName : oKap7wcicRPOHlBETqZmx9YrUKL0 ;
MsgType : news ;
ArticleCount : 3 ;
Articles : Array ;

2016-05-27 15:45:37 trace :
------------
String:
<xml><ToUserName><![CDATA[gh_87c9b624047c]]></ToUserName>
<FromUserName><![CDATA[oKap7waBh5IhhXs6WAFWTTOJ0mLY]]></FromUserName>
<CreateTime>1464335137</CreateTime>
<MsgType><![CDATA[event]]></MsgType>
<Event><![CDATA[subscribe]]></Event>
<EventKey><![CDATA[]]></EventKey>
</xml>

2016-05-27 15:45:37 params :
------------
Array:
message : Array ;
module : news ;
rule : 55 ;
priority : 0 ;
keyword : Array ;

2016-05-27 15:45:37 response :
------------
Array:
FromUserName : gh_87c9b624047c ;
ToUserName : oKap7waBh5IhhXs6WAFWTTOJ0mLY ;
MsgType : news ;
ArticleCount : 3 ;
Articles : Array ;

2016-05-27 15:46:11 trace :
------------
String:
<xml><ToUserName><![CDATA[gh_87c9b624047c]]></ToUserName>
<FromUserName><![CDATA[oKap7wRNn2Awyd0obwhCF4OImrwo]]></FromUserName>
<CreateTime>1464335171</CreateTime>
<MsgType><![CDATA[event]]></MsgType>
<Event><![CDATA[subscribe]]></Event>
<EventKey><![CDATA[]]></EventKey>
</xml>

2016-05-27 15:46:11 params :
------------
Array:
message : Array ;
module : news ;
rule : 55 ;
priority : 0 ;
keyword : Array ;

2016-05-27 15:46:11 response :
------------
Array:
FromUserName : gh_87c9b624047c ;
ToUserName : oKap7wRNn2Awyd0obwhCF4OImrwo ;
MsgType : news ;
ArticleCount : 3 ;
Articles : Array ;

2016-05-27 15:48:02 trace :
------------
String:
<xml><ToUserName><![CDATA[gh_87c9b624047c]]></ToUserName>
<FromUserName><![CDATA[oKap7wYaal13sy0FCSCKwzCpxT4w]]></FromUserName>
<CreateTime>1464335282</CreateTime>
<MsgType><![CDATA[event]]></MsgType>
<Event><![CDATA[subscribe]]></Event>
<EventKey><![CDATA[]]></EventKey>
</xml>

2016-05-27 15:48:02 params :
------------
Array:
message : Array ;
module : news ;
rule : 55 ;
priority : 0 ;
keyword : Array ;

2016-05-27 15:48:02 response :
------------
Array:
FromUserName : gh_87c9b624047c ;
ToUserName : oKap7wYaal13sy0FCSCKwzCpxT4w ;
MsgType : news ;
ArticleCount : 3 ;
Articles : Array ;

2016-05-27 15:48:19 trace :
------------
String:
<xml><ToUserName><![CDATA[gh_87c9b624047c]]></ToUserName>
<FromUserName><![CDATA[oKap7waGRUBh2w2dh8SKiK6THHFk]]></FromUserName>
<CreateTime>1464335299</CreateTime>
<MsgType><![CDATA[event]]></MsgType>
<Event><![CDATA[subscribe]]></Event>
<EventKey><![CDATA[]]></EventKey>
</xml>

2016-05-27 15:48:19 params :
------------
Array:
message : Array ;
module : news ;
rule : 55 ;
priority : 0 ;
keyword : Array ;

2016-05-27 15:48:19 response :
------------
Array:
FromUserName : gh_87c9b624047c ;
ToUserName : oKap7waGRUBh2w2dh8SKiK6THHFk ;
MsgType : news ;
ArticleCount : 3 ;
Articles : Array ;

2016-05-27 15:49:30 trace :
------------
String:
<xml><ToUserName><![CDATA[gh_87c9b624047c]]></ToUserName>
<FromUserName><![CDATA[oKap7wTN4z33dbPYgMsTXjauAxb8]]></FromUserName>
<CreateTime>1464335369</CreateTime>
<MsgType><![CDATA[event]]></MsgType>
<Event><![CDATA[subscribe]]></Event>
<EventKey><![CDATA[]]></EventKey>
</xml>

2016-05-27 15:49:30 params :
------------
Array:
message : Array ;
module : news ;
rule : 55 ;
priority : 0 ;
keyword : Array ;

2016-05-27 15:49:30 response :
------------
Array:
FromUserName : gh_87c9b624047c ;
ToUserName : oKap7wTN4z33dbPYgMsTXjauAxb8 ;
MsgType : news ;
ArticleCount : 3 ;
Articles : Array ;

2016-05-27 15:49:46 trace :
------------
String:
<xml><ToUserName><![CDATA[gh_87c9b624047c]]></ToUserName>
<FromUserName><![CDATA[oKap7wYuCh3C9ez7i2WOf8PKqU1Q]]></FromUserName>
<CreateTime>1464335386</CreateTime>
<MsgType><![CDATA[event]]></MsgType>
<Event><![CDATA[subscribe]]></Event>
<EventKey><![CDATA[]]></EventKey>
</xml>

2016-05-27 15:49:46 params :
------------
Array:
message : Array ;
module : news ;
rule : 55 ;
priority : 0 ;
keyword : Array ;

2016-05-27 15:49:46 response :
------------
Array:
FromUserName : gh_87c9b624047c ;
ToUserName : oKap7wYuCh3C9ez7i2WOf8PKqU1Q ;
MsgType : news ;
ArticleCount : 3 ;
Articles : Array ;

2016-05-27 15:50:34 trace :
------------
String:
<xml><ToUserName><![CDATA[gh_87c9b624047c]]></ToUserName>
<FromUserName><![CDATA[oKap7wb5yDwgkchYByB69A8F6cZ8]]></FromUserName>
<CreateTime>1464335434</CreateTime>
<MsgType><![CDATA[event]]></MsgType>
<Event><![CDATA[subscribe]]></Event>
<EventKey><![CDATA[]]></EventKey>
</xml>

2016-05-27 15:50:34 params :
------------
Array:
message : Array ;
module : news ;
rule : 55 ;
priority : 0 ;
keyword : Array ;

2016-05-27 15:50:34 response :
------------
Array:
FromUserName : gh_87c9b624047c ;
ToUserName : oKap7wb5yDwgkchYByB69A8F6cZ8 ;
MsgType : news ;
ArticleCount : 3 ;
Articles : Array ;

2016-05-27 15:52:55 trace :
------------
String:
<xml><ToUserName><![CDATA[gh_87c9b624047c]]></ToUserName>
<FromUserName><![CDATA[oKap7wb5yDwgkchYByB69A8F6cZ8]]></FromUserName>
<CreateTime>1464335574</CreateTime>
<MsgType><![CDATA[event]]></MsgType>
<Event><![CDATA[CLICK]]></Event>
<EventKey><![CDATA[大转盘]]></EventKey>
</xml>

2016-05-27 15:52:55 params :
------------
Array:
message : Array ;
module : wdl_bigwheel ;
rule : 50 ;
priority : 0 ;
keyword : Array ;

2016-05-27 15:52:55 response :
------------
Array:
FromUserName : gh_87c9b624047c ;
ToUserName : oKap7wb5yDwgkchYByB69A8F6cZ8 ;
MsgType : news ;
ArticleCount : 1 ;
Articles : Array ;

2016-05-27 15:55:39 trace :
------------
String:
<xml><ToUserName><![CDATA[gh_87c9b624047c]]></ToUserName>
<FromUserName><![CDATA[oKap7wbhPd5KxEuk1rPZQwIJ_4zo]]></FromUserName>
<CreateTime>1464335739</CreateTime>
<MsgType><![CDATA[event]]></MsgType>
<Event><![CDATA[subscribe]]></Event>
<EventKey><![CDATA[]]></EventKey>
</xml>

2016-05-27 15:55:39 params :
------------
Array:
message : Array ;
module : news ;
rule : 55 ;
priority : 0 ;
keyword : Array ;

2016-05-27 15:55:39 response :
------------
Array:
FromUserName : gh_87c9b624047c ;
ToUserName : oKap7wbhPd5KxEuk1rPZQwIJ_4zo ;
MsgType : news ;
ArticleCount : 3 ;
Articles : Array ;

2016-05-27 16:03:03 trace :
------------
String:
<xml><ToUserName><![CDATA[gh_87c9b624047c]]></ToUserName>
<FromUserName><![CDATA[oKap7waBh5IhhXs6WAFWTTOJ0mLY]]></FromUserName>
<CreateTime>1464336183</CreateTime>
<MsgType><![CDATA[event]]></MsgType>
<Event><![CDATA[unsubscribe]]></Event>
<EventKey><![CDATA[]]></EventKey>
</xml>

2016-05-27 16:04:29 trace :
------------
String:
<xml><ToUserName><![CDATA[gh_87c9b624047c]]></ToUserName>
<FromUserName><![CDATA[oKap7wRVCWQcaylI8YdmifrdqWoo]]></FromUserName>
<CreateTime>1464336268</CreateTime>
<MsgType><![CDATA[event]]></MsgType>
<Event><![CDATA[subscribe]]></Event>
<EventKey><![CDATA[]]></EventKey>
</xml>

2016-05-27 16:04:29 params :
------------
Array:
message : Array ;
module : news ;
rule : 55 ;
priority : 0 ;
keyword : Array ;

2016-05-27 16:04:29 response :
------------
Array:
FromUserName : gh_87c9b624047c ;
ToUserName : oKap7wRVCWQcaylI8YdmifrdqWoo ;
MsgType : news ;
ArticleCount : 3 ;
Articles : Array ;

2016-05-27 16:04:35 trace :
------------
String:
<xml><ToUserName><![CDATA[gh_87c9b624047c]]></ToUserName>
<FromUserName><![CDATA[oKap7waBh5IhhXs6WAFWTTOJ0mLY]]></FromUserName>
<CreateTime>1464336275</CreateTime>
<MsgType><![CDATA[event]]></MsgType>
<Event><![CDATA[subscribe]]></Event>
<EventKey><![CDATA[]]></EventKey>
</xml>

2016-05-27 16:04:35 params :
------------
Array:
message : Array ;
module : news ;
rule : 55 ;
priority : 0 ;
keyword : Array ;

2016-05-27 16:04:35 response :
------------
Array:
FromUserName : gh_87c9b624047c ;
ToUserName : oKap7waBh5IhhXs6WAFWTTOJ0mLY ;
MsgType : news ;
ArticleCount : 3 ;
Articles : Array ;

2016-05-27 16:06:49 trace :
------------
String:
<xml><ToUserName><![CDATA[gh_87c9b624047c]]></ToUserName>
<FromUserName><![CDATA[oKap7wRVCWQcaylI8YdmifrdqWoo]]></FromUserName>
<CreateTime>1464336409</CreateTime>
<MsgType><![CDATA[event]]></MsgType>
<Event><![CDATA[SCAN]]></Event>
<EventKey><![CDATA[100001]]></EventKey>
<Ticket><![CDATA[gQGd8DoAAAAAAAAAASxodHRwOi8vd2VpeGluLnFxLmNvbS9xL3BqcGVENnJsTXZ4TDQ4RU0zeFR0AAIEIog8VwMEAI0nAA==]]></Ticket>
</xml>

2016-05-27 16:06:49 params :
------------
Array:
message : Array ;
module : mon_qmshake ;
rule : 54 ;
priority : 0 ;
keyword : Array ;

2016-05-27 16:06:49 response :
------------
Array:
FromUserName : gh_87c9b624047c ;
ToUserName : oKap7wRVCWQcaylI8YdmifrdqWoo ;
MsgType : news ;
ArticleCount : 1 ;
Articles : Array ;

2016-05-27 16:06:51 trace :
------------
String:
<xml><ToUserName><![CDATA[gh_87c9b624047c]]></ToUserName>
<FromUserName><![CDATA[oKap7wfCAUdv6MQWKRTSFsHH0GUI]]></FromUserName>
<CreateTime>1464336411</CreateTime>
<MsgType><![CDATA[event]]></MsgType>
<Event><![CDATA[SCAN]]></Event>
<EventKey><![CDATA[100001]]></EventKey>
<Ticket><![CDATA[gQGd8DoAAAAAAAAAASxodHRwOi8vd2VpeGluLnFxLmNvbS9xL3BqcGVENnJsTXZ4TDQ4RU0zeFR0AAIEIog8VwMEAI0nAA==]]></Ticket>
</xml>

2016-05-27 16:06:51 params :
------------
Array:
message : Array ;
module : mon_qmshake ;
rule : 54 ;
priority : 0 ;
keyword : Array ;

2016-05-27 16:06:51 response :
------------
Array:
FromUserName : gh_87c9b624047c ;
ToUserName : oKap7wfCAUdv6MQWKRTSFsHH0GUI ;
MsgType : news ;
ArticleCount : 1 ;
Articles : Array ;

2016-05-27 16:07:16 trace :
------------
String:
<xml><ToUserName><![CDATA[gh_87c9b624047c]]></ToUserName>
<FromUserName><![CDATA[oKap7wb5yDwgkchYByB69A8F6cZ8]]></FromUserName>
<CreateTime>1464336436</CreateTime>
<MsgType><![CDATA[event]]></MsgType>
<Event><![CDATA[CLICK]]></Event>
<EventKey><![CDATA[刮刮卡]]></EventKey>
</xml>

2016-05-27 16:07:16 params :
------------
Array:
message : Array ;
module : stonefish_scratch ;
rule : 48 ;
priority : 0 ;
keyword : Array ;

2016-05-27 16:07:16 response :
------------
Array:
FromUserName : gh_87c9b624047c ;
ToUserName : oKap7wb5yDwgkchYByB69A8F6cZ8 ;
MsgType : news ;
ArticleCount : 1 ;
Articles : Array ;

2016-05-27 16:07:44 trace :
------------
String:
<xml><ToUserName><![CDATA[gh_87c9b624047c]]></ToUserName>
<FromUserName><![CDATA[oKap7waBh5IhhXs6WAFWTTOJ0mLY]]></FromUserName>
<CreateTime>1464336464</CreateTime>
<MsgType><![CDATA[event]]></MsgType>
<Event><![CDATA[SCAN]]></Event>
<EventKey><![CDATA[100001]]></EventKey>
<Ticket><![CDATA[gQGd8DoAAAAAAAAAASxodHRwOi8vd2VpeGluLnFxLmNvbS9xL3BqcGVENnJsTXZ4TDQ4RU0zeFR0AAIEIog8VwMEAI0nAA==]]></Ticket>
</xml>

2016-05-27 16:07:44 params :
------------
Array:
message : Array ;
module : mon_qmshake ;
rule : 54 ;
priority : 0 ;
keyword : Array ;

2016-05-27 16:07:44 response :
------------
Array:
FromUserName : gh_87c9b624047c ;
ToUserName : oKap7waBh5IhhXs6WAFWTTOJ0mLY ;
MsgType : news ;
ArticleCount : 1 ;
Articles : Array ;

2016-05-27 16:10:09 trace :
------------
String:
<xml><ToUserName><![CDATA[gh_87c9b624047c]]></ToUserName>
<FromUserName><![CDATA[oKap7wfCAUdv6MQWKRTSFsHH0GUI]]></FromUserName>
<CreateTime>1464336609</CreateTime>
<MsgType><![CDATA[event]]></MsgType>
<Event><![CDATA[SCAN]]></Event>
<EventKey><![CDATA[100002]]></EventKey>
<Ticket><![CDATA[gQGg8DoAAAAAAAAAASxodHRwOi8vd2VpeGluLnFxLmNvbS9xL3NUb3BOODdsUi13X3FOWTJxQlR0AAIEM4o8VwMEAI0nAA==]]></Ticket>
</xml>

2016-05-27 16:10:09 params :
------------
Array:
message : Array ;
module : wdl_bigwheel ;
rule : 50 ;
priority : 0 ;
keyword : Array ;

2016-05-27 16:10:09 response :
------------
Array:
FromUserName : gh_87c9b624047c ;
ToUserName : oKap7wfCAUdv6MQWKRTSFsHH0GUI ;
MsgType : news ;
ArticleCount : 1 ;
Articles : Array ;

2016-05-27 16:13:26 trace :
------------
String:
<xml><ToUserName><![CDATA[gh_87c9b624047c]]></ToUserName>
<FromUserName><![CDATA[oKap7wYuyadsvC_rB9-QH0KkKMc4]]></FromUserName>
<CreateTime>1464336806</CreateTime>
<MsgType><![CDATA[event]]></MsgType>
<Event><![CDATA[SCAN]]></Event>
<EventKey><![CDATA[100001]]></EventKey>
<Ticket><![CDATA[gQGd8DoAAAAAAAAAASxodHRwOi8vd2VpeGluLnFxLmNvbS9xL3BqcGVENnJsTXZ4TDQ4RU0zeFR0AAIEIog8VwMEAI0nAA==]]></Ticket>
</xml>

2016-05-27 16:13:26 params :
------------
Array:
message : Array ;
module : mon_qmshake ;
rule : 54 ;
priority : 0 ;
keyword : Array ;

2016-05-27 16:13:26 response :
------------
Array:
FromUserName : gh_87c9b624047c ;
ToUserName : oKap7wYuyadsvC_rB9-QH0KkKMc4 ;
MsgType : news ;
ArticleCount : 1 ;
Articles : Array ;

2016-05-27 16:14:27 trace :
------------
String:
<xml><ToUserName><![CDATA[gh_87c9b624047c]]></ToUserName>
<FromUserName><![CDATA[oKap7wYuyadsvC_rB9-QH0KkKMc4]]></FromUserName>
<CreateTime>1464336867</CreateTime>
<MsgType><![CDATA[event]]></MsgType>
<Event><![CDATA[SCAN]]></Event>
<EventKey><![CDATA[100002]]></EventKey>
<Ticket><![CDATA[gQGg8DoAAAAAAAAAASxodHRwOi8vd2VpeGluLnFxLmNvbS9xL3NUb3BOODdsUi13X3FOWTJxQlR0AAIEM4o8VwMEAI0nAA==]]></Ticket>
</xml>

2016-05-27 16:14:27 params :
------------
Array:
message : Array ;
module : wdl_bigwheel ;
rule : 50 ;
priority : 0 ;
keyword : Array ;

2016-05-27 16:14:27 response :
------------
Array:
FromUserName : gh_87c9b624047c ;
ToUserName : oKap7wYuyadsvC_rB9-QH0KkKMc4 ;
MsgType : news ;
ArticleCount : 1 ;
Articles : Array ;

2016-05-27 16:14:58 trace :
------------
String:
<xml><ToUserName><![CDATA[gh_87c9b624047c]]></ToUserName>
<FromUserName><![CDATA[oKap7wb5yDwgkchYByB69A8F6cZ8]]></FromUserName>
<CreateTime>1464336898</CreateTime>
<MsgType><![CDATA[event]]></MsgType>
<Event><![CDATA[CLICK]]></Event>
<EventKey><![CDATA[每天摇一摇]]></EventKey>
</xml>

2016-05-27 16:14:58 params :
------------
Array:
message : Array ;
module : mon_qmshake ;
rule : 54 ;
priority : 0 ;
keyword : Array ;

2016-05-27 16:14:58 response :
------------
Array:
FromUserName : gh_87c9b624047c ;
ToUserName : oKap7wb5yDwgkchYByB69A8F6cZ8 ;
MsgType : news ;
ArticleCount : 1 ;
Articles : Array ;

2016-05-27 16:15:09 trace :
------------
String:
<xml><ToUserName><![CDATA[gh_87c9b624047c]]></ToUserName>
<FromUserName><![CDATA[oKap7wV5x3DjFZTQ89z4eyYJxPqU]]></FromUserName>
<CreateTime>1464336909</CreateTime>
<MsgType><![CDATA[event]]></MsgType>
<Event><![CDATA[SCAN]]></Event>
<EventKey><![CDATA[100001]]></EventKey>
<Ticket><![CDATA[gQGd8DoAAAAAAAAAASxodHRwOi8vd2VpeGluLnFxLmNvbS9xL3BqcGVENnJsTXZ4TDQ4RU0zeFR0AAIEIog8VwMEAI0nAA==]]></Ticket>
</xml>

2016-05-27 16:15:09 params :
------------
Array:
message : Array ;
module : mon_qmshake ;
rule : 54 ;
priority : 0 ;
keyword : Array ;

2016-05-27 16:15:09 response :
------------
Array:
FromUserName : gh_87c9b624047c ;
ToUserName : oKap7wV5x3DjFZTQ89z4eyYJxPqU ;
MsgType : news ;
ArticleCount : 1 ;
Articles : Array ;

2016-05-27 16:16:43 trace :
------------
String:
<xml><ToUserName><![CDATA[gh_87c9b624047c]]></ToUserName>
<FromUserName><![CDATA[oKap7wb5yDwgkchYByB69A8F6cZ8]]></FromUserName>
<CreateTime>1464337003</CreateTime>
<MsgType><![CDATA[event]]></MsgType>
<Event><![CDATA[CLICK]]></Event>
<EventKey><![CDATA[大转盘]]></EventKey>
</xml>

2016-05-27 16:16:43 params :
------------
Array:
message : Array ;
module : wdl_bigwheel ;
rule : 50 ;
priority : 0 ;
keyword : Array ;

2016-05-27 16:16:43 response :
------------
Array:
FromUserName : gh_87c9b624047c ;
ToUserName : oKap7wb5yDwgkchYByB69A8F6cZ8 ;
MsgType : news ;
ArticleCount : 1 ;
Articles : Array ;

2016-05-27 16:17:31 trace :
------------
String:
<xml><ToUserName><![CDATA[gh_87c9b624047c]]></ToUserName>
<FromUserName><![CDATA[oKap7wb5yDwgkchYByB69A8F6cZ8]]></FromUserName>
<CreateTime>1464337051</CreateTime>
<MsgType><![CDATA[event]]></MsgType>
<Event><![CDATA[CLICK]]></Event>
<EventKey><![CDATA[刮刮卡]]></EventKey>
</xml>

2016-05-27 16:17:31 params :
------------
Array:
message : Array ;
module : stonefish_scratch ;
rule : 48 ;
priority : 0 ;
keyword : Array ;

2016-05-27 16:17:31 response :
------------
Array:
FromUserName : gh_87c9b624047c ;
ToUserName : oKap7wb5yDwgkchYByB69A8F6cZ8 ;
MsgType : news ;
ArticleCount : 1 ;
Articles : Array ;

2016-05-27 16:19:40 trace :
------------
String:
<xml><ToUserName><![CDATA[gh_87c9b624047c]]></ToUserName>
<FromUserName><![CDATA[oKap7weXeYDgZQ08jVVSdUm4X_0A]]></FromUserName>
<CreateTime>1464337179</CreateTime>
<MsgType><![CDATA[event]]></MsgType>
<Event><![CDATA[subscribe]]></Event>
<EventKey><![CDATA[]]></EventKey>
</xml>

2016-05-27 16:19:40 params :
------------
Array:
message : Array ;
module : news ;
rule : 55 ;
priority : 0 ;
keyword : Array ;

2016-05-27 16:19:40 response :
------------
Array:
FromUserName : gh_87c9b624047c ;
ToUserName : oKap7weXeYDgZQ08jVVSdUm4X_0A ;
MsgType : news ;
ArticleCount : 3 ;
Articles : Array ;

2016-05-27 16:20:04 trace :
------------
String:
<xml><ToUserName><![CDATA[gh_87c9b624047c]]></ToUserName>
<FromUserName><![CDATA[oKap7wcsJaAIB_B9W7OIEAdiCuFA]]></FromUserName>
<CreateTime>1464337204</CreateTime>
<MsgType><![CDATA[event]]></MsgType>
<Event><![CDATA[subscribe]]></Event>
<EventKey><![CDATA[]]></EventKey>
</xml>

2016-05-27 16:20:04 params :
------------
Array:
message : Array ;
module : news ;
rule : 55 ;
priority : 0 ;
keyword : Array ;

2016-05-27 16:20:04 response :
------------
Array:
FromUserName : gh_87c9b624047c ;
ToUserName : oKap7wcsJaAIB_B9W7OIEAdiCuFA ;
MsgType : news ;
ArticleCount : 3 ;
Articles : Array ;

2016-05-27 16:21:00 trace :
------------
String:
<xml><ToUserName><![CDATA[gh_87c9b624047c]]></ToUserName>
<FromUserName><![CDATA[oKap7wXpGqaaIfZWhkmCkMXhQuUQ]]></FromUserName>
<CreateTime>1464337260</CreateTime>
<MsgType><![CDATA[event]]></MsgType>
<Event><![CDATA[subscribe]]></Event>
<EventKey><![CDATA[]]></EventKey>
</xml>

2016-05-27 16:21:00 params :
------------
Array:
message : Array ;
module : news ;
rule : 55 ;
priority : 0 ;
keyword : Array ;

2016-05-27 16:21:00 response :
------------
Array:
FromUserName : gh_87c9b624047c ;
ToUserName : oKap7wXpGqaaIfZWhkmCkMXhQuUQ ;
MsgType : news ;
ArticleCount : 3 ;
Articles : Array ;

2016-05-27 16:24:27 trace :
------------
String:
<xml><ToUserName><![CDATA[gh_87c9b624047c]]></ToUserName>
<FromUserName><![CDATA[oKap7wXpGqaaIfZWhkmCkMXhQuUQ]]></FromUserName>
<CreateTime>1464337467</CreateTime>
<MsgType><![CDATA[event]]></MsgType>
<Event><![CDATA[CLICK]]></Event>
<EventKey><![CDATA[刮刮卡]]></EventKey>
</xml>

2016-05-27 16:24:27 params :
------------
Array:
message : Array ;
module : stonefish_scratch ;
rule : 48 ;
priority : 0 ;
keyword : Array ;

2016-05-27 16:24:27 response :
------------
Array:
FromUserName : gh_87c9b624047c ;
ToUserName : oKap7wXpGqaaIfZWhkmCkMXhQuUQ ;
MsgType : news ;
ArticleCount : 1 ;
Articles : Array ;

2016-05-27 16:24:49 trace :
------------
String:
<xml><ToUserName><![CDATA[gh_87c9b624047c]]></ToUserName>
<FromUserName><![CDATA[oKap7wXXQ7iBGxv2YTfUHZM1u9Ds]]></FromUserName>
<CreateTime>1464337489</CreateTime>
<MsgType><![CDATA[event]]></MsgType>
<Event><![CDATA[subscribe]]></Event>
<EventKey><![CDATA[]]></EventKey>
</xml>

2016-05-27 16:24:49 params :
------------
Array:
message : Array ;
module : news ;
rule : 55 ;
priority : 0 ;
keyword : Array ;

2016-05-27 16:24:49 response :
------------
Array:
FromUserName : gh_87c9b624047c ;
ToUserName : oKap7wXXQ7iBGxv2YTfUHZM1u9Ds ;
MsgType : news ;
ArticleCount : 3 ;
Articles : Array ;

2016-05-27 16:24:55 trace :
------------
String:
<xml><ToUserName><![CDATA[gh_87c9b624047c]]></ToUserName>
<FromUserName><![CDATA[oKap7wXXQ7iBGxv2YTfUHZM1u9Ds]]></FromUserName>
<CreateTime>1464337495</CreateTime>
<MsgType><![CDATA[event]]></MsgType>
<Event><![CDATA[CLICK]]></Event>
<EventKey><![CDATA[大转盘]]></EventKey>
</xml>

2016-05-27 16:24:55 params :
------------
Array:
message : Array ;
module : wdl_bigwheel ;
rule : 50 ;
priority : 0 ;
keyword : Array ;

2016-05-27 16:24:55 response :
------------
Array:
FromUserName : gh_87c9b624047c ;
ToUserName : oKap7wXXQ7iBGxv2YTfUHZM1u9Ds ;
MsgType : news ;
ArticleCount : 1 ;
Articles : Array ;

2016-05-27 16:26:04 trace :
------------
String:
<xml><ToUserName><![CDATA[gh_87c9b624047c]]></ToUserName>
<FromUserName><![CDATA[oKap7wXpGqaaIfZWhkmCkMXhQuUQ]]></FromUserName>
<CreateTime>1464337564</CreateTime>
<MsgType><![CDATA[event]]></MsgType>
<Event><![CDATA[CLICK]]></Event>
<EventKey><![CDATA[每天摇一摇]]></EventKey>
</xml>

2016-05-27 16:26:04 params :
------------
Array:
message : Array ;
module : mon_qmshake ;
rule : 54 ;
priority : 0 ;
keyword : Array ;

2016-05-27 16:26:04 response :
------------
Array:
FromUserName : gh_87c9b624047c ;
ToUserName : oKap7wXpGqaaIfZWhkmCkMXhQuUQ ;
MsgType : news ;
ArticleCount : 1 ;
Articles : Array ;

2016-05-27 16:26:09 trace :
------------
String:
<xml><ToUserName><![CDATA[gh_87c9b624047c]]></ToUserName>
<FromUserName><![CDATA[oKap7wXpGqaaIfZWhkmCkMXhQuUQ]]></FromUserName>
<CreateTime>1464337569</CreateTime>
<MsgType><![CDATA[event]]></MsgType>
<Event><![CDATA[CLICK]]></Event>
<EventKey><![CDATA[刮刮卡]]></EventKey>
</xml>

2016-05-27 16:26:09 params :
------------
Array:
message : Array ;
module : stonefish_scratch ;
rule : 48 ;
priority : 0 ;
keyword : Array ;

2016-05-27 16:26:09 response :
------------
Array:
FromUserName : gh_87c9b624047c ;
ToUserName : oKap7wXpGqaaIfZWhkmCkMXhQuUQ ;
MsgType : news ;
ArticleCount : 1 ;
Articles : Array ;

2016-05-27 16:28:45 trace :
------------
String:
<xml><ToUserName><![CDATA[gh_87c9b624047c]]></ToUserName>
<FromUserName><![CDATA[oKap7wXpGqaaIfZWhkmCkMXhQuUQ]]></FromUserName>
<CreateTime>1464337725</CreateTime>
<MsgType><![CDATA[event]]></MsgType>
<Event><![CDATA[CLICK]]></Event>
<EventKey><![CDATA[刮刮卡]]></EventKey>
</xml>

2016-05-27 16:28:45 params :
------------
Array:
message : Array ;
module : stonefish_scratch ;
rule : 48 ;
priority : 0 ;
keyword : Array ;

2016-05-27 16:28:45 response :
------------
Array:
FromUserName : gh_87c9b624047c ;
ToUserName : oKap7wXpGqaaIfZWhkmCkMXhQuUQ ;
MsgType : news ;
ArticleCount : 1 ;
Articles : Array ;

2016-05-27 16:29:07 trace :
------------
String:
<xml><ToUserName><![CDATA[gh_87c9b624047c]]></ToUserName>
<FromUserName><![CDATA[oKap7wXXQ7iBGxv2YTfUHZM1u9Ds]]></FromUserName>
<CreateTime>1464337747</CreateTime>
<MsgType><![CDATA[event]]></MsgType>
<Event><![CDATA[CLICK]]></Event>
<EventKey><![CDATA[刮刮卡]]></EventKey>
</xml>

2016-05-27 16:29:07 params :
------------
Array:
message : Array ;
module : stonefish_scratch ;
rule : 48 ;
priority : 0 ;
keyword : Array ;

2016-05-27 16:29:07 response :
------------
Array:
FromUserName : gh_87c9b624047c ;
ToUserName : oKap7wXXQ7iBGxv2YTfUHZM1u9Ds ;
MsgType : news ;
ArticleCount : 1 ;
Articles : Array ;

2016-05-27 16:30:00 trace :
------------
String:
<xml><ToUserName><![CDATA[gh_87c9b624047c]]></ToUserName>
<FromUserName><![CDATA[oKap7wZdBY-ofuCsybZx-PIi1tlA]]></FromUserName>
<CreateTime>1464337800</CreateTime>
<MsgType><![CDATA[event]]></MsgType>
<Event><![CDATA[subscribe]]></Event>
<EventKey><![CDATA[]]></EventKey>
</xml>

2016-05-27 16:30:00 params :
------------
Array:
message : Array ;
module : news ;
rule : 55 ;
priority : 0 ;
keyword : Array ;

2016-05-27 16:30:00 response :
------------
Array:
FromUserName : gh_87c9b624047c ;
ToUserName : oKap7wZdBY-ofuCsybZx-PIi1tlA ;
MsgType : news ;
ArticleCount : 3 ;
Articles : Array ;

2016-05-27 16:31:09 trace :
------------
String:
<xml><ToUserName><![CDATA[gh_87c9b624047c]]></ToUserName>
<FromUserName><![CDATA[oKap7wUmdCYLteOQsz3I-fyEwNMY]]></FromUserName>
<CreateTime>1464337869</CreateTime>
<MsgType><![CDATA[event]]></MsgType>
<Event><![CDATA[subscribe]]></Event>
<EventKey><![CDATA[]]></EventKey>
</xml>

2016-05-27 16:31:09 params :
------------
Array:
message : Array ;
module : news ;
rule : 55 ;
priority : 0 ;
keyword : Array ;

2016-05-27 16:31:09 response :
------------
Array:
FromUserName : gh_87c9b624047c ;
ToUserName : oKap7wUmdCYLteOQsz3I-fyEwNMY ;
MsgType : news ;
ArticleCount : 3 ;
Articles : Array ;

2016-05-27 16:35:14 trace :
------------
String:
<xml><ToUserName><![CDATA[gh_87c9b624047c]]></ToUserName>
<FromUserName><![CDATA[oKap7wdoV8W3w4lFtXKYF53UerwM]]></FromUserName>
<CreateTime>1464338114</CreateTime>
<MsgType><![CDATA[event]]></MsgType>
<Event><![CDATA[CLICK]]></Event>
<EventKey><![CDATA[刮刮卡]]></EventKey>
</xml>

2016-05-27 16:35:14 params :
------------
Array:
message : Array ;
module : stonefish_scratch ;
rule : 48 ;
priority : 0 ;
keyword : Array ;

2016-05-27 16:35:14 response :
------------
Array:
FromUserName : gh_87c9b624047c ;
ToUserName : oKap7wdoV8W3w4lFtXKYF53UerwM ;
MsgType : news ;
ArticleCount : 1 ;
Articles : Array ;

2016-05-27 16:42:44 trace :
------------
String:
<xml><ToUserName><![CDATA[gh_87c9b624047c]]></ToUserName>
<FromUserName><![CDATA[oKap7wZdBY-ofuCsybZx-PIi1tlA]]></FromUserName>
<CreateTime>1464338563</CreateTime>
<MsgType><![CDATA[event]]></MsgType>
<Event><![CDATA[SCAN]]></Event>
<EventKey><![CDATA[100001]]></EventKey>
<Ticket><![CDATA[gQGd8DoAAAAAAAAAASxodHRwOi8vd2VpeGluLnFxLmNvbS9xL3BqcGVENnJsTXZ4TDQ4RU0zeFR0AAIEIog8VwMEAI0nAA==]]></Ticket>
</xml>

2016-05-27 16:42:44 params :
------------
Array:
message : Array ;
module : mon_qmshake ;
rule : 54 ;
priority : 0 ;
keyword : Array ;

2016-05-27 16:42:44 response :
------------
Array:
FromUserName : gh_87c9b624047c ;
ToUserName : oKap7wZdBY-ofuCsybZx-PIi1tlA ;
MsgType : news ;
ArticleCount : 1 ;
Articles : Array ;

2016-05-27 16:43:24 trace :
------------
String:
<xml><ToUserName><![CDATA[gh_87c9b624047c]]></ToUserName>
<FromUserName><![CDATA[oKap7wWh5NJtMLd3YDNtn-itmaiE]]></FromUserName>
<CreateTime>1464338604</CreateTime>
<MsgType><![CDATA[event]]></MsgType>
<Event><![CDATA[subscribe]]></Event>
<EventKey><![CDATA[]]></EventKey>
</xml>

2016-05-27 16:43:24 params :
------------
Array:
message : Array ;
module : news ;
rule : 55 ;
priority : 0 ;
keyword : Array ;

2016-05-27 16:43:24 response :
------------
Array:
FromUserName : gh_87c9b624047c ;
ToUserName : oKap7wWh5NJtMLd3YDNtn-itmaiE ;
MsgType : news ;
ArticleCount : 3 ;
Articles : Array ;

2016-05-27 16:48:06 trace :
------------
String:
<xml><ToUserName><![CDATA[gh_87c9b624047c]]></ToUserName>
<FromUserName><![CDATA[oKap7wRpmL0xtS8rZMw2KFagSLI0]]></FromUserName>
<CreateTime>1464338886</CreateTime>
<MsgType><![CDATA[event]]></MsgType>
<Event><![CDATA[subscribe]]></Event>
<EventKey><![CDATA[]]></EventKey>
</xml>

2016-05-27 16:48:06 params :
------------
Array:
message : Array ;
module : news ;
rule : 55 ;
priority : 0 ;
keyword : Array ;

2016-05-27 16:48:06 response :
------------
Array:
FromUserName : gh_87c9b624047c ;
ToUserName : oKap7wRpmL0xtS8rZMw2KFagSLI0 ;
MsgType : news ;
ArticleCount : 3 ;
Articles : Array ;

2016-05-27 16:48:48 trace :
------------
String:
<xml><ToUserName><![CDATA[gh_87c9b624047c]]></ToUserName>
<FromUserName><![CDATA[oKap7wRpmL0xtS8rZMw2KFagSLI0]]></FromUserName>
<CreateTime>1464338928</CreateTime>
<MsgType><![CDATA[event]]></MsgType>
<Event><![CDATA[unsubscribe]]></Event>
<EventKey><![CDATA[]]></EventKey>
</xml>

2016-05-27 16:57:42 trace :
------------
String:
<xml><ToUserName><![CDATA[gh_87c9b624047c]]></ToUserName>
<FromUserName><![CDATA[oKap7we9h7jT2-mNJjk4sDWOvW8s]]></FromUserName>
<CreateTime>1464339462</CreateTime>
<MsgType><![CDATA[event]]></MsgType>
<Event><![CDATA[subscribe]]></Event>
<EventKey><![CDATA[]]></EventKey>
</xml>

2016-05-27 16:57:42 params :
------------
Array:
message : Array ;
module : news ;
rule : 55 ;
priority : 0 ;
keyword : Array ;

2016-05-27 16:57:42 response :
------------
Array:
FromUserName : gh_87c9b624047c ;
ToUserName : oKap7we9h7jT2-mNJjk4sDWOvW8s ;
MsgType : news ;
ArticleCount : 3 ;
Articles : Array ;

2016-05-27 17:00:35 trace :
------------
String:
<xml><ToUserName><![CDATA[gh_87c9b624047c]]></ToUserName>
<FromUserName><![CDATA[oKap7wdXEb6oaV5rQ8HJKm2Of7iU]]></FromUserName>
<CreateTime>1464339635</CreateTime>
<MsgType><![CDATA[event]]></MsgType>
<Event><![CDATA[subscribe]]></Event>
<EventKey><![CDATA[]]></EventKey>
</xml>

2016-05-27 17:00:35 params :
------------
Array:
message : Array ;
module : news ;
rule : 55 ;
priority : 0 ;
keyword : Array ;

2016-05-27 17:00:35 response :
------------
Array:
FromUserName : gh_87c9b624047c ;
ToUserName : oKap7wdXEb6oaV5rQ8HJKm2Of7iU ;
MsgType : news ;
ArticleCount : 3 ;
Articles : Array ;

2016-05-27 17:00:57 trace :
------------
String:
<xml><ToUserName><![CDATA[gh_87c9b624047c]]></ToUserName>
<FromUserName><![CDATA[oKap7wYuyadsvC_rB9-QH0KkKMc4]]></FromUserName>
<CreateTime>1464339657</CreateTime>
<MsgType><![CDATA[event]]></MsgType>
<Event><![CDATA[CLICK]]></Event>
<EventKey><![CDATA[刮刮卡]]></EventKey>
</xml>

2016-05-27 17:00:57 params :
------------
Array:
message : Array ;
module : stonefish_scratch ;
rule : 48 ;
priority : 0 ;
keyword : Array ;

2016-05-27 17:00:57 response :
------------
Array:
FromUserName : gh_87c9b624047c ;
ToUserName : oKap7wYuyadsvC_rB9-QH0KkKMc4 ;
MsgType : news ;
ArticleCount : 1 ;
Articles : Array ;

2016-05-27 17:01:02 trace :
------------
String:
<xml><ToUserName><![CDATA[gh_87c9b624047c]]></ToUserName>
<FromUserName><![CDATA[oKap7wYuyadsvC_rB9-QH0KkKMc4]]></FromUserName>
<CreateTime>1464339662</CreateTime>
<MsgType><![CDATA[event]]></MsgType>
<Event><![CDATA[CLICK]]></Event>
<EventKey><![CDATA[刮刮卡]]></EventKey>
</xml>

2016-05-27 17:01:02 params :
------------
Array:
message : Array ;
module : stonefish_scratch ;
rule : 48 ;
priority : 0 ;
keyword : Array ;

2016-05-27 17:01:02 response :
------------
Array:
FromUserName : gh_87c9b624047c ;
ToUserName : oKap7wYuyadsvC_rB9-QH0KkKMc4 ;
MsgType : news ;
ArticleCount : 1 ;
Articles : Array ;

2016-05-27 17:08:19 trace :
------------
String:
<xml><ToUserName><![CDATA[gh_87c9b624047c]]></ToUserName>
<FromUserName><![CDATA[oKap7wSuPPZW8cHAzJscIiMpy8X4]]></FromUserName>
<CreateTime>1464340098</CreateTime>
<MsgType><![CDATA[event]]></MsgType>
<Event><![CDATA[subscribe]]></Event>
<EventKey><![CDATA[]]></EventKey>
</xml>

2016-05-27 17:08:19 params :
------------
Array:
message : Array ;
module : news ;
rule : 55 ;
priority : 0 ;
keyword : Array ;

2016-05-27 17:08:19 response :
------------
Array:
FromUserName : gh_87c9b624047c ;
ToUserName : oKap7wSuPPZW8cHAzJscIiMpy8X4 ;
MsgType : news ;
ArticleCount : 3 ;
Articles : Array ;

2016-05-27 17:10:59 trace :
------------
String:
<xml><ToUserName><![CDATA[gh_87c9b624047c]]></ToUserName>
<FromUserName><![CDATA[oKap7wah8Ols3Ftqf3XJxuj4Wl98]]></FromUserName>
<CreateTime>1464340259</CreateTime>
<MsgType><![CDATA[event]]></MsgType>
<Event><![CDATA[subscribe]]></Event>
<EventKey><![CDATA[]]></EventKey>
</xml>

2016-05-27 17:10:59 params :
------------
Array:
message : Array ;
module : news ;
rule : 55 ;
priority : 0 ;
keyword : Array ;

2016-05-27 17:10:59 response :
------------
Array:
FromUserName : gh_87c9b624047c ;
ToUserName : oKap7wah8Ols3Ftqf3XJxuj4Wl98 ;
MsgType : news ;
ArticleCount : 3 ;
Articles : Array ;

2016-05-27 17:11:28 trace :
------------
String:
<xml><ToUserName><![CDATA[gh_87c9b624047c]]></ToUserName>
<FromUserName><![CDATA[oKap7wZpuXk2BayAvWjgkGiO-CxU]]></FromUserName>
<CreateTime>1464340287</CreateTime>
<MsgType><![CDATA[event]]></MsgType>
<Event><![CDATA[subscribe]]></Event>
<EventKey><![CDATA[]]></EventKey>
</xml>

2016-05-27 17:11:28 params :
------------
Array:
message : Array ;
module : news ;
rule : 55 ;
priority : 0 ;
keyword : Array ;

2016-05-27 17:11:28 response :
------------
Array:
FromUserName : gh_87c9b624047c ;
ToUserName : oKap7wZpuXk2BayAvWjgkGiO-CxU ;
MsgType : news ;
ArticleCount : 3 ;
Articles : Array ;

2016-05-27 17:12:23 trace :
------------
String:
<xml><ToUserName><![CDATA[gh_87c9b624047c]]></ToUserName>
<FromUserName><![CDATA[oKap7wZpuXk2BayAvWjgkGiO-CxU]]></FromUserName>
<CreateTime>1464340343</CreateTime>
<MsgType><![CDATA[event]]></MsgType>
<Event><![CDATA[unsubscribe]]></Event>
<EventKey><![CDATA[]]></EventKey>
</xml>

2016-05-27 17:15:49 trace :
------------
String:
<xml><ToUserName><![CDATA[gh_87c9b624047c]]></ToUserName>
<FromUserName><![CDATA[oKap7wftLeIX69CSr-4doyfoQKK8]]></FromUserName>
<CreateTime>1464340549</CreateTime>
<MsgType><![CDATA[event]]></MsgType>
<Event><![CDATA[subscribe]]></Event>
<EventKey><![CDATA[]]></EventKey>
</xml>

2016-05-27 17:15:49 params :
------------
Array:
message : Array ;
module : news ;
rule : 55 ;
priority : 0 ;
keyword : Array ;

2016-05-27 17:15:49 response :
------------
Array:
FromUserName : gh_87c9b624047c ;
ToUserName : oKap7wftLeIX69CSr-4doyfoQKK8 ;
MsgType : news ;
ArticleCount : 3 ;
Articles : Array ;

2016-05-27 17:16:42 trace :
------------
String:
<xml><ToUserName><![CDATA[gh_87c9b624047c]]></ToUserName>
<FromUserName><![CDATA[oKap7wRETBm1RPR69ynSJunH6ywM]]></FromUserName>
<CreateTime>1464340602</CreateTime>
<MsgType><![CDATA[event]]></MsgType>
<Event><![CDATA[subscribe]]></Event>
<EventKey><![CDATA[]]></EventKey>
</xml>

2016-05-27 17:16:42 params :
------------
Array:
message : Array ;
module : news ;
rule : 55 ;
priority : 0 ;
keyword : Array ;

2016-05-27 17:16:42 response :
------------
Array:
FromUserName : gh_87c9b624047c ;
ToUserName : oKap7wRETBm1RPR69ynSJunH6ywM ;
MsgType : news ;
ArticleCount : 3 ;
Articles : Array ;

2016-05-27 17:16:46 trace :
------------
String:
<xml><ToUserName><![CDATA[gh_87c9b624047c]]></ToUserName>
<FromUserName><![CDATA[oKap7wftLeIX69CSr-4doyfoQKK8]]></FromUserName>
<CreateTime>1464340606</CreateTime>
<MsgType><![CDATA[event]]></MsgType>
<Event><![CDATA[unsubscribe]]></Event>
<EventKey><![CDATA[]]></EventKey>
</xml>

2016-05-27 17:19:21 trace :
------------
String:
<xml><ToUserName><![CDATA[gh_87c9b624047c]]></ToUserName>
<FromUserName><![CDATA[oKap7wUwm9JrY4K3uZVJP9-IiKQI]]></FromUserName>
<CreateTime>1464340760</CreateTime>
<MsgType><![CDATA[event]]></MsgType>
<Event><![CDATA[subscribe]]></Event>
<EventKey><![CDATA[]]></EventKey>
</xml>

2016-05-27 17:19:21 params :
------------
Array:
message : Array ;
module : news ;
rule : 55 ;
priority : 0 ;
keyword : Array ;

2016-05-27 17:19:21 response :
------------
Array:
FromUserName : gh_87c9b624047c ;
ToUserName : oKap7wUwm9JrY4K3uZVJP9-IiKQI ;
MsgType : news ;
ArticleCount : 3 ;
Articles : Array ;

2016-05-27 17:23:33 trace :
------------
String:
<xml><ToUserName><![CDATA[gh_87c9b624047c]]></ToUserName>
<FromUserName><![CDATA[oKap7wfxo_U8q953wTAB8fWKq7KU]]></FromUserName>
<CreateTime>1464341013</CreateTime>
<MsgType><![CDATA[event]]></MsgType>
<Event><![CDATA[subscribe]]></Event>
<EventKey><![CDATA[]]></EventKey>
</xml>

2016-05-27 17:23:33 params :
------------
Array:
message : Array ;
module : news ;
rule : 55 ;
priority : 0 ;
keyword : Array ;

2016-05-27 17:23:33 response :
------------
Array:
FromUserName : gh_87c9b624047c ;
ToUserName : oKap7wfxo_U8q953wTAB8fWKq7KU ;
MsgType : news ;
ArticleCount : 3 ;
Articles : Array ;

2016-05-27 17:24:27 trace :
------------
String:
<xml><ToUserName><![CDATA[gh_87c9b624047c]]></ToUserName>
<FromUserName><![CDATA[oKap7wUwm9JrY4K3uZVJP9-IiKQI]]></FromUserName>
<CreateTime>1464341067</CreateTime>
<MsgType><![CDATA[event]]></MsgType>
<Event><![CDATA[unsubscribe]]></Event>
<EventKey><![CDATA[]]></EventKey>
</xml>

2016-05-27 17:25:07 trace :
------------
String:
<xml><ToUserName><![CDATA[gh_87c9b624047c]]></ToUserName>
<FromUserName><![CDATA[oKap7wcAQr36t2KGowoAM_vM9r9g]]></FromUserName>
<CreateTime>1464341107</CreateTime>
<MsgType><![CDATA[event]]></MsgType>
<Event><![CDATA[subscribe]]></Event>
<EventKey><![CDATA[]]></EventKey>
</xml>

2016-05-27 17:25:07 params :
------------
Array:
message : Array ;
module : news ;
rule : 55 ;
priority : 0 ;
keyword : Array ;

2016-05-27 17:25:07 response :
------------
Array:
FromUserName : gh_87c9b624047c ;
ToUserName : oKap7wcAQr36t2KGowoAM_vM9r9g ;
MsgType : news ;
ArticleCount : 3 ;
Articles : Array ;

2016-05-27 17:28:04 trace :
------------
String:
<xml><ToUserName><![CDATA[gh_87c9b624047c]]></ToUserName>
<FromUserName><![CDATA[oKap7wSuPPZW8cHAzJscIiMpy8X4]]></FromUserName>
<CreateTime>1464341284</CreateTime>
<MsgType><![CDATA[event]]></MsgType>
<Event><![CDATA[SCAN]]></Event>
<EventKey><![CDATA[100002]]></EventKey>
<Ticket><![CDATA[gQGg8DoAAAAAAAAAASxodHRwOi8vd2VpeGluLnFxLmNvbS9xL3NUb3BOODdsUi13X3FOWTJxQlR0AAIEM4o8VwMEAI0nAA==]]></Ticket>
</xml>

2016-05-27 17:28:04 params :
------------
Array:
message : Array ;
module : wdl_bigwheel ;
rule : 50 ;
priority : 0 ;
keyword : Array ;

2016-05-27 17:28:04 response :
------------
Array:
FromUserName : gh_87c9b624047c ;
ToUserName : oKap7wSuPPZW8cHAzJscIiMpy8X4 ;
MsgType : news ;
ArticleCount : 1 ;
Articles : Array ;

2016-05-27 18:29:44 trace :
------------
String:
<xml><ToUserName><![CDATA[gh_87c9b624047c]]></ToUserName>
<FromUserName><![CDATA[oKap7wdXEb6oaV5rQ8HJKm2Of7iU]]></FromUserName>
<CreateTime>1464344984</CreateTime>
<MsgType><![CDATA[event]]></MsgType>
<Event><![CDATA[CLICK]]></Event>
<EventKey><![CDATA[每天摇一摇]]></EventKey>
</xml>

2016-05-27 18:29:44 params :
------------
Array:
message : Array ;
module : mon_qmshake ;
rule : 54 ;
priority : 0 ;
keyword : Array ;

2016-05-27 18:29:44 response :
------------
Array:
FromUserName : gh_87c9b624047c ;
ToUserName : oKap7wdXEb6oaV5rQ8HJKm2Of7iU ;
MsgType : news ;
ArticleCount : 1 ;
Articles : Array ;

2016-05-27 18:47:54 trace :
------------
String:
<xml><ToUserName><![CDATA[gh_87c9b624047c]]></ToUserName>
<FromUserName><![CDATA[oKap7wVZmMIHaevWb3gTel0oYJhM]]></FromUserName>
<CreateTime>1464346073</CreateTime>
<MsgType><![CDATA[event]]></MsgType>
<Event><![CDATA[subscribe]]></Event>
<EventKey><![CDATA[]]></EventKey>
</xml>

2016-05-27 18:47:54 params :
------------
Array:
message : Array ;
module : news ;
rule : 55 ;
priority : 0 ;
keyword : Array ;

2016-05-27 18:47:54 response :
------------
Array:
FromUserName : gh_87c9b624047c ;
ToUserName : oKap7wVZmMIHaevWb3gTel0oYJhM ;
MsgType : news ;
ArticleCount : 3 ;
Articles : Array ;

2016-05-27 18:49:13 trace :
------------
String:
<xml><ToUserName><![CDATA[gh_87c9b624047c]]></ToUserName>
<FromUserName><![CDATA[oKap7wTMgHWbXEeIHH3b60G74uLE]]></FromUserName>
<CreateTime>1464346153</CreateTime>
<MsgType><![CDATA[event]]></MsgType>
<Event><![CDATA[subscribe]]></Event>
<EventKey><![CDATA[]]></EventKey>
</xml>

2016-05-27 18:49:13 params :
------------
Array:
message : Array ;
module : news ;
rule : 55 ;
priority : 0 ;
keyword : Array ;

2016-05-27 18:49:13 response :
------------
Array:
FromUserName : gh_87c9b624047c ;
ToUserName : oKap7wTMgHWbXEeIHH3b60G74uLE ;
MsgType : news ;
ArticleCount : 3 ;
Articles : Array ;

2016-05-27 18:51:34 trace :
------------
String:
<xml><ToUserName><![CDATA[gh_87c9b624047c]]></ToUserName>
<FromUserName><![CDATA[oKap7wd3IGtIjnliYpBduE3Fwz9g]]></FromUserName>
<CreateTime>1464346294</CreateTime>
<MsgType><![CDATA[event]]></MsgType>
<Event><![CDATA[subscribe]]></Event>
<EventKey><![CDATA[]]></EventKey>
</xml>

2016-05-27 18:51:34 params :
------------
Array:
message : Array ;
module : news ;
rule : 55 ;
priority : 0 ;
keyword : Array ;

2016-05-27 18:51:34 response :
------------
Array:
FromUserName : gh_87c9b624047c ;
ToUserName : oKap7wd3IGtIjnliYpBduE3Fwz9g ;
MsgType : news ;
ArticleCount : 3 ;
Articles : Array ;

2016-05-27 18:51:46 trace :
------------
String:
<xml><ToUserName><![CDATA[gh_87c9b624047c]]></ToUserName>
<FromUserName><![CDATA[oKap7wWuLn9XDUnW99WDbSaDt_h0]]></FromUserName>
<CreateTime>1464346306</CreateTime>
<MsgType><![CDATA[event]]></MsgType>
<Event><![CDATA[subscribe]]></Event>
<EventKey><![CDATA[]]></EventKey>
</xml>

2016-05-27 18:51:46 params :
------------
Array:
message : Array ;
module : news ;
rule : 55 ;
priority : 0 ;
keyword : Array ;

2016-05-27 18:51:46 response :
------------
Array:
FromUserName : gh_87c9b624047c ;
ToUserName : oKap7wWuLn9XDUnW99WDbSaDt_h0 ;
MsgType : news ;
ArticleCount : 3 ;
Articles : Array ;

2016-05-27 18:55:56 trace :
------------
String:
<xml><ToUserName><![CDATA[gh_87c9b624047c]]></ToUserName>
<FromUserName><![CDATA[oKap7wcw2TWwtyXu5QwYs1iBxqwY]]></FromUserName>
<CreateTime>1464346556</CreateTime>
<MsgType><![CDATA[event]]></MsgType>
<Event><![CDATA[subscribe]]></Event>
<EventKey><![CDATA[]]></EventKey>
</xml>

2016-05-27 18:55:56 params :
------------
Array:
message : Array ;
module : news ;
rule : 55 ;
priority : 0 ;
keyword : Array ;

2016-05-27 18:55:56 response :
------------
Array:
FromUserName : gh_87c9b624047c ;
ToUserName : oKap7wcw2TWwtyXu5QwYs1iBxqwY ;
MsgType : news ;
ArticleCount : 3 ;
Articles : Array ;

2016-05-27 18:56:12 trace :
------------
String:
<xml><ToUserName><![CDATA[gh_87c9b624047c]]></ToUserName>
<FromUserName><![CDATA[oKap7werI-PJIBHq3UfqeA47yXMs]]></FromUserName>
<CreateTime>1464346571</CreateTime>
<MsgType><![CDATA[event]]></MsgType>
<Event><![CDATA[subscribe]]></Event>
<EventKey><![CDATA[]]></EventKey>
</xml>

2016-05-27 18:56:12 params :
------------
Array:
message : Array ;
module : news ;
rule : 55 ;
priority : 0 ;
keyword : Array ;

2016-05-27 18:56:12 response :
------------
Array:
FromUserName : gh_87c9b624047c ;
ToUserName : oKap7werI-PJIBHq3UfqeA47yXMs ;
MsgType : news ;
ArticleCount : 3 ;
Articles : Array ;

2016-05-27 18:57:09 trace :
------------
String:
<xml><ToUserName><![CDATA[gh_87c9b624047c]]></ToUserName>
<FromUserName><![CDATA[oKap7wUcbv1TjY3aCTJmQw23XM3U]]></FromUserName>
<CreateTime>1464346629</CreateTime>
<MsgType><![CDATA[event]]></MsgType>
<Event><![CDATA[subscribe]]></Event>
<EventKey><![CDATA[]]></EventKey>
</xml>

2016-05-27 18:57:09 params :
------------
Array:
message : Array ;
module : news ;
rule : 55 ;
priority : 0 ;
keyword : Array ;

2016-05-27 18:57:09 response :
------------
Array:
FromUserName : gh_87c9b624047c ;
ToUserName : oKap7wUcbv1TjY3aCTJmQw23XM3U ;
MsgType : news ;
ArticleCount : 3 ;
Articles : Array ;

2016-05-27 18:57:30 trace :
------------
String:
<xml><ToUserName><![CDATA[gh_87c9b624047c]]></ToUserName>
<FromUserName><![CDATA[oKap7wSuPPZW8cHAzJscIiMpy8X4]]></FromUserName>
<CreateTime>1464346650</CreateTime>
<MsgType><![CDATA[event]]></MsgType>
<Event><![CDATA[SCAN]]></Event>
<EventKey><![CDATA[100001]]></EventKey>
<Ticket><![CDATA[gQGd8DoAAAAAAAAAASxodHRwOi8vd2VpeGluLnFxLmNvbS9xL3BqcGVENnJsTXZ4TDQ4RU0zeFR0AAIEIog8VwMEAI0nAA==]]></Ticket>
</xml>

2016-05-27 18:57:30 params :
------------
Array:
message : Array ;
module : mon_qmshake ;
rule : 54 ;
priority : 0 ;
keyword : Array ;

2016-05-27 18:57:30 response :
------------
Array:
FromUserName : gh_87c9b624047c ;
ToUserName : oKap7wSuPPZW8cHAzJscIiMpy8X4 ;
MsgType : news ;
ArticleCount : 1 ;
Articles : Array ;

2016-05-27 18:57:43 trace :
------------
String:
<xml><ToUserName><![CDATA[gh_87c9b624047c]]></ToUserName>
<FromUserName><![CDATA[oKap7wWuLn9XDUnW99WDbSaDt_h0]]></FromUserName>
<CreateTime>1464346663</CreateTime>
<MsgType><![CDATA[event]]></MsgType>
<Event><![CDATA[VIEW]]></Event>
<EventKey><![CDATA[http://show.artels.cn/v-U70510PXM38WA3X5?eqrcode=1]]></EventKey>
<MenuId>503127948</MenuId>
</xml>

2016-05-27 18:57:43 params :
------------
Array:
rule : -2 ;
module :  ;
message : Array ;

2016-05-27 18:57:43 response :
------------

2016-05-27 19:04:04 trace :
------------
String:
<xml><ToUserName><![CDATA[gh_87c9b624047c]]></ToUserName>
<FromUserName><![CDATA[oKap7wZdBY-ofuCsybZx-PIi1tlA]]></FromUserName>
<CreateTime>1464347044</CreateTime>
<MsgType><![CDATA[event]]></MsgType>
<Event><![CDATA[VIEW]]></Event>
<EventKey><![CDATA[http://show.artels.cn/v-U70510PXM38WA3X5?eqrcode=1]]></EventKey>
<MenuId>503127948</MenuId>
</xml>

2016-05-27 19:04:04 params :
------------
Array:
rule : -2 ;
module :  ;
message : Array ;

2016-05-27 19:04:04 response :
------------

2016-05-27 19:07:09 trace :
------------
String:
<xml><ToUserName><![CDATA[gh_87c9b624047c]]></ToUserName>
<FromUserName><![CDATA[oKap7wR9E2SZeWLLnnbtDOd2jMZA]]></FromUserName>
<CreateTime>1464347228</CreateTime>
<MsgType><![CDATA[event]]></MsgType>
<Event><![CDATA[subscribe]]></Event>
<EventKey><![CDATA[]]></EventKey>
</xml>

2016-05-27 19:07:09 params :
------------
Array:
message : Array ;
module : news ;
rule : 55 ;
priority : 0 ;
keyword : Array ;

2016-05-27 19:07:09 response :
------------
Array:
FromUserName : gh_87c9b624047c ;
ToUserName : oKap7wR9E2SZeWLLnnbtDOd2jMZA ;
MsgType : news ;
ArticleCount : 3 ;
Articles : Array ;

2016-05-27 19:08:22 trace :
------------
String:
<xml><ToUserName><![CDATA[gh_87c9b624047c]]></ToUserName>
<FromUserName><![CDATA[oKap7wUS6b8S90AKpSqlAi7M7Zh8]]></FromUserName>
<CreateTime>1464347302</CreateTime>
<MsgType><![CDATA[event]]></MsgType>
<Event><![CDATA[subscribe]]></Event>
<EventKey><![CDATA[]]></EventKey>
</xml>

2016-05-27 19:08:22 params :
------------
Array:
message : Array ;
module : news ;
rule : 55 ;
priority : 0 ;
keyword : Array ;

2016-05-27 19:08:22 response :
------------
Array:
FromUserName : gh_87c9b624047c ;
ToUserName : oKap7wUS6b8S90AKpSqlAi7M7Zh8 ;
MsgType : news ;
ArticleCount : 3 ;
Articles : Array ;

2016-05-27 19:08:28 trace :
------------
String:
<xml><ToUserName><![CDATA[gh_87c9b624047c]]></ToUserName>
<FromUserName><![CDATA[oKap7wYR1_0IsRkMmfuqomSbSWss]]></FromUserName>
<CreateTime>1464347308</CreateTime>
<MsgType><![CDATA[event]]></MsgType>
<Event><![CDATA[subscribe]]></Event>
<EventKey><![CDATA[]]></EventKey>
</xml>

2016-05-27 19:08:28 params :
------------
Array:
message : Array ;
module : news ;
rule : 55 ;
priority : 0 ;
keyword : Array ;

2016-05-27 19:08:28 response :
------------
Array:
FromUserName : gh_87c9b624047c ;
ToUserName : oKap7wYR1_0IsRkMmfuqomSbSWss ;
MsgType : news ;
ArticleCount : 3 ;
Articles : Array ;

2016-05-27 19:08:30 trace :
------------
String:
<xml><ToUserName><![CDATA[gh_87c9b624047c]]></ToUserName>
<FromUserName><![CDATA[oKap7weVtFZBE8KVDPcLFsZ7Hb1E]]></FromUserName>
<CreateTime>1464347309</CreateTime>
<MsgType><![CDATA[event]]></MsgType>
<Event><![CDATA[subscribe]]></Event>
<EventKey><![CDATA[]]></EventKey>
</xml>

2016-05-27 19:08:30 params :
------------
Array:
message : Array ;
module : news ;
rule : 55 ;
priority : 0 ;
keyword : Array ;

2016-05-27 19:08:30 response :
------------
Array:
FromUserName : gh_87c9b624047c ;
ToUserName : oKap7weVtFZBE8KVDPcLFsZ7Hb1E ;
MsgType : news ;
ArticleCount : 3 ;
Articles : Array ;

2016-05-27 19:08:37 trace :
------------
String:
<xml><ToUserName><![CDATA[gh_87c9b624047c]]></ToUserName>
<FromUserName><![CDATA[oKap7wUS6b8S90AKpSqlAi7M7Zh8]]></FromUserName>
<CreateTime>1464347317</CreateTime>
<MsgType><![CDATA[event]]></MsgType>
<Event><![CDATA[VIEW]]></Event>
<EventKey><![CDATA[http://show.artels.cn/v-U70510PXM38WA3X5?eqrcode=1]]></EventKey>
<MenuId>503127948</MenuId>
</xml>

2016-05-27 19:08:37 params :
------------
Array:
rule : -2 ;
module :  ;
message : Array ;

2016-05-27 19:08:37 response :
------------

2016-05-27 19:08:43 trace :
------------
String:
<xml><ToUserName><![CDATA[gh_87c9b624047c]]></ToUserName>
<FromUserName><![CDATA[oKap7waF5mmRf-3fBcite86dWbjY]]></FromUserName>
<CreateTime>1464347323</CreateTime>
<MsgType><![CDATA[event]]></MsgType>
<Event><![CDATA[subscribe]]></Event>
<EventKey><![CDATA[]]></EventKey>
</xml>

2016-05-27 19:08:43 params :
------------
Array:
message : Array ;
module : news ;
rule : 55 ;
priority : 0 ;
keyword : Array ;

2016-05-27 19:08:43 response :
------------
Array:
FromUserName : gh_87c9b624047c ;
ToUserName : oKap7waF5mmRf-3fBcite86dWbjY ;
MsgType : news ;
ArticleCount : 3 ;
Articles : Array ;

2016-05-27 19:10:41 trace :
------------
String:
<xml><ToUserName><![CDATA[gh_87c9b624047c]]></ToUserName>
<FromUserName><![CDATA[oKap7weVtFZBE8KVDPcLFsZ7Hb1E]]></FromUserName>
<CreateTime>1464347441</CreateTime>
<MsgType><![CDATA[event]]></MsgType>
<Event><![CDATA[unsubscribe]]></Event>
<EventKey><![CDATA[]]></EventKey>
</xml>

2016-05-27 19:18:04 trace :
------------
String:
<xml><ToUserName><![CDATA[gh_87c9b624047c]]></ToUserName>
<FromUserName><![CDATA[oKap7wdNcZ6BAISa5ykYK58HJUf0]]></FromUserName>
<CreateTime>1464347884</CreateTime>
<MsgType><![CDATA[event]]></MsgType>
<Event><![CDATA[subscribe]]></Event>
<EventKey><![CDATA[]]></EventKey>
</xml>

2016-05-27 19:18:04 params :
------------
Array:
message : Array ;
module : news ;
rule : 55 ;
priority : 0 ;
keyword : Array ;

2016-05-27 19:18:04 response :
------------
Array:
FromUserName : gh_87c9b624047c ;
ToUserName : oKap7wdNcZ6BAISa5ykYK58HJUf0 ;
MsgType : news ;
ArticleCount : 3 ;
Articles : Array ;

2016-05-27 19:20:52 trace :
------------
String:
<xml><ToUserName><![CDATA[gh_87c9b624047c]]></ToUserName>
<FromUserName><![CDATA[oKap7wRxs9KTQJ20vIga8IymIMTo]]></FromUserName>
<CreateTime>1464348051</CreateTime>
<MsgType><![CDATA[event]]></MsgType>
<Event><![CDATA[subscribe]]></Event>
<EventKey><![CDATA[]]></EventKey>
</xml>

2016-05-27 19:20:52 params :
------------
Array:
message : Array ;
module : news ;
rule : 55 ;
priority : 0 ;
keyword : Array ;

2016-05-27 19:20:52 response :
------------
Array:
FromUserName : gh_87c9b624047c ;
ToUserName : oKap7wRxs9KTQJ20vIga8IymIMTo ;
MsgType : news ;
ArticleCount : 3 ;
Articles : Array ;

2016-05-27 19:25:24 trace :
------------
String:
<xml><ToUserName><![CDATA[gh_87c9b624047c]]></ToUserName>
<FromUserName><![CDATA[oKap7wWTaDuwWJ5K5Ca-yms2tGdw]]></FromUserName>
<CreateTime>1464348324</CreateTime>
<MsgType><![CDATA[event]]></MsgType>
<Event><![CDATA[subscribe]]></Event>
<EventKey><![CDATA[]]></EventKey>
</xml>

2016-05-27 19:25:24 params :
------------
Array:
message : Array ;
module : news ;
rule : 55 ;
priority : 0 ;
keyword : Array ;

2016-05-27 19:25:24 response :
------------
Array:
FromUserName : gh_87c9b624047c ;
ToUserName : oKap7wWTaDuwWJ5K5Ca-yms2tGdw ;
MsgType : news ;
ArticleCount : 3 ;
Articles : Array ;

2016-05-27 21:02:55 trace :
------------
String:
<xml><ToUserName><![CDATA[gh_87c9b624047c]]></ToUserName>
<FromUserName><![CDATA[oKap7wbhPd5KxEuk1rPZQwIJ_4zo]]></FromUserName>
<CreateTime>1464354174</CreateTime>
<MsgType><![CDATA[event]]></MsgType>
<Event><![CDATA[unsubscribe]]></Event>
<EventKey><![CDATA[]]></EventKey>
</xml>

2016-05-27 21:12:04 trace :
------------
String:
<xml><ToUserName><![CDATA[gh_87c9b624047c]]></ToUserName>
<FromUserName><![CDATA[oKap7welswN5y7ZVwHbKrdu8shcg]]></FromUserName>
<CreateTime>1464354724</CreateTime>
<MsgType><![CDATA[event]]></MsgType>
<Event><![CDATA[subscribe]]></Event>
<EventKey><![CDATA[]]></EventKey>
</xml>

2016-05-27 21:12:04 params :
------------
Array:
message : Array ;
module : news ;
rule : 55 ;
priority : 0 ;
keyword : Array ;

2016-05-27 21:12:04 response :
------------
Array:
FromUserName : gh_87c9b624047c ;
ToUserName : oKap7welswN5y7ZVwHbKrdu8shcg ;
MsgType : news ;
ArticleCount : 3 ;
Articles : Array ;

