2016-04-28 14:19:05 trace :
------------
String:
<xml><ToUserName><![CDATA[gh_b75bad3e9d82]]></ToUserName>
<FromUserName><![CDATA[oH51jwynS7ssI8v1LBCt9010-0Q4]]></FromUserName>
<CreateTime>1461824345</CreateTime>
<MsgType><![CDATA[event]]></MsgType>
<Event><![CDATA[subscribe]]></Event>
<EventKey><![CDATA[]]></EventKey>
</xml>

2016-04-28 14:19:05 params :
------------
Array:
rule : -2 ;
module :  ;
message : Array ;

2016-04-28 14:19:05 response :
------------

2016-04-28 14:19:14 trace :
------------
String:
<xml><ToUserName><![CDATA[gh_b75bad3e9d82]]></ToUserName>
<FromUserName><![CDATA[oH51jw9fLuXo9EoZJRgXw2vpu2g4]]></FromUserName>
<CreateTime>1461824354</CreateTime>
<MsgType><![CDATA[event]]></MsgType>
<Event><![CDATA[subscribe]]></Event>
<EventKey><![CDATA[]]></EventKey>
</xml>

2016-04-28 14:19:14 params :
------------
Array:
rule : -2 ;
module :  ;
message : Array ;

2016-04-28 14:19:14 response :
------------

2016-04-28 14:33:31 trace :
------------
String:
<xml><ToUserName><![CDATA[gh_b75bad3e9d82]]></ToUserName>
<FromUserName><![CDATA[oH51jw8ExCXpsL4WiUq5R87kv4jo]]></FromUserName>
<CreateTime>1461825211</CreateTime>
<MsgType><![CDATA[event]]></MsgType>
<Event><![CDATA[subscribe]]></Event>
<EventKey><![CDATA[]]></EventKey>
</xml>

2016-04-28 14:33:31 params :
------------
Array:
rule : -2 ;
module :  ;
message : Array ;

2016-04-28 14:33:31 response :
------------

2016-04-28 14:47:38 trace :
------------
String:
<xml><ToUserName><![CDATA[gh_b75bad3e9d82]]></ToUserName>
<FromUserName><![CDATA[oH51jwynGp-DK8rEkTntUgT1lWgQ]]></FromUserName>
<CreateTime>1461826058</CreateTime>
<MsgType><![CDATA[event]]></MsgType>
<Event><![CDATA[subscribe]]></Event>
<EventKey><![CDATA[]]></EventKey>
</xml>

2016-04-28 14:47:38 params :
------------
Array:
rule : -2 ;
module :  ;
message : Array ;

2016-04-28 14:47:38 response :
------------

2016-04-28 14:48:25 trace :
------------
String:
<xml><ToUserName><![CDATA[gh_b75bad3e9d82]]></ToUserName>
<FromUserName><![CDATA[oH51jw_4mCMwq_kr3O_RLh8S2wXA]]></FromUserName>
<CreateTime>1461826105</CreateTime>
<MsgType><![CDATA[event]]></MsgType>
<Event><![CDATA[subscribe]]></Event>
<EventKey><![CDATA[]]></EventKey>
</xml>

2016-04-28 14:48:25 params :
------------
Array:
rule : -2 ;
module :  ;
message : Array ;

2016-04-28 14:48:25 response :
------------

2016-04-28 14:57:54 trace :
------------
String:
<xml><ToUserName><![CDATA[gh_b75bad3e9d82]]></ToUserName>
<FromUserName><![CDATA[oH51jww3rqEMAdZKWuHILkXmvoTA]]></FromUserName>
<CreateTime>1461826674</CreateTime>
<MsgType><![CDATA[event]]></MsgType>
<Event><![CDATA[subscribe]]></Event>
<EventKey><![CDATA[]]></EventKey>
</xml>

2016-04-28 14:57:54 params :
------------
Array:
rule : -2 ;
module :  ;
message : Array ;

2016-04-28 14:57:54 response :
------------

2016-04-28 15:21:26 trace :
------------
String:
<xml><ToUserName><![CDATA[gh_b75bad3e9d82]]></ToUserName>
<FromUserName><![CDATA[oH51jw4akW_gxbBa0NGa0pV9q_Ko]]></FromUserName>
<CreateTime>1461828086</CreateTime>
<MsgType><![CDATA[event]]></MsgType>
<Event><![CDATA[subscribe]]></Event>
<EventKey><![CDATA[]]></EventKey>
</xml>

2016-04-28 15:21:26 params :
------------
Array:
rule : -2 ;
module :  ;
message : Array ;

2016-04-28 15:21:26 response :
------------

