2016-03-25 13:38:29 trace :
------------
String:
<xml><ToUserName><![CDATA[gh_b75bad3e9d82]]></ToUserName>
<FromUserName><![CDATA[oH51jw3tBAPB2N8H1-lqNRFMI4QQ]]></FromUserName>
<CreateTime>1458884309</CreateTime>
<MsgType><![CDATA[voice]]></MsgType>
<MediaId><![CDATA[02_RJ1yj9kR72i8GQ67jDrJIlLakhImfPfQpj4NtpypGLmQ-uLDwvbcf7u0Lnvhx]]></MediaId>
<Format><![CDATA[amr]]></Format>
<MsgId>6265860396204892308</MsgId>
<Recognition><![CDATA[]]></Recognition>
</xml>

2016-03-25 13:38:29 params :
------------
Array:
rule : -2 ;
module :  ;
message : Array ;

2016-03-25 13:38:29 response :
------------

2016-03-25 13:38:40 trace :
------------
String:
<xml><ToUserName><![CDATA[gh_b75bad3e9d82]]></ToUserName>
<FromUserName><![CDATA[oH51jw3tBAPB2N8H1-lqNRFMI4QQ]]></FromUserName>
<CreateTime>1458884320</CreateTime>
<MsgType><![CDATA[text]]></MsgType>
<Content><![CDATA[服务]]></Content>
<MsgId>6265860443449532570</MsgId>
</xml>

2016-03-25 13:38:40 params :
------------
Array:
message : Array ;
module : custom ;
rule : 11 ;
priority : 0 ;
keyword : Array ;

2016-03-25 13:38:40 response :
------------
Array:
FromUserName : gh_b75bad3e9d82 ;
ToUserName : oH51jw3tBAPB2N8H1-lqNRFMI4QQ ;
MsgType : transfer_customer_service ;

2016-03-25 13:55:36 trace :
------------
String:
<xml><ToUserName><![CDATA[gh_b75bad3e9d82]]></ToUserName>
<FromUserName><![CDATA[oH51jw8ei0qcxUBqwbP2s-hew0wU]]></FromUserName>
<CreateTime>1458885336</CreateTime>
<MsgType><![CDATA[voice]]></MsgType>
<MediaId><![CDATA[DuPNQucU0rkAFdmxoxjBnbVDufRCQ1MyrN1boRVdxtfQzzcIRQQ1IRMROHMz6T0n]]></MediaId>
<Format><![CDATA[amr]]></Format>
<MsgId>6265864807136306074</MsgId>
<Recognition><![CDATA[]]></Recognition>
</xml>

2016-03-25 13:55:36 params :
------------
Array:
rule : -2 ;
module :  ;
message : Array ;

2016-03-25 13:55:36 response :
------------

2016-03-25 14:14:19 trace :
------------
String:
<xml><ToUserName><![CDATA[gh_b75bad3e9d82]]></ToUserName>
<FromUserName><![CDATA[oH51jw8ei0qcxUBqwbP2s-hew0wU]]></FromUserName>
<CreateTime>1458886459</CreateTime>
<MsgType><![CDATA[voice]]></MsgType>
<MediaId><![CDATA[mhPzcD6xIVkhh82ui9DP0GLZAYe3RBRIYuz3Bv-EcDBnwcpkX_v6ventIo3TE_sX]]></MediaId>
<Format><![CDATA[amr]]></Format>
<MsgId>6265869630384580426</MsgId>
<Recognition><![CDATA[]]></Recognition>
</xml>

2016-03-25 14:14:19 params :
------------
Array:
rule : -2 ;
module :  ;
message : Array ;

2016-03-25 14:14:19 response :
------------

2016-03-25 15:55:35 trace :
------------
String:
<xml><ToUserName><![CDATA[gh_b75bad3e9d82]]></ToUserName>
<FromUserName><![CDATA[oH51jwz8DjMTSD9FRwpx3seEKrl8]]></FromUserName>
<CreateTime>1458892535</CreateTime>
<MsgType><![CDATA[event]]></MsgType>
<Event><![CDATA[MASSSENDJOBFINISH]]></Event>
<MsgID>402341680</MsgID>
<Status><![CDATA[send success]]></Status>
<TotalCount>138</TotalCount>
<FilterCount>138</FilterCount>
<SentCount>138</SentCount>
<ErrorCount>0</ErrorCount>
</xml>

2016-03-25 15:55:35 params :
------------
Array:
rule : -2 ;
module :  ;
message : Array ;

2016-03-25 15:55:35 response :
------------

