2016-03-31 15:59:14 trace :
------------
String:
<xml><ToUserName><![CDATA[gh_b75bad3e9d82]]></ToUserName>
<FromUserName><![CDATA[oH51jwz8DjMTSD9FRwpx3seEKrl8]]></FromUserName>
<CreateTime>1459411153</CreateTime>
<MsgType><![CDATA[event]]></MsgType>
<Event><![CDATA[MASSSENDJOBFINISH]]></Event>
<MsgID>402537621</MsgID>
<Status><![CDATA[send success]]></Status>
<TotalCount>151</TotalCount>
<FilterCount>151</FilterCount>
<SentCount>151</SentCount>
<ErrorCount>0</ErrorCount>
</xml>

2016-03-31 15:59:14 params :
------------
Array:
rule : -2 ;
module :  ;
message : Array ;

2016-03-31 15:59:14 response :
------------

