2016-05-11 09:38:05 trace :
------------
String:
<xml><ToUserName><![CDATA[gh_b75bad3e9d82]]></ToUserName>
<FromUserName><![CDATA[oH51jw-SCWmbgJFCliUV_fXGVLos]]></FromUserName>
<CreateTime>1462930685</CreateTime>
<MsgType><![CDATA[event]]></MsgType>
<Event><![CDATA[VIEW]]></Event>
<EventKey><![CDATA[http://mp.weixin.qq.com/s?__biz=MzI3ODA4NTQwNw==&mid=400575959&idx=1&sn=cd9388040793615cae056826bddac700&scene=18#wechat_redirect]]></EventKey>
<MenuId>401838942</MenuId>
</xml>

2016-05-11 09:38:05 params :
------------
Array:
rule : -2 ;
module :  ;
message : Array ;

2016-05-11 09:38:05 response :
------------

2016-05-11 14:55:44 trace :
------------
String:
<xml><ToUserName><![CDATA[gh_b75bad3e9d82]]></ToUserName>
<FromUserName><![CDATA[oH51jw-SCWmbgJFCliUV_fXGVLos]]></FromUserName>
<CreateTime>1462949744</CreateTime>
<MsgType><![CDATA[event]]></MsgType>
<Event><![CDATA[VIEW]]></Event>
<EventKey><![CDATA[http://mp.weixin.qq.com/s?__biz=MzI3ODA4NTQwNw==&mid=400587201&idx=1&sn=26c0cc4aa8356102fd2d63e6c5770d48&scene=18#wechat_redirect]]></EventKey>
<MenuId>401838942</MenuId>
</xml>

2016-05-11 14:55:44 params :
------------
Array:
rule : -2 ;
module :  ;
message : Array ;

2016-05-11 14:55:44 response :
------------

2016-05-11 17:39:30 trace :
------------
String:
<xml><ToUserName><![CDATA[gh_87c9b624047c]]></ToUserName>
<FromUserName><![CDATA[oKap7wYXWPXMZ4kes11qvvcuJmyg]]></FromUserName>
<CreateTime>1462959570</CreateTime>
<MsgType><![CDATA[text]]></MsgType>
<Content><![CDATA[刮刮乐]]></Content>
<MsgId>6283363509023278166</MsgId>
</xml>

2016-05-11 17:39:30 params :
------------
Array:
rule : -2 ;
module :  ;
message : Array ;

2016-05-11 17:39:30 response :
------------

2016-05-11 17:39:38 trace :
------------
String:
<xml><ToUserName><![CDATA[gh_87c9b624047c]]></ToUserName>
<FromUserName><![CDATA[oKap7wYXWPXMZ4kes11qvvcuJmyg]]></FromUserName>
<CreateTime>1462959577</CreateTime>
<MsgType><![CDATA[text]]></MsgType>
<Content><![CDATA[越刮越乐]]></Content>
<MsgId>6283363539088049239</MsgId>
</xml>

2016-05-11 17:39:38 params :
------------
Array:
rule : -2 ;
module :  ;
message : Array ;

2016-05-11 17:39:38 response :
------------

2016-05-11 17:39:48 trace :
------------
String:
<xml><ToUserName><![CDATA[gh_87c9b624047c]]></ToUserName>
<FromUserName><![CDATA[oKap7wYXWPXMZ4kes11qvvcuJmyg]]></FromUserName>
<CreateTime>1462959588</CreateTime>
<MsgType><![CDATA[text]]></MsgType>
<Content><![CDATA[gglo]]></Content>
<MsgId>6283363586332689496</MsgId>
</xml>

2016-05-11 17:39:48 params :
------------
Array:
message : Array ;
module : hx_cards ;
rule : 32 ;
priority : 0 ;
keyword : Array ;

2016-05-11 17:39:48 response :
------------
Array:
FromUserName : gh_87c9b624047c ;
ToUserName : oKap7wYXWPXMZ4kes11qvvcuJmyg ;
MsgType : news ;
ArticleCount : 1 ;
Articles : Array ;

