2016-06-03 05:34:51 trace :
------------
String:
<xml><ToUserName><![CDATA[gh_87c9b624047c]]></ToUserName>
<FromUserName><![CDATA[oKap7wYJTZPuxwx-x5XxLrTY04aI]]></FromUserName>
<CreateTime>1464903291</CreateTime>
<MsgType><![CDATA[event]]></MsgType>
<Event><![CDATA[subscribe]]></Event>
<EventKey><![CDATA[]]></EventKey>
</xml>

2016-06-03 05:34:51 params :
------------
Array:
message : Array ;
module : news ;
rule : 55 ;
priority : 0 ;
keyword : Array ;

2016-06-03 05:34:51 response :
------------
Array:
FromUserName : gh_87c9b624047c ;
ToUserName : oKap7wYJTZPuxwx-x5XxLrTY04aI ;
MsgType : news ;
ArticleCount : 3 ;
Articles : Array ;

2016-06-03 06:35:59 trace :
------------
String:
<xml><ToUserName><![CDATA[gh_87c9b624047c]]></ToUserName>
<FromUserName><![CDATA[oKap7wZZlzkVpOvwbjsweAn260Ic]]></FromUserName>
<CreateTime>1464906959</CreateTime>
<MsgType><![CDATA[event]]></MsgType>
<Event><![CDATA[CLICK]]></Event>
<EventKey><![CDATA[刮刮卡]]></EventKey>
</xml>

2016-06-03 06:35:59 params :
------------
Array:
message : Array ;
module : stonefish_scratch ;
rule : 48 ;
priority : 0 ;
keyword : Array ;

2016-06-03 06:35:59 response :
------------
Array:
FromUserName : gh_87c9b624047c ;
ToUserName : oKap7wZZlzkVpOvwbjsweAn260Ic ;
MsgType : news ;
ArticleCount : 1 ;
Articles : Array ;

2016-06-03 06:37:31 trace :
------------
String:
<xml><ToUserName><![CDATA[gh_87c9b624047c]]></ToUserName>
<FromUserName><![CDATA[oKap7wZZlzkVpOvwbjsweAn260Ic]]></FromUserName>
<CreateTime>1464907051</CreateTime>
<MsgType><![CDATA[event]]></MsgType>
<Event><![CDATA[CLICK]]></Event>
<EventKey><![CDATA[大转盘]]></EventKey>
</xml>

2016-06-03 06:37:31 params :
------------
Array:
message : Array ;
module : wdl_bigwheel ;
rule : 50 ;
priority : 0 ;
keyword : Array ;

2016-06-03 06:37:31 response :
------------
Array:
FromUserName : gh_87c9b624047c ;
ToUserName : oKap7wZZlzkVpOvwbjsweAn260Ic ;
MsgType : news ;
ArticleCount : 1 ;
Articles : Array ;

2016-06-03 06:38:14 trace :
------------
String:
<xml><ToUserName><![CDATA[gh_87c9b624047c]]></ToUserName>
<FromUserName><![CDATA[oKap7wZZlzkVpOvwbjsweAn260Ic]]></FromUserName>
<CreateTime>1464907093</CreateTime>
<MsgType><![CDATA[event]]></MsgType>
<Event><![CDATA[CLICK]]></Event>
<EventKey><![CDATA[每天摇一摇]]></EventKey>
</xml>

2016-06-03 06:38:14 params :
------------
Array:
message : Array ;
module : mon_qmshake ;
rule : 54 ;
priority : 0 ;
keyword : Array ;

2016-06-03 06:38:14 response :
------------
Array:
FromUserName : gh_87c9b624047c ;
ToUserName : oKap7wZZlzkVpOvwbjsweAn260Ic ;
MsgType : news ;
ArticleCount : 1 ;
Articles : Array ;

2016-06-03 06:40:07 trace :
------------
String:
<xml><ToUserName><![CDATA[gh_87c9b624047c]]></ToUserName>
<FromUserName><![CDATA[oKap7wZZlzkVpOvwbjsweAn260Ic]]></FromUserName>
<CreateTime>1464907207</CreateTime>
<MsgType><![CDATA[event]]></MsgType>
<Event><![CDATA[VIEW]]></Event>
<EventKey><![CDATA[http://show.artels.cn/v-U70510PXM38WA3X5?eqrcode=1]]></EventKey>
<MenuId>503253745</MenuId>
</xml>

2016-06-03 06:40:07 params :
------------
Array:
rule : -2 ;
module :  ;
message : Array ;

2016-06-03 06:40:07 response :
------------

2016-06-03 06:41:12 trace :
------------
String:
<xml><ToUserName><![CDATA[gh_87c9b624047c]]></ToUserName>
<FromUserName><![CDATA[oKap7wZZlzkVpOvwbjsweAn260Ic]]></FromUserName>
<CreateTime>1464907272</CreateTime>
<MsgType><![CDATA[event]]></MsgType>
<Event><![CDATA[CLICK]]></Event>
<EventKey><![CDATA[每天摇一摇]]></EventKey>
</xml>

2016-06-03 06:41:12 params :
------------
Array:
message : Array ;
module : mon_qmshake ;
rule : 54 ;
priority : 0 ;
keyword : Array ;

2016-06-03 06:41:12 response :
------------
Array:
FromUserName : gh_87c9b624047c ;
ToUserName : oKap7wZZlzkVpOvwbjsweAn260Ic ;
MsgType : news ;
ArticleCount : 1 ;
Articles : Array ;

2016-06-03 06:41:35 trace :
------------
String:
<xml><ToUserName><![CDATA[gh_87c9b624047c]]></ToUserName>
<FromUserName><![CDATA[oKap7wZZlzkVpOvwbjsweAn260Ic]]></FromUserName>
<CreateTime>1464907294</CreateTime>
<MsgType><![CDATA[event]]></MsgType>
<Event><![CDATA[VIEW]]></Event>
<EventKey><![CDATA[http://appsnap.weixinprint.com/vins/netPrintCloud1?publicUserId=86116&type=1]]></EventKey>
<MenuId>503253745</MenuId>
</xml>

2016-06-03 06:41:35 params :
------------
Array:
rule : -2 ;
module :  ;
message : Array ;

2016-06-03 06:41:35 response :
------------

2016-06-03 06:41:51 trace :
------------
String:
<xml><ToUserName><![CDATA[gh_87c9b624047c]]></ToUserName>
<FromUserName><![CDATA[oKap7wZZlzkVpOvwbjsweAn260Ic]]></FromUserName>
<CreateTime>1464907311</CreateTime>
<MsgType><![CDATA[event]]></MsgType>
<Event><![CDATA[CLICK]]></Event>
<EventKey><![CDATA[刮刮卡]]></EventKey>
</xml>

2016-06-03 06:41:51 params :
------------
Array:
message : Array ;
module : stonefish_scratch ;
rule : 48 ;
priority : 0 ;
keyword : Array ;

2016-06-03 06:41:51 response :
------------
Array:
FromUserName : gh_87c9b624047c ;
ToUserName : oKap7wZZlzkVpOvwbjsweAn260Ic ;
MsgType : news ;
ArticleCount : 1 ;
Articles : Array ;

2016-06-03 08:07:11 trace :
------------
String:
<xml><ToUserName><![CDATA[gh_87c9b624047c]]></ToUserName>
<FromUserName><![CDATA[oKap7wSKJ2SpTSqH2pjJf4UuhO0s]]></FromUserName>
<CreateTime>1464912431</CreateTime>
<MsgType><![CDATA[text]]></MsgType>
<Content><![CDATA[H2O酒店微营销-享慧科技 www.sharewisdoms.com]]></Content>
<MsgId>6291750983152150491</MsgId>
</xml>

2016-06-03 08:07:11 params :
------------
Array:
rule : -2 ;
module :  ;
message : Array ;

2016-06-03 08:07:11 response :
------------

2016-06-03 08:48:31 trace :
------------
String:
<xml><ToUserName><![CDATA[gh_87c9b624047c]]></ToUserName>
<FromUserName><![CDATA[oKap7wXg5tkqawycxSLFaKVm-D8c]]></FromUserName>
<CreateTime>1464914911</CreateTime>
<MsgType><![CDATA[event]]></MsgType>
<Event><![CDATA[VIEW]]></Event>
<EventKey><![CDATA[http://show.artels.cn/v-U70510PXM38WA3X5?eqrcode=1]]></EventKey>
<MenuId>503253745</MenuId>
</xml>

2016-06-03 08:48:31 params :
------------
Array:
rule : -2 ;
module :  ;
message : Array ;

2016-06-03 08:48:31 response :
------------

2016-06-03 10:17:38 trace :
------------
String:
<xml><ToUserName><![CDATA[gh_b75bad3e9d82]]></ToUserName>
<FromUserName><![CDATA[oH51jw-SCWmbgJFCliUV_fXGVLos]]></FromUserName>
<CreateTime>1464920258</CreateTime>
<MsgType><![CDATA[event]]></MsgType>
<Event><![CDATA[VIEW]]></Event>
<EventKey><![CDATA[http://mp.weixin.qq.com/s?__biz=MzI3ODA4NTQwNw==&mid=400575959&idx=1&sn=cd9388040793615cae056826bddac700&scene=18#wechat_redirect]]></EventKey>
<MenuId>401838942</MenuId>
</xml>

2016-06-03 10:17:38 params :
------------
Array:
rule : -2 ;
module :  ;
message : Array ;

2016-06-03 10:17:38 response :
------------

2016-06-03 10:18:23 trace :
------------
String:
<xml><ToUserName><![CDATA[gh_b75bad3e9d82]]></ToUserName>
<FromUserName><![CDATA[oH51jw-SCWmbgJFCliUV_fXGVLos]]></FromUserName>
<CreateTime>1464920303</CreateTime>
<MsgType><![CDATA[event]]></MsgType>
<Event><![CDATA[VIEW]]></Event>
<EventKey><![CDATA[http://mp.weixin.qq.com/s?__biz=MzI3ODA4NTQwNw==&mid=400624196&idx=1&sn=03ee2c92bbbbd1b1786eda450ae022ff&scene=18#wechat_redirect]]></EventKey>
<MenuId>401838942</MenuId>
</xml>

2016-06-03 10:18:23 params :
------------
Array:
rule : -2 ;
module :  ;
message : Array ;

2016-06-03 10:18:23 response :
------------

2016-06-03 10:18:35 trace :
------------
String:
<xml><ToUserName><![CDATA[gh_b75bad3e9d82]]></ToUserName>
<FromUserName><![CDATA[oH51jw-SCWmbgJFCliUV_fXGVLos]]></FromUserName>
<CreateTime>1464920314</CreateTime>
<MsgType><![CDATA[event]]></MsgType>
<Event><![CDATA[VIEW]]></Event>
<EventKey><![CDATA[http://mp.weixin.qq.com/s?__biz=MzI3ODA4NTQwNw==&mid=400587201&idx=1&sn=26c0cc4aa8356102fd2d63e6c5770d48&scene=18#wechat_redirect]]></EventKey>
<MenuId>401838942</MenuId>
</xml>

2016-06-03 10:18:35 params :
------------
Array:
rule : -2 ;
module :  ;
message : Array ;

2016-06-03 10:18:35 response :
------------

2016-06-03 10:21:28 trace :
------------
String:
<xml><ToUserName><![CDATA[gh_b75bad3e9d82]]></ToUserName>
<FromUserName><![CDATA[oH51jw-SCWmbgJFCliUV_fXGVLos]]></FromUserName>
<CreateTime>1464920488</CreateTime>
<MsgType><![CDATA[event]]></MsgType>
<Event><![CDATA[VIEW]]></Event>
<EventKey><![CDATA[http://mp.weixin.qq.com/s?__biz=MzI3ODA4NTQwNw==&mid=400587201&idx=1&sn=26c0cc4aa8356102fd2d63e6c5770d48&scene=18#wechat_redirect]]></EventKey>
<MenuId>401838942</MenuId>
</xml>

2016-06-03 10:21:28 params :
------------
Array:
rule : -2 ;
module :  ;
message : Array ;

2016-06-03 10:21:28 response :
------------

2016-06-03 10:26:21 trace :
------------
String:
<xml><ToUserName><![CDATA[gh_87c9b624047c]]></ToUserName>
<FromUserName><![CDATA[oKap7wVaGd37mSQeRTXBIlqRtZGk]]></FromUserName>
<CreateTime>1464920781</CreateTime>
<MsgType><![CDATA[event]]></MsgType>
<Event><![CDATA[unsubscribe]]></Event>
<EventKey><![CDATA[]]></EventKey>
</xml>

2016-06-03 11:16:56 trace :
------------
String:
<xml><ToUserName><![CDATA[gh_87c9b624047c]]></ToUserName>
<FromUserName><![CDATA[oKap7wYCjy4pCeBV_iuDPoJdsENM]]></FromUserName>
<CreateTime>1464923815</CreateTime>
<MsgType><![CDATA[event]]></MsgType>
<Event><![CDATA[CLICK]]></Event>
<EventKey><![CDATA[刮刮卡]]></EventKey>
</xml>

2016-06-03 11:16:56 params :
------------
Array:
message : Array ;
module : stonefish_scratch ;
rule : 48 ;
priority : 0 ;
keyword : Array ;

2016-06-03 11:16:56 response :
------------
Array:
FromUserName : gh_87c9b624047c ;
ToUserName : oKap7wYCjy4pCeBV_iuDPoJdsENM ;
MsgType : news ;
ArticleCount : 1 ;
Articles : Array ;

2016-06-03 13:58:05 trace :
------------
String:
<xml><ToUserName><![CDATA[gh_87c9b624047c]]></ToUserName>
<FromUserName><![CDATA[oKap7wXjrPWBLrRLDu5tdoLT9-3M]]></FromUserName>
<CreateTime>1464933485</CreateTime>
<MsgType><![CDATA[event]]></MsgType>
<Event><![CDATA[subscribe]]></Event>
<EventKey><![CDATA[]]></EventKey>
</xml>

2016-06-03 13:58:05 params :
------------
Array:
message : Array ;
module : news ;
rule : 55 ;
priority : 0 ;
keyword : Array ;

2016-06-03 13:58:05 response :
------------
Array:
FromUserName : gh_87c9b624047c ;
ToUserName : oKap7wXjrPWBLrRLDu5tdoLT9-3M ;
MsgType : news ;
ArticleCount : 3 ;
Articles : Array ;

2016-06-03 13:58:25 trace :
------------
String:
<xml><ToUserName><![CDATA[gh_87c9b624047c]]></ToUserName>
<FromUserName><![CDATA[oKap7wXjrPWBLrRLDu5tdoLT9-3M]]></FromUserName>
<CreateTime>1464933505</CreateTime>
<MsgType><![CDATA[event]]></MsgType>
<Event><![CDATA[SCAN]]></Event>
<EventKey><![CDATA[100002]]></EventKey>
<Ticket><![CDATA[gQGg8DoAAAAAAAAAASxodHRwOi8vd2VpeGluLnFxLmNvbS9xL3NUb3BOODdsUi13X3FOWTJxQlR0AAIEM4o8VwMEAI0nAA==]]></Ticket>
</xml>

2016-06-03 13:58:25 params :
------------
Array:
message : Array ;
module : wdl_bigwheel ;
rule : 50 ;
priority : 0 ;
keyword : Array ;

2016-06-03 13:58:25 response :
------------
Array:
FromUserName : gh_87c9b624047c ;
ToUserName : oKap7wXjrPWBLrRLDu5tdoLT9-3M ;
MsgType : news ;
ArticleCount : 1 ;
Articles : Array ;

2016-06-03 13:59:40 trace :
------------
String:
<xml><ToUserName><![CDATA[gh_87c9b624047c]]></ToUserName>
<FromUserName><![CDATA[oKap7wXjrPWBLrRLDu5tdoLT9-3M]]></FromUserName>
<CreateTime>1464933579</CreateTime>
<MsgType><![CDATA[event]]></MsgType>
<Event><![CDATA[SCAN]]></Event>
<EventKey><![CDATA[100001]]></EventKey>
<Ticket><![CDATA[gQGd8DoAAAAAAAAAASxodHRwOi8vd2VpeGluLnFxLmNvbS9xL3BqcGVENnJsTXZ4TDQ4RU0zeFR0AAIEIog8VwMEAI0nAA==]]></Ticket>
</xml>

2016-06-03 13:59:40 params :
------------
Array:
message : Array ;
module : mon_qmshake ;
rule : 54 ;
priority : 0 ;
keyword : Array ;

2016-06-03 13:59:40 response :
------------
Array:
FromUserName : gh_87c9b624047c ;
ToUserName : oKap7wXjrPWBLrRLDu5tdoLT9-3M ;
MsgType : news ;
ArticleCount : 1 ;
Articles : Array ;

2016-06-03 14:07:01 trace :
------------
String:
<xml><ToUserName><![CDATA[gh_87c9b624047c]]></ToUserName>
<FromUserName><![CDATA[oKap7wXjrPWBLrRLDu5tdoLT9-3M]]></FromUserName>
<CreateTime>1464934021</CreateTime>
<MsgType><![CDATA[event]]></MsgType>
<Event><![CDATA[unsubscribe]]></Event>
<EventKey><![CDATA[]]></EventKey>
</xml>

2016-06-03 14:14:08 trace :
------------
String:
<xml><ToUserName><![CDATA[gh_87c9b624047c]]></ToUserName>
<FromUserName><![CDATA[oKap7wUze0CfqoMJHSW9r2Z48Pmg]]></FromUserName>
<CreateTime>1464934448</CreateTime>
<MsgType><![CDATA[event]]></MsgType>
<Event><![CDATA[VIEW]]></Event>
<EventKey><![CDATA[http://appsnap.weixinprint.com/vins/netPrintCloud1?publicUserId=86116&type=1]]></EventKey>
<MenuId>503253745</MenuId>
</xml>

2016-06-03 14:14:08 params :
------------
Array:
rule : -2 ;
module :  ;
message : Array ;

2016-06-03 14:14:08 response :
------------

2016-06-03 14:17:41 trace :
------------
String:
<xml><ToUserName><![CDATA[gh_87c9b624047c]]></ToUserName>
<FromUserName><![CDATA[oKap7wYaZEMkPlxzidzgWPj_6CeM]]></FromUserName>
<CreateTime>1464934661</CreateTime>
<MsgType><![CDATA[event]]></MsgType>
<Event><![CDATA[VIEW]]></Event>
<EventKey><![CDATA[http://show.artels.cn/v-U70510PXM38WA3X5?eqrcode=1]]></EventKey>
<MenuId>503253745</MenuId>
</xml>

2016-06-03 14:17:41 params :
------------
Array:
rule : -2 ;
module :  ;
message : Array ;

2016-06-03 14:17:41 response :
------------

2016-06-03 14:20:19 trace :
------------
String:
<xml><ToUserName><![CDATA[gh_87c9b624047c]]></ToUserName>
<FromUserName><![CDATA[oKap7wYaZEMkPlxzidzgWPj_6CeM]]></FromUserName>
<CreateTime>1464934819</CreateTime>
<MsgType><![CDATA[event]]></MsgType>
<Event><![CDATA[VIEW]]></Event>
<EventKey><![CDATA[http://appsnap.weixinprint.com/vins/netPrintCloud1?publicUserId=86116&type=1]]></EventKey>
<MenuId>503253745</MenuId>
</xml>

2016-06-03 14:20:19 params :
------------
Array:
rule : -2 ;
module :  ;
message : Array ;

2016-06-03 14:20:19 response :
------------

2016-06-03 14:20:49 trace :
------------
String:
<xml><ToUserName><![CDATA[gh_87c9b624047c]]></ToUserName>
<FromUserName><![CDATA[oKap7wYaZEMkPlxzidzgWPj_6CeM]]></FromUserName>
<CreateTime>1464934849</CreateTime>
<MsgType><![CDATA[event]]></MsgType>
<Event><![CDATA[CLICK]]></Event>
<EventKey><![CDATA[每天摇一摇]]></EventKey>
</xml>

2016-06-03 14:20:49 params :
------------
Array:
message : Array ;
module : mon_qmshake ;
rule : 54 ;
priority : 0 ;
keyword : Array ;

2016-06-03 14:20:49 response :
------------
Array:
FromUserName : gh_87c9b624047c ;
ToUserName : oKap7wYaZEMkPlxzidzgWPj_6CeM ;
MsgType : news ;
ArticleCount : 1 ;
Articles : Array ;

2016-06-03 14:22:02 trace :
------------
String:
<xml><ToUserName><![CDATA[gh_87c9b624047c]]></ToUserName>
<FromUserName><![CDATA[oKap7wYaZEMkPlxzidzgWPj_6CeM]]></FromUserName>
<CreateTime>1464934922</CreateTime>
<MsgType><![CDATA[event]]></MsgType>
<Event><![CDATA[CLICK]]></Event>
<EventKey><![CDATA[刮刮卡]]></EventKey>
</xml>

2016-06-03 14:22:02 params :
------------
Array:
message : Array ;
module : stonefish_scratch ;
rule : 48 ;
priority : 0 ;
keyword : Array ;

2016-06-03 14:22:02 response :
------------
Array:
FromUserName : gh_87c9b624047c ;
ToUserName : oKap7wYaZEMkPlxzidzgWPj_6CeM ;
MsgType : news ;
ArticleCount : 1 ;
Articles : Array ;

2016-06-03 14:22:08 trace :
------------
String:
<xml><ToUserName><![CDATA[gh_87c9b624047c]]></ToUserName>
<FromUserName><![CDATA[oKap7wYaZEMkPlxzidzgWPj_6CeM]]></FromUserName>
<CreateTime>1464934928</CreateTime>
<MsgType><![CDATA[event]]></MsgType>
<Event><![CDATA[CLICK]]></Event>
<EventKey><![CDATA[大转盘]]></EventKey>
</xml>

2016-06-03 14:22:08 params :
------------
Array:
message : Array ;
module : wdl_bigwheel ;
rule : 50 ;
priority : 0 ;
keyword : Array ;

2016-06-03 14:22:08 response :
------------
Array:
FromUserName : gh_87c9b624047c ;
ToUserName : oKap7wYaZEMkPlxzidzgWPj_6CeM ;
MsgType : news ;
ArticleCount : 1 ;
Articles : Array ;

2016-06-03 17:03:05 trace :
------------
String:
<xml><ToUserName><![CDATA[gh_87c9b624047c]]></ToUserName>
<FromUserName><![CDATA[oKap7we_SkXsm5cYr4oj5ox_XjK0]]></FromUserName>
<CreateTime>1464944585</CreateTime>
<MsgType><![CDATA[event]]></MsgType>
<Event><![CDATA[subscribe]]></Event>
<EventKey><![CDATA[]]></EventKey>
</xml>

2016-06-03 17:03:05 params :
------------
Array:
message : Array ;
module : news ;
rule : 55 ;
priority : 0 ;
keyword : Array ;

2016-06-03 17:03:05 response :
------------
Array:
FromUserName : gh_87c9b624047c ;
ToUserName : oKap7we_SkXsm5cYr4oj5ox_XjK0 ;
MsgType : news ;
ArticleCount : 3 ;
Articles : Array ;

2016-06-03 20:57:34 trace :
------------
String:
<xml><ToUserName><![CDATA[gh_87c9b624047c]]></ToUserName>
<FromUserName><![CDATA[oKap7wQLcNbwJFMwXq_TAeREYTjk]]></FromUserName>
<CreateTime>1464958654</CreateTime>
<MsgType><![CDATA[event]]></MsgType>
<Event><![CDATA[subscribe]]></Event>
<EventKey><![CDATA[]]></EventKey>
</xml>

2016-06-03 20:57:34 params :
------------
Array:
message : Array ;
module : news ;
rule : 55 ;
priority : 0 ;
keyword : Array ;

2016-06-03 20:57:34 response :
------------
Array:
FromUserName : gh_87c9b624047c ;
ToUserName : oKap7wQLcNbwJFMwXq_TAeREYTjk ;
MsgType : news ;
ArticleCount : 3 ;
Articles : Array ;

2016-06-03 20:57:44 trace :
------------
String:
<xml><ToUserName><![CDATA[gh_87c9b624047c]]></ToUserName>
<FromUserName><![CDATA[oKap7wQLcNbwJFMwXq_TAeREYTjk]]></FromUserName>
<CreateTime>1464958664</CreateTime>
<MsgType><![CDATA[event]]></MsgType>
<Event><![CDATA[VIEW]]></Event>
<EventKey><![CDATA[http://show.artels.cn/v-U70510PXM38WA3X5?eqrcode=1]]></EventKey>
<MenuId>503253745</MenuId>
</xml>

2016-06-03 20:57:44 params :
------------
Array:
rule : -2 ;
module :  ;
message : Array ;

2016-06-03 20:57:44 response :
------------

