2016-06-24 09:54:09 trace :
------------
String:
<xml><ToUserName><![CDATA[gh_b75bad3e9d82]]></ToUserName>
<FromUserName><![CDATA[oH51jw2f33vZXr4l1ZaXzQR0wov8]]></FromUserName>
<CreateTime>1466733249</CreateTime>
<MsgType><![CDATA[event]]></MsgType>
<Event><![CDATA[unsubscribe]]></Event>
<EventKey><![CDATA[]]></EventKey>
</xml>

2016-06-24 11:19:10 trace :
------------
String:
<xml><ToUserName><![CDATA[gh_87c9b624047c]]></ToUserName>
<FromUserName><![CDATA[oKap7wXKZzpysW2llmnjtL9l2aWQ]]></FromUserName>
<CreateTime>1466738350</CreateTime>
<MsgType><![CDATA[event]]></MsgType>
<Event><![CDATA[VIEW]]></Event>
<EventKey><![CDATA[http://show.artels.cn/v-U70510PXM38WA3X5?eqrcode=1]]></EventKey>
<MenuId>503253745</MenuId>
</xml>

2016-06-24 11:19:10 params :
------------
Array:
rule : -2 ;
module :  ;
message : Array ;

2016-06-24 11:19:10 response :
------------

2016-06-24 13:53:57 trace :
------------
String:
<xml><ToUserName><![CDATA[gh_87c9b624047c]]></ToUserName>
<FromUserName><![CDATA[oKap7wTVUSlz9cTkWmc78pvUU17M]]></FromUserName>
<CreateTime>1466747637</CreateTime>
<MsgType><![CDATA[event]]></MsgType>
<Event><![CDATA[subscribe]]></Event>
<EventKey><![CDATA[]]></EventKey>
</xml>

2016-06-24 13:53:57 params :
------------
Array:
message : Array ;
module : news ;
rule : 55 ;
priority : 0 ;
keyword : Array ;

2016-06-24 13:53:57 response :
------------
Array:
FromUserName : gh_87c9b624047c ;
ToUserName : oKap7wTVUSlz9cTkWmc78pvUU17M ;
MsgType : news ;
ArticleCount : 3 ;
Articles : Array ;

2016-06-24 17:57:41 trace :
------------
String:
<xml><ToUserName><![CDATA[gh_87c9b624047c]]></ToUserName>
<FromUserName><![CDATA[oKap7wfoaEuXfP4hGlzenOQysC0g]]></FromUserName>
<CreateTime>1466762260</CreateTime>
<MsgType><![CDATA[event]]></MsgType>
<Event><![CDATA[subscribe]]></Event>
<EventKey><![CDATA[]]></EventKey>
</xml>

2016-06-24 17:57:41 params :
------------
Array:
message : Array ;
module : news ;
rule : 55 ;
priority : 0 ;
keyword : Array ;

2016-06-24 17:57:41 response :
------------
Array:
FromUserName : gh_87c9b624047c ;
ToUserName : oKap7wfoaEuXfP4hGlzenOQysC0g ;
MsgType : news ;
ArticleCount : 3 ;
Articles : Array ;

