2016-06-08 13:05:33 trace :
------------
String:
<xml><ToUserName><![CDATA[gh_b75bad3e9d82]]></ToUserName>
<FromUserName><![CDATA[oH51jwz8DjMTSD9FRwpx3seEKrl8]]></FromUserName>
<CreateTime>1465362333</CreateTime>
<MsgType><![CDATA[event]]></MsgType>
<Event><![CDATA[MASSSENDJOBFINISH]]></Event>
<MsgID>413607517</MsgID>
<Status><![CDATA[send success]]></Status>
<TotalCount>177</TotalCount>
<FilterCount>177</FilterCount>
<SentCount>177</SentCount>
<ErrorCount>0</ErrorCount>
</xml>

2016-06-08 13:05:33 params :
------------
Array:
rule : -2 ;
module :  ;
message : Array ;

2016-06-08 13:05:33 response :
------------

2016-06-08 14:17:22 trace :
------------
String:
<xml><ToUserName><![CDATA[gh_b75bad3e9d82]]></ToUserName>
<FromUserName><![CDATA[oH51jwyfc3UZuoMWOlhkGvLmOpEA]]></FromUserName>
<CreateTime>1465366642</CreateTime>
<MsgType><![CDATA[event]]></MsgType>
<Event><![CDATA[subscribe]]></Event>
<EventKey><![CDATA[]]></EventKey>
</xml>

2016-06-08 14:17:22 params :
------------
Array:
rule : -2 ;
module :  ;
message : Array ;

2016-06-08 14:17:22 response :
------------

2016-06-08 14:47:54 trace :
------------
String:
<xml><ToUserName><![CDATA[gh_b75bad3e9d82]]></ToUserName>
<FromUserName><![CDATA[oH51jw0GB7tCPKyFLFpLXt2ztdyw]]></FromUserName>
<CreateTime>1465368474</CreateTime>
<MsgType><![CDATA[event]]></MsgType>
<Event><![CDATA[VIEW]]></Event>
<EventKey><![CDATA[http://mp.weixin.qq.com/s?__biz=MzI3ODA4NTQwNw==&mid=401613448&idx=1&sn=cdbdb063d366e8fb6f07ed693c4fad58&scene=18#wechat_redirect]]></EventKey>
<MenuId>401838942</MenuId>
</xml>

2016-06-08 14:47:54 params :
------------
Array:
rule : -2 ;
module :  ;
message : Array ;

2016-06-08 14:47:54 response :
------------

2016-06-08 14:48:35 trace :
------------
String:
<xml><ToUserName><![CDATA[gh_b75bad3e9d82]]></ToUserName>
<FromUserName><![CDATA[oH51jw0GB7tCPKyFLFpLXt2ztdyw]]></FromUserName>
<CreateTime>1465368515</CreateTime>
<MsgType><![CDATA[event]]></MsgType>
<Event><![CDATA[VIEW]]></Event>
<EventKey><![CDATA[http://mp.weixin.qq.com/s?__biz=MzI3ODA4NTQwNw==&mid=401461109&idx=2&sn=f945c784441c753111a0560d8748c346&scene=18#wechat_redirect]]></EventKey>
<MenuId>401838942</MenuId>
</xml>

2016-06-08 14:48:35 params :
------------
Array:
rule : -2 ;
module :  ;
message : Array ;

2016-06-08 14:48:35 response :
------------

2016-06-08 14:52:55 trace :
------------
String:
<xml><ToUserName><![CDATA[gh_b75bad3e9d82]]></ToUserName>
<FromUserName><![CDATA[oH51jw0GB7tCPKyFLFpLXt2ztdyw]]></FromUserName>
<CreateTime>1465368775</CreateTime>
<MsgType><![CDATA[event]]></MsgType>
<Event><![CDATA[VIEW]]></Event>
<EventKey><![CDATA[http://mp.weixin.qq.com/s?__biz=MzI3ODA4NTQwNw==&mid=401524251&idx=3&sn=dce25294148407f9c7a6d92f8ac6e545&scene=18#wechat_redirect]]></EventKey>
<MenuId>401838942</MenuId>
</xml>

2016-06-08 14:52:55 params :
------------
Array:
rule : -2 ;
module :  ;
message : Array ;

2016-06-08 14:52:55 response :
------------

2016-06-08 16:58:53 trace :
------------
String:
<xml><ToUserName><![CDATA[gh_b75bad3e9d82]]></ToUserName>
<FromUserName><![CDATA[oH51jw-SCWmbgJFCliUV_fXGVLos]]></FromUserName>
<CreateTime>1465376333</CreateTime>
<MsgType><![CDATA[event]]></MsgType>
<Event><![CDATA[VIEW]]></Event>
<EventKey><![CDATA[http://mp.weixin.qq.com/s?__biz=MzI3ODA4NTQwNw==&mid=400624196&idx=1&sn=03ee2c92bbbbd1b1786eda450ae022ff&scene=18#wechat_redirect]]></EventKey>
<MenuId>401838942</MenuId>
</xml>

2016-06-08 16:58:53 params :
------------
Array:
rule : -2 ;
module :  ;
message : Array ;

2016-06-08 16:58:53 response :
------------

2016-06-08 17:04:17 trace :
------------
String:
<xml><ToUserName><![CDATA[gh_b75bad3e9d82]]></ToUserName>
<FromUserName><![CDATA[oH51jw-SCWmbgJFCliUV_fXGVLos]]></FromUserName>
<CreateTime>1465376657</CreateTime>
<MsgType><![CDATA[event]]></MsgType>
<Event><![CDATA[VIEW]]></Event>
<EventKey><![CDATA[http://mp.weixin.qq.com/s?__biz=MzI3ODA4NTQwNw==&mid=400587201&idx=1&sn=26c0cc4aa8356102fd2d63e6c5770d48&scene=18#wechat_redirect]]></EventKey>
<MenuId>401838942</MenuId>
</xml>

2016-06-08 17:04:17 params :
------------
Array:
rule : -2 ;
module :  ;
message : Array ;

2016-06-08 17:04:17 response :
------------

2016-06-08 17:04:20 trace :
------------
String:
<xml><ToUserName><![CDATA[gh_b75bad3e9d82]]></ToUserName>
<FromUserName><![CDATA[oH51jw-SCWmbgJFCliUV_fXGVLos]]></FromUserName>
<CreateTime>1465376660</CreateTime>
<MsgType><![CDATA[event]]></MsgType>
<Event><![CDATA[VIEW]]></Event>
<EventKey><![CDATA[http://mp.weixin.qq.com/s?__biz=MzI3ODA4NTQwNw==&mid=400624196&idx=1&sn=03ee2c92bbbbd1b1786eda450ae022ff&scene=18#wechat_redirect]]></EventKey>
<MenuId>401838942</MenuId>
</xml>

2016-06-08 17:04:20 params :
------------
Array:
rule : -2 ;
module :  ;
message : Array ;

2016-06-08 17:04:20 response :
------------

2016-06-08 17:04:23 trace :
------------
String:
<xml><ToUserName><![CDATA[gh_b75bad3e9d82]]></ToUserName>
<FromUserName><![CDATA[oH51jw-SCWmbgJFCliUV_fXGVLos]]></FromUserName>
<CreateTime>1465376663</CreateTime>
<MsgType><![CDATA[event]]></MsgType>
<Event><![CDATA[VIEW]]></Event>
<EventKey><![CDATA[http://mp.weixin.qq.com/s?__biz=MzI3ODA4NTQwNw==&mid=400575959&idx=1&sn=cd9388040793615cae056826bddac700&scene=18#wechat_redirect]]></EventKey>
<MenuId>401838942</MenuId>
</xml>

2016-06-08 17:04:23 params :
------------
Array:
rule : -2 ;
module :  ;
message : Array ;

2016-06-08 17:04:23 response :
------------

2016-06-08 22:25:11 trace :
------------
String:
<xml><ToUserName><![CDATA[gh_b75bad3e9d82]]></ToUserName>
<FromUserName><![CDATA[oH51jw6Ayyf3W_V1MJQNC8cgBl5w]]></FromUserName>
<CreateTime>1465395911</CreateTime>
<MsgType><![CDATA[event]]></MsgType>
<Event><![CDATA[unsubscribe]]></Event>
<EventKey><![CDATA[]]></EventKey>
</xml>

