2016-05-25 09:12:18 trace :
------------
String:
<xml><ToUserName><![CDATA[gh_87c9b624047c]]></ToUserName>
<FromUserName><![CDATA[oKap7wYXWPXMZ4kes11qvvcuJmyg]]></FromUserName>
<CreateTime>1464138738</CreateTime>
<MsgType><![CDATA[event]]></MsgType>
<Event><![CDATA[CLICK]]></Event>
<EventKey><![CDATA[每天摇一摇]]></EventKey>
</xml>

2016-05-25 09:12:18 params :
------------
Array:
message : Array ;
module : mon_qmshake ;
rule : 54 ;
priority : 0 ;
keyword : Array ;

2016-05-25 09:12:18 response :
------------
Array:
FromUserName : gh_87c9b624047c ;
ToUserName : oKap7wYXWPXMZ4kes11qvvcuJmyg ;
MsgType : news ;
ArticleCount : 1 ;
Articles : Array ;

2016-05-25 09:12:42 trace :
------------
String:
<xml><ToUserName><![CDATA[gh_87c9b624047c]]></ToUserName>
<FromUserName><![CDATA[oKap7wYXWPXMZ4kes11qvvcuJmyg]]></FromUserName>
<CreateTime>1464138762</CreateTime>
<MsgType><![CDATA[event]]></MsgType>
<Event><![CDATA[CLICK]]></Event>
<EventKey><![CDATA[每天摇一摇]]></EventKey>
</xml>

2016-05-25 09:12:42 params :
------------
Array:
message : Array ;
module : mon_qmshake ;
rule : 54 ;
priority : 0 ;
keyword : Array ;

2016-05-25 09:12:42 response :
------------
Array:
FromUserName : gh_87c9b624047c ;
ToUserName : oKap7wYXWPXMZ4kes11qvvcuJmyg ;
MsgType : news ;
ArticleCount : 1 ;
Articles : Array ;

2016-05-25 09:13:41 trace :
------------
String:
<xml><ToUserName><![CDATA[gh_87c9b624047c]]></ToUserName>
<FromUserName><![CDATA[oKap7wYXWPXMZ4kes11qvvcuJmyg]]></FromUserName>
<CreateTime>1464138821</CreateTime>
<MsgType><![CDATA[event]]></MsgType>
<Event><![CDATA[CLICK]]></Event>
<EventKey><![CDATA[大转盘]]></EventKey>
</xml>

2016-05-25 09:13:41 params :
------------
Array:
message : Array ;
module : wdl_bigwheel ;
rule : 50 ;
priority : 0 ;
keyword : Array ;

2016-05-25 09:13:41 response :
------------
Array:
FromUserName : gh_87c9b624047c ;
ToUserName : oKap7wYXWPXMZ4kes11qvvcuJmyg ;
MsgType : news ;
ArticleCount : 1 ;
Articles : Array ;

2016-05-25 11:44:38 trace :
------------
String:
<xml><ToUserName><![CDATA[gh_87c9b624047c]]></ToUserName>
<FromUserName><![CDATA[oKap7we-b6_ZThI_ToOGQoQe9KI0]]></FromUserName>
<CreateTime>1464147877</CreateTime>
<MsgType><![CDATA[event]]></MsgType>
<Event><![CDATA[subscribe]]></Event>
<EventKey><![CDATA[]]></EventKey>
</xml>

2016-05-25 11:44:38 params :
------------
Array:
message : Array ;
module : news ;
rule : 55 ;
priority : 0 ;
keyword : Array ;

2016-05-25 11:44:38 response :
------------
Array:
FromUserName : gh_87c9b624047c ;
ToUserName : oKap7we-b6_ZThI_ToOGQoQe9KI0 ;
MsgType : news ;
ArticleCount : 3 ;
Articles : Array ;

2016-05-25 11:44:57 trace :
------------
String:
<xml><ToUserName><![CDATA[gh_87c9b624047c]]></ToUserName>
<FromUserName><![CDATA[oKap7we-b6_ZThI_ToOGQoQe9KI0]]></FromUserName>
<CreateTime>1464147897</CreateTime>
<MsgType><![CDATA[event]]></MsgType>
<Event><![CDATA[VIEW]]></Event>
<EventKey><![CDATA[http://show.artels.cn/v-U70510PXM38WA3X5?eqrcode=1]]></EventKey>
<MenuId>503127948</MenuId>
</xml>

2016-05-25 11:44:57 params :
------------
Array:
rule : -2 ;
module :  ;
message : Array ;

2016-05-25 11:44:57 response :
------------

2016-05-25 11:45:26 trace :
------------
String:
<xml><ToUserName><![CDATA[gh_87c9b624047c]]></ToUserName>
<FromUserName><![CDATA[oKap7we-b6_ZThI_ToOGQoQe9KI0]]></FromUserName>
<CreateTime>1464147926</CreateTime>
<MsgType><![CDATA[event]]></MsgType>
<Event><![CDATA[CLICK]]></Event>
<EventKey><![CDATA[酒店地址]]></EventKey>
</xml>

2016-05-25 11:45:26 params :
------------
Array:
message : Array ;
module : cover ;
rule : 56 ;
priority : 0 ;
keyword : Array ;

2016-05-25 11:45:26 response :
------------
Array:
FromUserName : gh_87c9b624047c ;
ToUserName : oKap7we-b6_ZThI_ToOGQoQe9KI0 ;
MsgType : news ;
ArticleCount : 1 ;
Articles : Array ;

2016-05-25 11:47:59 trace :
------------
String:
<xml><ToUserName><![CDATA[gh_87c9b624047c]]></ToUserName>
<FromUserName><![CDATA[oKap7we-b6_ZThI_ToOGQoQe9KI0]]></FromUserName>
<CreateTime>1464148079</CreateTime>
<MsgType><![CDATA[event]]></MsgType>
<Event><![CDATA[unsubscribe]]></Event>
<EventKey><![CDATA[]]></EventKey>
</xml>

2016-05-25 11:51:48 trace :
------------
String:
<xml><ToUserName><![CDATA[gh_87c9b624047c]]></ToUserName>
<FromUserName><![CDATA[oKap7wYXWPXMZ4kes11qvvcuJmyg]]></FromUserName>
<CreateTime>1464148308</CreateTime>
<MsgType><![CDATA[event]]></MsgType>
<Event><![CDATA[CLICK]]></Event>
<EventKey><![CDATA[刮刮卡]]></EventKey>
</xml>

2016-05-25 11:51:48 params :
------------
Array:
message : Array ;
module : stonefish_scratch ;
rule : 48 ;
priority : 0 ;
keyword : Array ;

2016-05-25 11:51:48 response :
------------
Array:
FromUserName : gh_87c9b624047c ;
ToUserName : oKap7wYXWPXMZ4kes11qvvcuJmyg ;
MsgType : news ;
ArticleCount : 1 ;
Articles : Array ;

2016-05-25 13:40:37 trace :
------------
String:
<xml><ToUserName><![CDATA[gh_87c9b624047c]]></ToUserName>
<FromUserName><![CDATA[oKap7waxdPwJhxUMc2dwdLEQz57w]]></FromUserName>
<CreateTime>1464154837</CreateTime>
<MsgType><![CDATA[event]]></MsgType>
<Event><![CDATA[subscribe]]></Event>
<EventKey><![CDATA[]]></EventKey>
</xml>

2016-05-25 13:40:37 params :
------------
Array:
message : Array ;
module : news ;
rule : 55 ;
priority : 0 ;
keyword : Array ;

2016-05-25 13:40:37 response :
------------
Array:
FromUserName : gh_87c9b624047c ;
ToUserName : oKap7waxdPwJhxUMc2dwdLEQz57w ;
MsgType : news ;
ArticleCount : 3 ;
Articles : Array ;

2016-05-25 13:42:58 trace :
------------
String:
<xml><ToUserName><![CDATA[gh_87c9b624047c]]></ToUserName>
<FromUserName><![CDATA[oKap7waxdPwJhxUMc2dwdLEQz57w]]></FromUserName>
<CreateTime>1464154978</CreateTime>
<MsgType><![CDATA[event]]></MsgType>
<Event><![CDATA[SCAN]]></Event>
<EventKey><![CDATA[100001]]></EventKey>
<Ticket><![CDATA[gQGd8DoAAAAAAAAAASxodHRwOi8vd2VpeGluLnFxLmNvbS9xL3BqcGVENnJsTXZ4TDQ4RU0zeFR0AAIEIog8VwMEAI0nAA==]]></Ticket>
</xml>

2016-05-25 13:42:58 params :
------------
Array:
message : Array ;
module : mon_qmshake ;
rule : 54 ;
priority : 0 ;
keyword : Array ;

2016-05-25 13:42:58 response :
------------
Array:
FromUserName : gh_87c9b624047c ;
ToUserName : oKap7waxdPwJhxUMc2dwdLEQz57w ;
MsgType : news ;
ArticleCount : 1 ;
Articles : Array ;

2016-05-25 13:48:46 trace :
------------
String:
<xml><ToUserName><![CDATA[gh_87c9b624047c]]></ToUserName>
<FromUserName><![CDATA[oKap7waxdPwJhxUMc2dwdLEQz57w]]></FromUserName>
<CreateTime>1464155326</CreateTime>
<MsgType><![CDATA[event]]></MsgType>
<Event><![CDATA[SCAN]]></Event>
<EventKey><![CDATA[100002]]></EventKey>
<Ticket><![CDATA[gQGg8DoAAAAAAAAAASxodHRwOi8vd2VpeGluLnFxLmNvbS9xL3NUb3BOODdsUi13X3FOWTJxQlR0AAIEM4o8VwMEAI0nAA==]]></Ticket>
</xml>

2016-05-25 13:48:46 params :
------------
Array:
message : Array ;
module : wdl_bigwheel ;
rule : 50 ;
priority : 0 ;
keyword : Array ;

2016-05-25 13:48:46 response :
------------
Array:
FromUserName : gh_87c9b624047c ;
ToUserName : oKap7waxdPwJhxUMc2dwdLEQz57w ;
MsgType : news ;
ArticleCount : 1 ;
Articles : Array ;

2016-05-25 14:26:12 trace :
------------
String:
<xml><ToUserName><![CDATA[gh_87c9b624047c]]></ToUserName>
<FromUserName><![CDATA[oKap7wWtsUN82boHZkF1ibA3Wld8]]></FromUserName>
<CreateTime>1464157572</CreateTime>
<MsgType><![CDATA[event]]></MsgType>
<Event><![CDATA[subscribe]]></Event>
<EventKey><![CDATA[]]></EventKey>
</xml>

2016-05-25 14:26:12 params :
------------
Array:
message : Array ;
module : news ;
rule : 55 ;
priority : 0 ;
keyword : Array ;

2016-05-25 14:26:12 response :
------------
Array:
FromUserName : gh_87c9b624047c ;
ToUserName : oKap7wWtsUN82boHZkF1ibA3Wld8 ;
MsgType : news ;
ArticleCount : 3 ;
Articles : Array ;

2016-05-25 14:26:35 trace :
------------
String:
<xml><ToUserName><![CDATA[gh_87c9b624047c]]></ToUserName>
<FromUserName><![CDATA[oKap7wWtsUN82boHZkF1ibA3Wld8]]></FromUserName>
<CreateTime>1464157595</CreateTime>
<MsgType><![CDATA[event]]></MsgType>
<Event><![CDATA[VIEW]]></Event>
<EventKey><![CDATA[http://show.artels.cn/v-U70510PXM38WA3X5?eqrcode=1]]></EventKey>
<MenuId>503127948</MenuId>
</xml>

2016-05-25 14:26:35 params :
------------
Array:
rule : -2 ;
module :  ;
message : Array ;

2016-05-25 14:26:35 response :
------------

2016-05-25 14:28:06 trace :
------------
String:
<xml><ToUserName><![CDATA[gh_87c9b624047c]]></ToUserName>
<FromUserName><![CDATA[oKap7wWtsUN82boHZkF1ibA3Wld8]]></FromUserName>
<CreateTime>1464157685</CreateTime>
<MsgType><![CDATA[event]]></MsgType>
<Event><![CDATA[CLICK]]></Event>
<EventKey><![CDATA[酒店地址]]></EventKey>
</xml>

2016-05-25 14:28:06 params :
------------
Array:
message : Array ;
module : cover ;
rule : 56 ;
priority : 0 ;
keyword : Array ;

2016-05-25 14:28:06 response :
------------
Array:
FromUserName : gh_87c9b624047c ;
ToUserName : oKap7wWtsUN82boHZkF1ibA3Wld8 ;
MsgType : news ;
ArticleCount : 1 ;
Articles : Array ;

2016-05-25 14:28:17 trace :
------------
String:
<xml><ToUserName><![CDATA[gh_87c9b624047c]]></ToUserName>
<FromUserName><![CDATA[oKap7wWtsUN82boHZkF1ibA3Wld8]]></FromUserName>
<CreateTime>1464157697</CreateTime>
<MsgType><![CDATA[event]]></MsgType>
<Event><![CDATA[CLICK]]></Event>
<EventKey><![CDATA[每天摇一摇]]></EventKey>
</xml>

2016-05-25 14:28:17 params :
------------
Array:
message : Array ;
module : mon_qmshake ;
rule : 54 ;
priority : 0 ;
keyword : Array ;

2016-05-25 14:28:17 response :
------------
Array:
FromUserName : gh_87c9b624047c ;
ToUserName : oKap7wWtsUN82boHZkF1ibA3Wld8 ;
MsgType : news ;
ArticleCount : 1 ;
Articles : Array ;

2016-05-25 14:28:21 trace :
------------
String:
<xml><ToUserName><![CDATA[gh_87c9b624047c]]></ToUserName>
<FromUserName><![CDATA[oKap7wWtsUN82boHZkF1ibA3Wld8]]></FromUserName>
<CreateTime>1464157701</CreateTime>
<MsgType><![CDATA[event]]></MsgType>
<Event><![CDATA[CLICK]]></Event>
<EventKey><![CDATA[大转盘]]></EventKey>
</xml>

2016-05-25 14:28:21 params :
------------
Array:
message : Array ;
module : wdl_bigwheel ;
rule : 50 ;
priority : 0 ;
keyword : Array ;

2016-05-25 14:28:21 response :
------------
Array:
FromUserName : gh_87c9b624047c ;
ToUserName : oKap7wWtsUN82boHZkF1ibA3Wld8 ;
MsgType : news ;
ArticleCount : 1 ;
Articles : Array ;

2016-05-25 15:28:19 trace :
------------
String:
<xml><ToUserName><![CDATA[gh_87c9b624047c]]></ToUserName>
<FromUserName><![CDATA[oKap7wUIaxXfpTcg4tYP9mDSnPw4]]></FromUserName>
<CreateTime>1464161298</CreateTime>
<MsgType><![CDATA[event]]></MsgType>
<Event><![CDATA[subscribe]]></Event>
<EventKey><![CDATA[]]></EventKey>
</xml>

2016-05-25 15:28:19 params :
------------
Array:
message : Array ;
module : news ;
rule : 55 ;
priority : 0 ;
keyword : Array ;

2016-05-25 15:28:19 response :
------------
Array:
FromUserName : gh_87c9b624047c ;
ToUserName : oKap7wUIaxXfpTcg4tYP9mDSnPw4 ;
MsgType : news ;
ArticleCount : 3 ;
Articles : Array ;

2016-05-25 16:03:40 trace :
------------
String:
<xml><ToUserName><![CDATA[gh_87c9b624047c]]></ToUserName>
<FromUserName><![CDATA[oKap7wdasRM8nWiMsV9120keYWcQ]]></FromUserName>
<CreateTime>1464163419</CreateTime>
<MsgType><![CDATA[event]]></MsgType>
<Event><![CDATA[subscribe]]></Event>
<EventKey><![CDATA[]]></EventKey>
</xml>

2016-05-25 16:03:40 params :
------------
Array:
message : Array ;
module : news ;
rule : 55 ;
priority : 0 ;
keyword : Array ;

2016-05-25 16:03:40 response :
------------
Array:
FromUserName : gh_87c9b624047c ;
ToUserName : oKap7wdasRM8nWiMsV9120keYWcQ ;
MsgType : news ;
ArticleCount : 3 ;
Articles : Array ;

2016-05-25 21:22:46 trace :
------------
String:
<xml><ToUserName><![CDATA[gh_87c9b624047c]]></ToUserName>
<FromUserName><![CDATA[oKap7wUnOpdhLmQhoc0bkF5JCBG0]]></FromUserName>
<CreateTime>1464182566</CreateTime>
<MsgType><![CDATA[event]]></MsgType>
<Event><![CDATA[CLICK]]></Event>
<EventKey><![CDATA[酒店地址]]></EventKey>
</xml>

2016-05-25 21:22:46 params :
------------
Array:
message : Array ;
module : cover ;
rule : 56 ;
priority : 0 ;
keyword : Array ;

2016-05-25 21:22:46 response :
------------
Array:
FromUserName : gh_87c9b624047c ;
ToUserName : oKap7wUnOpdhLmQhoc0bkF5JCBG0 ;
MsgType : news ;
ArticleCount : 1 ;
Articles : Array ;

2016-05-25 21:22:53 trace :
------------
String:
<xml><ToUserName><![CDATA[gh_87c9b624047c]]></ToUserName>
<FromUserName><![CDATA[oKap7wUnOpdhLmQhoc0bkF5JCBG0]]></FromUserName>
<CreateTime>1464182573</CreateTime>
<MsgType><![CDATA[event]]></MsgType>
<Event><![CDATA[VIEW]]></Event>
<EventKey><![CDATA[http://show.artels.cn/v-U70510PXM38WA3X5?eqrcode=1]]></EventKey>
<MenuId>503127948</MenuId>
</xml>

2016-05-25 21:22:53 params :
------------
Array:
rule : -2 ;
module :  ;
message : Array ;

2016-05-25 21:22:53 response :
------------

