2016-06-25 11:29:07 trace :
------------
String:
<xml><ToUserName><![CDATA[gh_87c9b624047c]]></ToUserName>
<FromUserName><![CDATA[oKap7wZoSfVLOvZjpzpQ1mDV5lfQ]]></FromUserName>
<CreateTime>1466825347</CreateTime>
<MsgType><![CDATA[event]]></MsgType>
<Event><![CDATA[subscribe]]></Event>
<EventKey><![CDATA[]]></EventKey>
</xml>

2016-06-25 11:29:07 params :
------------
Array:
message : Array ;
module : news ;
rule : 55 ;
priority : 0 ;
keyword : Array ;

2016-06-25 11:29:07 response :
------------
Array:
FromUserName : gh_87c9b624047c ;
ToUserName : oKap7wZoSfVLOvZjpzpQ1mDV5lfQ ;
MsgType : news ;
ArticleCount : 3 ;
Articles : Array ;

2016-06-25 14:11:03 trace :
------------
String:
<xml><ToUserName><![CDATA[gh_87c9b624047c]]></ToUserName>
<FromUserName><![CDATA[oKap7wZoSfVLOvZjpzpQ1mDV5lfQ]]></FromUserName>
<CreateTime>1466835063</CreateTime>
<MsgType><![CDATA[event]]></MsgType>
<Event><![CDATA[VIEW]]></Event>
<EventKey><![CDATA[http://appsnap.weixinprint.com/vins/netPrintCloud1?publicUserId=86116&type=1]]></EventKey>
<MenuId>503253745</MenuId>
</xml>

2016-06-25 14:11:03 params :
------------
Array:
rule : -2 ;
module :  ;
message : Array ;

2016-06-25 14:11:03 response :
------------

2016-06-25 14:11:22 trace :
------------
String:
<xml><ToUserName><![CDATA[gh_87c9b624047c]]></ToUserName>
<FromUserName><![CDATA[oKap7wZoSfVLOvZjpzpQ1mDV5lfQ]]></FromUserName>
<CreateTime>1466835082</CreateTime>
<MsgType><![CDATA[event]]></MsgType>
<Event><![CDATA[CLICK]]></Event>
<EventKey><![CDATA[刮刮卡]]></EventKey>
</xml>

2016-06-25 14:11:22 params :
------------
Array:
message : Array ;
module : stonefish_scratch ;
rule : 48 ;
priority : 0 ;
keyword : Array ;

2016-06-25 14:11:22 response :
------------
Array:
FromUserName : gh_87c9b624047c ;
ToUserName : oKap7wZoSfVLOvZjpzpQ1mDV5lfQ ;
MsgType : news ;
ArticleCount : 1 ;
Articles : Array ;

2016-06-25 14:29:26 trace :
------------
String:
<xml><ToUserName><![CDATA[gh_87c9b624047c]]></ToUserName>
<FromUserName><![CDATA[oKap7wZoSfVLOvZjpzpQ1mDV5lfQ]]></FromUserName>
<CreateTime>1466836166</CreateTime>
<MsgType><![CDATA[event]]></MsgType>
<Event><![CDATA[unsubscribe]]></Event>
<EventKey><![CDATA[]]></EventKey>
</xml>

2016-06-25 19:51:41 trace :
------------
String:
<xml><ToUserName><![CDATA[gh_87c9b624047c]]></ToUserName>
<FromUserName><![CDATA[oKap7wR9E2SZeWLLnnbtDOd2jMZA]]></FromUserName>
<CreateTime>1466855501</CreateTime>
<MsgType><![CDATA[event]]></MsgType>
<Event><![CDATA[unsubscribe]]></Event>
<EventKey><![CDATA[]]></EventKey>
</xml>

2016-06-25 23:07:25 trace :
------------
String:
<xml><ToUserName><![CDATA[gh_87c9b624047c]]></ToUserName>
<FromUserName><![CDATA[oKap7wQLcNbwJFMwXq_TAeREYTjk]]></FromUserName>
<CreateTime>1466867245</CreateTime>
<MsgType><![CDATA[event]]></MsgType>
<Event><![CDATA[unsubscribe]]></Event>
<EventKey><![CDATA[]]></EventKey>
</xml>

