2016-06-21 12:16:34 trace :
------------
String:
<xml><ToUserName><![CDATA[gh_87c9b624047c]]></ToUserName>
<FromUserName><![CDATA[oKap7wU84ai1d154Ard0O64MuJGQ]]></FromUserName>
<CreateTime>1466482594</CreateTime>
<MsgType><![CDATA[event]]></MsgType>
<Event><![CDATA[CLICK]]></Event>
<EventKey><![CDATA[刮刮卡]]></EventKey>
</xml>

2016-06-21 12:16:34 params :
------------
Array:
message : Array ;
module : stonefish_scratch ;
rule : 48 ;
priority : 0 ;
keyword : Array ;

2016-06-21 12:16:34 response :
------------
Array:
FromUserName : gh_87c9b624047c ;
ToUserName : oKap7wU84ai1d154Ard0O64MuJGQ ;
MsgType : news ;
ArticleCount : 1 ;
Articles : Array ;

2016-06-21 12:17:11 trace :
------------
String:
<xml><ToUserName><![CDATA[gh_87c9b624047c]]></ToUserName>
<FromUserName><![CDATA[oKap7wU84ai1d154Ard0O64MuJGQ]]></FromUserName>
<CreateTime>1466482631</CreateTime>
<MsgType><![CDATA[event]]></MsgType>
<Event><![CDATA[CLICK]]></Event>
<EventKey><![CDATA[刮刮卡]]></EventKey>
</xml>

2016-06-21 12:17:11 params :
------------
Array:
message : Array ;
module : stonefish_scratch ;
rule : 48 ;
priority : 0 ;
keyword : Array ;

2016-06-21 12:17:11 response :
------------
Array:
FromUserName : gh_87c9b624047c ;
ToUserName : oKap7wU84ai1d154Ard0O64MuJGQ ;
MsgType : news ;
ArticleCount : 1 ;
Articles : Array ;

2016-06-21 12:17:41 trace :
------------
String:
<xml><ToUserName><![CDATA[gh_87c9b624047c]]></ToUserName>
<FromUserName><![CDATA[oKap7wU84ai1d154Ard0O64MuJGQ]]></FromUserName>
<CreateTime>1466482661</CreateTime>
<MsgType><![CDATA[event]]></MsgType>
<Event><![CDATA[CLICK]]></Event>
<EventKey><![CDATA[每天摇一摇]]></EventKey>
</xml>

2016-06-21 12:17:41 params :
------------
Array:
message : Array ;
module : mon_qmshake ;
rule : 54 ;
priority : 0 ;
keyword : Array ;

2016-06-21 12:17:41 response :
------------
Array:
FromUserName : gh_87c9b624047c ;
ToUserName : oKap7wU84ai1d154Ard0O64MuJGQ ;
MsgType : news ;
ArticleCount : 1 ;
Articles : Array ;

2016-06-21 12:18:10 trace :
------------
String:
<xml><ToUserName><![CDATA[gh_87c9b624047c]]></ToUserName>
<FromUserName><![CDATA[oKap7wU84ai1d154Ard0O64MuJGQ]]></FromUserName>
<CreateTime>1466482690</CreateTime>
<MsgType><![CDATA[event]]></MsgType>
<Event><![CDATA[CLICK]]></Event>
<EventKey><![CDATA[大转盘]]></EventKey>
</xml>

2016-06-21 12:18:10 params :
------------
Array:
message : Array ;
module : wdl_bigwheel ;
rule : 50 ;
priority : 0 ;
keyword : Array ;

2016-06-21 12:18:10 response :
------------
Array:
FromUserName : gh_87c9b624047c ;
ToUserName : oKap7wU84ai1d154Ard0O64MuJGQ ;
MsgType : news ;
ArticleCount : 1 ;
Articles : Array ;

2016-06-21 12:18:30 trace :
------------
String:
<xml><ToUserName><![CDATA[gh_87c9b624047c]]></ToUserName>
<FromUserName><![CDATA[oKap7wU84ai1d154Ard0O64MuJGQ]]></FromUserName>
<CreateTime>1466482710</CreateTime>
<MsgType><![CDATA[event]]></MsgType>
<Event><![CDATA[CLICK]]></Event>
<EventKey><![CDATA[大转盘]]></EventKey>
</xml>

2016-06-21 12:18:30 params :
------------
Array:
message : Array ;
module : wdl_bigwheel ;
rule : 50 ;
priority : 0 ;
keyword : Array ;

2016-06-21 12:18:30 response :
------------
Array:
FromUserName : gh_87c9b624047c ;
ToUserName : oKap7wU84ai1d154Ard0O64MuJGQ ;
MsgType : news ;
ArticleCount : 1 ;
Articles : Array ;

2016-06-21 14:38:03 trace :
------------
String:
<xml><ToUserName><![CDATA[gh_87c9b624047c]]></ToUserName>
<FromUserName><![CDATA[oKap7wZZlzkVpOvwbjsweAn260Ic]]></FromUserName>
<CreateTime>1466491083</CreateTime>
<MsgType><![CDATA[event]]></MsgType>
<Event><![CDATA[VIEW]]></Event>
<EventKey><![CDATA[http://show.artels.cn/v-U70510PXM38WA3X5?eqrcode=1]]></EventKey>
<MenuId>503253745</MenuId>
</xml>

2016-06-21 14:38:03 params :
------------
Array:
rule : -2 ;
module :  ;
message : Array ;

2016-06-21 14:38:03 response :
------------

2016-06-21 16:51:06 trace :
------------
String:
<xml><ToUserName><![CDATA[gh_87c9b624047c]]></ToUserName>
<FromUserName><![CDATA[oKap7wTdaWhN1cVba8Vc5s2-EeeA]]></FromUserName>
<CreateTime>1466499065</CreateTime>
<MsgType><![CDATA[event]]></MsgType>
<Event><![CDATA[CLICK]]></Event>
<EventKey><![CDATA[每天摇一摇]]></EventKey>
</xml>

2016-06-21 16:51:06 params :
------------
Array:
message : Array ;
module : mon_qmshake ;
rule : 54 ;
priority : 0 ;
keyword : Array ;

2016-06-21 16:51:06 response :
------------
Array:
FromUserName : gh_87c9b624047c ;
ToUserName : oKap7wTdaWhN1cVba8Vc5s2-EeeA ;
MsgType : news ;
ArticleCount : 1 ;
Articles : Array ;

2016-06-21 16:56:01 trace :
------------
String:
<xml><ToUserName><![CDATA[gh_b75bad3e9d82]]></ToUserName>
<FromUserName><![CDATA[oH51jwz8DjMTSD9FRwpx3seEKrl8]]></FromUserName>
<CreateTime>1466499361</CreateTime>
<MsgType><![CDATA[event]]></MsgType>
<Event><![CDATA[MASSSENDJOBFINISH]]></Event>
<MsgID>413782273</MsgID>
<Status><![CDATA[send success]]></Status>
<TotalCount>180</TotalCount>
<FilterCount>180</FilterCount>
<SentCount>180</SentCount>
<ErrorCount>0</ErrorCount>
</xml>

2016-06-21 16:56:01 params :
------------
Array:
rule : -2 ;
module :  ;
message : Array ;

2016-06-21 16:56:01 response :
------------

2016-06-21 17:00:04 trace :
------------
String:
<xml><ToUserName><![CDATA[gh_b75bad3e9d82]]></ToUserName>
<FromUserName><![CDATA[oH51jw85F1X_PSTDuv7cuQR086u8]]></FromUserName>
<CreateTime>1466499604</CreateTime>
<MsgType><![CDATA[event]]></MsgType>
<Event><![CDATA[unsubscribe]]></Event>
<EventKey><![CDATA[]]></EventKey>
</xml>

2016-06-21 22:33:54 trace :
------------
String:
<xml><ToUserName><![CDATA[gh_87c9b624047c]]></ToUserName>
<FromUserName><![CDATA[oKap7wZZlzkVpOvwbjsweAn260Ic]]></FromUserName>
<CreateTime>1466519634</CreateTime>
<MsgType><![CDATA[event]]></MsgType>
<Event><![CDATA[unsubscribe]]></Event>
<EventKey><![CDATA[]]></EventKey>
</xml>

