2016-05-05 08:37:03 trace :
------------
String:
<xml><ToUserName><![CDATA[gh_b75bad3e9d82]]></ToUserName>
<FromUserName><![CDATA[oH51jw7QQIcC---QhYEIxGnCLVhs]]></FromUserName>
<CreateTime>1462408623</CreateTime>
<MsgType><![CDATA[event]]></MsgType>
<Event><![CDATA[unsubscribe]]></Event>
<EventKey><![CDATA[]]></EventKey>
</xml>

2016-05-05 14:16:38 trace :
------------
String:
<xml><ToUserName><![CDATA[gh_b75bad3e9d82]]></ToUserName>
<FromUserName><![CDATA[oH51jwz8DjMTSD9FRwpx3seEKrl8]]></FromUserName>
<CreateTime>1462428998</CreateTime>
<MsgType><![CDATA[event]]></MsgType>
<Event><![CDATA[MASSSENDJOBFINISH]]></Event>
<MsgID>404046306</MsgID>
<Status><![CDATA[send success]]></Status>
<TotalCount>170</TotalCount>
<FilterCount>170</FilterCount>
<SentCount>170</SentCount>
<ErrorCount>0</ErrorCount>
</xml>

2016-05-05 14:16:38 params :
------------
Array:
rule : -2 ;
module :  ;
message : Array ;

2016-05-05 14:16:38 response :
------------

