2016-06-10 19:08:38 trace :
------------
String:
<xml><ToUserName><![CDATA[gh_87c9b624047c]]></ToUserName>
<FromUserName><![CDATA[oKap7wdoV8W3w4lFtXKYF53UerwM]]></FromUserName>
<CreateTime>1465556918</CreateTime>
<MsgType><![CDATA[event]]></MsgType>
<Event><![CDATA[CLICK]]></Event>
<EventKey><![CDATA[每天摇一摇]]></EventKey>
</xml>

2016-06-10 19:08:38 params :
------------
Array:
message : Array ;
module : mon_qmshake ;
rule : 54 ;
priority : 0 ;
keyword : Array ;

2016-06-10 19:08:38 response :
------------
Array:
FromUserName : gh_87c9b624047c ;
ToUserName : oKap7wdoV8W3w4lFtXKYF53UerwM ;
MsgType : news ;
ArticleCount : 1 ;
Articles : Array ;

2016-06-10 19:09:03 trace :
------------
String:
<xml><ToUserName><![CDATA[gh_87c9b624047c]]></ToUserName>
<FromUserName><![CDATA[oKap7wRrwTfruDo127IqSvNfyezQ]]></FromUserName>
<CreateTime>1465556943</CreateTime>
<MsgType><![CDATA[event]]></MsgType>
<Event><![CDATA[CLICK]]></Event>
<EventKey><![CDATA[每天摇一摇]]></EventKey>
</xml>

2016-06-10 19:09:03 params :
------------
Array:
message : Array ;
module : mon_qmshake ;
rule : 54 ;
priority : 0 ;
keyword : Array ;

2016-06-10 19:09:03 response :
------------
Array:
FromUserName : gh_87c9b624047c ;
ToUserName : oKap7wRrwTfruDo127IqSvNfyezQ ;
MsgType : news ;
ArticleCount : 1 ;
Articles : Array ;

2016-06-10 19:09:04 trace :
------------
String:
<xml><ToUserName><![CDATA[gh_87c9b624047c]]></ToUserName>
<FromUserName><![CDATA[oKap7wRrwTfruDo127IqSvNfyezQ]]></FromUserName>
<CreateTime>1465556944</CreateTime>
<MsgType><![CDATA[event]]></MsgType>
<Event><![CDATA[CLICK]]></Event>
<EventKey><![CDATA[每天摇一摇]]></EventKey>
</xml>

2016-06-10 19:09:04 params :
------------
Array:
message : Array ;
module : mon_qmshake ;
rule : 54 ;
priority : 0 ;
keyword : Array ;

2016-06-10 19:09:04 response :
------------
Array:
FromUserName : gh_87c9b624047c ;
ToUserName : oKap7wRrwTfruDo127IqSvNfyezQ ;
MsgType : news ;
ArticleCount : 1 ;
Articles : Array ;

2016-06-10 19:09:04 trace :
------------
String:
<xml><ToUserName><![CDATA[gh_87c9b624047c]]></ToUserName>
<FromUserName><![CDATA[oKap7wRrwTfruDo127IqSvNfyezQ]]></FromUserName>
<CreateTime>1465556944</CreateTime>
<MsgType><![CDATA[event]]></MsgType>
<Event><![CDATA[CLICK]]></Event>
<EventKey><![CDATA[每天摇一摇]]></EventKey>
</xml>

2016-06-10 19:09:04 params :
------------
Array:
message : Array ;
module : mon_qmshake ;
rule : 54 ;
priority : 0 ;
keyword : Array ;

2016-06-10 19:09:04 response :
------------
Array:
FromUserName : gh_87c9b624047c ;
ToUserName : oKap7wRrwTfruDo127IqSvNfyezQ ;
MsgType : news ;
ArticleCount : 1 ;
Articles : Array ;

2016-06-10 19:09:06 trace :
------------
String:
<xml><ToUserName><![CDATA[gh_87c9b624047c]]></ToUserName>
<FromUserName><![CDATA[oKap7wRrwTfruDo127IqSvNfyezQ]]></FromUserName>
<CreateTime>1465556946</CreateTime>
<MsgType><![CDATA[event]]></MsgType>
<Event><![CDATA[CLICK]]></Event>
<EventKey><![CDATA[大转盘]]></EventKey>
</xml>

2016-06-10 19:09:06 params :
------------
Array:
message : Array ;
module : wdl_bigwheel ;
rule : 50 ;
priority : 0 ;
keyword : Array ;

2016-06-10 19:09:06 response :
------------
Array:
FromUserName : gh_87c9b624047c ;
ToUserName : oKap7wRrwTfruDo127IqSvNfyezQ ;
MsgType : news ;
ArticleCount : 1 ;
Articles : Array ;

2016-06-10 19:09:07 trace :
------------
String:
<xml><ToUserName><![CDATA[gh_87c9b624047c]]></ToUserName>
<FromUserName><![CDATA[oKap7wRrwTfruDo127IqSvNfyezQ]]></FromUserName>
<CreateTime>1465556947</CreateTime>
<MsgType><![CDATA[event]]></MsgType>
<Event><![CDATA[CLICK]]></Event>
<EventKey><![CDATA[每天摇一摇]]></EventKey>
</xml>

2016-06-10 19:09:07 params :
------------
Array:
message : Array ;
module : mon_qmshake ;
rule : 54 ;
priority : 0 ;
keyword : Array ;

2016-06-10 19:09:07 response :
------------
Array:
FromUserName : gh_87c9b624047c ;
ToUserName : oKap7wRrwTfruDo127IqSvNfyezQ ;
MsgType : news ;
ArticleCount : 1 ;
Articles : Array ;

2016-06-10 19:09:14 trace :
------------
String:
<xml><ToUserName><![CDATA[gh_87c9b624047c]]></ToUserName>
<FromUserName><![CDATA[oKap7wRrwTfruDo127IqSvNfyezQ]]></FromUserName>
<CreateTime>1465556954</CreateTime>
<MsgType><![CDATA[event]]></MsgType>
<Event><![CDATA[CLICK]]></Event>
<EventKey><![CDATA[每天摇一摇]]></EventKey>
</xml>

2016-06-10 19:09:14 params :
------------
Array:
message : Array ;
module : mon_qmshake ;
rule : 54 ;
priority : 0 ;
keyword : Array ;

2016-06-10 19:09:14 response :
------------
Array:
FromUserName : gh_87c9b624047c ;
ToUserName : oKap7wRrwTfruDo127IqSvNfyezQ ;
MsgType : news ;
ArticleCount : 1 ;
Articles : Array ;

2016-06-10 19:09:15 trace :
------------
String:
<xml><ToUserName><![CDATA[gh_87c9b624047c]]></ToUserName>
<FromUserName><![CDATA[oKap7wRrwTfruDo127IqSvNfyezQ]]></FromUserName>
<CreateTime>1465556955</CreateTime>
<MsgType><![CDATA[event]]></MsgType>
<Event><![CDATA[CLICK]]></Event>
<EventKey><![CDATA[每天摇一摇]]></EventKey>
</xml>

2016-06-10 19:09:15 params :
------------
Array:
message : Array ;
module : mon_qmshake ;
rule : 54 ;
priority : 0 ;
keyword : Array ;

2016-06-10 19:09:15 response :
------------
Array:
FromUserName : gh_87c9b624047c ;
ToUserName : oKap7wRrwTfruDo127IqSvNfyezQ ;
MsgType : news ;
ArticleCount : 1 ;
Articles : Array ;

2016-06-10 19:09:15 trace :
------------
String:
<xml><ToUserName><![CDATA[gh_87c9b624047c]]></ToUserName>
<FromUserName><![CDATA[oKap7wRrwTfruDo127IqSvNfyezQ]]></FromUserName>
<CreateTime>1465556955</CreateTime>
<MsgType><![CDATA[event]]></MsgType>
<Event><![CDATA[CLICK]]></Event>
<EventKey><![CDATA[大转盘]]></EventKey>
</xml>

2016-06-10 19:09:15 params :
------------
Array:
message : Array ;
module : wdl_bigwheel ;
rule : 50 ;
priority : 0 ;
keyword : Array ;

2016-06-10 19:09:15 response :
------------
Array:
FromUserName : gh_87c9b624047c ;
ToUserName : oKap7wRrwTfruDo127IqSvNfyezQ ;
MsgType : news ;
ArticleCount : 1 ;
Articles : Array ;

2016-06-10 19:09:15 trace :
------------
String:
<xml><ToUserName><![CDATA[gh_87c9b624047c]]></ToUserName>
<FromUserName><![CDATA[oKap7wRrwTfruDo127IqSvNfyezQ]]></FromUserName>
<CreateTime>1465556955</CreateTime>
<MsgType><![CDATA[event]]></MsgType>
<Event><![CDATA[CLICK]]></Event>
<EventKey><![CDATA[每天摇一摇]]></EventKey>
</xml>

2016-06-10 19:09:15 trace :
------------
String:
<xml><ToUserName><![CDATA[gh_87c9b624047c]]></ToUserName>
<FromUserName><![CDATA[oKap7wRrwTfruDo127IqSvNfyezQ]]></FromUserName>
<CreateTime>1465556955</CreateTime>
<MsgType><![CDATA[event]]></MsgType>
<Event><![CDATA[CLICK]]></Event>
<EventKey><![CDATA[每天摇一摇]]></EventKey>
</xml>

2016-06-10 19:09:15 params :
------------
Array:
message : Array ;
module : mon_qmshake ;
rule : 54 ;
priority : 0 ;
keyword : Array ;

2016-06-10 19:09:15 response :
------------
Array:
FromUserName : gh_87c9b624047c ;
ToUserName : oKap7wRrwTfruDo127IqSvNfyezQ ;
MsgType : news ;
ArticleCount : 1 ;
Articles : Array ;

2016-06-10 19:09:15 params :
------------
Array:
message : Array ;
module : mon_qmshake ;
rule : 54 ;
priority : 0 ;
keyword : Array ;

2016-06-10 19:09:15 response :
------------
Array:
FromUserName : gh_87c9b624047c ;
ToUserName : oKap7wRrwTfruDo127IqSvNfyezQ ;
MsgType : news ;
ArticleCount : 1 ;
Articles : Array ;

2016-06-10 19:09:23 trace :
------------
String:
<xml><ToUserName><![CDATA[gh_87c9b624047c]]></ToUserName>
<FromUserName><![CDATA[oKap7wRrwTfruDo127IqSvNfyezQ]]></FromUserName>
<CreateTime>1465556963</CreateTime>
<MsgType><![CDATA[event]]></MsgType>
<Event><![CDATA[CLICK]]></Event>
<EventKey><![CDATA[每天摇一摇]]></EventKey>
</xml>

2016-06-10 19:09:23 params :
------------
Array:
message : Array ;
module : mon_qmshake ;
rule : 54 ;
priority : 0 ;
keyword : Array ;

2016-06-10 19:09:23 response :
------------
Array:
FromUserName : gh_87c9b624047c ;
ToUserName : oKap7wRrwTfruDo127IqSvNfyezQ ;
MsgType : news ;
ArticleCount : 1 ;
Articles : Array ;

2016-06-10 19:55:26 trace :
------------
String:
<xml><ToUserName><![CDATA[gh_87c9b624047c]]></ToUserName>
<FromUserName><![CDATA[oKap7wSuPPZW8cHAzJscIiMpy8X4]]></FromUserName>
<CreateTime>1465559726</CreateTime>
<MsgType><![CDATA[event]]></MsgType>
<Event><![CDATA[CLICK]]></Event>
<EventKey><![CDATA[刮刮卡]]></EventKey>
</xml>

2016-06-10 19:55:26 params :
------------
Array:
message : Array ;
module : stonefish_scratch ;
rule : 48 ;
priority : 0 ;
keyword : Array ;

2016-06-10 19:55:26 response :
------------
Array:
FromUserName : gh_87c9b624047c ;
ToUserName : oKap7wSuPPZW8cHAzJscIiMpy8X4 ;
MsgType : news ;
ArticleCount : 1 ;
Articles : Array ;

2016-06-10 21:37:32 trace :
------------
String:
<xml><ToUserName><![CDATA[gh_87c9b624047c]]></ToUserName>
<FromUserName><![CDATA[oKap7wUze0CfqoMJHSW9r2Z48Pmg]]></FromUserName>
<CreateTime>1465565852</CreateTime>
<MsgType><![CDATA[event]]></MsgType>
<Event><![CDATA[VIEW]]></Event>
<EventKey><![CDATA[http://show.artels.cn/v-U70510PXM38WA3X5?eqrcode=1]]></EventKey>
<MenuId>503253745</MenuId>
</xml>

2016-06-10 21:37:32 params :
------------
Array:
rule : -2 ;
module :  ;
message : Array ;

2016-06-10 21:37:32 response :
------------

