2016-04-29 15:29:28 trace :
------------
String:
<xml><ToUserName><![CDATA[gh_b75bad3e9d82]]></ToUserName>
<FromUserName><![CDATA[oH51jw_fOEfHf9hsL9ibSekXlDvU]]></FromUserName>
<CreateTime>1461914968</CreateTime>
<MsgType><![CDATA[event]]></MsgType>
<Event><![CDATA[subscribe]]></Event>
<EventKey><![CDATA[]]></EventKey>
</xml>

2016-04-29 15:29:28 params :
------------
Array:
rule : -2 ;
module :  ;
message : Array ;

2016-04-29 15:29:28 response :
------------

2016-04-29 15:29:42 trace :
------------
String:
<xml><ToUserName><![CDATA[gh_b75bad3e9d82]]></ToUserName>
<FromUserName><![CDATA[oH51jw_fOEfHf9hsL9ibSekXlDvU]]></FromUserName>
<CreateTime>1461914982</CreateTime>
<MsgType><![CDATA[event]]></MsgType>
<Event><![CDATA[VIEW]]></Event>
<EventKey><![CDATA[http://mp.weixin.qq.com/s?__biz=MzI3ODA4NTQwNw==&mid=400575959&idx=1&sn=cd9388040793615cae056826bddac700&scene=18#wechat_redirect]]></EventKey>
<MenuId>401838942</MenuId>
</xml>

2016-04-29 15:29:42 params :
------------
Array:
rule : -2 ;
module :  ;
message : Array ;

2016-04-29 15:29:42 response :
------------

