2016-05-28 00:04:47 trace :
------------
String:
<xml><ToUserName><![CDATA[gh_87c9b624047c]]></ToUserName>
<FromUserName><![CDATA[oKap7wZMSt0W2wFwINjSIAl4erpA]]></FromUserName>
<CreateTime>1464365087</CreateTime>
<MsgType><![CDATA[event]]></MsgType>
<Event><![CDATA[subscribe]]></Event>
<EventKey><![CDATA[]]></EventKey>
</xml>

2016-05-28 00:04:47 params :
------------
Array:
message : Array ;
module : news ;
rule : 55 ;
priority : 0 ;
keyword : Array ;

2016-05-28 00:04:47 response :
------------
Array:
FromUserName : gh_87c9b624047c ;
ToUserName : oKap7wZMSt0W2wFwINjSIAl4erpA ;
MsgType : news ;
ArticleCount : 3 ;
Articles : Array ;

2016-05-28 00:04:54 trace :
------------
String:
<xml><ToUserName><![CDATA[gh_87c9b624047c]]></ToUserName>
<FromUserName><![CDATA[oKap7wZMSt0W2wFwINjSIAl4erpA]]></FromUserName>
<CreateTime>1464365094</CreateTime>
<MsgType><![CDATA[event]]></MsgType>
<Event><![CDATA[VIEW]]></Event>
<EventKey><![CDATA[http://show.artels.cn/v-U70510PXM38WA3X5?eqrcode=1]]></EventKey>
<MenuId>503127948</MenuId>
</xml>

2016-05-28 00:04:54 params :
------------
Array:
rule : -2 ;
module :  ;
message : Array ;

2016-05-28 00:04:54 response :
------------

2016-05-28 07:38:18 trace :
------------
String:
<xml><ToUserName><![CDATA[gh_87c9b624047c]]></ToUserName>
<FromUserName><![CDATA[oKap7wSuPPZW8cHAzJscIiMpy8X4]]></FromUserName>
<CreateTime>1464392298</CreateTime>
<MsgType><![CDATA[event]]></MsgType>
<Event><![CDATA[CLICK]]></Event>
<EventKey><![CDATA[刮刮卡]]></EventKey>
</xml>

2016-05-28 07:38:18 params :
------------
Array:
message : Array ;
module : stonefish_scratch ;
rule : 48 ;
priority : 0 ;
keyword : Array ;

2016-05-28 07:38:18 response :
------------
Array:
FromUserName : gh_87c9b624047c ;
ToUserName : oKap7wSuPPZW8cHAzJscIiMpy8X4 ;
MsgType : news ;
ArticleCount : 1 ;
Articles : Array ;

2016-05-28 07:41:41 trace :
------------
String:
<xml><ToUserName><![CDATA[gh_87c9b624047c]]></ToUserName>
<FromUserName><![CDATA[oKap7wSuPPZW8cHAzJscIiMpy8X4]]></FromUserName>
<CreateTime>1464392501</CreateTime>
<MsgType><![CDATA[text]]></MsgType>
<Content><![CDATA[在吗]]></Content>
<MsgId>6289517900805878542</MsgId>
</xml>

2016-05-28 07:41:41 params :
------------
Array:
rule : -2 ;
module :  ;
message : Array ;

2016-05-28 07:41:41 response :
------------

2016-05-28 13:00:13 trace :
------------
String:
<xml><ToUserName><![CDATA[gh_87c9b624047c]]></ToUserName>
<FromUserName><![CDATA[oKap7waxSfCbyfhi1IXu4qmf7ZU8]]></FromUserName>
<CreateTime>1464411612</CreateTime>
<MsgType><![CDATA[event]]></MsgType>
<Event><![CDATA[CLICK]]></Event>
<EventKey><![CDATA[刮刮卡]]></EventKey>
</xml>

2016-05-28 13:00:13 params :
------------
Array:
message : Array ;
module : stonefish_scratch ;
rule : 48 ;
priority : 0 ;
keyword : Array ;

2016-05-28 13:00:13 response :
------------
Array:
FromUserName : gh_87c9b624047c ;
ToUserName : oKap7waxSfCbyfhi1IXu4qmf7ZU8 ;
MsgType : news ;
ArticleCount : 1 ;
Articles : Array ;

2016-05-28 13:03:21 trace :
------------
String:
<xml><ToUserName><![CDATA[gh_87c9b624047c]]></ToUserName>
<FromUserName><![CDATA[oKap7wTIObGBwyB0kpfY64Yjra7w]]></FromUserName>
<CreateTime>1464411801</CreateTime>
<MsgType><![CDATA[event]]></MsgType>
<Event><![CDATA[subscribe]]></Event>
<EventKey><![CDATA[]]></EventKey>
</xml>

2016-05-28 13:03:21 params :
------------
Array:
message : Array ;
module : news ;
rule : 55 ;
priority : 0 ;
keyword : Array ;

2016-05-28 13:03:21 response :
------------
Array:
FromUserName : gh_87c9b624047c ;
ToUserName : oKap7wTIObGBwyB0kpfY64Yjra7w ;
MsgType : news ;
ArticleCount : 3 ;
Articles : Array ;

2016-05-28 13:20:53 trace :
------------
String:
<xml><ToUserName><![CDATA[gh_87c9b624047c]]></ToUserName>
<FromUserName><![CDATA[oKap7weNkhE9Aq-Oxu1vFFFY7Y6Y]]></FromUserName>
<CreateTime>1464412853</CreateTime>
<MsgType><![CDATA[event]]></MsgType>
<Event><![CDATA[CLICK]]></Event>
<EventKey><![CDATA[刮刮卡]]></EventKey>
</xml>

2016-05-28 13:20:53 params :
------------
Array:
message : Array ;
module : stonefish_scratch ;
rule : 48 ;
priority : 0 ;
keyword : Array ;

2016-05-28 13:20:53 response :
------------
Array:
FromUserName : gh_87c9b624047c ;
ToUserName : oKap7weNkhE9Aq-Oxu1vFFFY7Y6Y ;
MsgType : news ;
ArticleCount : 1 ;
Articles : Array ;

2016-05-28 17:30:07 trace :
------------
String:
<xml><ToUserName><![CDATA[gh_87c9b624047c]]></ToUserName>
<FromUserName><![CDATA[oKap7wRrwTfruDo127IqSvNfyezQ]]></FromUserName>
<CreateTime>1464427807</CreateTime>
<MsgType><![CDATA[event]]></MsgType>
<Event><![CDATA[subscribe]]></Event>
<EventKey><![CDATA[]]></EventKey>
</xml>

2016-05-28 17:30:07 params :
------------
Array:
message : Array ;
module : news ;
rule : 55 ;
priority : 0 ;
keyword : Array ;

2016-05-28 17:30:07 response :
------------
Array:
FromUserName : gh_87c9b624047c ;
ToUserName : oKap7wRrwTfruDo127IqSvNfyezQ ;
MsgType : news ;
ArticleCount : 3 ;
Articles : Array ;

2016-05-28 17:31:39 trace :
------------
String:
<xml><ToUserName><![CDATA[gh_87c9b624047c]]></ToUserName>
<FromUserName><![CDATA[oKap7weNkhE9Aq-Oxu1vFFFY7Y6Y]]></FromUserName>
<CreateTime>1464427899</CreateTime>
<MsgType><![CDATA[event]]></MsgType>
<Event><![CDATA[CLICK]]></Event>
<EventKey><![CDATA[刮刮卡]]></EventKey>
</xml>

2016-05-28 17:31:39 params :
------------
Array:
message : Array ;
module : stonefish_scratch ;
rule : 48 ;
priority : 0 ;
keyword : Array ;

2016-05-28 17:31:39 response :
------------
Array:
FromUserName : gh_87c9b624047c ;
ToUserName : oKap7weNkhE9Aq-Oxu1vFFFY7Y6Y ;
MsgType : news ;
ArticleCount : 1 ;
Articles : Array ;

2016-05-28 17:32:59 trace :
------------
String:
<xml><ToUserName><![CDATA[gh_87c9b624047c]]></ToUserName>
<FromUserName><![CDATA[oKap7wRrwTfruDo127IqSvNfyezQ]]></FromUserName>
<CreateTime>1464427979</CreateTime>
<MsgType><![CDATA[event]]></MsgType>
<Event><![CDATA[SCAN]]></Event>
<EventKey><![CDATA[100002]]></EventKey>
<Ticket><![CDATA[gQGg8DoAAAAAAAAAASxodHRwOi8vd2VpeGluLnFxLmNvbS9xL3NUb3BOODdsUi13X3FOWTJxQlR0AAIEM4o8VwMEAI0nAA==]]></Ticket>
</xml>

2016-05-28 17:32:59 params :
------------
Array:
message : Array ;
module : wdl_bigwheel ;
rule : 50 ;
priority : 0 ;
keyword : Array ;

2016-05-28 17:32:59 response :
------------
Array:
FromUserName : gh_87c9b624047c ;
ToUserName : oKap7wRrwTfruDo127IqSvNfyezQ ;
MsgType : news ;
ArticleCount : 1 ;
Articles : Array ;

2016-05-28 19:42:43 trace :
------------
String:
<xml><ToUserName><![CDATA[gh_87c9b624047c]]></ToUserName>
<FromUserName><![CDATA[oKap7wZe5IWO1MQmeRhAP2Bwz2Xo]]></FromUserName>
<CreateTime>1464435763</CreateTime>
<MsgType><![CDATA[event]]></MsgType>
<Event><![CDATA[unsubscribe]]></Event>
<EventKey><![CDATA[]]></EventKey>
</xml>

2016-05-28 19:45:49 trace :
------------
String:
<xml><ToUserName><![CDATA[gh_87c9b624047c]]></ToUserName>
<FromUserName><![CDATA[oKap7wZdBY-ofuCsybZx-PIi1tlA]]></FromUserName>
<CreateTime>1464435949</CreateTime>
<MsgType><![CDATA[event]]></MsgType>
<Event><![CDATA[CLICK]]></Event>
<EventKey><![CDATA[刮刮卡]]></EventKey>
</xml>

2016-05-28 19:45:49 params :
------------
Array:
message : Array ;
module : stonefish_scratch ;
rule : 48 ;
priority : 0 ;
keyword : Array ;

2016-05-28 19:45:49 response :
------------
Array:
FromUserName : gh_87c9b624047c ;
ToUserName : oKap7wZdBY-ofuCsybZx-PIi1tlA ;
MsgType : news ;
ArticleCount : 1 ;
Articles : Array ;

