2016-04-13 12:56:32 trace :
------------
String:
<xml><ToUserName><![CDATA[gh_b75bad3e9d82]]></ToUserName>
<FromUserName><![CDATA[oH51jwz8DjMTSD9FRwpx3seEKrl8]]></FromUserName>
<CreateTime>1460523392</CreateTime>
<MsgType><![CDATA[event]]></MsgType>
<Event><![CDATA[MASSSENDJOBFINISH]]></Event>
<MsgID>402837225</MsgID>
<Status><![CDATA[send success]]></Status>
<TotalCount>161</TotalCount>
<FilterCount>161</FilterCount>
<SentCount>161</SentCount>
<ErrorCount>0</ErrorCount>
</xml>

2016-04-13 12:56:32 params :
------------
Array:
rule : -2 ;
module :  ;
message : Array ;

2016-04-13 12:56:32 response :
------------

