2016-06-04 08:51:02 trace :
------------
String:
<xml><ToUserName><![CDATA[gh_87c9b624047c]]></ToUserName>
<FromUserName><![CDATA[oKap7wXjrPWBLrRLDu5tdoLT9-3M]]></FromUserName>
<CreateTime>1465001462</CreateTime>
<MsgType><![CDATA[event]]></MsgType>
<Event><![CDATA[subscribe]]></Event>
<EventKey><![CDATA[]]></EventKey>
</xml>

2016-06-04 08:51:02 params :
------------
Array:
message : Array ;
module : news ;
rule : 55 ;
priority : 0 ;
keyword : Array ;

2016-06-04 08:51:02 response :
------------
Array:
FromUserName : gh_87c9b624047c ;
ToUserName : oKap7wXjrPWBLrRLDu5tdoLT9-3M ;
MsgType : news ;
ArticleCount : 3 ;
Articles : Array ;

2016-06-04 08:51:06 trace :
------------
String:
<xml><ToUserName><![CDATA[gh_87c9b624047c]]></ToUserName>
<FromUserName><![CDATA[oKap7wXjrPWBLrRLDu5tdoLT9-3M]]></FromUserName>
<CreateTime>1465001466</CreateTime>
<MsgType><![CDATA[event]]></MsgType>
<Event><![CDATA[CLICK]]></Event>
<EventKey><![CDATA[每天摇一摇]]></EventKey>
</xml>

2016-06-04 08:51:06 params :
------------
Array:
message : Array ;
module : mon_qmshake ;
rule : 54 ;
priority : 0 ;
keyword : Array ;

2016-06-04 08:51:06 response :
------------
Array:
FromUserName : gh_87c9b624047c ;
ToUserName : oKap7wXjrPWBLrRLDu5tdoLT9-3M ;
MsgType : news ;
ArticleCount : 1 ;
Articles : Array ;

2016-06-04 08:52:33 trace :
------------
String:
<xml><ToUserName><![CDATA[gh_87c9b624047c]]></ToUserName>
<FromUserName><![CDATA[oKap7wXjrPWBLrRLDu5tdoLT9-3M]]></FromUserName>
<CreateTime>1465001552</CreateTime>
<MsgType><![CDATA[event]]></MsgType>
<Event><![CDATA[CLICK]]></Event>
<EventKey><![CDATA[刮刮卡]]></EventKey>
</xml>

2016-06-04 08:52:33 params :
------------
Array:
message : Array ;
module : stonefish_scratch ;
rule : 48 ;
priority : 0 ;
keyword : Array ;

2016-06-04 08:52:33 response :
------------
Array:
FromUserName : gh_87c9b624047c ;
ToUserName : oKap7wXjrPWBLrRLDu5tdoLT9-3M ;
MsgType : news ;
ArticleCount : 1 ;
Articles : Array ;

2016-06-04 08:53:15 trace :
------------
String:
<xml><ToUserName><![CDATA[gh_87c9b624047c]]></ToUserName>
<FromUserName><![CDATA[oKap7wXjrPWBLrRLDu5tdoLT9-3M]]></FromUserName>
<CreateTime>1465001594</CreateTime>
<MsgType><![CDATA[event]]></MsgType>
<Event><![CDATA[CLICK]]></Event>
<EventKey><![CDATA[酒店地址]]></EventKey>
</xml>

2016-06-04 08:53:15 params :
------------
Array:
message : Array ;
module : cover ;
rule : 56 ;
priority : 0 ;
keyword : Array ;

2016-06-04 08:53:15 response :
------------
Array:
FromUserName : gh_87c9b624047c ;
ToUserName : oKap7wXjrPWBLrRLDu5tdoLT9-3M ;
MsgType : news ;
ArticleCount : 1 ;
Articles : Array ;

2016-06-04 08:53:33 trace :
------------
String:
<xml><ToUserName><![CDATA[gh_87c9b624047c]]></ToUserName>
<FromUserName><![CDATA[oKap7wXjrPWBLrRLDu5tdoLT9-3M]]></FromUserName>
<CreateTime>1465001613</CreateTime>
<MsgType><![CDATA[event]]></MsgType>
<Event><![CDATA[unsubscribe]]></Event>
<EventKey><![CDATA[]]></EventKey>
</xml>

2016-06-04 10:39:19 trace :
------------
String:
<xml><ToUserName><![CDATA[gh_87c9b624047c]]></ToUserName>
<FromUserName><![CDATA[oKap7wQmLfoQ4YSzy1FMSz0-utHc]]></FromUserName>
<CreateTime>1465007959</CreateTime>
<MsgType><![CDATA[event]]></MsgType>
<Event><![CDATA[VIEW]]></Event>
<EventKey><![CDATA[http://show.artels.cn/v-U70510PXM38WA3X5?eqrcode=1]]></EventKey>
<MenuId>503253745</MenuId>
</xml>

2016-06-04 10:39:19 params :
------------
Array:
rule : -2 ;
module :  ;
message : Array ;

2016-06-04 10:39:19 response :
------------

2016-06-04 11:10:03 trace :
------------
String:
<xml><ToUserName><![CDATA[gh_87c9b624047c]]></ToUserName>
<FromUserName><![CDATA[oKap7wd6jIMUA1O22F_PEBPsV9cM]]></FromUserName>
<CreateTime>1465009803</CreateTime>
<MsgType><![CDATA[event]]></MsgType>
<Event><![CDATA[subscribe]]></Event>
<EventKey><![CDATA[]]></EventKey>
</xml>

2016-06-04 11:10:03 params :
------------
Array:
message : Array ;
module : news ;
rule : 55 ;
priority : 0 ;
keyword : Array ;

2016-06-04 11:10:03 response :
------------
Array:
FromUserName : gh_87c9b624047c ;
ToUserName : oKap7wd6jIMUA1O22F_PEBPsV9cM ;
MsgType : news ;
ArticleCount : 3 ;
Articles : Array ;

2016-06-04 11:10:08 trace :
------------
String:
<xml><ToUserName><![CDATA[gh_87c9b624047c]]></ToUserName>
<FromUserName><![CDATA[oKap7wd6jIMUA1O22F_PEBPsV9cM]]></FromUserName>
<CreateTime>1465009807</CreateTime>
<MsgType><![CDATA[event]]></MsgType>
<Event><![CDATA[VIEW]]></Event>
<EventKey><![CDATA[http://show.artels.cn/v-U70510PXM38WA3X5?eqrcode=1]]></EventKey>
<MenuId>503253745</MenuId>
</xml>

2016-06-04 11:10:08 params :
------------
Array:
rule : -2 ;
module :  ;
message : Array ;

2016-06-04 11:10:08 response :
------------

2016-06-04 12:36:01 trace :
------------
String:
<xml><ToUserName><![CDATA[gh_87c9b624047c]]></ToUserName>
<FromUserName><![CDATA[oKap7wd8seEAeabV7Is_n1OmzZqg]]></FromUserName>
<CreateTime>1465014961</CreateTime>
<MsgType><![CDATA[event]]></MsgType>
<Event><![CDATA[CLICK]]></Event>
<EventKey><![CDATA[酒店地址]]></EventKey>
</xml>

2016-06-04 12:36:01 params :
------------
Array:
message : Array ;
module : cover ;
rule : 56 ;
priority : 0 ;
keyword : Array ;

2016-06-04 12:36:01 response :
------------
Array:
FromUserName : gh_87c9b624047c ;
ToUserName : oKap7wd8seEAeabV7Is_n1OmzZqg ;
MsgType : news ;
ArticleCount : 1 ;
Articles : Array ;

2016-06-04 12:36:04 trace :
------------
String:
<xml><ToUserName><![CDATA[gh_87c9b624047c]]></ToUserName>
<FromUserName><![CDATA[oKap7wd8seEAeabV7Is_n1OmzZqg]]></FromUserName>
<CreateTime>1465014964</CreateTime>
<MsgType><![CDATA[event]]></MsgType>
<Event><![CDATA[CLICK]]></Event>
<EventKey><![CDATA[一键导航]]></EventKey>
</xml>

2016-06-04 12:36:04 params :
------------
Array:
message : Array ;
module : yhc_onenavi ;
rule : 58 ;
priority : 0 ;
keyword : Array ;

2016-06-04 12:36:04 response :
------------
Array:
FromUserName : gh_87c9b624047c ;
ToUserName : oKap7wd8seEAeabV7Is_n1OmzZqg ;
MsgType : news ;
ArticleCount : 1 ;
Articles : Array ;

2016-06-04 12:36:16 trace :
------------
String:
<xml><ToUserName><![CDATA[gh_87c9b624047c]]></ToUserName>
<FromUserName><![CDATA[oKap7wd8seEAeabV7Is_n1OmzZqg]]></FromUserName>
<CreateTime>1465014976</CreateTime>
<MsgType><![CDATA[event]]></MsgType>
<Event><![CDATA[VIEW]]></Event>
<EventKey><![CDATA[http://show.artels.cn/v-U70510PXM38WA3X5?eqrcode=1]]></EventKey>
<MenuId>503253745</MenuId>
</xml>

2016-06-04 12:36:16 params :
------------
Array:
rule : -2 ;
module :  ;
message : Array ;

2016-06-04 12:36:16 response :
------------

2016-06-04 12:36:25 trace :
------------
String:
<xml><ToUserName><![CDATA[gh_87c9b624047c]]></ToUserName>
<FromUserName><![CDATA[oKap7wd8seEAeabV7Is_n1OmzZqg]]></FromUserName>
<CreateTime>1465014984</CreateTime>
<MsgType><![CDATA[event]]></MsgType>
<Event><![CDATA[VIEW]]></Event>
<EventKey><![CDATA[http://show.artels.cn/v-U70510PXM38WA3X5?eqrcode=1]]></EventKey>
<MenuId>503253745</MenuId>
</xml>

2016-06-04 12:36:25 params :
------------
Array:
rule : -2 ;
module :  ;
message : Array ;

2016-06-04 12:36:25 response :
------------

2016-06-04 12:36:46 trace :
------------
String:
<xml><ToUserName><![CDATA[gh_87c9b624047c]]></ToUserName>
<FromUserName><![CDATA[oKap7wd8seEAeabV7Is_n1OmzZqg]]></FromUserName>
<CreateTime>1465015006</CreateTime>
<MsgType><![CDATA[event]]></MsgType>
<Event><![CDATA[CLICK]]></Event>
<EventKey><![CDATA[刮刮卡]]></EventKey>
</xml>

2016-06-04 12:36:46 params :
------------
Array:
message : Array ;
module : stonefish_scratch ;
rule : 48 ;
priority : 0 ;
keyword : Array ;

2016-06-04 12:36:46 response :
------------
Array:
FromUserName : gh_87c9b624047c ;
ToUserName : oKap7wd8seEAeabV7Is_n1OmzZqg ;
MsgType : news ;
ArticleCount : 1 ;
Articles : Array ;

2016-06-04 12:36:58 trace :
------------
String:
<xml><ToUserName><![CDATA[gh_87c9b624047c]]></ToUserName>
<FromUserName><![CDATA[oKap7wd8seEAeabV7Is_n1OmzZqg]]></FromUserName>
<CreateTime>1465015017</CreateTime>
<MsgType><![CDATA[event]]></MsgType>
<Event><![CDATA[CLICK]]></Event>
<EventKey><![CDATA[每天摇一摇]]></EventKey>
</xml>

2016-06-04 12:36:58 params :
------------
Array:
message : Array ;
module : mon_qmshake ;
rule : 54 ;
priority : 0 ;
keyword : Array ;

2016-06-04 12:36:58 response :
------------
Array:
FromUserName : gh_87c9b624047c ;
ToUserName : oKap7wd8seEAeabV7Is_n1OmzZqg ;
MsgType : news ;
ArticleCount : 1 ;
Articles : Array ;

2016-06-04 12:42:36 trace :
------------
String:
<xml><ToUserName><![CDATA[gh_87c9b624047c]]></ToUserName>
<FromUserName><![CDATA[oKap7wd8seEAeabV7Is_n1OmzZqg]]></FromUserName>
<CreateTime>1465015356</CreateTime>
<MsgType><![CDATA[event]]></MsgType>
<Event><![CDATA[VIEW]]></Event>
<EventKey><![CDATA[http://appsnap.weixinprint.com/vins/netPrintCloud1?publicUserId=86116&type=1]]></EventKey>
<MenuId>503253745</MenuId>
</xml>

2016-06-04 12:42:36 params :
------------
Array:
rule : -2 ;
module :  ;
message : Array ;

2016-06-04 12:42:36 response :
------------

2016-06-04 15:09:05 trace :
------------
String:
<xml><ToUserName><![CDATA[gh_87c9b624047c]]></ToUserName>
<FromUserName><![CDATA[oKap7wblzsg0-FrcyKrWN3W5cB78]]></FromUserName>
<CreateTime>1465024145</CreateTime>
<MsgType><![CDATA[event]]></MsgType>
<Event><![CDATA[subscribe]]></Event>
<EventKey><![CDATA[]]></EventKey>
</xml>

2016-06-04 15:09:05 params :
------------
Array:
message : Array ;
module : news ;
rule : 55 ;
priority : 0 ;
keyword : Array ;

2016-06-04 15:09:05 response :
------------
Array:
FromUserName : gh_87c9b624047c ;
ToUserName : oKap7wblzsg0-FrcyKrWN3W5cB78 ;
MsgType : news ;
ArticleCount : 3 ;
Articles : Array ;

2016-06-04 15:09:38 trace :
------------
String:
<xml><ToUserName><![CDATA[gh_87c9b624047c]]></ToUserName>
<FromUserName><![CDATA[oKap7wUMR6EizOQjxncyZpDDilNw]]></FromUserName>
<CreateTime>1465024177</CreateTime>
<MsgType><![CDATA[event]]></MsgType>
<Event><![CDATA[subscribe]]></Event>
<EventKey><![CDATA[]]></EventKey>
</xml>

2016-06-04 15:09:38 params :
------------
Array:
message : Array ;
module : news ;
rule : 55 ;
priority : 0 ;
keyword : Array ;

2016-06-04 15:09:38 response :
------------
Array:
FromUserName : gh_87c9b624047c ;
ToUserName : oKap7wUMR6EizOQjxncyZpDDilNw ;
MsgType : news ;
ArticleCount : 3 ;
Articles : Array ;

2016-06-04 15:14:17 trace :
------------
String:
<xml><ToUserName><![CDATA[gh_87c9b624047c]]></ToUserName>
<FromUserName><![CDATA[oKap7wblzsg0-FrcyKrWN3W5cB78]]></FromUserName>
<CreateTime>1465024457</CreateTime>
<MsgType><![CDATA[event]]></MsgType>
<Event><![CDATA[SCAN]]></Event>
<EventKey><![CDATA[100002]]></EventKey>
<Ticket><![CDATA[gQGg8DoAAAAAAAAAASxodHRwOi8vd2VpeGluLnFxLmNvbS9xL3NUb3BOODdsUi13X3FOWTJxQlR0AAIEM4o8VwMEAI0nAA==]]></Ticket>
</xml>

2016-06-04 15:14:17 params :
------------
Array:
message : Array ;
module : wdl_bigwheel ;
rule : 50 ;
priority : 0 ;
keyword : Array ;

2016-06-04 15:14:17 response :
------------
Array:
FromUserName : gh_87c9b624047c ;
ToUserName : oKap7wblzsg0-FrcyKrWN3W5cB78 ;
MsgType : news ;
ArticleCount : 1 ;
Articles : Array ;

2016-06-04 15:14:38 trace :
------------
String:
<xml><ToUserName><![CDATA[gh_87c9b624047c]]></ToUserName>
<FromUserName><![CDATA[oKap7wUMR6EizOQjxncyZpDDilNw]]></FromUserName>
<CreateTime>1465024478</CreateTime>
<MsgType><![CDATA[event]]></MsgType>
<Event><![CDATA[SCAN]]></Event>
<EventKey><![CDATA[100002]]></EventKey>
<Ticket><![CDATA[gQGg8DoAAAAAAAAAASxodHRwOi8vd2VpeGluLnFxLmNvbS9xL3NUb3BOODdsUi13X3FOWTJxQlR0AAIEM4o8VwMEAI0nAA==]]></Ticket>
</xml>

2016-06-04 15:14:39 params :
------------
Array:
message : Array ;
module : wdl_bigwheel ;
rule : 50 ;
priority : 0 ;
keyword : Array ;

2016-06-04 15:14:39 response :
------------
Array:
FromUserName : gh_87c9b624047c ;
ToUserName : oKap7wUMR6EizOQjxncyZpDDilNw ;
MsgType : news ;
ArticleCount : 1 ;
Articles : Array ;

2016-06-04 15:15:37 trace :
------------
String:
<xml><ToUserName><![CDATA[gh_87c9b624047c]]></ToUserName>
<FromUserName><![CDATA[oKap7wblzsg0-FrcyKrWN3W5cB78]]></FromUserName>
<CreateTime>1465024537</CreateTime>
<MsgType><![CDATA[event]]></MsgType>
<Event><![CDATA[SCAN]]></Event>
<EventKey><![CDATA[100001]]></EventKey>
<Ticket><![CDATA[gQGd8DoAAAAAAAAAASxodHRwOi8vd2VpeGluLnFxLmNvbS9xL3BqcGVENnJsTXZ4TDQ4RU0zeFR0AAIEIog8VwMEAI0nAA==]]></Ticket>
</xml>

2016-06-04 15:15:37 params :
------------
Array:
message : Array ;
module : mon_qmshake ;
rule : 54 ;
priority : 0 ;
keyword : Array ;

2016-06-04 15:15:37 response :
------------
Array:
FromUserName : gh_87c9b624047c ;
ToUserName : oKap7wblzsg0-FrcyKrWN3W5cB78 ;
MsgType : news ;
ArticleCount : 1 ;
Articles : Array ;

2016-06-04 15:17:17 trace :
------------
String:
<xml><ToUserName><![CDATA[gh_87c9b624047c]]></ToUserName>
<FromUserName><![CDATA[oKap7wUMR6EizOQjxncyZpDDilNw]]></FromUserName>
<CreateTime>1465024636</CreateTime>
<MsgType><![CDATA[event]]></MsgType>
<Event><![CDATA[SCAN]]></Event>
<EventKey><![CDATA[100001]]></EventKey>
<Ticket><![CDATA[gQGd8DoAAAAAAAAAASxodHRwOi8vd2VpeGluLnFxLmNvbS9xL3BqcGVENnJsTXZ4TDQ4RU0zeFR0AAIEIog8VwMEAI0nAA==]]></Ticket>
</xml>

2016-06-04 15:17:17 params :
------------
Array:
message : Array ;
module : mon_qmshake ;
rule : 54 ;
priority : 0 ;
keyword : Array ;

2016-06-04 15:17:17 response :
------------
Array:
FromUserName : gh_87c9b624047c ;
ToUserName : oKap7wUMR6EizOQjxncyZpDDilNw ;
MsgType : news ;
ArticleCount : 1 ;
Articles : Array ;

2016-06-04 15:19:30 trace :
------------
String:
<xml><ToUserName><![CDATA[gh_87c9b624047c]]></ToUserName>
<FromUserName><![CDATA[oKap7wUMR6EizOQjxncyZpDDilNw]]></FromUserName>
<CreateTime>1465024770</CreateTime>
<MsgType><![CDATA[event]]></MsgType>
<Event><![CDATA[unsubscribe]]></Event>
<EventKey><![CDATA[]]></EventKey>
</xml>

2016-06-04 15:22:12 trace :
------------
String:
<xml><ToUserName><![CDATA[gh_87c9b624047c]]></ToUserName>
<FromUserName><![CDATA[oKap7weK7BK9z_Pak5J6rKZXk3A0]]></FromUserName>
<CreateTime>1465024932</CreateTime>
<MsgType><![CDATA[event]]></MsgType>
<Event><![CDATA[subscribe]]></Event>
<EventKey><![CDATA[]]></EventKey>
</xml>

2016-06-04 15:22:12 params :
------------
Array:
message : Array ;
module : news ;
rule : 55 ;
priority : 0 ;
keyword : Array ;

2016-06-04 15:22:12 response :
------------
Array:
FromUserName : gh_87c9b624047c ;
ToUserName : oKap7weK7BK9z_Pak5J6rKZXk3A0 ;
MsgType : news ;
ArticleCount : 3 ;
Articles : Array ;

2016-06-04 15:23:03 trace :
------------
String:
<xml><ToUserName><![CDATA[gh_87c9b624047c]]></ToUserName>
<FromUserName><![CDATA[oKap7weK7BK9z_Pak5J6rKZXk3A0]]></FromUserName>
<CreateTime>1465024983</CreateTime>
<MsgType><![CDATA[event]]></MsgType>
<Event><![CDATA[SCAN]]></Event>
<EventKey><![CDATA[100001]]></EventKey>
<Ticket><![CDATA[gQGd8DoAAAAAAAAAASxodHRwOi8vd2VpeGluLnFxLmNvbS9xL3BqcGVENnJsTXZ4TDQ4RU0zeFR0AAIEIog8VwMEAI0nAA==]]></Ticket>
</xml>

2016-06-04 15:23:03 params :
------------
Array:
message : Array ;
module : mon_qmshake ;
rule : 54 ;
priority : 0 ;
keyword : Array ;

2016-06-04 15:23:03 response :
------------
Array:
FromUserName : gh_87c9b624047c ;
ToUserName : oKap7weK7BK9z_Pak5J6rKZXk3A0 ;
MsgType : news ;
ArticleCount : 1 ;
Articles : Array ;

2016-06-04 15:24:31 trace :
------------
String:
<xml><ToUserName><![CDATA[gh_87c9b624047c]]></ToUserName>
<FromUserName><![CDATA[oKap7weK7BK9z_Pak5J6rKZXk3A0]]></FromUserName>
<CreateTime>1465025071</CreateTime>
<MsgType><![CDATA[event]]></MsgType>
<Event><![CDATA[SCAN]]></Event>
<EventKey><![CDATA[100002]]></EventKey>
<Ticket><![CDATA[gQGg8DoAAAAAAAAAASxodHRwOi8vd2VpeGluLnFxLmNvbS9xL3NUb3BOODdsUi13X3FOWTJxQlR0AAIEM4o8VwMEAI0nAA==]]></Ticket>
</xml>

2016-06-04 15:24:31 params :
------------
Array:
message : Array ;
module : wdl_bigwheel ;
rule : 50 ;
priority : 0 ;
keyword : Array ;

2016-06-04 15:24:31 response :
------------
Array:
FromUserName : gh_87c9b624047c ;
ToUserName : oKap7weK7BK9z_Pak5J6rKZXk3A0 ;
MsgType : news ;
ArticleCount : 1 ;
Articles : Array ;

2016-06-04 19:21:38 trace :
------------
String:
<xml><ToUserName><![CDATA[gh_87c9b624047c]]></ToUserName>
<FromUserName><![CDATA[oKap7wQLcNbwJFMwXq_TAeREYTjk]]></FromUserName>
<CreateTime>1465039298</CreateTime>
<MsgType><![CDATA[event]]></MsgType>
<Event><![CDATA[CLICK]]></Event>
<EventKey><![CDATA[一键导航]]></EventKey>
</xml>

2016-06-04 19:21:38 params :
------------
Array:
message : Array ;
module : yhc_onenavi ;
rule : 58 ;
priority : 0 ;
keyword : Array ;

2016-06-04 19:21:38 response :
------------
Array:
FromUserName : gh_87c9b624047c ;
ToUserName : oKap7wQLcNbwJFMwXq_TAeREYTjk ;
MsgType : news ;
ArticleCount : 1 ;
Articles : Array ;

2016-06-04 19:21:47 trace :
------------
String:
<xml><ToUserName><![CDATA[gh_87c9b624047c]]></ToUserName>
<FromUserName><![CDATA[oKap7wQLcNbwJFMwXq_TAeREYTjk]]></FromUserName>
<CreateTime>1465039307</CreateTime>
<MsgType><![CDATA[event]]></MsgType>
<Event><![CDATA[VIEW]]></Event>
<EventKey><![CDATA[http://show.artels.cn/v-U70510PXM38WA3X5?eqrcode=1]]></EventKey>
<MenuId>503253745</MenuId>
</xml>

2016-06-04 19:21:47 params :
------------
Array:
rule : -2 ;
module :  ;
message : Array ;

2016-06-04 19:21:47 response :
------------

2016-06-04 20:13:17 trace :
------------
String:
<xml><ToUserName><![CDATA[gh_87c9b624047c]]></ToUserName>
<FromUserName><![CDATA[oKap7wUgRWxW3oVE4qmQgZ5ylNN4]]></FromUserName>
<CreateTime>1465042396</CreateTime>
<MsgType><![CDATA[event]]></MsgType>
<Event><![CDATA[subscribe]]></Event>
<EventKey><![CDATA[]]></EventKey>
</xml>

2016-06-04 20:13:17 params :
------------
Array:
message : Array ;
module : news ;
rule : 55 ;
priority : 0 ;
keyword : Array ;

2016-06-04 20:13:17 response :
------------
Array:
FromUserName : gh_87c9b624047c ;
ToUserName : oKap7wUgRWxW3oVE4qmQgZ5ylNN4 ;
MsgType : news ;
ArticleCount : 3 ;
Articles : Array ;

2016-06-04 20:15:31 trace :
------------
String:
<xml><ToUserName><![CDATA[gh_87c9b624047c]]></ToUserName>
<FromUserName><![CDATA[oKap7wUgRWxW3oVE4qmQgZ5ylNN4]]></FromUserName>
<CreateTime>1465042531</CreateTime>
<MsgType><![CDATA[event]]></MsgType>
<Event><![CDATA[VIEW]]></Event>
<EventKey><![CDATA[http://show.artels.cn/v-U70510PXM38WA3X5?eqrcode=1]]></EventKey>
<MenuId>503253745</MenuId>
</xml>

2016-06-04 20:15:31 params :
------------
Array:
rule : -2 ;
module :  ;
message : Array ;

2016-06-04 20:15:31 response :
------------

2016-06-04 20:18:00 trace :
------------
String:
<xml><ToUserName><![CDATA[gh_87c9b624047c]]></ToUserName>
<FromUserName><![CDATA[oKap7wUgRWxW3oVE4qmQgZ5ylNN4]]></FromUserName>
<CreateTime>1465042680</CreateTime>
<MsgType><![CDATA[text]]></MsgType>
<Content><![CDATA[如何订房？]]></Content>
<MsgId>6292310398347505287</MsgId>
</xml>

2016-06-04 20:18:00 params :
------------
Array:
rule : -2 ;
module :  ;
message : Array ;

2016-06-04 20:18:00 response :
------------

2016-06-04 20:18:27 trace :
------------
String:
<xml><ToUserName><![CDATA[gh_87c9b624047c]]></ToUserName>
<FromUserName><![CDATA[oKap7wUgRWxW3oVE4qmQgZ5ylNN4]]></FromUserName>
<CreateTime>1465042707</CreateTime>
<MsgType><![CDATA[event]]></MsgType>
<Event><![CDATA[CLICK]]></Event>
<EventKey><![CDATA[刮刮卡]]></EventKey>
</xml>

2016-06-04 20:18:27 params :
------------
Array:
message : Array ;
module : stonefish_scratch ;
rule : 48 ;
priority : 0 ;
keyword : Array ;

2016-06-04 20:18:27 response :
------------
Array:
FromUserName : gh_87c9b624047c ;
ToUserName : oKap7wUgRWxW3oVE4qmQgZ5ylNN4 ;
MsgType : news ;
ArticleCount : 1 ;
Articles : Array ;

2016-06-04 20:19:14 trace :
------------
String:
<xml><ToUserName><![CDATA[gh_87c9b624047c]]></ToUserName>
<FromUserName><![CDATA[oKap7wUgRWxW3oVE4qmQgZ5ylNN4]]></FromUserName>
<CreateTime>1465042754</CreateTime>
<MsgType><![CDATA[event]]></MsgType>
<Event><![CDATA[SCAN]]></Event>
<EventKey><![CDATA[100002]]></EventKey>
<Ticket><![CDATA[gQGg8DoAAAAAAAAAASxodHRwOi8vd2VpeGluLnFxLmNvbS9xL3NUb3BOODdsUi13X3FOWTJxQlR0AAIEM4o8VwMEAI0nAA==]]></Ticket>
</xml>

2016-06-04 20:19:14 params :
------------
Array:
message : Array ;
module : wdl_bigwheel ;
rule : 50 ;
priority : 0 ;
keyword : Array ;

2016-06-04 20:19:14 response :
------------
Array:
FromUserName : gh_87c9b624047c ;
ToUserName : oKap7wUgRWxW3oVE4qmQgZ5ylNN4 ;
MsgType : news ;
ArticleCount : 1 ;
Articles : Array ;

