2016-06-16 07:04:21 trace :
------------
String:
<xml><ToUserName><![CDATA[gh_87c9b624047c]]></ToUserName>
<FromUserName><![CDATA[oKap7wZZlzkVpOvwbjsweAn260Ic]]></FromUserName>
<CreateTime>1466031861</CreateTime>
<MsgType><![CDATA[event]]></MsgType>
<Event><![CDATA[CLICK]]></Event>
<EventKey><![CDATA[刮刮卡]]></EventKey>
</xml>

2016-06-16 07:04:21 params :
------------
Array:
message : Array ;
module : stonefish_scratch ;
rule : 48 ;
priority : 0 ;
keyword : Array ;

2016-06-16 07:04:21 response :
------------
Array:
FromUserName : gh_87c9b624047c ;
ToUserName : oKap7wZZlzkVpOvwbjsweAn260Ic ;
MsgType : news ;
ArticleCount : 1 ;
Articles : Array ;

2016-06-16 10:55:26 trace :
------------
String:
<xml><ToUserName><![CDATA[gh_87c9b624047c]]></ToUserName>
<FromUserName><![CDATA[oKap7wXGQHEZ2lqLvDq9KvgfII7Y]]></FromUserName>
<CreateTime>1466045726</CreateTime>
<MsgType><![CDATA[event]]></MsgType>
<Event><![CDATA[subscribe]]></Event>
<EventKey><![CDATA[]]></EventKey>
</xml>

2016-06-16 10:55:26 params :
------------
Array:
message : Array ;
module : news ;
rule : 55 ;
priority : 0 ;
keyword : Array ;

2016-06-16 10:55:26 response :
------------
Array:
FromUserName : gh_87c9b624047c ;
ToUserName : oKap7wXGQHEZ2lqLvDq9KvgfII7Y ;
MsgType : news ;
ArticleCount : 3 ;
Articles : Array ;

2016-06-16 10:56:20 trace :
------------
String:
<xml><ToUserName><![CDATA[gh_87c9b624047c]]></ToUserName>
<FromUserName><![CDATA[oKap7weNkhE9Aq-Oxu1vFFFY7Y6Y]]></FromUserName>
<CreateTime>1466045780</CreateTime>
<MsgType><![CDATA[event]]></MsgType>
<Event><![CDATA[CLICK]]></Event>
<EventKey><![CDATA[刮刮卡]]></EventKey>
</xml>

2016-06-16 10:56:20 params :
------------
Array:
message : Array ;
module : stonefish_scratch ;
rule : 48 ;
priority : 0 ;
keyword : Array ;

2016-06-16 10:56:20 response :
------------
Array:
FromUserName : gh_87c9b624047c ;
ToUserName : oKap7weNkhE9Aq-Oxu1vFFFY7Y6Y ;
MsgType : news ;
ArticleCount : 1 ;
Articles : Array ;

2016-06-16 10:56:23 trace :
------------
String:
<xml><ToUserName><![CDATA[gh_87c9b624047c]]></ToUserName>
<FromUserName><![CDATA[oKap7weNkhE9Aq-Oxu1vFFFY7Y6Y]]></FromUserName>
<CreateTime>1466045782</CreateTime>
<MsgType><![CDATA[event]]></MsgType>
<Event><![CDATA[CLICK]]></Event>
<EventKey><![CDATA[刮刮卡]]></EventKey>
</xml>

2016-06-16 10:56:23 params :
------------
Array:
message : Array ;
module : stonefish_scratch ;
rule : 48 ;
priority : 0 ;
keyword : Array ;

2016-06-16 10:56:23 response :
------------
Array:
FromUserName : gh_87c9b624047c ;
ToUserName : oKap7weNkhE9Aq-Oxu1vFFFY7Y6Y ;
MsgType : news ;
ArticleCount : 1 ;
Articles : Array ;

2016-06-16 10:57:39 trace :
------------
String:
<xml><ToUserName><![CDATA[gh_87c9b624047c]]></ToUserName>
<FromUserName><![CDATA[oKap7wd1b3cHtOYVqEzERibYPSGk]]></FromUserName>
<CreateTime>1466045859</CreateTime>
<MsgType><![CDATA[event]]></MsgType>
<Event><![CDATA[subscribe]]></Event>
<EventKey><![CDATA[]]></EventKey>
</xml>

2016-06-16 10:57:39 params :
------------
Array:
message : Array ;
module : news ;
rule : 55 ;
priority : 0 ;
keyword : Array ;

2016-06-16 10:57:39 response :
------------
Array:
FromUserName : gh_87c9b624047c ;
ToUserName : oKap7wd1b3cHtOYVqEzERibYPSGk ;
MsgType : news ;
ArticleCount : 3 ;
Articles : Array ;

2016-06-16 11:00:24 trace :
------------
String:
<xml><ToUserName><![CDATA[gh_87c9b624047c]]></ToUserName>
<FromUserName><![CDATA[oKap7wXKZzpysW2llmnjtL9l2aWQ]]></FromUserName>
<CreateTime>1466046024</CreateTime>
<MsgType><![CDATA[event]]></MsgType>
<Event><![CDATA[subscribe]]></Event>
<EventKey><![CDATA[]]></EventKey>
</xml>

2016-06-16 11:00:24 params :
------------
Array:
message : Array ;
module : news ;
rule : 55 ;
priority : 0 ;
keyword : Array ;

2016-06-16 11:00:24 response :
------------
Array:
FromUserName : gh_87c9b624047c ;
ToUserName : oKap7wXKZzpysW2llmnjtL9l2aWQ ;
MsgType : news ;
ArticleCount : 3 ;
Articles : Array ;

2016-06-16 11:00:39 trace :
------------
String:
<xml><ToUserName><![CDATA[gh_87c9b624047c]]></ToUserName>
<FromUserName><![CDATA[oKap7wXGQHEZ2lqLvDq9KvgfII7Y]]></FromUserName>
<CreateTime>1466046039</CreateTime>
<MsgType><![CDATA[event]]></MsgType>
<Event><![CDATA[VIEW]]></Event>
<EventKey><![CDATA[http://show.artels.cn/v-U70510PXM38WA3X5?eqrcode=1]]></EventKey>
<MenuId>503253745</MenuId>
</xml>

2016-06-16 11:00:39 params :
------------
Array:
rule : -2 ;
module :  ;
message : Array ;

2016-06-16 11:00:39 response :
------------

2016-06-16 11:01:06 trace :
------------
String:
<xml><ToUserName><![CDATA[gh_87c9b624047c]]></ToUserName>
<FromUserName><![CDATA[oKap7wXGQHEZ2lqLvDq9KvgfII7Y]]></FromUserName>
<CreateTime>1466046066</CreateTime>
<MsgType><![CDATA[event]]></MsgType>
<Event><![CDATA[SCAN]]></Event>
<EventKey><![CDATA[100001]]></EventKey>
<Ticket><![CDATA[gQGd8DoAAAAAAAAAASxodHRwOi8vd2VpeGluLnFxLmNvbS9xL3BqcGVENnJsTXZ4TDQ4RU0zeFR0AAIEIog8VwMEAI0nAA==]]></Ticket>
</xml>

2016-06-16 11:01:06 params :
------------
Array:
message : Array ;
module : mon_qmshake ;
rule : 54 ;
priority : 0 ;
keyword : Array ;

2016-06-16 11:01:06 response :
------------
Array:
FromUserName : gh_87c9b624047c ;
ToUserName : oKap7wXGQHEZ2lqLvDq9KvgfII7Y ;
MsgType : news ;
ArticleCount : 1 ;
Articles : Array ;

2016-06-16 11:07:02 trace :
------------
String:
<xml><ToUserName><![CDATA[gh_87c9b624047c]]></ToUserName>
<FromUserName><![CDATA[oKap7waxSfCbyfhi1IXu4qmf7ZU8]]></FromUserName>
<CreateTime>1466046422</CreateTime>
<MsgType><![CDATA[event]]></MsgType>
<Event><![CDATA[CLICK]]></Event>
<EventKey><![CDATA[刮刮卡]]></EventKey>
</xml>

2016-06-16 11:07:02 params :
------------
Array:
message : Array ;
module : stonefish_scratch ;
rule : 48 ;
priority : 0 ;
keyword : Array ;

2016-06-16 11:07:02 response :
------------
Array:
FromUserName : gh_87c9b624047c ;
ToUserName : oKap7waxSfCbyfhi1IXu4qmf7ZU8 ;
MsgType : news ;
ArticleCount : 1 ;
Articles : Array ;

2016-06-16 11:13:54 trace :
------------
String:
<xml><ToUserName><![CDATA[gh_87c9b624047c]]></ToUserName>
<FromUserName><![CDATA[oKap7wQPy-SV2C7pB62vGN8lZ2Tk]]></FromUserName>
<CreateTime>1466046834</CreateTime>
<MsgType><![CDATA[event]]></MsgType>
<Event><![CDATA[subscribe]]></Event>
<EventKey><![CDATA[]]></EventKey>
</xml>

2016-06-16 11:13:54 params :
------------
Array:
message : Array ;
module : news ;
rule : 55 ;
priority : 0 ;
keyword : Array ;

2016-06-16 11:13:54 response :
------------
Array:
FromUserName : gh_87c9b624047c ;
ToUserName : oKap7wQPy-SV2C7pB62vGN8lZ2Tk ;
MsgType : news ;
ArticleCount : 3 ;
Articles : Array ;

2016-06-16 11:14:05 trace :
------------
String:
<xml><ToUserName><![CDATA[gh_87c9b624047c]]></ToUserName>
<FromUserName><![CDATA[oKap7wQPy-SV2C7pB62vGN8lZ2Tk]]></FromUserName>
<CreateTime>1466046845</CreateTime>
<MsgType><![CDATA[event]]></MsgType>
<Event><![CDATA[VIEW]]></Event>
<EventKey><![CDATA[http://show.artels.cn/v-U70510PXM38WA3X5?eqrcode=1]]></EventKey>
<MenuId>503253745</MenuId>
</xml>

2016-06-16 11:14:05 params :
------------
Array:
rule : -2 ;
module :  ;
message : Array ;

2016-06-16 11:14:05 response :
------------

2016-06-16 11:14:38 trace :
------------
String:
<xml><ToUserName><![CDATA[gh_87c9b624047c]]></ToUserName>
<FromUserName><![CDATA[oKap7wS4iIb3_qTkBTQOOfnTVHkI]]></FromUserName>
<CreateTime>1466046878</CreateTime>
<MsgType><![CDATA[event]]></MsgType>
<Event><![CDATA[subscribe]]></Event>
<EventKey><![CDATA[]]></EventKey>
</xml>

2016-06-16 11:14:38 params :
------------
Array:
message : Array ;
module : news ;
rule : 55 ;
priority : 0 ;
keyword : Array ;

2016-06-16 11:14:39 response :
------------
Array:
FromUserName : gh_87c9b624047c ;
ToUserName : oKap7wS4iIb3_qTkBTQOOfnTVHkI ;
MsgType : news ;
ArticleCount : 3 ;
Articles : Array ;

2016-06-16 11:15:06 trace :
------------
String:
<xml><ToUserName><![CDATA[gh_87c9b624047c]]></ToUserName>
<FromUserName><![CDATA[oKap7weNFvg15JpPr-55FrZbdFOw]]></FromUserName>
<CreateTime>1466046906</CreateTime>
<MsgType><![CDATA[event]]></MsgType>
<Event><![CDATA[subscribe]]></Event>
<EventKey><![CDATA[]]></EventKey>
</xml>

2016-06-16 11:15:06 params :
------------
Array:
message : Array ;
module : news ;
rule : 55 ;
priority : 0 ;
keyword : Array ;

2016-06-16 11:15:06 response :
------------
Array:
FromUserName : gh_87c9b624047c ;
ToUserName : oKap7weNFvg15JpPr-55FrZbdFOw ;
MsgType : news ;
ArticleCount : 3 ;
Articles : Array ;

2016-06-16 11:20:08 trace :
------------
String:
<xml><ToUserName><![CDATA[gh_87c9b624047c]]></ToUserName>
<FromUserName><![CDATA[oKap7wZwsFfo0TJ3vpIyIrnTxI-c]]></FromUserName>
<CreateTime>1466047208</CreateTime>
<MsgType><![CDATA[event]]></MsgType>
<Event><![CDATA[subscribe]]></Event>
<EventKey><![CDATA[]]></EventKey>
</xml>

2016-06-16 11:20:08 params :
------------
Array:
message : Array ;
module : news ;
rule : 55 ;
priority : 0 ;
keyword : Array ;

2016-06-16 11:20:08 response :
------------
Array:
FromUserName : gh_87c9b624047c ;
ToUserName : oKap7wZwsFfo0TJ3vpIyIrnTxI-c ;
MsgType : news ;
ArticleCount : 3 ;
Articles : Array ;

2016-06-16 11:24:42 trace :
------------
String:
<xml><ToUserName><![CDATA[gh_87c9b624047c]]></ToUserName>
<FromUserName><![CDATA[oKap7wZwsFfo0TJ3vpIyIrnTxI-c]]></FromUserName>
<CreateTime>1466047482</CreateTime>
<MsgType><![CDATA[event]]></MsgType>
<Event><![CDATA[SCAN]]></Event>
<EventKey><![CDATA[100001]]></EventKey>
<Ticket><![CDATA[gQGd8DoAAAAAAAAAASxodHRwOi8vd2VpeGluLnFxLmNvbS9xL3BqcGVENnJsTXZ4TDQ4RU0zeFR0AAIEIog8VwMEAI0nAA==]]></Ticket>
</xml>

2016-06-16 11:24:42 params :
------------
Array:
message : Array ;
module : mon_qmshake ;
rule : 54 ;
priority : 0 ;
keyword : Array ;

2016-06-16 11:24:42 response :
------------
Array:
FromUserName : gh_87c9b624047c ;
ToUserName : oKap7wZwsFfo0TJ3vpIyIrnTxI-c ;
MsgType : news ;
ArticleCount : 1 ;
Articles : Array ;

2016-06-16 11:25:39 trace :
------------
String:
<xml><ToUserName><![CDATA[gh_87c9b624047c]]></ToUserName>
<FromUserName><![CDATA[oKap7wd6_CFLvM_2itq160IDfTt8]]></FromUserName>
<CreateTime>1466047539</CreateTime>
<MsgType><![CDATA[event]]></MsgType>
<Event><![CDATA[subscribe]]></Event>
<EventKey><![CDATA[]]></EventKey>
</xml>

2016-06-16 11:25:39 params :
------------
Array:
message : Array ;
module : news ;
rule : 55 ;
priority : 0 ;
keyword : Array ;

2016-06-16 11:25:39 response :
------------
Array:
FromUserName : gh_87c9b624047c ;
ToUserName : oKap7wd6_CFLvM_2itq160IDfTt8 ;
MsgType : news ;
ArticleCount : 3 ;
Articles : Array ;

2016-06-16 11:26:19 trace :
------------
String:
<xml><ToUserName><![CDATA[gh_87c9b624047c]]></ToUserName>
<FromUserName><![CDATA[oKap7wcsCHfqYi3R6K4F9WXn1X_k]]></FromUserName>
<CreateTime>1466047579</CreateTime>
<MsgType><![CDATA[event]]></MsgType>
<Event><![CDATA[CLICK]]></Event>
<EventKey><![CDATA[大转盘]]></EventKey>
</xml>

2016-06-16 11:26:19 params :
------------
Array:
message : Array ;
module : wdl_bigwheel ;
rule : 50 ;
priority : 0 ;
keyword : Array ;

2016-06-16 11:26:19 response :
------------
Array:
FromUserName : gh_87c9b624047c ;
ToUserName : oKap7wcsCHfqYi3R6K4F9WXn1X_k ;
MsgType : news ;
ArticleCount : 1 ;
Articles : Array ;

2016-06-16 11:26:49 trace :
------------
String:
<xml><ToUserName><![CDATA[gh_87c9b624047c]]></ToUserName>
<FromUserName><![CDATA[oKap7wZwsFfo0TJ3vpIyIrnTxI-c]]></FromUserName>
<CreateTime>1466047608</CreateTime>
<MsgType><![CDATA[event]]></MsgType>
<Event><![CDATA[CLICK]]></Event>
<EventKey><![CDATA[大转盘]]></EventKey>
</xml>

2016-06-16 11:26:49 params :
------------
Array:
message : Array ;
module : wdl_bigwheel ;
rule : 50 ;
priority : 0 ;
keyword : Array ;

2016-06-16 11:26:49 response :
------------
Array:
FromUserName : gh_87c9b624047c ;
ToUserName : oKap7wZwsFfo0TJ3vpIyIrnTxI-c ;
MsgType : news ;
ArticleCount : 1 ;
Articles : Array ;

2016-06-16 11:27:02 trace :
------------
String:
<xml><ToUserName><![CDATA[gh_87c9b624047c]]></ToUserName>
<FromUserName><![CDATA[oKap7wZwsFfo0TJ3vpIyIrnTxI-c]]></FromUserName>
<CreateTime>1466047622</CreateTime>
<MsgType><![CDATA[event]]></MsgType>
<Event><![CDATA[VIEW]]></Event>
<EventKey><![CDATA[http://show.artels.cn/v-U70510PXM38WA3X5?eqrcode=1]]></EventKey>
<MenuId>503253745</MenuId>
</xml>

2016-06-16 11:27:02 params :
------------
Array:
rule : -2 ;
module :  ;
message : Array ;

2016-06-16 11:27:02 response :
------------

2016-06-16 11:28:05 trace :
------------
String:
<xml><ToUserName><![CDATA[gh_87c9b624047c]]></ToUserName>
<FromUserName><![CDATA[oKap7wd6_CFLvM_2itq160IDfTt8]]></FromUserName>
<CreateTime>1466047685</CreateTime>
<MsgType><![CDATA[event]]></MsgType>
<Event><![CDATA[SCAN]]></Event>
<EventKey><![CDATA[100002]]></EventKey>
<Ticket><![CDATA[gQGg8DoAAAAAAAAAASxodHRwOi8vd2VpeGluLnFxLmNvbS9xL3NUb3BOODdsUi13X3FOWTJxQlR0AAIEM4o8VwMEAI0nAA==]]></Ticket>
</xml>

2016-06-16 11:28:05 params :
------------
Array:
message : Array ;
module : wdl_bigwheel ;
rule : 50 ;
priority : 0 ;
keyword : Array ;

2016-06-16 11:28:05 response :
------------
Array:
FromUserName : gh_87c9b624047c ;
ToUserName : oKap7wd6_CFLvM_2itq160IDfTt8 ;
MsgType : news ;
ArticleCount : 1 ;
Articles : Array ;

2016-06-16 11:28:33 trace :
------------
String:
<xml><ToUserName><![CDATA[gh_87c9b624047c]]></ToUserName>
<FromUserName><![CDATA[oKap7wd6_CFLvM_2itq160IDfTt8]]></FromUserName>
<CreateTime>1466047712</CreateTime>
<MsgType><![CDATA[event]]></MsgType>
<Event><![CDATA[SCAN]]></Event>
<EventKey><![CDATA[100001]]></EventKey>
<Ticket><![CDATA[gQGd8DoAAAAAAAAAASxodHRwOi8vd2VpeGluLnFxLmNvbS9xL3BqcGVENnJsTXZ4TDQ4RU0zeFR0AAIEIog8VwMEAI0nAA==]]></Ticket>
</xml>

2016-06-16 11:28:33 params :
------------
Array:
message : Array ;
module : mon_qmshake ;
rule : 54 ;
priority : 0 ;
keyword : Array ;

2016-06-16 11:28:33 response :
------------
Array:
FromUserName : gh_87c9b624047c ;
ToUserName : oKap7wd6_CFLvM_2itq160IDfTt8 ;
MsgType : news ;
ArticleCount : 1 ;
Articles : Array ;

2016-06-16 11:29:00 trace :
------------
String:
<xml><ToUserName><![CDATA[gh_87c9b624047c]]></ToUserName>
<FromUserName><![CDATA[oKap7wZwsFfo0TJ3vpIyIrnTxI-c]]></FromUserName>
<CreateTime>1466047740</CreateTime>
<MsgType><![CDATA[event]]></MsgType>
<Event><![CDATA[VIEW]]></Event>
<EventKey><![CDATA[http://appsnap.weixinprint.com/vins/netPrintCloud1?publicUserId=86116&type=1]]></EventKey>
<MenuId>503253745</MenuId>
</xml>

2016-06-16 11:29:00 params :
------------
Array:
rule : -2 ;
module :  ;
message : Array ;

2016-06-16 11:29:00 response :
------------

2016-06-16 11:29:58 trace :
------------
String:
<xml><ToUserName><![CDATA[gh_87c9b624047c]]></ToUserName>
<FromUserName><![CDATA[oKap7wWFrCiOf1xa6Bku8YIWrsH8]]></FromUserName>
<CreateTime>1466047798</CreateTime>
<MsgType><![CDATA[event]]></MsgType>
<Event><![CDATA[subscribe]]></Event>
<EventKey><![CDATA[]]></EventKey>
</xml>

2016-06-16 11:29:58 params :
------------
Array:
message : Array ;
module : news ;
rule : 55 ;
priority : 0 ;
keyword : Array ;

2016-06-16 11:29:58 response :
------------
Array:
FromUserName : gh_87c9b624047c ;
ToUserName : oKap7wWFrCiOf1xa6Bku8YIWrsH8 ;
MsgType : news ;
ArticleCount : 3 ;
Articles : Array ;

2016-06-16 11:30:54 trace :
------------
String:
<xml><ToUserName><![CDATA[gh_87c9b624047c]]></ToUserName>
<FromUserName><![CDATA[oKap7wd6_CFLvM_2itq160IDfTt8]]></FromUserName>
<CreateTime>1466047854</CreateTime>
<MsgType><![CDATA[event]]></MsgType>
<Event><![CDATA[CLICK]]></Event>
<EventKey><![CDATA[刮刮卡]]></EventKey>
</xml>

2016-06-16 11:30:54 params :
------------
Array:
message : Array ;
module : stonefish_scratch ;
rule : 48 ;
priority : 0 ;
keyword : Array ;

2016-06-16 11:30:54 response :
------------
Array:
FromUserName : gh_87c9b624047c ;
ToUserName : oKap7wd6_CFLvM_2itq160IDfTt8 ;
MsgType : news ;
ArticleCount : 1 ;
Articles : Array ;

2016-06-16 11:31:49 trace :
------------
String:
<xml><ToUserName><![CDATA[gh_87c9b624047c]]></ToUserName>
<FromUserName><![CDATA[oKap7wVBrTposPmR7MbkEOWTmV1s]]></FromUserName>
<CreateTime>1466047909</CreateTime>
<MsgType><![CDATA[event]]></MsgType>
<Event><![CDATA[subscribe]]></Event>
<EventKey><![CDATA[]]></EventKey>
</xml>

2016-06-16 11:31:49 params :
------------
Array:
message : Array ;
module : news ;
rule : 55 ;
priority : 0 ;
keyword : Array ;

2016-06-16 11:31:49 response :
------------
Array:
FromUserName : gh_87c9b624047c ;
ToUserName : oKap7wVBrTposPmR7MbkEOWTmV1s ;
MsgType : news ;
ArticleCount : 3 ;
Articles : Array ;

2016-06-16 11:32:04 trace :
------------
String:
<xml><ToUserName><![CDATA[gh_87c9b624047c]]></ToUserName>
<FromUserName><![CDATA[oKap7wS4iIb3_qTkBTQOOfnTVHkI]]></FromUserName>
<CreateTime>1466047924</CreateTime>
<MsgType><![CDATA[event]]></MsgType>
<Event><![CDATA[SCAN]]></Event>
<EventKey><![CDATA[100001]]></EventKey>
<Ticket><![CDATA[gQGd8DoAAAAAAAAAASxodHRwOi8vd2VpeGluLnFxLmNvbS9xL3BqcGVENnJsTXZ4TDQ4RU0zeFR0AAIEIog8VwMEAI0nAA==]]></Ticket>
</xml>

2016-06-16 11:32:04 params :
------------
Array:
message : Array ;
module : mon_qmshake ;
rule : 54 ;
priority : 0 ;
keyword : Array ;

2016-06-16 11:32:04 response :
------------
Array:
FromUserName : gh_87c9b624047c ;
ToUserName : oKap7wS4iIb3_qTkBTQOOfnTVHkI ;
MsgType : news ;
ArticleCount : 1 ;
Articles : Array ;

2016-06-16 11:33:54 trace :
------------
String:
<xml><ToUserName><![CDATA[gh_87c9b624047c]]></ToUserName>
<FromUserName><![CDATA[oKap7wXg5tkqawycxSLFaKVm-D8c]]></FromUserName>
<CreateTime>1466048034</CreateTime>
<MsgType><![CDATA[text]]></MsgType>
<Content><![CDATA[大转盘]]></Content>
<MsgId>6296628360898513772</MsgId>
</xml>

2016-06-16 11:33:54 params :
------------
Array:
message : Array ;
module : wdl_bigwheel ;
rule : 50 ;
priority : 0 ;
keyword : Array ;

2016-06-16 11:33:54 response :
------------
Array:
FromUserName : gh_87c9b624047c ;
ToUserName : oKap7wXg5tkqawycxSLFaKVm-D8c ;
MsgType : news ;
ArticleCount : 1 ;
Articles : Array ;

2016-06-16 11:35:40 trace :
------------
String:
<xml><ToUserName><![CDATA[gh_87c9b624047c]]></ToUserName>
<FromUserName><![CDATA[oKap7wcsCHfqYi3R6K4F9WXn1X_k]]></FromUserName>
<CreateTime>1466048140</CreateTime>
<MsgType><![CDATA[event]]></MsgType>
<Event><![CDATA[unsubscribe]]></Event>
<EventKey><![CDATA[]]></EventKey>
</xml>

2016-06-16 11:35:45 trace :
------------
String:
<xml><ToUserName><![CDATA[gh_87c9b624047c]]></ToUserName>
<FromUserName><![CDATA[oKap7wcsCHfqYi3R6K4F9WXn1X_k]]></FromUserName>
<CreateTime>1466048145</CreateTime>
<MsgType><![CDATA[event]]></MsgType>
<Event><![CDATA[subscribe]]></Event>
<EventKey><![CDATA[]]></EventKey>
</xml>

2016-06-16 11:35:45 params :
------------
Array:
message : Array ;
module : news ;
rule : 55 ;
priority : 0 ;
keyword : Array ;

2016-06-16 11:35:45 response :
------------
Array:
FromUserName : gh_87c9b624047c ;
ToUserName : oKap7wcsCHfqYi3R6K4F9WXn1X_k ;
MsgType : news ;
ArticleCount : 3 ;
Articles : Array ;

2016-06-16 11:35:54 trace :
------------
String:
<xml><ToUserName><![CDATA[gh_87c9b624047c]]></ToUserName>
<FromUserName><![CDATA[oKap7wcsCHfqYi3R6K4F9WXn1X_k]]></FromUserName>
<CreateTime>1466048154</CreateTime>
<MsgType><![CDATA[event]]></MsgType>
<Event><![CDATA[SCAN]]></Event>
<EventKey><![CDATA[100002]]></EventKey>
<Ticket><![CDATA[gQGg8DoAAAAAAAAAASxodHRwOi8vd2VpeGluLnFxLmNvbS9xL3NUb3BOODdsUi13X3FOWTJxQlR0AAIEM4o8VwMEAI0nAA==]]></Ticket>
</xml>

2016-06-16 11:35:54 params :
------------
Array:
message : Array ;
module : wdl_bigwheel ;
rule : 50 ;
priority : 0 ;
keyword : Array ;

2016-06-16 11:35:54 response :
------------
Array:
FromUserName : gh_87c9b624047c ;
ToUserName : oKap7wcsCHfqYi3R6K4F9WXn1X_k ;
MsgType : news ;
ArticleCount : 1 ;
Articles : Array ;

2016-06-16 11:36:28 trace :
------------
String:
<xml><ToUserName><![CDATA[gh_87c9b624047c]]></ToUserName>
<FromUserName><![CDATA[oKap7wcBo-QOzLG436IW1KDi1sRg]]></FromUserName>
<CreateTime>1466048188</CreateTime>
<MsgType><![CDATA[event]]></MsgType>
<Event><![CDATA[subscribe]]></Event>
<EventKey><![CDATA[]]></EventKey>
</xml>

2016-06-16 11:36:28 params :
------------
Array:
message : Array ;
module : news ;
rule : 55 ;
priority : 0 ;
keyword : Array ;

2016-06-16 11:36:28 response :
------------
Array:
FromUserName : gh_87c9b624047c ;
ToUserName : oKap7wcBo-QOzLG436IW1KDi1sRg ;
MsgType : news ;
ArticleCount : 3 ;
Articles : Array ;

2016-06-16 11:36:43 trace :
------------
String:
<xml><ToUserName><![CDATA[gh_87c9b624047c]]></ToUserName>
<FromUserName><![CDATA[oKap7wWFrCiOf1xa6Bku8YIWrsH8]]></FromUserName>
<CreateTime>1466048203</CreateTime>
<MsgType><![CDATA[event]]></MsgType>
<Event><![CDATA[SCAN]]></Event>
<EventKey><![CDATA[100001]]></EventKey>
<Ticket><![CDATA[gQGd8DoAAAAAAAAAASxodHRwOi8vd2VpeGluLnFxLmNvbS9xL3BqcGVENnJsTXZ4TDQ4RU0zeFR0AAIEIog8VwMEAI0nAA==]]></Ticket>
</xml>

2016-06-16 11:36:43 params :
------------
Array:
message : Array ;
module : mon_qmshake ;
rule : 54 ;
priority : 0 ;
keyword : Array ;

2016-06-16 11:36:43 response :
------------
Array:
FromUserName : gh_87c9b624047c ;
ToUserName : oKap7wWFrCiOf1xa6Bku8YIWrsH8 ;
MsgType : news ;
ArticleCount : 1 ;
Articles : Array ;

2016-06-16 11:36:49 trace :
------------
String:
<xml><ToUserName><![CDATA[gh_87c9b624047c]]></ToUserName>
<FromUserName><![CDATA[oKap7wcsCHfqYi3R6K4F9WXn1X_k]]></FromUserName>
<CreateTime>1466048209</CreateTime>
<MsgType><![CDATA[event]]></MsgType>
<Event><![CDATA[SCAN]]></Event>
<EventKey><![CDATA[100001]]></EventKey>
<Ticket><![CDATA[gQGd8DoAAAAAAAAAASxodHRwOi8vd2VpeGluLnFxLmNvbS9xL3BqcGVENnJsTXZ4TDQ4RU0zeFR0AAIEIog8VwMEAI0nAA==]]></Ticket>
</xml>

2016-06-16 11:36:49 params :
------------
Array:
message : Array ;
module : mon_qmshake ;
rule : 54 ;
priority : 0 ;
keyword : Array ;

2016-06-16 11:36:49 response :
------------
Array:
FromUserName : gh_87c9b624047c ;
ToUserName : oKap7wcsCHfqYi3R6K4F9WXn1X_k ;
MsgType : news ;
ArticleCount : 1 ;
Articles : Array ;

2016-06-16 11:37:40 trace :
------------
String:
<xml><ToUserName><![CDATA[gh_87c9b624047c]]></ToUserName>
<FromUserName><![CDATA[oKap7wS4iIb3_qTkBTQOOfnTVHkI]]></FromUserName>
<CreateTime>1466048260</CreateTime>
<MsgType><![CDATA[event]]></MsgType>
<Event><![CDATA[SCAN]]></Event>
<EventKey><![CDATA[100002]]></EventKey>
<Ticket><![CDATA[gQGg8DoAAAAAAAAAASxodHRwOi8vd2VpeGluLnFxLmNvbS9xL3NUb3BOODdsUi13X3FOWTJxQlR0AAIEM4o8VwMEAI0nAA==]]></Ticket>
</xml>

2016-06-16 11:37:40 params :
------------
Array:
message : Array ;
module : wdl_bigwheel ;
rule : 50 ;
priority : 0 ;
keyword : Array ;

2016-06-16 11:37:40 response :
------------
Array:
FromUserName : gh_87c9b624047c ;
ToUserName : oKap7wS4iIb3_qTkBTQOOfnTVHkI ;
MsgType : news ;
ArticleCount : 1 ;
Articles : Array ;

2016-06-16 11:39:20 trace :
------------
String:
<xml><ToUserName><![CDATA[gh_87c9b624047c]]></ToUserName>
<FromUserName><![CDATA[oKap7wWFrCiOf1xa6Bku8YIWrsH8]]></FromUserName>
<CreateTime>1466048360</CreateTime>
<MsgType><![CDATA[event]]></MsgType>
<Event><![CDATA[SCAN]]></Event>
<EventKey><![CDATA[100002]]></EventKey>
<Ticket><![CDATA[gQGg8DoAAAAAAAAAASxodHRwOi8vd2VpeGluLnFxLmNvbS9xL3NUb3BOODdsUi13X3FOWTJxQlR0AAIEM4o8VwMEAI0nAA==]]></Ticket>
</xml>

2016-06-16 11:39:20 params :
------------
Array:
message : Array ;
module : wdl_bigwheel ;
rule : 50 ;
priority : 0 ;
keyword : Array ;

2016-06-16 11:39:20 response :
------------
Array:
FromUserName : gh_87c9b624047c ;
ToUserName : oKap7wWFrCiOf1xa6Bku8YIWrsH8 ;
MsgType : news ;
ArticleCount : 1 ;
Articles : Array ;

2016-06-16 11:39:57 trace :
------------
String:
<xml><ToUserName><![CDATA[gh_87c9b624047c]]></ToUserName>
<FromUserName><![CDATA[oKap7wVd55ajnktFTfmcPoEPNMLU]]></FromUserName>
<CreateTime>1466048397</CreateTime>
<MsgType><![CDATA[event]]></MsgType>
<Event><![CDATA[CLICK]]></Event>
<EventKey><![CDATA[刮刮卡]]></EventKey>
</xml>

2016-06-16 11:39:57 params :
------------
Array:
message : Array ;
module : stonefish_scratch ;
rule : 48 ;
priority : 0 ;
keyword : Array ;

2016-06-16 11:39:57 response :
------------
Array:
FromUserName : gh_87c9b624047c ;
ToUserName : oKap7wVd55ajnktFTfmcPoEPNMLU ;
MsgType : news ;
ArticleCount : 1 ;
Articles : Array ;

2016-06-16 11:40:12 trace :
------------
String:
<xml><ToUserName><![CDATA[gh_87c9b624047c]]></ToUserName>
<FromUserName><![CDATA[oKap7wVd55ajnktFTfmcPoEPNMLU]]></FromUserName>
<CreateTime>1466048412</CreateTime>
<MsgType><![CDATA[event]]></MsgType>
<Event><![CDATA[CLICK]]></Event>
<EventKey><![CDATA[每天摇一摇]]></EventKey>
</xml>

2016-06-16 11:40:12 params :
------------
Array:
message : Array ;
module : mon_qmshake ;
rule : 54 ;
priority : 0 ;
keyword : Array ;

2016-06-16 11:40:12 response :
------------
Array:
FromUserName : gh_87c9b624047c ;
ToUserName : oKap7wVd55ajnktFTfmcPoEPNMLU ;
MsgType : news ;
ArticleCount : 1 ;
Articles : Array ;

2016-06-16 11:42:13 trace :
------------
String:
<xml><ToUserName><![CDATA[gh_87c9b624047c]]></ToUserName>
<FromUserName><![CDATA[oKap7wWfYySL3WtnVwKgHBKhD4tg]]></FromUserName>
<CreateTime>1466048533</CreateTime>
<MsgType><![CDATA[event]]></MsgType>
<Event><![CDATA[subscribe]]></Event>
<EventKey><![CDATA[]]></EventKey>
</xml>

2016-06-16 11:42:13 params :
------------
Array:
message : Array ;
module : news ;
rule : 55 ;
priority : 0 ;
keyword : Array ;

2016-06-16 11:42:13 response :
------------
Array:
FromUserName : gh_87c9b624047c ;
ToUserName : oKap7wWfYySL3WtnVwKgHBKhD4tg ;
MsgType : news ;
ArticleCount : 3 ;
Articles : Array ;

2016-06-16 11:42:26 trace :
------------
String:
<xml><ToUserName><![CDATA[gh_87c9b624047c]]></ToUserName>
<FromUserName><![CDATA[oKap7wfe6pE2-DRWxRMNWqHw4MGw]]></FromUserName>
<CreateTime>1466048546</CreateTime>
<MsgType><![CDATA[event]]></MsgType>
<Event><![CDATA[subscribe]]></Event>
<EventKey><![CDATA[]]></EventKey>
</xml>

2016-06-16 11:42:26 params :
------------
Array:
message : Array ;
module : news ;
rule : 55 ;
priority : 0 ;
keyword : Array ;

2016-06-16 11:42:26 response :
------------
Array:
FromUserName : gh_87c9b624047c ;
ToUserName : oKap7wfe6pE2-DRWxRMNWqHw4MGw ;
MsgType : news ;
ArticleCount : 3 ;
Articles : Array ;

2016-06-16 11:44:44 trace :
------------
String:
<xml><ToUserName><![CDATA[gh_87c9b624047c]]></ToUserName>
<FromUserName><![CDATA[oKap7wSNMrKVYGwgyEuvgM4QftoE]]></FromUserName>
<CreateTime>1466048684</CreateTime>
<MsgType><![CDATA[event]]></MsgType>
<Event><![CDATA[subscribe]]></Event>
<EventKey><![CDATA[]]></EventKey>
</xml>

2016-06-16 11:44:44 params :
------------
Array:
message : Array ;
module : news ;
rule : 55 ;
priority : 0 ;
keyword : Array ;

2016-06-16 11:44:44 response :
------------
Array:
FromUserName : gh_87c9b624047c ;
ToUserName : oKap7wSNMrKVYGwgyEuvgM4QftoE ;
MsgType : news ;
ArticleCount : 3 ;
Articles : Array ;

2016-06-16 11:45:25 trace :
------------
String:
<xml><ToUserName><![CDATA[gh_87c9b624047c]]></ToUserName>
<FromUserName><![CDATA[oKap7wcBo-QOzLG436IW1KDi1sRg]]></FromUserName>
<CreateTime>1466048724</CreateTime>
<MsgType><![CDATA[event]]></MsgType>
<Event><![CDATA[SCAN]]></Event>
<EventKey><![CDATA[100001]]></EventKey>
<Ticket><![CDATA[gQGd8DoAAAAAAAAAASxodHRwOi8vd2VpeGluLnFxLmNvbS9xL3BqcGVENnJsTXZ4TDQ4RU0zeFR0AAIEIog8VwMEAI0nAA==]]></Ticket>
</xml>

2016-06-16 11:45:25 params :
------------
Array:
message : Array ;
module : mon_qmshake ;
rule : 54 ;
priority : 0 ;
keyword : Array ;

2016-06-16 11:45:25 response :
------------
Array:
FromUserName : gh_87c9b624047c ;
ToUserName : oKap7wcBo-QOzLG436IW1KDi1sRg ;
MsgType : news ;
ArticleCount : 1 ;
Articles : Array ;

2016-06-16 11:46:24 trace :
------------
String:
<xml><ToUserName><![CDATA[gh_87c9b624047c]]></ToUserName>
<FromUserName><![CDATA[oKap7wWfYySL3WtnVwKgHBKhD4tg]]></FromUserName>
<CreateTime>1466048784</CreateTime>
<MsgType><![CDATA[event]]></MsgType>
<Event><![CDATA[SCAN]]></Event>
<EventKey><![CDATA[100001]]></EventKey>
<Ticket><![CDATA[gQGd8DoAAAAAAAAAASxodHRwOi8vd2VpeGluLnFxLmNvbS9xL3BqcGVENnJsTXZ4TDQ4RU0zeFR0AAIEIog8VwMEAI0nAA==]]></Ticket>
</xml>

2016-06-16 11:46:24 params :
------------
Array:
message : Array ;
module : mon_qmshake ;
rule : 54 ;
priority : 0 ;
keyword : Array ;

2016-06-16 11:46:24 response :
------------
Array:
FromUserName : gh_87c9b624047c ;
ToUserName : oKap7wWfYySL3WtnVwKgHBKhD4tg ;
MsgType : news ;
ArticleCount : 1 ;
Articles : Array ;

2016-06-16 11:47:09 trace :
------------
String:
<xml><ToUserName><![CDATA[gh_87c9b624047c]]></ToUserName>
<FromUserName><![CDATA[oKap7wfe6pE2-DRWxRMNWqHw4MGw]]></FromUserName>
<CreateTime>1466048829</CreateTime>
<MsgType><![CDATA[event]]></MsgType>
<Event><![CDATA[SCAN]]></Event>
<EventKey><![CDATA[100001]]></EventKey>
<Ticket><![CDATA[gQGd8DoAAAAAAAAAASxodHRwOi8vd2VpeGluLnFxLmNvbS9xL3BqcGVENnJsTXZ4TDQ4RU0zeFR0AAIEIog8VwMEAI0nAA==]]></Ticket>
</xml>

2016-06-16 11:47:09 params :
------------
Array:
message : Array ;
module : mon_qmshake ;
rule : 54 ;
priority : 0 ;
keyword : Array ;

2016-06-16 11:47:09 response :
------------
Array:
FromUserName : gh_87c9b624047c ;
ToUserName : oKap7wfe6pE2-DRWxRMNWqHw4MGw ;
MsgType : news ;
ArticleCount : 1 ;
Articles : Array ;

2016-06-16 11:47:24 trace :
------------
String:
<xml><ToUserName><![CDATA[gh_87c9b624047c]]></ToUserName>
<FromUserName><![CDATA[oKap7wfUmrGFPuhc0VQsK8ARZ_lo]]></FromUserName>
<CreateTime>1466048843</CreateTime>
<MsgType><![CDATA[event]]></MsgType>
<Event><![CDATA[subscribe]]></Event>
<EventKey><![CDATA[]]></EventKey>
</xml>

2016-06-16 11:47:24 params :
------------
Array:
message : Array ;
module : news ;
rule : 55 ;
priority : 0 ;
keyword : Array ;

2016-06-16 11:47:24 response :
------------
Array:
FromUserName : gh_87c9b624047c ;
ToUserName : oKap7wfUmrGFPuhc0VQsK8ARZ_lo ;
MsgType : news ;
ArticleCount : 3 ;
Articles : Array ;

2016-06-16 11:47:39 trace :
------------
String:
<xml><ToUserName><![CDATA[gh_87c9b624047c]]></ToUserName>
<FromUserName><![CDATA[oKap7wfUmrGFPuhc0VQsK8ARZ_lo]]></FromUserName>
<CreateTime>1466048859</CreateTime>
<MsgType><![CDATA[event]]></MsgType>
<Event><![CDATA[SCAN]]></Event>
<EventKey><![CDATA[100001]]></EventKey>
<Ticket><![CDATA[gQGd8DoAAAAAAAAAASxodHRwOi8vd2VpeGluLnFxLmNvbS9xL3BqcGVENnJsTXZ4TDQ4RU0zeFR0AAIEIog8VwMEAI0nAA==]]></Ticket>
</xml>

2016-06-16 11:47:39 params :
------------
Array:
message : Array ;
module : mon_qmshake ;
rule : 54 ;
priority : 0 ;
keyword : Array ;

2016-06-16 11:47:39 response :
------------
Array:
FromUserName : gh_87c9b624047c ;
ToUserName : oKap7wfUmrGFPuhc0VQsK8ARZ_lo ;
MsgType : news ;
ArticleCount : 1 ;
Articles : Array ;

2016-06-16 11:50:51 trace :
------------
String:
<xml><ToUserName><![CDATA[gh_87c9b624047c]]></ToUserName>
<FromUserName><![CDATA[oKap7wdfI9KL-bpRUN8Kp9PsB3M0]]></FromUserName>
<CreateTime>1466049051</CreateTime>
<MsgType><![CDATA[event]]></MsgType>
<Event><![CDATA[subscribe]]></Event>
<EventKey><![CDATA[]]></EventKey>
</xml>

2016-06-16 11:50:51 params :
------------
Array:
message : Array ;
module : news ;
rule : 55 ;
priority : 0 ;
keyword : Array ;

2016-06-16 11:50:51 response :
------------
Array:
FromUserName : gh_87c9b624047c ;
ToUserName : oKap7wdfI9KL-bpRUN8Kp9PsB3M0 ;
MsgType : news ;
ArticleCount : 3 ;
Articles : Array ;

2016-06-16 11:53:18 trace :
------------
String:
<xml><ToUserName><![CDATA[gh_87c9b624047c]]></ToUserName>
<FromUserName><![CDATA[oKap7wcBo-QOzLG436IW1KDi1sRg]]></FromUserName>
<CreateTime>1466049198</CreateTime>
<MsgType><![CDATA[event]]></MsgType>
<Event><![CDATA[SCAN]]></Event>
<EventKey><![CDATA[100002]]></EventKey>
<Ticket><![CDATA[gQGg8DoAAAAAAAAAASxodHRwOi8vd2VpeGluLnFxLmNvbS9xL3NUb3BOODdsUi13X3FOWTJxQlR0AAIEM4o8VwMEAI0nAA==]]></Ticket>
</xml>

2016-06-16 11:53:18 params :
------------
Array:
message : Array ;
module : wdl_bigwheel ;
rule : 50 ;
priority : 0 ;
keyword : Array ;

2016-06-16 11:53:18 response :
------------
Array:
FromUserName : gh_87c9b624047c ;
ToUserName : oKap7wcBo-QOzLG436IW1KDi1sRg ;
MsgType : news ;
ArticleCount : 1 ;
Articles : Array ;

2016-06-16 11:54:26 trace :
------------
String:
<xml><ToUserName><![CDATA[gh_87c9b624047c]]></ToUserName>
<FromUserName><![CDATA[oKap7wcBo-QOzLG436IW1KDi1sRg]]></FromUserName>
<CreateTime>1466049265</CreateTime>
<MsgType><![CDATA[text]]></MsgType>
<Content><![CDATA[大转盘]]></Content>
<MsgId>6296633648003255401</MsgId>
</xml>

2016-06-16 11:54:26 params :
------------
Array:
message : Array ;
module : wdl_bigwheel ;
rule : 50 ;
priority : 0 ;
keyword : Array ;

2016-06-16 11:54:26 response :
------------
Array:
FromUserName : gh_87c9b624047c ;
ToUserName : oKap7wcBo-QOzLG436IW1KDi1sRg ;
MsgType : news ;
ArticleCount : 1 ;
Articles : Array ;

2016-06-16 12:01:08 trace :
------------
String:
<xml><ToUserName><![CDATA[gh_87c9b624047c]]></ToUserName>
<FromUserName><![CDATA[oKap7wbjn9KOpo609d2KdLfX37qw]]></FromUserName>
<CreateTime>1466049668</CreateTime>
<MsgType><![CDATA[event]]></MsgType>
<Event><![CDATA[SCAN]]></Event>
<EventKey><![CDATA[100001]]></EventKey>
<Ticket><![CDATA[gQGd8DoAAAAAAAAAASxodHRwOi8vd2VpeGluLnFxLmNvbS9xL3BqcGVENnJsTXZ4TDQ4RU0zeFR0AAIEIog8VwMEAI0nAA==]]></Ticket>
</xml>

2016-06-16 12:01:08 params :
------------
Array:
message : Array ;
module : mon_qmshake ;
rule : 54 ;
priority : 0 ;
keyword : Array ;

2016-06-16 12:01:08 response :
------------
Array:
FromUserName : gh_87c9b624047c ;
ToUserName : oKap7wbjn9KOpo609d2KdLfX37qw ;
MsgType : news ;
ArticleCount : 1 ;
Articles : Array ;

2016-06-16 12:10:10 trace :
------------
String:
<xml><ToUserName><![CDATA[gh_87c9b624047c]]></ToUserName>
<FromUserName><![CDATA[oKap7wS4iIb3_qTkBTQOOfnTVHkI]]></FromUserName>
<CreateTime>1466050210</CreateTime>
<MsgType><![CDATA[event]]></MsgType>
<Event><![CDATA[CLICK]]></Event>
<EventKey><![CDATA[刮刮卡]]></EventKey>
</xml>

2016-06-16 12:10:10 params :
------------
Array:
message : Array ;
module : stonefish_scratch ;
rule : 48 ;
priority : 0 ;
keyword : Array ;

2016-06-16 12:10:10 response :
------------
Array:
FromUserName : gh_87c9b624047c ;
ToUserName : oKap7wS4iIb3_qTkBTQOOfnTVHkI ;
MsgType : news ;
ArticleCount : 1 ;
Articles : Array ;

2016-06-16 12:14:56 trace :
------------
String:
<xml><ToUserName><![CDATA[gh_87c9b624047c]]></ToUserName>
<FromUserName><![CDATA[oKap7wS4iIb3_qTkBTQOOfnTVHkI]]></FromUserName>
<CreateTime>1466050496</CreateTime>
<MsgType><![CDATA[event]]></MsgType>
<Event><![CDATA[VIEW]]></Event>
<EventKey><![CDATA[http://show.artels.cn/v-U70510PXM38WA3X5?eqrcode=1]]></EventKey>
<MenuId>503253745</MenuId>
</xml>

2016-06-16 12:14:56 params :
------------
Array:
rule : -2 ;
module :  ;
message : Array ;

2016-06-16 12:14:56 response :
------------

2016-06-16 12:22:08 trace :
------------
String:
<xml><ToUserName><![CDATA[gh_87c9b624047c]]></ToUserName>
<FromUserName><![CDATA[oKap7wTqUUqfuD-_3ynOlhypCuFo]]></FromUserName>
<CreateTime>1466050928</CreateTime>
<MsgType><![CDATA[event]]></MsgType>
<Event><![CDATA[subscribe]]></Event>
<EventKey><![CDATA[qrscene_100001]]></EventKey>
<Ticket><![CDATA[gQGd8DoAAAAAAAAAASxodHRwOi8vd2VpeGluLnFxLmNvbS9xL3BqcGVENnJsTXZ4TDQ4RU0zeFR0AAIEIog8VwMEAI0nAA==]]></Ticket>
</xml>

2016-06-16 12:22:08 params :
------------
Array:
message : Array ;
module : mon_qmshake ;
rule : 54 ;
priority : 0 ;
keyword : Array ;

2016-06-16 12:22:08 response :
------------
Array:
FromUserName : gh_87c9b624047c ;
ToUserName : oKap7wTqUUqfuD-_3ynOlhypCuFo ;
MsgType : news ;
ArticleCount : 1 ;
Articles : Array ;

2016-06-16 12:25:12 trace :
------------
String:
<xml><ToUserName><![CDATA[gh_87c9b624047c]]></ToUserName>
<FromUserName><![CDATA[oKap7wbjn9KOpo609d2KdLfX37qw]]></FromUserName>
<CreateTime>1466051112</CreateTime>
<MsgType><![CDATA[event]]></MsgType>
<Event><![CDATA[CLICK]]></Event>
<EventKey><![CDATA[每天摇一摇]]></EventKey>
</xml>

2016-06-16 12:25:12 params :
------------
Array:
message : Array ;
module : mon_qmshake ;
rule : 54 ;
priority : 0 ;
keyword : Array ;

2016-06-16 12:25:12 response :
------------
Array:
FromUserName : gh_87c9b624047c ;
ToUserName : oKap7wbjn9KOpo609d2KdLfX37qw ;
MsgType : news ;
ArticleCount : 1 ;
Articles : Array ;

2016-06-16 12:31:59 trace :
------------
String:
<xml><ToUserName><![CDATA[gh_87c9b624047c]]></ToUserName>
<FromUserName><![CDATA[oKap7wVRt3-9hqh9FjSDPHQK_Sak]]></FromUserName>
<CreateTime>1466051518</CreateTime>
<MsgType><![CDATA[event]]></MsgType>
<Event><![CDATA[subscribe]]></Event>
<EventKey><![CDATA[]]></EventKey>
</xml>

2016-06-16 12:31:59 params :
------------
Array:
message : Array ;
module : news ;
rule : 55 ;
priority : 0 ;
keyword : Array ;

2016-06-16 12:31:59 response :
------------
Array:
FromUserName : gh_87c9b624047c ;
ToUserName : oKap7wVRt3-9hqh9FjSDPHQK_Sak ;
MsgType : news ;
ArticleCount : 3 ;
Articles : Array ;

2016-06-16 12:32:19 trace :
------------
String:
<xml><ToUserName><![CDATA[gh_87c9b624047c]]></ToUserName>
<FromUserName><![CDATA[oKap7wVRt3-9hqh9FjSDPHQK_Sak]]></FromUserName>
<CreateTime>1466051539</CreateTime>
<MsgType><![CDATA[event]]></MsgType>
<Event><![CDATA[SCAN]]></Event>
<EventKey><![CDATA[100001]]></EventKey>
<Ticket><![CDATA[gQGd8DoAAAAAAAAAASxodHRwOi8vd2VpeGluLnFxLmNvbS9xL3BqcGVENnJsTXZ4TDQ4RU0zeFR0AAIEIog8VwMEAI0nAA==]]></Ticket>
</xml>

2016-06-16 12:32:19 params :
------------
Array:
message : Array ;
module : mon_qmshake ;
rule : 54 ;
priority : 0 ;
keyword : Array ;

2016-06-16 12:32:19 response :
------------
Array:
FromUserName : gh_87c9b624047c ;
ToUserName : oKap7wVRt3-9hqh9FjSDPHQK_Sak ;
MsgType : news ;
ArticleCount : 1 ;
Articles : Array ;

2016-06-16 12:34:31 trace :
------------
String:
<xml><ToUserName><![CDATA[gh_87c9b624047c]]></ToUserName>
<FromUserName><![CDATA[oKap7wVRt3-9hqh9FjSDPHQK_Sak]]></FromUserName>
<CreateTime>1466051670</CreateTime>
<MsgType><![CDATA[event]]></MsgType>
<Event><![CDATA[SCAN]]></Event>
<EventKey><![CDATA[100002]]></EventKey>
<Ticket><![CDATA[gQGg8DoAAAAAAAAAASxodHRwOi8vd2VpeGluLnFxLmNvbS9xL3NUb3BOODdsUi13X3FOWTJxQlR0AAIEM4o8VwMEAI0nAA==]]></Ticket>
</xml>

2016-06-16 12:34:31 params :
------------
Array:
message : Array ;
module : wdl_bigwheel ;
rule : 50 ;
priority : 0 ;
keyword : Array ;

2016-06-16 12:34:31 response :
------------
Array:
FromUserName : gh_87c9b624047c ;
ToUserName : oKap7wVRt3-9hqh9FjSDPHQK_Sak ;
MsgType : news ;
ArticleCount : 1 ;
Articles : Array ;

2016-06-16 12:38:53 trace :
------------
String:
<xml><ToUserName><![CDATA[gh_87c9b624047c]]></ToUserName>
<FromUserName><![CDATA[oKap7wReEdElIQmEMoE3YxUh4naA]]></FromUserName>
<CreateTime>1466051933</CreateTime>
<MsgType><![CDATA[event]]></MsgType>
<Event><![CDATA[subscribe]]></Event>
<EventKey><![CDATA[]]></EventKey>
</xml>

2016-06-16 12:38:53 params :
------------
Array:
message : Array ;
module : news ;
rule : 55 ;
priority : 0 ;
keyword : Array ;

2016-06-16 12:38:53 response :
------------
Array:
FromUserName : gh_87c9b624047c ;
ToUserName : oKap7wReEdElIQmEMoE3YxUh4naA ;
MsgType : news ;
ArticleCount : 3 ;
Articles : Array ;

2016-06-16 12:40:41 trace :
------------
String:
<xml><ToUserName><![CDATA[gh_87c9b624047c]]></ToUserName>
<FromUserName><![CDATA[oKap7wbELCWPh6Qr9yt8Wa3Gy3ts]]></FromUserName>
<CreateTime>1466052041</CreateTime>
<MsgType><![CDATA[event]]></MsgType>
<Event><![CDATA[subscribe]]></Event>
<EventKey><![CDATA[]]></EventKey>
</xml>

2016-06-16 12:40:41 params :
------------
Array:
message : Array ;
module : news ;
rule : 55 ;
priority : 0 ;
keyword : Array ;

2016-06-16 12:40:41 response :
------------
Array:
FromUserName : gh_87c9b624047c ;
ToUserName : oKap7wbELCWPh6Qr9yt8Wa3Gy3ts ;
MsgType : news ;
ArticleCount : 3 ;
Articles : Array ;

2016-06-16 13:01:45 trace :
------------
String:
<xml><ToUserName><![CDATA[gh_87c9b624047c]]></ToUserName>
<FromUserName><![CDATA[oKap7wReEdElIQmEMoE3YxUh4naA]]></FromUserName>
<CreateTime>1466053305</CreateTime>
<MsgType><![CDATA[event]]></MsgType>
<Event><![CDATA[VIEW]]></Event>
<EventKey><![CDATA[http://show.artels.cn/v-U70510PXM38WA3X5?eqrcode=1]]></EventKey>
<MenuId>503253745</MenuId>
</xml>

2016-06-16 13:01:45 params :
------------
Array:
rule : -2 ;
module :  ;
message : Array ;

2016-06-16 13:01:45 response :
------------

2016-06-16 13:06:04 trace :
------------
String:
<xml><ToUserName><![CDATA[gh_87c9b624047c]]></ToUserName>
<FromUserName><![CDATA[oKap7wd1b3cHtOYVqEzERibYPSGk]]></FromUserName>
<CreateTime>1466053564</CreateTime>
<MsgType><![CDATA[event]]></MsgType>
<Event><![CDATA[VIEW]]></Event>
<EventKey><![CDATA[http://show.artels.cn/v-U70510PXM38WA3X5?eqrcode=1]]></EventKey>
<MenuId>503253745</MenuId>
</xml>

2016-06-16 13:06:04 params :
------------
Array:
rule : -2 ;
module :  ;
message : Array ;

2016-06-16 13:06:04 response :
------------

2016-06-16 13:07:52 trace :
------------
String:
<xml><ToUserName><![CDATA[gh_87c9b624047c]]></ToUserName>
<FromUserName><![CDATA[oKap7wReEdElIQmEMoE3YxUh4naA]]></FromUserName>
<CreateTime>1466053672</CreateTime>
<MsgType><![CDATA[event]]></MsgType>
<Event><![CDATA[SCAN]]></Event>
<EventKey><![CDATA[100001]]></EventKey>
<Ticket><![CDATA[gQEf8DoAAAAAAAAAASxodHRwOi8vd2VpeGluLnFxLmNvbS9xL21UcDdicHpsR1B4aGktNWlfaFR0AAIEQ4o8VwMEAI0nAA==]]></Ticket>
</xml>

2016-06-16 13:07:52 params :
------------
Array:
message : Array ;
module : mon_qmshake ;
rule : 54 ;
priority : 0 ;
keyword : Array ;

2016-06-16 13:07:52 response :
------------
Array:
FromUserName : gh_87c9b624047c ;
ToUserName : oKap7wReEdElIQmEMoE3YxUh4naA ;
MsgType : news ;
ArticleCount : 1 ;
Articles : Array ;

2016-06-16 13:13:49 trace :
------------
String:
<xml><ToUserName><![CDATA[gh_87c9b624047c]]></ToUserName>
<FromUserName><![CDATA[oKap7wReEdElIQmEMoE3YxUh4naA]]></FromUserName>
<CreateTime>1466054029</CreateTime>
<MsgType><![CDATA[event]]></MsgType>
<Event><![CDATA[SCAN]]></Event>
<EventKey><![CDATA[100001]]></EventKey>
<Ticket><![CDATA[gQEf8DoAAAAAAAAAASxodHRwOi8vd2VpeGluLnFxLmNvbS9xL21UcDdicHpsR1B4aGktNWlfaFR0AAIEQ4o8VwMEAI0nAA==]]></Ticket>
</xml>

2016-06-16 13:13:49 params :
------------
Array:
message : Array ;
module : mon_qmshake ;
rule : 54 ;
priority : 0 ;
keyword : Array ;

2016-06-16 13:13:49 response :
------------
Array:
FromUserName : gh_87c9b624047c ;
ToUserName : oKap7wReEdElIQmEMoE3YxUh4naA ;
MsgType : news ;
ArticleCount : 1 ;
Articles : Array ;

2016-06-16 13:13:49 trace :
------------
String:
<xml><ToUserName><![CDATA[gh_87c9b624047c]]></ToUserName>
<FromUserName><![CDATA[oKap7wReEdElIQmEMoE3YxUh4naA]]></FromUserName>
<CreateTime>1466054029</CreateTime>
<MsgType><![CDATA[event]]></MsgType>
<Event><![CDATA[SCAN]]></Event>
<EventKey><![CDATA[100001]]></EventKey>
<Ticket><![CDATA[gQEf8DoAAAAAAAAAASxodHRwOi8vd2VpeGluLnFxLmNvbS9xL21UcDdicHpsR1B4aGktNWlfaFR0AAIEQ4o8VwMEAI0nAA==]]></Ticket>
</xml>

2016-06-16 13:13:49 params :
------------
Array:
message : Array ;
module : mon_qmshake ;
rule : 54 ;
priority : 0 ;
keyword : Array ;

2016-06-16 13:13:49 response :
------------
Array:
FromUserName : gh_87c9b624047c ;
ToUserName : oKap7wReEdElIQmEMoE3YxUh4naA ;
MsgType : news ;
ArticleCount : 1 ;
Articles : Array ;

2016-06-16 13:29:02 trace :
------------
String:
<xml><ToUserName><![CDATA[gh_87c9b624047c]]></ToUserName>
<FromUserName><![CDATA[oKap7weGq3zlBPFZAMWxo1qd5NPU]]></FromUserName>
<CreateTime>1466054942</CreateTime>
<MsgType><![CDATA[event]]></MsgType>
<Event><![CDATA[CLICK]]></Event>
<EventKey><![CDATA[每天摇一摇]]></EventKey>
</xml>

2016-06-16 13:29:02 params :
------------
Array:
message : Array ;
module : mon_qmshake ;
rule : 54 ;
priority : 0 ;
keyword : Array ;

2016-06-16 13:29:02 response :
------------
Array:
FromUserName : gh_87c9b624047c ;
ToUserName : oKap7weGq3zlBPFZAMWxo1qd5NPU ;
MsgType : news ;
ArticleCount : 1 ;
Articles : Array ;

2016-06-16 13:37:17 trace :
------------
String:
<xml><ToUserName><![CDATA[gh_87c9b624047c]]></ToUserName>
<FromUserName><![CDATA[oKap7wYXWPXMZ4kes11qvvcuJmyg]]></FromUserName>
<CreateTime>1466055437</CreateTime>
<MsgType><![CDATA[event]]></MsgType>
<Event><![CDATA[CLICK]]></Event>
<EventKey><![CDATA[每天摇一摇]]></EventKey>
</xml>

2016-06-16 13:37:17 params :
------------
Array:
message : Array ;
module : mon_qmshake ;
rule : 54 ;
priority : 0 ;
keyword : Array ;

2016-06-16 13:37:17 response :
------------
Array:
FromUserName : gh_87c9b624047c ;
ToUserName : oKap7wYXWPXMZ4kes11qvvcuJmyg ;
MsgType : news ;
ArticleCount : 1 ;
Articles : Array ;

2016-06-16 13:37:47 trace :
------------
String:
<xml><ToUserName><![CDATA[gh_87c9b624047c]]></ToUserName>
<FromUserName><![CDATA[oKap7wYXWPXMZ4kes11qvvcuJmyg]]></FromUserName>
<CreateTime>1466055466</CreateTime>
<MsgType><![CDATA[event]]></MsgType>
<Event><![CDATA[unsubscribe]]></Event>
<EventKey><![CDATA[]]></EventKey>
</xml>

2016-06-16 13:37:49 trace :
------------
String:
<xml><ToUserName><![CDATA[gh_87c9b624047c]]></ToUserName>
<FromUserName><![CDATA[oKap7wYXWPXMZ4kes11qvvcuJmyg]]></FromUserName>
<CreateTime>1466055469</CreateTime>
<MsgType><![CDATA[event]]></MsgType>
<Event><![CDATA[subscribe]]></Event>
<EventKey><![CDATA[]]></EventKey>
</xml>

2016-06-16 13:37:50 params :
------------
Array:
message : Array ;
module : news ;
rule : 55 ;
priority : 0 ;
keyword : Array ;

2016-06-16 13:37:50 response :
------------
Array:
FromUserName : gh_87c9b624047c ;
ToUserName : oKap7wYXWPXMZ4kes11qvvcuJmyg ;
MsgType : news ;
ArticleCount : 3 ;
Articles : Array ;

2016-06-16 13:38:05 trace :
------------
String:
<xml><ToUserName><![CDATA[gh_87c9b624047c]]></ToUserName>
<FromUserName><![CDATA[oKap7wYXWPXMZ4kes11qvvcuJmyg]]></FromUserName>
<CreateTime>1466055485</CreateTime>
<MsgType><![CDATA[event]]></MsgType>
<Event><![CDATA[SCAN]]></Event>
<EventKey><![CDATA[100001]]></EventKey>
<Ticket><![CDATA[gQGd8DoAAAAAAAAAASxodHRwOi8vd2VpeGluLnFxLmNvbS9xL3BqcGVENnJsTXZ4TDQ4RU0zeFR0AAIEIog8VwMEAI0nAA==]]></Ticket>
</xml>

2016-06-16 13:38:05 params :
------------
Array:
message : Array ;
module : mon_qmshake ;
rule : 54 ;
priority : 0 ;
keyword : Array ;

2016-06-16 13:38:05 response :
------------
Array:
FromUserName : gh_87c9b624047c ;
ToUserName : oKap7wYXWPXMZ4kes11qvvcuJmyg ;
MsgType : news ;
ArticleCount : 1 ;
Articles : Array ;

2016-06-16 13:40:11 trace :
------------
String:
<xml><ToUserName><![CDATA[gh_87c9b624047c]]></ToUserName>
<FromUserName><![CDATA[oKap7waxdPwJhxUMc2dwdLEQz57w]]></FromUserName>
<CreateTime>1466055610</CreateTime>
<MsgType><![CDATA[event]]></MsgType>
<Event><![CDATA[unsubscribe]]></Event>
<EventKey><![CDATA[]]></EventKey>
</xml>

2016-06-16 13:40:14 trace :
------------
String:
<xml><ToUserName><![CDATA[gh_87c9b624047c]]></ToUserName>
<FromUserName><![CDATA[oKap7waxdPwJhxUMc2dwdLEQz57w]]></FromUserName>
<CreateTime>1466055614</CreateTime>
<MsgType><![CDATA[event]]></MsgType>
<Event><![CDATA[subscribe]]></Event>
<EventKey><![CDATA[]]></EventKey>
</xml>

2016-06-16 13:40:14 params :
------------
Array:
message : Array ;
module : news ;
rule : 55 ;
priority : 0 ;
keyword : Array ;

2016-06-16 13:40:14 response :
------------
Array:
FromUserName : gh_87c9b624047c ;
ToUserName : oKap7waxdPwJhxUMc2dwdLEQz57w ;
MsgType : news ;
ArticleCount : 3 ;
Articles : Array ;

2016-06-16 13:40:26 trace :
------------
String:
<xml><ToUserName><![CDATA[gh_87c9b624047c]]></ToUserName>
<FromUserName><![CDATA[oKap7waxdPwJhxUMc2dwdLEQz57w]]></FromUserName>
<CreateTime>1466055626</CreateTime>
<MsgType><![CDATA[event]]></MsgType>
<Event><![CDATA[SCAN]]></Event>
<EventKey><![CDATA[100001]]></EventKey>
<Ticket><![CDATA[gQGd8DoAAAAAAAAAASxodHRwOi8vd2VpeGluLnFxLmNvbS9xL3BqcGVENnJsTXZ4TDQ4RU0zeFR0AAIEIog8VwMEAI0nAA==]]></Ticket>
</xml>

2016-06-16 13:40:26 params :
------------
Array:
message : Array ;
module : mon_qmshake ;
rule : 54 ;
priority : 0 ;
keyword : Array ;

2016-06-16 13:40:26 response :
------------
Array:
FromUserName : gh_87c9b624047c ;
ToUserName : oKap7waxdPwJhxUMc2dwdLEQz57w ;
MsgType : news ;
ArticleCount : 1 ;
Articles : Array ;

2016-06-16 13:41:52 trace :
------------
String:
<xml><ToUserName><![CDATA[gh_87c9b624047c]]></ToUserName>
<FromUserName><![CDATA[oKap7waxdPwJhxUMc2dwdLEQz57w]]></FromUserName>
<CreateTime>1466055712</CreateTime>
<MsgType><![CDATA[event]]></MsgType>
<Event><![CDATA[CLICK]]></Event>
<EventKey><![CDATA[每天摇一摇]]></EventKey>
</xml>

2016-06-16 13:41:52 params :
------------
Array:
message : Array ;
module : mon_qmshake ;
rule : 54 ;
priority : 0 ;
keyword : Array ;

2016-06-16 13:41:52 response :
------------
Array:
FromUserName : gh_87c9b624047c ;
ToUserName : oKap7waxdPwJhxUMc2dwdLEQz57w ;
MsgType : news ;
ArticleCount : 1 ;
Articles : Array ;

2016-06-16 13:47:03 trace :
------------
String:
<xml><ToUserName><![CDATA[gh_87c9b624047c]]></ToUserName>
<FromUserName><![CDATA[oKap7wVTN8evIb58m5f92AGtPTzM]]></FromUserName>
<CreateTime>1466056023</CreateTime>
<MsgType><![CDATA[event]]></MsgType>
<Event><![CDATA[subscribe]]></Event>
<EventKey><![CDATA[]]></EventKey>
</xml>

2016-06-16 13:47:03 params :
------------
Array:
message : Array ;
module : news ;
rule : 55 ;
priority : 0 ;
keyword : Array ;

2016-06-16 13:47:03 response :
------------
Array:
FromUserName : gh_87c9b624047c ;
ToUserName : oKap7wVTN8evIb58m5f92AGtPTzM ;
MsgType : news ;
ArticleCount : 3 ;
Articles : Array ;

2016-06-16 13:47:23 trace :
------------
String:
<xml><ToUserName><![CDATA[gh_87c9b624047c]]></ToUserName>
<FromUserName><![CDATA[oKap7wVTN8evIb58m5f92AGtPTzM]]></FromUserName>
<CreateTime>1466056043</CreateTime>
<MsgType><![CDATA[event]]></MsgType>
<Event><![CDATA[SCAN]]></Event>
<EventKey><![CDATA[100001]]></EventKey>
<Ticket><![CDATA[gQGd8DoAAAAAAAAAASxodHRwOi8vd2VpeGluLnFxLmNvbS9xL3BqcGVENnJsTXZ4TDQ4RU0zeFR0AAIEIog8VwMEAI0nAA==]]></Ticket>
</xml>

2016-06-16 13:47:23 params :
------------
Array:
message : Array ;
module : mon_qmshake ;
rule : 54 ;
priority : 0 ;
keyword : Array ;

2016-06-16 13:47:23 response :
------------
Array:
FromUserName : gh_87c9b624047c ;
ToUserName : oKap7wVTN8evIb58m5f92AGtPTzM ;
MsgType : news ;
ArticleCount : 1 ;
Articles : Array ;

2016-06-16 13:47:52 trace :
------------
String:
<xml><ToUserName><![CDATA[gh_87c9b624047c]]></ToUserName>
<FromUserName><![CDATA[oKap7waxSfCbyfhi1IXu4qmf7ZU8]]></FromUserName>
<CreateTime>1466056072</CreateTime>
<MsgType><![CDATA[event]]></MsgType>
<Event><![CDATA[CLICK]]></Event>
<EventKey><![CDATA[每天摇一摇]]></EventKey>
</xml>

2016-06-16 13:47:52 params :
------------
Array:
message : Array ;
module : mon_qmshake ;
rule : 54 ;
priority : 0 ;
keyword : Array ;

2016-06-16 13:47:52 response :
------------
Array:
FromUserName : gh_87c9b624047c ;
ToUserName : oKap7waxSfCbyfhi1IXu4qmf7ZU8 ;
MsgType : news ;
ArticleCount : 1 ;
Articles : Array ;

2016-06-16 13:48:20 trace :
------------
String:
<xml><ToUserName><![CDATA[gh_87c9b624047c]]></ToUserName>
<FromUserName><![CDATA[oKap7wVTN8evIb58m5f92AGtPTzM]]></FromUserName>
<CreateTime>1466056100</CreateTime>
<MsgType><![CDATA[event]]></MsgType>
<Event><![CDATA[CLICK]]></Event>
<EventKey><![CDATA[每天摇一摇]]></EventKey>
</xml>

2016-06-16 13:48:20 params :
------------
Array:
message : Array ;
module : mon_qmshake ;
rule : 54 ;
priority : 0 ;
keyword : Array ;

2016-06-16 13:48:20 response :
------------
Array:
FromUserName : gh_87c9b624047c ;
ToUserName : oKap7wVTN8evIb58m5f92AGtPTzM ;
MsgType : news ;
ArticleCount : 1 ;
Articles : Array ;

2016-06-16 13:49:44 trace :
------------
String:
<xml><ToUserName><![CDATA[gh_87c9b624047c]]></ToUserName>
<FromUserName><![CDATA[oKap7wXGQHEZ2lqLvDq9KvgfII7Y]]></FromUserName>
<CreateTime>1466056184</CreateTime>
<MsgType><![CDATA[event]]></MsgType>
<Event><![CDATA[SCAN]]></Event>
<EventKey><![CDATA[100002]]></EventKey>
<Ticket><![CDATA[gQGg8DoAAAAAAAAAASxodHRwOi8vd2VpeGluLnFxLmNvbS9xL3NUb3BOODdsUi13X3FOWTJxQlR0AAIEM4o8VwMEAI0nAA==]]></Ticket>
</xml>

2016-06-16 13:49:44 params :
------------
Array:
message : Array ;
module : wdl_bigwheel ;
rule : 50 ;
priority : 0 ;
keyword : Array ;

2016-06-16 13:49:44 response :
------------
Array:
FromUserName : gh_87c9b624047c ;
ToUserName : oKap7wXGQHEZ2lqLvDq9KvgfII7Y ;
MsgType : news ;
ArticleCount : 1 ;
Articles : Array ;

2016-06-16 13:55:33 trace :
------------
String:
<xml><ToUserName><![CDATA[gh_87c9b624047c]]></ToUserName>
<FromUserName><![CDATA[oKap7wYXWPXMZ4kes11qvvcuJmyg]]></FromUserName>
<CreateTime>1466056533</CreateTime>
<MsgType><![CDATA[event]]></MsgType>
<Event><![CDATA[VIEW]]></Event>
<EventKey><![CDATA[http://appsnap.weixinprint.com/vins/netPrintCloud1?publicUserId=86116&type=1]]></EventKey>
<MenuId>503253745</MenuId>
</xml>

2016-06-16 13:55:33 params :
------------
Array:
rule : -2 ;
module :  ;
message : Array ;

2016-06-16 13:55:33 response :
------------

2016-06-16 13:55:39 trace :
------------
String:
<xml><ToUserName><![CDATA[gh_87c9b624047c]]></ToUserName>
<FromUserName><![CDATA[oKap7wYXWPXMZ4kes11qvvcuJmyg]]></FromUserName>
<CreateTime>1466056539</CreateTime>
<MsgType><![CDATA[event]]></MsgType>
<Event><![CDATA[CLICK]]></Event>
<EventKey><![CDATA[大转盘]]></EventKey>
</xml>

2016-06-16 13:55:39 params :
------------
Array:
message : Array ;
module : wdl_bigwheel ;
rule : 50 ;
priority : 0 ;
keyword : Array ;

2016-06-16 13:55:39 response :
------------
Array:
FromUserName : gh_87c9b624047c ;
ToUserName : oKap7wYXWPXMZ4kes11qvvcuJmyg ;
MsgType : news ;
ArticleCount : 1 ;
Articles : Array ;

2016-06-16 13:55:53 trace :
------------
String:
<xml><ToUserName><![CDATA[gh_87c9b624047c]]></ToUserName>
<FromUserName><![CDATA[oKap7wYXWPXMZ4kes11qvvcuJmyg]]></FromUserName>
<CreateTime>1466056553</CreateTime>
<MsgType><![CDATA[event]]></MsgType>
<Event><![CDATA[CLICK]]></Event>
<EventKey><![CDATA[刮刮卡]]></EventKey>
</xml>

2016-06-16 13:55:53 params :
------------
Array:
message : Array ;
module : stonefish_scratch ;
rule : 48 ;
priority : 0 ;
keyword : Array ;

2016-06-16 13:55:53 response :
------------
Array:
FromUserName : gh_87c9b624047c ;
ToUserName : oKap7wYXWPXMZ4kes11qvvcuJmyg ;
MsgType : news ;
ArticleCount : 1 ;
Articles : Array ;

2016-06-16 13:59:46 trace :
------------
String:
<xml><ToUserName><![CDATA[gh_87c9b624047c]]></ToUserName>
<FromUserName><![CDATA[oKap7wVDzl1cMMAWP_FqiinDSEmA]]></FromUserName>
<CreateTime>1466056786</CreateTime>
<MsgType><![CDATA[event]]></MsgType>
<Event><![CDATA[CLICK]]></Event>
<EventKey><![CDATA[每天摇一摇]]></EventKey>
</xml>

2016-06-16 13:59:46 params :
------------
Array:
message : Array ;
module : mon_qmshake ;
rule : 54 ;
priority : 0 ;
keyword : Array ;

2016-06-16 13:59:46 response :
------------
Array:
FromUserName : gh_87c9b624047c ;
ToUserName : oKap7wVDzl1cMMAWP_FqiinDSEmA ;
MsgType : news ;
ArticleCount : 1 ;
Articles : Array ;

2016-06-16 14:01:44 trace :
------------
String:
<xml><ToUserName><![CDATA[gh_87c9b624047c]]></ToUserName>
<FromUserName><![CDATA[oKap7wVDzl1cMMAWP_FqiinDSEmA]]></FromUserName>
<CreateTime>1466056904</CreateTime>
<MsgType><![CDATA[event]]></MsgType>
<Event><![CDATA[CLICK]]></Event>
<EventKey><![CDATA[大转盘]]></EventKey>
</xml>

2016-06-16 14:01:44 params :
------------
Array:
message : Array ;
module : wdl_bigwheel ;
rule : 50 ;
priority : 0 ;
keyword : Array ;

2016-06-16 14:01:44 response :
------------
Array:
FromUserName : gh_87c9b624047c ;
ToUserName : oKap7wVDzl1cMMAWP_FqiinDSEmA ;
MsgType : news ;
ArticleCount : 1 ;
Articles : Array ;

2016-06-16 14:01:48 trace :
------------
String:
<xml><ToUserName><![CDATA[gh_87c9b624047c]]></ToUserName>
<FromUserName><![CDATA[oKap7wVDzl1cMMAWP_FqiinDSEmA]]></FromUserName>
<CreateTime>1466056908</CreateTime>
<MsgType><![CDATA[event]]></MsgType>
<Event><![CDATA[CLICK]]></Event>
<EventKey><![CDATA[大转盘]]></EventKey>
</xml>

2016-06-16 14:01:48 params :
------------
Array:
message : Array ;
module : wdl_bigwheel ;
rule : 50 ;
priority : 0 ;
keyword : Array ;

2016-06-16 14:01:48 response :
------------
Array:
FromUserName : gh_87c9b624047c ;
ToUserName : oKap7wVDzl1cMMAWP_FqiinDSEmA ;
MsgType : news ;
ArticleCount : 1 ;
Articles : Array ;

2016-06-16 14:07:18 trace :
------------
String:
<xml><ToUserName><![CDATA[gh_87c9b624047c]]></ToUserName>
<FromUserName><![CDATA[oKap7wYXWPXMZ4kes11qvvcuJmyg]]></FromUserName>
<CreateTime>1466057238</CreateTime>
<MsgType><![CDATA[event]]></MsgType>
<Event><![CDATA[CLICK]]></Event>
<EventKey><![CDATA[刮刮卡]]></EventKey>
</xml>

2016-06-16 14:07:18 params :
------------
Array:
message : Array ;
module : stonefish_scratch ;
rule : 48 ;
priority : 0 ;
keyword : Array ;

2016-06-16 14:07:18 response :
------------
Array:
FromUserName : gh_87c9b624047c ;
ToUserName : oKap7wYXWPXMZ4kes11qvvcuJmyg ;
MsgType : news ;
ArticleCount : 1 ;
Articles : Array ;

2016-06-16 14:07:21 trace :
------------
String:
<xml><ToUserName><![CDATA[gh_87c9b624047c]]></ToUserName>
<FromUserName><![CDATA[oKap7wYXWPXMZ4kes11qvvcuJmyg]]></FromUserName>
<CreateTime>1466057241</CreateTime>
<MsgType><![CDATA[event]]></MsgType>
<Event><![CDATA[CLICK]]></Event>
<EventKey><![CDATA[每天摇一摇]]></EventKey>
</xml>

2016-06-16 14:07:21 params :
------------
Array:
message : Array ;
module : mon_qmshake ;
rule : 54 ;
priority : 0 ;
keyword : Array ;

2016-06-16 14:07:21 response :
------------
Array:
FromUserName : gh_87c9b624047c ;
ToUserName : oKap7wYXWPXMZ4kes11qvvcuJmyg ;
MsgType : news ;
ArticleCount : 1 ;
Articles : Array ;

2016-06-16 14:07:52 trace :
------------
String:
<xml><ToUserName><![CDATA[gh_87c9b624047c]]></ToUserName>
<FromUserName><![CDATA[oKap7wVDzl1cMMAWP_FqiinDSEmA]]></FromUserName>
<CreateTime>1466057272</CreateTime>
<MsgType><![CDATA[event]]></MsgType>
<Event><![CDATA[CLICK]]></Event>
<EventKey><![CDATA[每天摇一摇]]></EventKey>
</xml>

2016-06-16 14:07:52 params :
------------
Array:
message : Array ;
module : mon_qmshake ;
rule : 54 ;
priority : 0 ;
keyword : Array ;

2016-06-16 14:07:52 response :
------------
Array:
FromUserName : gh_87c9b624047c ;
ToUserName : oKap7wVDzl1cMMAWP_FqiinDSEmA ;
MsgType : news ;
ArticleCount : 1 ;
Articles : Array ;

2016-06-16 14:11:23 trace :
------------
String:
<xml><ToUserName><![CDATA[gh_87c9b624047c]]></ToUserName>
<FromUserName><![CDATA[oKap7wfe6pE2-DRWxRMNWqHw4MGw]]></FromUserName>
<CreateTime>1466057483</CreateTime>
<MsgType><![CDATA[event]]></MsgType>
<Event><![CDATA[SCAN]]></Event>
<EventKey><![CDATA[100001]]></EventKey>
<Ticket><![CDATA[gQGd8DoAAAAAAAAAASxodHRwOi8vd2VpeGluLnFxLmNvbS9xL3BqcGVENnJsTXZ4TDQ4RU0zeFR0AAIEIog8VwMEAI0nAA==]]></Ticket>
</xml>

2016-06-16 14:11:23 params :
------------
Array:
message : Array ;
module : mon_qmshake ;
rule : 54 ;
priority : 0 ;
keyword : Array ;

2016-06-16 14:11:23 response :
------------
Array:
FromUserName : gh_87c9b624047c ;
ToUserName : oKap7wfe6pE2-DRWxRMNWqHw4MGw ;
MsgType : news ;
ArticleCount : 1 ;
Articles : Array ;

2016-06-16 14:13:07 trace :
------------
String:
<xml><ToUserName><![CDATA[gh_87c9b624047c]]></ToUserName>
<FromUserName><![CDATA[oKap7wUjNz3QQLR_IcxZi8Si9MQk]]></FromUserName>
<CreateTime>1466057587</CreateTime>
<MsgType><![CDATA[event]]></MsgType>
<Event><![CDATA[subscribe]]></Event>
<EventKey><![CDATA[]]></EventKey>
</xml>

2016-06-16 14:13:07 params :
------------
Array:
message : Array ;
module : news ;
rule : 55 ;
priority : 0 ;
keyword : Array ;

2016-06-16 14:13:07 response :
------------
Array:
FromUserName : gh_87c9b624047c ;
ToUserName : oKap7wUjNz3QQLR_IcxZi8Si9MQk ;
MsgType : news ;
ArticleCount : 3 ;
Articles : Array ;

2016-06-16 14:13:12 trace :
------------
String:
<xml><ToUserName><![CDATA[gh_87c9b624047c]]></ToUserName>
<FromUserName><![CDATA[oKap7wUjNz3QQLR_IcxZi8Si9MQk]]></FromUserName>
<CreateTime>1466057592</CreateTime>
<MsgType><![CDATA[event]]></MsgType>
<Event><![CDATA[CLICK]]></Event>
<EventKey><![CDATA[每天摇一摇]]></EventKey>
</xml>

2016-06-16 14:13:12 params :
------------
Array:
message : Array ;
module : mon_qmshake ;
rule : 54 ;
priority : 0 ;
keyword : Array ;

2016-06-16 14:13:12 response :
------------
Array:
FromUserName : gh_87c9b624047c ;
ToUserName : oKap7wUjNz3QQLR_IcxZi8Si9MQk ;
MsgType : news ;
ArticleCount : 1 ;
Articles : Array ;

2016-06-16 14:17:38 trace :
------------
String:
<xml><ToUserName><![CDATA[gh_87c9b624047c]]></ToUserName>
<FromUserName><![CDATA[oKap7wYXWPXMZ4kes11qvvcuJmyg]]></FromUserName>
<CreateTime>1466057858</CreateTime>
<MsgType><![CDATA[event]]></MsgType>
<Event><![CDATA[CLICK]]></Event>
<EventKey><![CDATA[每天摇一摇]]></EventKey>
</xml>

2016-06-16 14:17:38 params :
------------
Array:
message : Array ;
module : mon_qmshake ;
rule : 54 ;
priority : 0 ;
keyword : Array ;

2016-06-16 14:17:38 response :
------------
Array:
FromUserName : gh_87c9b624047c ;
ToUserName : oKap7wYXWPXMZ4kes11qvvcuJmyg ;
MsgType : news ;
ArticleCount : 1 ;
Articles : Array ;

2016-06-16 14:18:08 trace :
------------
String:
<xml><ToUserName><![CDATA[gh_87c9b624047c]]></ToUserName>
<FromUserName><![CDATA[oKap7wYXWPXMZ4kes11qvvcuJmyg]]></FromUserName>
<CreateTime>1466057888</CreateTime>
<MsgType><![CDATA[event]]></MsgType>
<Event><![CDATA[CLICK]]></Event>
<EventKey><![CDATA[每天摇一摇]]></EventKey>
</xml>

2016-06-16 14:18:08 params :
------------
Array:
message : Array ;
module : mon_qmshake ;
rule : 54 ;
priority : 0 ;
keyword : Array ;

2016-06-16 14:18:08 response :
------------
Array:
FromUserName : gh_87c9b624047c ;
ToUserName : oKap7wYXWPXMZ4kes11qvvcuJmyg ;
MsgType : news ;
ArticleCount : 1 ;
Articles : Array ;

2016-06-16 17:23:24 trace :
------------
String:
<xml><ToUserName><![CDATA[gh_87c9b624047c]]></ToUserName>
<FromUserName><![CDATA[oKap7wUze0CfqoMJHSW9r2Z48Pmg]]></FromUserName>
<CreateTime>1466069004</CreateTime>
<MsgType><![CDATA[event]]></MsgType>
<Event><![CDATA[VIEW]]></Event>
<EventKey><![CDATA[http://show.artels.cn/v-U70510PXM38WA3X5?eqrcode=1]]></EventKey>
<MenuId>503253745</MenuId>
</xml>

2016-06-16 17:23:24 params :
------------
Array:
rule : -2 ;
module :  ;
message : Array ;

2016-06-16 17:23:24 response :
------------

2016-06-16 17:23:33 trace :
------------
String:
<xml><ToUserName><![CDATA[gh_87c9b624047c]]></ToUserName>
<FromUserName><![CDATA[oKap7wUze0CfqoMJHSW9r2Z48Pmg]]></FromUserName>
<CreateTime>1466069013</CreateTime>
<MsgType><![CDATA[event]]></MsgType>
<Event><![CDATA[CLICK]]></Event>
<EventKey><![CDATA[酒店地址]]></EventKey>
</xml>

2016-06-16 17:23:33 params :
------------
Array:
message : Array ;
module : cover ;
rule : 56 ;
priority : 0 ;
keyword : Array ;

2016-06-16 17:23:33 response :
------------
Array:
FromUserName : gh_87c9b624047c ;
ToUserName : oKap7wUze0CfqoMJHSW9r2Z48Pmg ;
MsgType : news ;
ArticleCount : 1 ;
Articles : Array ;

2016-06-16 17:29:10 trace :
------------
String:
<xml><ToUserName><![CDATA[gh_87c9b624047c]]></ToUserName>
<FromUserName><![CDATA[oKap7wVDzl1cMMAWP_FqiinDSEmA]]></FromUserName>
<CreateTime>1466069350</CreateTime>
<MsgType><![CDATA[event]]></MsgType>
<Event><![CDATA[unsubscribe]]></Event>
<EventKey><![CDATA[]]></EventKey>
</xml>

2016-06-16 17:29:47 trace :
------------
String:
<xml><ToUserName><![CDATA[gh_87c9b624047c]]></ToUserName>
<FromUserName><![CDATA[oKap7wVDzl1cMMAWP_FqiinDSEmA]]></FromUserName>
<CreateTime>1466069387</CreateTime>
<MsgType><![CDATA[event]]></MsgType>
<Event><![CDATA[subscribe]]></Event>
<EventKey><![CDATA[]]></EventKey>
</xml>

2016-06-16 17:29:47 params :
------------
Array:
message : Array ;
module : news ;
rule : 55 ;
priority : 0 ;
keyword : Array ;

2016-06-16 17:29:47 response :
------------
Array:
FromUserName : gh_87c9b624047c ;
ToUserName : oKap7wVDzl1cMMAWP_FqiinDSEmA ;
MsgType : news ;
ArticleCount : 3 ;
Articles : Array ;

2016-06-16 17:30:16 trace :
------------
String:
<xml><ToUserName><![CDATA[gh_87c9b624047c]]></ToUserName>
<FromUserName><![CDATA[oKap7wVDzl1cMMAWP_FqiinDSEmA]]></FromUserName>
<CreateTime>1466069415</CreateTime>
<MsgType><![CDATA[event]]></MsgType>
<Event><![CDATA[SCAN]]></Event>
<EventKey><![CDATA[100001]]></EventKey>
<Ticket><![CDATA[gQGd8DoAAAAAAAAAASxodHRwOi8vd2VpeGluLnFxLmNvbS9xL3BqcGVENnJsTXZ4TDQ4RU0zeFR0AAIEIog8VwMEAI0nAA==]]></Ticket>
</xml>

2016-06-16 17:30:16 params :
------------
Array:
message : Array ;
module : mon_qmshake ;
rule : 54 ;
priority : 0 ;
keyword : Array ;

2016-06-16 17:30:16 response :
------------
Array:
FromUserName : gh_87c9b624047c ;
ToUserName : oKap7wVDzl1cMMAWP_FqiinDSEmA ;
MsgType : news ;
ArticleCount : 1 ;
Articles : Array ;

2016-06-16 17:31:53 trace :
------------
String:
<xml><ToUserName><![CDATA[gh_87c9b624047c]]></ToUserName>
<FromUserName><![CDATA[oKap7wQb8Nf5YFMUdCkPpwrgqtAU]]></FromUserName>
<CreateTime>1466069513</CreateTime>
<MsgType><![CDATA[event]]></MsgType>
<Event><![CDATA[CLICK]]></Event>
<EventKey><![CDATA[每天摇一摇]]></EventKey>
</xml>

2016-06-16 17:31:53 params :
------------
Array:
message : Array ;
module : mon_qmshake ;
rule : 54 ;
priority : 0 ;
keyword : Array ;

2016-06-16 17:31:53 response :
------------
Array:
FromUserName : gh_87c9b624047c ;
ToUserName : oKap7wQb8Nf5YFMUdCkPpwrgqtAU ;
MsgType : news ;
ArticleCount : 1 ;
Articles : Array ;

2016-06-16 19:11:03 trace :
------------
String:
<xml><ToUserName><![CDATA[gh_87c9b624047c]]></ToUserName>
<FromUserName><![CDATA[oKap7wQPy-SV2C7pB62vGN8lZ2Tk]]></FromUserName>
<CreateTime>1466075463</CreateTime>
<MsgType><![CDATA[event]]></MsgType>
<Event><![CDATA[SCAN]]></Event>
<EventKey><![CDATA[100002]]></EventKey>
<Ticket><![CDATA[gQGg8DoAAAAAAAAAASxodHRwOi8vd2VpeGluLnFxLmNvbS9xL3NUb3BOODdsUi13X3FOWTJxQlR0AAIEM4o8VwMEAI0nAA==]]></Ticket>
</xml>

2016-06-16 19:11:03 params :
------------
Array:
message : Array ;
module : wdl_bigwheel ;
rule : 50 ;
priority : 0 ;
keyword : Array ;

2016-06-16 19:11:03 response :
------------
Array:
FromUserName : gh_87c9b624047c ;
ToUserName : oKap7wQPy-SV2C7pB62vGN8lZ2Tk ;
MsgType : news ;
ArticleCount : 1 ;
Articles : Array ;

2016-06-16 20:14:07 trace :
------------
String:
<xml><ToUserName><![CDATA[gh_b75bad3e9d82]]></ToUserName>
<FromUserName><![CDATA[oH51jwzePKQxgyEhxRYNyuTb-KGY]]></FromUserName>
<CreateTime>1466079246</CreateTime>
<MsgType><![CDATA[event]]></MsgType>
<Event><![CDATA[unsubscribe]]></Event>
<EventKey><![CDATA[]]></EventKey>
</xml>

2016-06-16 20:20:37 trace :
------------
String:
<xml><ToUserName><![CDATA[gh_87c9b624047c]]></ToUserName>
<FromUserName><![CDATA[oKap7wUPJDBphC-9wURBCj60vXZM]]></FromUserName>
<CreateTime>1466079637</CreateTime>
<MsgType><![CDATA[event]]></MsgType>
<Event><![CDATA[subscribe]]></Event>
<EventKey><![CDATA[]]></EventKey>
</xml>

2016-06-16 20:20:37 params :
------------
Array:
message : Array ;
module : news ;
rule : 55 ;
priority : 0 ;
keyword : Array ;

2016-06-16 20:20:37 response :
------------
Array:
FromUserName : gh_87c9b624047c ;
ToUserName : oKap7wUPJDBphC-9wURBCj60vXZM ;
MsgType : news ;
ArticleCount : 3 ;
Articles : Array ;

2016-06-16 20:22:04 trace :
------------
String:
<xml><ToUserName><![CDATA[gh_87c9b624047c]]></ToUserName>
<FromUserName><![CDATA[oKap7wUPJDBphC-9wURBCj60vXZM]]></FromUserName>
<CreateTime>1466079724</CreateTime>
<MsgType><![CDATA[event]]></MsgType>
<Event><![CDATA[SCAN]]></Event>
<EventKey><![CDATA[100001]]></EventKey>
<Ticket><![CDATA[gQGd8DoAAAAAAAAAASxodHRwOi8vd2VpeGluLnFxLmNvbS9xL3BqcGVENnJsTXZ4TDQ4RU0zeFR0AAIEIog8VwMEAI0nAA==]]></Ticket>
</xml>

2016-06-16 20:22:04 params :
------------
Array:
message : Array ;
module : mon_qmshake ;
rule : 54 ;
priority : 0 ;
keyword : Array ;

2016-06-16 20:22:04 response :
------------
Array:
FromUserName : gh_87c9b624047c ;
ToUserName : oKap7wUPJDBphC-9wURBCj60vXZM ;
MsgType : news ;
ArticleCount : 1 ;
Articles : Array ;

2016-06-16 20:24:34 trace :
------------
String:
<xml><ToUserName><![CDATA[gh_87c9b624047c]]></ToUserName>
<FromUserName><![CDATA[oKap7wUPJDBphC-9wURBCj60vXZM]]></FromUserName>
<CreateTime>1466079874</CreateTime>
<MsgType><![CDATA[event]]></MsgType>
<Event><![CDATA[SCAN]]></Event>
<EventKey><![CDATA[100002]]></EventKey>
<Ticket><![CDATA[gQGg8DoAAAAAAAAAASxodHRwOi8vd2VpeGluLnFxLmNvbS9xL3NUb3BOODdsUi13X3FOWTJxQlR0AAIEM4o8VwMEAI0nAA==]]></Ticket>
</xml>

2016-06-16 20:24:34 params :
------------
Array:
message : Array ;
module : wdl_bigwheel ;
rule : 50 ;
priority : 0 ;
keyword : Array ;

2016-06-16 20:24:34 response :
------------
Array:
FromUserName : gh_87c9b624047c ;
ToUserName : oKap7wUPJDBphC-9wURBCj60vXZM ;
MsgType : news ;
ArticleCount : 1 ;
Articles : Array ;

2016-06-16 20:33:17 trace :
------------
String:
<xml><ToUserName><![CDATA[gh_87c9b624047c]]></ToUserName>
<FromUserName><![CDATA[oKap7wReEdElIQmEMoE3YxUh4naA]]></FromUserName>
<CreateTime>1466080397</CreateTime>
<MsgType><![CDATA[event]]></MsgType>
<Event><![CDATA[VIEW]]></Event>
<EventKey><![CDATA[http://show.artels.cn/v-U70510PXM38WA3X5?eqrcode=1]]></EventKey>
<MenuId>503253745</MenuId>
</xml>

2016-06-16 20:33:17 params :
------------
Array:
rule : -2 ;
module :  ;
message : Array ;

2016-06-16 20:33:17 response :
------------

2016-06-16 20:54:16 trace :
------------
String:
<xml><ToUserName><![CDATA[gh_87c9b624047c]]></ToUserName>
<FromUserName><![CDATA[oKap7wWr55ntRdyHKE9y6AO5nSKQ]]></FromUserName>
<CreateTime>1466081656</CreateTime>
<MsgType><![CDATA[event]]></MsgType>
<Event><![CDATA[subscribe]]></Event>
<EventKey><![CDATA[]]></EventKey>
</xml>

2016-06-16 20:54:16 params :
------------
Array:
message : Array ;
module : news ;
rule : 55 ;
priority : 0 ;
keyword : Array ;

2016-06-16 20:54:16 response :
------------
Array:
FromUserName : gh_87c9b624047c ;
ToUserName : oKap7wWr55ntRdyHKE9y6AO5nSKQ ;
MsgType : news ;
ArticleCount : 3 ;
Articles : Array ;

2016-06-16 20:54:51 trace :
------------
String:
<xml><ToUserName><![CDATA[gh_87c9b624047c]]></ToUserName>
<FromUserName><![CDATA[oKap7wWr55ntRdyHKE9y6AO5nSKQ]]></FromUserName>
<CreateTime>1466081691</CreateTime>
<MsgType><![CDATA[event]]></MsgType>
<Event><![CDATA[CLICK]]></Event>
<EventKey><![CDATA[刮刮卡]]></EventKey>
</xml>

2016-06-16 20:54:51 params :
------------
Array:
message : Array ;
module : stonefish_scratch ;
rule : 48 ;
priority : 0 ;
keyword : Array ;

2016-06-16 20:54:51 response :
------------
Array:
FromUserName : gh_87c9b624047c ;
ToUserName : oKap7wWr55ntRdyHKE9y6AO5nSKQ ;
MsgType : news ;
ArticleCount : 1 ;
Articles : Array ;

2016-06-16 20:54:53 trace :
------------
String:
<xml><ToUserName><![CDATA[gh_87c9b624047c]]></ToUserName>
<FromUserName><![CDATA[oKap7wWr55ntRdyHKE9y6AO5nSKQ]]></FromUserName>
<CreateTime>1466081693</CreateTime>
<MsgType><![CDATA[event]]></MsgType>
<Event><![CDATA[VIEW]]></Event>
<EventKey><![CDATA[http://appsnap.weixinprint.com/vins/netPrintCloud1?publicUserId=86116&type=1]]></EventKey>
<MenuId>503253745</MenuId>
</xml>

2016-06-16 20:54:53 params :
------------
Array:
rule : -2 ;
module :  ;
message : Array ;

2016-06-16 20:54:53 response :
------------

2016-06-16 20:54:57 trace :
------------
String:
<xml><ToUserName><![CDATA[gh_87c9b624047c]]></ToUserName>
<FromUserName><![CDATA[oKap7wWr55ntRdyHKE9y6AO5nSKQ]]></FromUserName>
<CreateTime>1466081697</CreateTime>
<MsgType><![CDATA[event]]></MsgType>
<Event><![CDATA[CLICK]]></Event>
<EventKey><![CDATA[每天摇一摇]]></EventKey>
</xml>

2016-06-16 20:54:57 params :
------------
Array:
message : Array ;
module : mon_qmshake ;
rule : 54 ;
priority : 0 ;
keyword : Array ;

2016-06-16 20:54:57 response :
------------
Array:
FromUserName : gh_87c9b624047c ;
ToUserName : oKap7wWr55ntRdyHKE9y6AO5nSKQ ;
MsgType : news ;
ArticleCount : 1 ;
Articles : Array ;

2016-06-16 20:55:01 trace :
------------
String:
<xml><ToUserName><![CDATA[gh_87c9b624047c]]></ToUserName>
<FromUserName><![CDATA[oKap7wWr55ntRdyHKE9y6AO5nSKQ]]></FromUserName>
<CreateTime>1466081701</CreateTime>
<MsgType><![CDATA[event]]></MsgType>
<Event><![CDATA[VIEW]]></Event>
<EventKey><![CDATA[http://show.artels.cn/v-U70510PXM38WA3X5?eqrcode=1]]></EventKey>
<MenuId>503253745</MenuId>
</xml>

2016-06-16 20:55:01 params :
------------
Array:
rule : -2 ;
module :  ;
message : Array ;

2016-06-16 20:55:01 response :
------------

2016-06-16 20:55:41 trace :
------------
String:
<xml><ToUserName><![CDATA[gh_87c9b624047c]]></ToUserName>
<FromUserName><![CDATA[oKap7wWr55ntRdyHKE9y6AO5nSKQ]]></FromUserName>
<CreateTime>1466081741</CreateTime>
<MsgType><![CDATA[event]]></MsgType>
<Event><![CDATA[unsubscribe]]></Event>
<EventKey><![CDATA[]]></EventKey>
</xml>

2016-06-16 21:34:13 trace :
------------
String:
<xml><ToUserName><![CDATA[gh_87c9b624047c]]></ToUserName>
<FromUserName><![CDATA[oKap7wUPJDBphC-9wURBCj60vXZM]]></FromUserName>
<CreateTime>1466084053</CreateTime>
<MsgType><![CDATA[event]]></MsgType>
<Event><![CDATA[unsubscribe]]></Event>
<EventKey><![CDATA[]]></EventKey>
</xml>

