2016-06-19 08:55:29 trace :
------------
String:
<xml><ToUserName><![CDATA[gh_87c9b624047c]]></ToUserName>
<FromUserName><![CDATA[oKap7wTRj2QZf2ujjC3_QfwdveyE]]></FromUserName>
<CreateTime>1466297729</CreateTime>
<MsgType><![CDATA[event]]></MsgType>
<Event><![CDATA[CLICK]]></Event>
<EventKey><![CDATA[每天摇一摇]]></EventKey>
</xml>

2016-06-19 08:55:29 params :
------------
Array:
message : Array ;
module : mon_qmshake ;
rule : 54 ;
priority : 0 ;
keyword : Array ;

2016-06-19 08:55:29 response :
------------
Array:
FromUserName : gh_87c9b624047c ;
ToUserName : oKap7wTRj2QZf2ujjC3_QfwdveyE ;
MsgType : news ;
ArticleCount : 1 ;
Articles : Array ;

2016-06-19 10:16:15 trace :
------------
String:
<xml><ToUserName><![CDATA[gh_87c9b624047c]]></ToUserName>
<FromUserName><![CDATA[oKap7wUze0CfqoMJHSW9r2Z48Pmg]]></FromUserName>
<CreateTime>1466302575</CreateTime>
<MsgType><![CDATA[event]]></MsgType>
<Event><![CDATA[CLICK]]></Event>
<EventKey><![CDATA[每天摇一摇]]></EventKey>
</xml>

2016-06-19 10:16:15 params :
------------
Array:
message : Array ;
module : mon_qmshake ;
rule : 54 ;
priority : 0 ;
keyword : Array ;

2016-06-19 10:16:15 response :
------------
Array:
FromUserName : gh_87c9b624047c ;
ToUserName : oKap7wUze0CfqoMJHSW9r2Z48Pmg ;
MsgType : news ;
ArticleCount : 1 ;
Articles : Array ;

2016-06-19 17:28:02 trace :
------------
String:
<xml><ToUserName><![CDATA[gh_87c9b624047c]]></ToUserName>
<FromUserName><![CDATA[oKap7wWFrCiOf1xa6Bku8YIWrsH8]]></FromUserName>
<CreateTime>1466328482</CreateTime>
<MsgType><![CDATA[event]]></MsgType>
<Event><![CDATA[VIEW]]></Event>
<EventKey><![CDATA[http://show.artels.cn/v-U70510PXM38WA3X5?eqrcode=1]]></EventKey>
<MenuId>503253745</MenuId>
</xml>

2016-06-19 17:28:02 params :
------------
Array:
rule : -2 ;
module :  ;
message : Array ;

2016-06-19 17:28:02 response :
------------

2016-06-19 21:20:41 trace :
------------
String:
<xml><ToUserName><![CDATA[gh_87c9b624047c]]></ToUserName>
<FromUserName><![CDATA[oKap7wbRkvLdAZH_gTLxZORE3PZo]]></FromUserName>
<CreateTime>1466342441</CreateTime>
<MsgType><![CDATA[event]]></MsgType>
<Event><![CDATA[VIEW]]></Event>
<EventKey><![CDATA[http://show.artels.cn/v-U70510PXM38WA3X5?eqrcode=1]]></EventKey>
<MenuId>503253745</MenuId>
</xml>

2016-06-19 21:20:41 params :
------------
Array:
rule : -2 ;
module :  ;
message : Array ;

2016-06-19 21:20:41 response :
------------

2016-06-19 21:21:22 trace :
------------
String:
<xml><ToUserName><![CDATA[gh_87c9b624047c]]></ToUserName>
<FromUserName><![CDATA[oKap7wbRkvLdAZH_gTLxZORE3PZo]]></FromUserName>
<CreateTime>1466342482</CreateTime>
<MsgType><![CDATA[event]]></MsgType>
<Event><![CDATA[VIEW]]></Event>
<EventKey><![CDATA[http://show.artels.cn/v-U70510PXM38WA3X5?eqrcode=1]]></EventKey>
<MenuId>503253745</MenuId>
</xml>

2016-06-19 21:21:22 params :
------------
Array:
rule : -2 ;
module :  ;
message : Array ;

2016-06-19 21:21:22 response :
------------

2016-06-19 21:23:21 trace :
------------
String:
<xml><ToUserName><![CDATA[gh_87c9b624047c]]></ToUserName>
<FromUserName><![CDATA[oKap7wQcZt2ARbNzUdC9mIAvgVts]]></FromUserName>
<CreateTime>1466342601</CreateTime>
<MsgType><![CDATA[event]]></MsgType>
<Event><![CDATA[unsubscribe]]></Event>
<EventKey><![CDATA[]]></EventKey>
</xml>

