2016-05-19 00:00:24 trace :
------------
String:
<xml><ToUserName><![CDATA[gh_87c9b624047c]]></ToUserName>
<FromUserName><![CDATA[oKap7wYXWPXMZ4kes11qvvcuJmyg]]></FromUserName>
<CreateTime>1463587224</CreateTime>
<MsgType><![CDATA[event]]></MsgType>
<Event><![CDATA[SCAN]]></Event>
<EventKey><![CDATA[100001]]></EventKey>
<Ticket><![CDATA[gQGd8DoAAAAAAAAAASxodHRwOi8vd2VpeGluLnFxLmNvbS9xL3BqcGVENnJsTXZ4TDQ4RU0zeFR0AAIEIog8VwMEAI0nAA==]]></Ticket>
</xml>

2016-05-19 00:00:24 params :
------------
Array:
message : Array ;
module : mon_qmshake ;
rule : 54 ;
priority : 0 ;
keyword : Array ;

2016-05-19 00:00:24 response :
------------
Array:
FromUserName : gh_87c9b624047c ;
ToUserName : oKap7wYXWPXMZ4kes11qvvcuJmyg ;
MsgType : news ;
ArticleCount : 1 ;
Articles : Array ;

2016-05-19 00:00:46 trace :
------------
String:
<xml><ToUserName><![CDATA[gh_87c9b624047c]]></ToUserName>
<FromUserName><![CDATA[oKap7wYXWPXMZ4kes11qvvcuJmyg]]></FromUserName>
<CreateTime>1463587246</CreateTime>
<MsgType><![CDATA[event]]></MsgType>
<Event><![CDATA[SCAN]]></Event>
<EventKey><![CDATA[100001]]></EventKey>
<Ticket><![CDATA[gQEf8DoAAAAAAAAAASxodHRwOi8vd2VpeGluLnFxLmNvbS9xL21UcDdicHpsR1B4aGktNWlfaFR0AAIEQ4o8VwMEAI0nAA==]]></Ticket>
</xml>

2016-05-19 00:00:46 params :
------------
Array:
message : Array ;
module : mon_qmshake ;
rule : 54 ;
priority : 0 ;
keyword : Array ;

2016-05-19 00:00:46 response :
------------
Array:
FromUserName : gh_87c9b624047c ;
ToUserName : oKap7wYXWPXMZ4kes11qvvcuJmyg ;
MsgType : news ;
ArticleCount : 1 ;
Articles : Array ;

2016-05-19 00:00:48 trace :
------------
String:
<xml><ToUserName><![CDATA[gh_87c9b624047c]]></ToUserName>
<FromUserName><![CDATA[oKap7wYXWPXMZ4kes11qvvcuJmyg]]></FromUserName>
<CreateTime>1463587247</CreateTime>
<MsgType><![CDATA[event]]></MsgType>
<Event><![CDATA[SCAN]]></Event>
<EventKey><![CDATA[100001]]></EventKey>
<Ticket><![CDATA[gQEf8DoAAAAAAAAAASxodHRwOi8vd2VpeGluLnFxLmNvbS9xL21UcDdicHpsR1B4aGktNWlfaFR0AAIEQ4o8VwMEAI0nAA==]]></Ticket>
</xml>

2016-05-19 00:00:48 params :
------------
Array:
message : Array ;
module : mon_qmshake ;
rule : 54 ;
priority : 0 ;
keyword : Array ;

2016-05-19 00:00:48 response :
------------
Array:
FromUserName : gh_87c9b624047c ;
ToUserName : oKap7wYXWPXMZ4kes11qvvcuJmyg ;
MsgType : news ;
ArticleCount : 1 ;
Articles : Array ;

2016-05-19 00:00:57 trace :
------------
String:
<xml><ToUserName><![CDATA[gh_87c9b624047c]]></ToUserName>
<FromUserName><![CDATA[oKap7wYXWPXMZ4kes11qvvcuJmyg]]></FromUserName>
<CreateTime>1463587257</CreateTime>
<MsgType><![CDATA[text]]></MsgType>
<Content><![CDATA[http://weixin.qq.com/q/mTp7bpzlGPxhi-5i_hTt]]></Content>
<MsgId>6286059404160478163</MsgId>
</xml>

2016-05-19 00:00:57 params :
------------
Array:
rule : -2 ;
module :  ;
message : Array ;

2016-05-19 00:00:57 response :
------------

2016-05-19 00:00:58 trace :
------------
String:
<xml><ToUserName><![CDATA[gh_87c9b624047c]]></ToUserName>
<FromUserName><![CDATA[oKap7wYXWPXMZ4kes11qvvcuJmyg]]></FromUserName>
<CreateTime>1463587258</CreateTime>
<MsgType><![CDATA[event]]></MsgType>
<Event><![CDATA[SCAN]]></Event>
<EventKey><![CDATA[100001]]></EventKey>
<Ticket><![CDATA[gQEf8DoAAAAAAAAAASxodHRwOi8vd2VpeGluLnFxLmNvbS9xL21UcDdicHpsR1B4aGktNWlfaFR0AAIEQ4o8VwMEAI0nAA==]]></Ticket>
</xml>

2016-05-19 00:00:58 params :
------------
Array:
message : Array ;
module : mon_qmshake ;
rule : 54 ;
priority : 0 ;
keyword : Array ;

2016-05-19 00:00:58 response :
------------
Array:
FromUserName : gh_87c9b624047c ;
ToUserName : oKap7wYXWPXMZ4kes11qvvcuJmyg ;
MsgType : news ;
ArticleCount : 1 ;
Articles : Array ;

2016-05-19 00:01:20 trace :
------------
String:
<xml><ToUserName><![CDATA[gh_87c9b624047c]]></ToUserName>
<FromUserName><![CDATA[oKap7wYXWPXMZ4kes11qvvcuJmyg]]></FromUserName>
<CreateTime>1463587280</CreateTime>
<MsgType><![CDATA[event]]></MsgType>
<Event><![CDATA[SCAN]]></Event>
<EventKey><![CDATA[100001]]></EventKey>
<Ticket><![CDATA[gQEf8DoAAAAAAAAAASxodHRwOi8vd2VpeGluLnFxLmNvbS9xL21UcDdicHpsR1B4aGktNWlfaFR0AAIEQ4o8VwMEAI0nAA==]]></Ticket>
</xml>

2016-05-19 00:01:20 params :
------------
Array:
message : Array ;
module : mon_qmshake ;
rule : 54 ;
priority : 0 ;
keyword : Array ;

2016-05-19 00:01:20 response :
------------
Array:
FromUserName : gh_87c9b624047c ;
ToUserName : oKap7wYXWPXMZ4kes11qvvcuJmyg ;
MsgType : news ;
ArticleCount : 1 ;
Articles : Array ;

2016-05-19 00:01:28 trace :
------------
String:
<xml><ToUserName><![CDATA[gh_87c9b624047c]]></ToUserName>
<FromUserName><![CDATA[oKap7wYXWPXMZ4kes11qvvcuJmyg]]></FromUserName>
<CreateTime>1463587288</CreateTime>
<MsgType><![CDATA[event]]></MsgType>
<Event><![CDATA[SCAN]]></Event>
<EventKey><![CDATA[100001]]></EventKey>
<Ticket><![CDATA[gQEf8DoAAAAAAAAAASxodHRwOi8vd2VpeGluLnFxLmNvbS9xL21UcDdicHpsR1B4aGktNWlfaFR0AAIEQ4o8VwMEAI0nAA==]]></Ticket>
</xml>

2016-05-19 00:01:28 params :
------------
Array:
message : Array ;
module : mon_qmshake ;
rule : 54 ;
priority : 0 ;
keyword : Array ;

2016-05-19 00:01:28 response :
------------
Array:
FromUserName : gh_87c9b624047c ;
ToUserName : oKap7wYXWPXMZ4kes11qvvcuJmyg ;
MsgType : news ;
ArticleCount : 1 ;
Articles : Array ;

2016-05-19 00:02:54 trace :
------------
String:
<xml><ToUserName><![CDATA[gh_87c9b624047c]]></ToUserName>
<FromUserName><![CDATA[oKap7wYXWPXMZ4kes11qvvcuJmyg]]></FromUserName>
<CreateTime>1463587374</CreateTime>
<MsgType><![CDATA[event]]></MsgType>
<Event><![CDATA[SCAN]]></Event>
<EventKey><![CDATA[100001]]></EventKey>
<Ticket><![CDATA[gQEf8DoAAAAAAAAAASxodHRwOi8vd2VpeGluLnFxLmNvbS9xL21UcDdicHpsR1B4aGktNWlfaFR0AAIEQ4o8VwMEAI0nAA==]]></Ticket>
</xml>

2016-05-19 00:02:54 params :
------------
Array:
message : Array ;
module : mon_qmshake ;
rule : 54 ;
priority : 0 ;
keyword : Array ;

2016-05-19 00:02:54 response :
------------
Array:
FromUserName : gh_87c9b624047c ;
ToUserName : oKap7wYXWPXMZ4kes11qvvcuJmyg ;
MsgType : news ;
ArticleCount : 1 ;
Articles : Array ;

2016-05-19 00:29:11 trace :
------------
String:
<xml><ToUserName><![CDATA[gh_87c9b624047c]]></ToUserName>
<FromUserName><![CDATA[oKap7wYXWPXMZ4kes11qvvcuJmyg]]></FromUserName>
<CreateTime>1463588951</CreateTime>
<MsgType><![CDATA[event]]></MsgType>
<Event><![CDATA[SCAN]]></Event>
<EventKey><![CDATA[100001]]></EventKey>
<Ticket><![CDATA[gQEf8DoAAAAAAAAAASxodHRwOi8vd2VpeGluLnFxLmNvbS9xL21UcDdicHpsR1B4aGktNWlfaFR0AAIEQ4o8VwMEAI0nAA==]]></Ticket>
</xml>

2016-05-19 00:29:11 params :
------------
Array:
message : Array ;
module : mon_qmshake ;
rule : 54 ;
priority : 0 ;
keyword : Array ;

2016-05-19 00:29:11 response :
------------
Array:
FromUserName : gh_87c9b624047c ;
ToUserName : oKap7wYXWPXMZ4kes11qvvcuJmyg ;
MsgType : news ;
ArticleCount : 1 ;
Articles : Array ;

2016-05-19 00:29:30 trace :
------------
String:
<xml><ToUserName><![CDATA[gh_87c9b624047c]]></ToUserName>
<FromUserName><![CDATA[oKap7wYXWPXMZ4kes11qvvcuJmyg]]></FromUserName>
<CreateTime>1463588970</CreateTime>
<MsgType><![CDATA[event]]></MsgType>
<Event><![CDATA[SCAN]]></Event>
<EventKey><![CDATA[100001]]></EventKey>
<Ticket><![CDATA[gQGd8DoAAAAAAAAAASxodHRwOi8vd2VpeGluLnFxLmNvbS9xL3BqcGVENnJsTXZ4TDQ4RU0zeFR0AAIEIog8VwMEAI0nAA==]]></Ticket>
</xml>

2016-05-19 00:29:30 params :
------------
Array:
message : Array ;
module : mon_qmshake ;
rule : 54 ;
priority : 0 ;
keyword : Array ;

2016-05-19 00:29:30 response :
------------
Array:
FromUserName : gh_87c9b624047c ;
ToUserName : oKap7wYXWPXMZ4kes11qvvcuJmyg ;
MsgType : news ;
ArticleCount : 1 ;
Articles : Array ;

2016-05-19 00:43:01 trace :
------------
String:
<xml><ToUserName><![CDATA[gh_87c9b624047c]]></ToUserName>
<FromUserName><![CDATA[oKap7wYXWPXMZ4kes11qvvcuJmyg]]></FromUserName>
<CreateTime>1463589780</CreateTime>
<MsgType><![CDATA[event]]></MsgType>
<Event><![CDATA[SCAN]]></Event>
<EventKey><![CDATA[100001]]></EventKey>
<Ticket><![CDATA[gQEf8DoAAAAAAAAAASxodHRwOi8vd2VpeGluLnFxLmNvbS9xL21UcDdicHpsR1B4aGktNWlfaFR0AAIEQ4o8VwMEAI0nAA==]]></Ticket>
</xml>

2016-05-19 00:43:01 params :
------------
Array:
message : Array ;
module : mon_qmshake ;
rule : 54 ;
priority : 0 ;
keyword : Array ;

2016-05-19 00:43:01 response :
------------
Array:
FromUserName : gh_87c9b624047c ;
ToUserName : oKap7wYXWPXMZ4kes11qvvcuJmyg ;
MsgType : news ;
ArticleCount : 1 ;
Articles : Array ;

2016-05-19 00:43:12 trace :
------------
String:
<xml><ToUserName><![CDATA[gh_87c9b624047c]]></ToUserName>
<FromUserName><![CDATA[oKap7wYXWPXMZ4kes11qvvcuJmyg]]></FromUserName>
<CreateTime>1463589792</CreateTime>
<MsgType><![CDATA[event]]></MsgType>
<Event><![CDATA[SCAN]]></Event>
<EventKey><![CDATA[100001]]></EventKey>
<Ticket><![CDATA[gQGd8DoAAAAAAAAAASxodHRwOi8vd2VpeGluLnFxLmNvbS9xL3BqcGVENnJsTXZ4TDQ4RU0zeFR0AAIEIog8VwMEAI0nAA==]]></Ticket>
</xml>

2016-05-19 00:43:12 params :
------------
Array:
message : Array ;
module : mon_qmshake ;
rule : 54 ;
priority : 0 ;
keyword : Array ;

2016-05-19 00:43:12 response :
------------
Array:
FromUserName : gh_87c9b624047c ;
ToUserName : oKap7wYXWPXMZ4kes11qvvcuJmyg ;
MsgType : news ;
ArticleCount : 1 ;
Articles : Array ;

2016-05-19 06:43:57 trace :
------------
String:
<xml><ToUserName><![CDATA[gh_87c9b624047c]]></ToUserName>
<FromUserName><![CDATA[oKap7wcjCf1L2pL8emdQDtZFmBnA]]></FromUserName>
<CreateTime>1463611437</CreateTime>
<MsgType><![CDATA[event]]></MsgType>
<Event><![CDATA[subscribe]]></Event>
<EventKey><![CDATA[qrscene_100002]]></EventKey>
<Ticket><![CDATA[gQGg8DoAAAAAAAAAASxodHRwOi8vd2VpeGluLnFxLmNvbS9xL3NUb3BOODdsUi13X3FOWTJxQlR0AAIEM4o8VwMEAI0nAA==]]></Ticket>
</xml>

2016-05-19 06:43:57 params :
------------
Array:
message : Array ;
module : wdl_bigwheel ;
rule : 50 ;
priority : 0 ;
keyword : Array ;

2016-05-19 06:43:57 response :
------------
Array:
FromUserName : gh_87c9b624047c ;
ToUserName : oKap7wcjCf1L2pL8emdQDtZFmBnA ;
MsgType : news ;
ArticleCount : 1 ;
Articles : Array ;

2016-05-19 06:44:08 trace :
------------
String:
<xml><ToUserName><![CDATA[gh_87c9b624047c]]></ToUserName>
<FromUserName><![CDATA[oKap7wcjCf1L2pL8emdQDtZFmBnA]]></FromUserName>
<CreateTime>1463611448</CreateTime>
<MsgType><![CDATA[event]]></MsgType>
<Event><![CDATA[SCAN]]></Event>
<EventKey><![CDATA[100001]]></EventKey>
<Ticket><![CDATA[gQEf8DoAAAAAAAAAASxodHRwOi8vd2VpeGluLnFxLmNvbS9xL21UcDdicHpsR1B4aGktNWlfaFR0AAIEQ4o8VwMEAI0nAA==]]></Ticket>
</xml>

2016-05-19 06:44:08 params :
------------
Array:
message : Array ;
module : mon_qmshake ;
rule : 54 ;
priority : 0 ;
keyword : Array ;

2016-05-19 06:44:08 response :
------------
Array:
FromUserName : gh_87c9b624047c ;
ToUserName : oKap7wcjCf1L2pL8emdQDtZFmBnA ;
MsgType : news ;
ArticleCount : 1 ;
Articles : Array ;

2016-05-19 07:42:25 trace :
------------
String:
<xml><ToUserName><![CDATA[gh_87c9b624047c]]></ToUserName>
<FromUserName><![CDATA[oKap7wYXWPXMZ4kes11qvvcuJmyg]]></FromUserName>
<CreateTime>1463614945</CreateTime>
<MsgType><![CDATA[event]]></MsgType>
<Event><![CDATA[SCAN]]></Event>
<EventKey><![CDATA[100001]]></EventKey>
<Ticket><![CDATA[gQEf8DoAAAAAAAAAASxodHRwOi8vd2VpeGluLnFxLmNvbS9xL21UcDdicHpsR1B4aGktNWlfaFR0AAIEQ4o8VwMEAI0nAA==]]></Ticket>
</xml>

2016-05-19 07:42:25 params :
------------
Array:
message : Array ;
module : mon_qmshake ;
rule : 54 ;
priority : 0 ;
keyword : Array ;

2016-05-19 07:42:25 response :
------------
Array:
FromUserName : gh_87c9b624047c ;
ToUserName : oKap7wYXWPXMZ4kes11qvvcuJmyg ;
MsgType : news ;
ArticleCount : 1 ;
Articles : Array ;

2016-05-19 07:42:56 trace :
------------
String:
<xml><ToUserName><![CDATA[gh_87c9b624047c]]></ToUserName>
<FromUserName><![CDATA[oKap7wYXWPXMZ4kes11qvvcuJmyg]]></FromUserName>
<CreateTime>1463614976</CreateTime>
<MsgType><![CDATA[event]]></MsgType>
<Event><![CDATA[unsubscribe]]></Event>
<EventKey><![CDATA[]]></EventKey>
</xml>

2016-05-19 07:43:12 trace :
------------
String:
<xml><ToUserName><![CDATA[gh_87c9b624047c]]></ToUserName>
<FromUserName><![CDATA[oKap7wYXWPXMZ4kes11qvvcuJmyg]]></FromUserName>
<CreateTime>1463614992</CreateTime>
<MsgType><![CDATA[event]]></MsgType>
<Event><![CDATA[subscribe]]></Event>
<EventKey><![CDATA[qrscene_100001]]></EventKey>
<Ticket><![CDATA[gQEf8DoAAAAAAAAAASxodHRwOi8vd2VpeGluLnFxLmNvbS9xL21UcDdicHpsR1B4aGktNWlfaFR0AAIEQ4o8VwMEAI0nAA==]]></Ticket>
</xml>

2016-05-19 07:43:12 params :
------------
Array:
message : Array ;
module : mon_qmshake ;
rule : 54 ;
priority : 0 ;
keyword : Array ;

2016-05-19 07:43:12 response :
------------
Array:
FromUserName : gh_87c9b624047c ;
ToUserName : oKap7wYXWPXMZ4kes11qvvcuJmyg ;
MsgType : news ;
ArticleCount : 1 ;
Articles : Array ;

2016-05-19 07:44:25 trace :
------------
String:
<xml><ToUserName><![CDATA[gh_87c9b624047c]]></ToUserName>
<FromUserName><![CDATA[oKap7wYXWPXMZ4kes11qvvcuJmyg]]></FromUserName>
<CreateTime>1463615065</CreateTime>
<MsgType><![CDATA[event]]></MsgType>
<Event><![CDATA[CLICK]]></Event>
<EventKey><![CDATA[刮刮卡]]></EventKey>
</xml>

2016-05-19 07:44:25 params :
------------
Array:
message : Array ;
module : stonefish_scratch ;
rule : 48 ;
priority : 0 ;
keyword : Array ;

2016-05-19 07:44:25 response :
------------
Array:
FromUserName : gh_87c9b624047c ;
ToUserName : oKap7wYXWPXMZ4kes11qvvcuJmyg ;
MsgType : news ;
ArticleCount : 1 ;
Articles : Array ;

2016-05-19 07:44:36 trace :
------------
String:
<xml><ToUserName><![CDATA[gh_87c9b624047c]]></ToUserName>
<FromUserName><![CDATA[oKap7wYXWPXMZ4kes11qvvcuJmyg]]></FromUserName>
<CreateTime>1463615076</CreateTime>
<MsgType><![CDATA[event]]></MsgType>
<Event><![CDATA[unsubscribe]]></Event>
<EventKey><![CDATA[]]></EventKey>
</xml>

2016-05-19 07:44:47 trace :
------------
String:
<xml><ToUserName><![CDATA[gh_87c9b624047c]]></ToUserName>
<FromUserName><![CDATA[oKap7wYXWPXMZ4kes11qvvcuJmyg]]></FromUserName>
<CreateTime>1463615087</CreateTime>
<MsgType><![CDATA[event]]></MsgType>
<Event><![CDATA[subscribe]]></Event>
<EventKey><![CDATA[qrscene_100001]]></EventKey>
<Ticket><![CDATA[gQEf8DoAAAAAAAAAASxodHRwOi8vd2VpeGluLnFxLmNvbS9xL21UcDdicHpsR1B4aGktNWlfaFR0AAIEQ4o8VwMEAI0nAA==]]></Ticket>
</xml>

2016-05-19 07:44:47 params :
------------
Array:
message : Array ;
module : mon_qmshake ;
rule : 54 ;
priority : 0 ;
keyword : Array ;

2016-05-19 07:44:47 response :
------------
Array:
FromUserName : gh_87c9b624047c ;
ToUserName : oKap7wYXWPXMZ4kes11qvvcuJmyg ;
MsgType : news ;
ArticleCount : 1 ;
Articles : Array ;

2016-05-19 07:54:16 trace :
------------
String:
<xml><ToUserName><![CDATA[gh_87c9b624047c]]></ToUserName>
<FromUserName><![CDATA[oKap7wYXWPXMZ4kes11qvvcuJmyg]]></FromUserName>
<CreateTime>1463615655</CreateTime>
<MsgType><![CDATA[event]]></MsgType>
<Event><![CDATA[unsubscribe]]></Event>
<EventKey><![CDATA[]]></EventKey>
</xml>

2016-05-19 07:54:27 trace :
------------
String:
<xml><ToUserName><![CDATA[gh_87c9b624047c]]></ToUserName>
<FromUserName><![CDATA[oKap7wYXWPXMZ4kes11qvvcuJmyg]]></FromUserName>
<CreateTime>1463615667</CreateTime>
<MsgType><![CDATA[event]]></MsgType>
<Event><![CDATA[subscribe]]></Event>
<EventKey><![CDATA[]]></EventKey>
</xml>

2016-05-19 07:54:27 params :
------------
Array:
message : Array ;
module : news ;
rule : 55 ;
priority : 0 ;
keyword : Array ;

2016-05-19 07:54:27 response :
------------
Array:
FromUserName : gh_87c9b624047c ;
ToUserName : oKap7wYXWPXMZ4kes11qvvcuJmyg ;
MsgType : news ;
ArticleCount : 3 ;
Articles : Array ;

2016-05-19 07:55:14 trace :
------------
String:
<xml><ToUserName><![CDATA[gh_87c9b624047c]]></ToUserName>
<FromUserName><![CDATA[oKap7wYXWPXMZ4kes11qvvcuJmyg]]></FromUserName>
<CreateTime>1463615714</CreateTime>
<MsgType><![CDATA[event]]></MsgType>
<Event><![CDATA[SCAN]]></Event>
<EventKey><![CDATA[100001]]></EventKey>
<Ticket><![CDATA[gQGd8DoAAAAAAAAAASxodHRwOi8vd2VpeGluLnFxLmNvbS9xL3BqcGVENnJsTXZ4TDQ4RU0zeFR0AAIEIog8VwMEAI0nAA==]]></Ticket>
</xml>

2016-05-19 07:55:14 params :
------------
Array:
message : Array ;
module : mon_qmshake ;
rule : 54 ;
priority : 0 ;
keyword : Array ;

2016-05-19 07:55:14 response :
------------
Array:
FromUserName : gh_87c9b624047c ;
ToUserName : oKap7wYXWPXMZ4kes11qvvcuJmyg ;
MsgType : news ;
ArticleCount : 1 ;
Articles : Array ;

2016-05-19 07:55:32 trace :
------------
String:
<xml><ToUserName><![CDATA[gh_87c9b624047c]]></ToUserName>
<FromUserName><![CDATA[oKap7wYXWPXMZ4kes11qvvcuJmyg]]></FromUserName>
<CreateTime>1463615732</CreateTime>
<MsgType><![CDATA[event]]></MsgType>
<Event><![CDATA[SCAN]]></Event>
<EventKey><![CDATA[100002]]></EventKey>
<Ticket><![CDATA[gQGg8DoAAAAAAAAAASxodHRwOi8vd2VpeGluLnFxLmNvbS9xL3NUb3BOODdsUi13X3FOWTJxQlR0AAIEM4o8VwMEAI0nAA==]]></Ticket>
</xml>

2016-05-19 07:55:32 params :
------------
Array:
message : Array ;
module : wdl_bigwheel ;
rule : 50 ;
priority : 0 ;
keyword : Array ;

2016-05-19 07:55:32 response :
------------
Array:
FromUserName : gh_87c9b624047c ;
ToUserName : oKap7wYXWPXMZ4kes11qvvcuJmyg ;
MsgType : news ;
ArticleCount : 1 ;
Articles : Array ;

2016-05-19 08:09:08 trace :
------------
String:
<xml><ToUserName><![CDATA[gh_87c9b624047c]]></ToUserName>
<FromUserName><![CDATA[oKap7wYXWPXMZ4kes11qvvcuJmyg]]></FromUserName>
<CreateTime>1463616548</CreateTime>
<MsgType><![CDATA[event]]></MsgType>
<Event><![CDATA[unsubscribe]]></Event>
<EventKey><![CDATA[]]></EventKey>
</xml>

2016-05-19 08:09:45 trace :
------------
String:
<xml><ToUserName><![CDATA[gh_87c9b624047c]]></ToUserName>
<FromUserName><![CDATA[oKap7wYXWPXMZ4kes11qvvcuJmyg]]></FromUserName>
<CreateTime>1463616585</CreateTime>
<MsgType><![CDATA[event]]></MsgType>
<Event><![CDATA[subscribe]]></Event>
<EventKey><![CDATA[]]></EventKey>
</xml>

2016-05-19 08:09:45 params :
------------
Array:
message : Array ;
module : news ;
rule : 55 ;
priority : 0 ;
keyword : Array ;

2016-05-19 08:09:45 response :
------------
Array:
FromUserName : gh_87c9b624047c ;
ToUserName : oKap7wYXWPXMZ4kes11qvvcuJmyg ;
MsgType : news ;
ArticleCount : 3 ;
Articles : Array ;

2016-05-19 08:57:26 trace :
------------
String:
<xml><ToUserName><![CDATA[gh_87c9b624047c]]></ToUserName>
<FromUserName><![CDATA[oKap7wXt_peniwKR127iQ3RIFigg]]></FromUserName>
<CreateTime>1463619446</CreateTime>
<MsgType><![CDATA[event]]></MsgType>
<Event><![CDATA[unsubscribe]]></Event>
<EventKey><![CDATA[]]></EventKey>
</xml>

2016-05-19 08:57:47 trace :
------------
String:
<xml><ToUserName><![CDATA[gh_87c9b624047c]]></ToUserName>
<FromUserName><![CDATA[oKap7wXt_peniwKR127iQ3RIFigg]]></FromUserName>
<CreateTime>1463619466</CreateTime>
<MsgType><![CDATA[event]]></MsgType>
<Event><![CDATA[subscribe]]></Event>
<EventKey><![CDATA[]]></EventKey>
</xml>

2016-05-19 08:57:47 params :
------------
Array:
message : Array ;
module : news ;
rule : 55 ;
priority : 0 ;
keyword : Array ;

2016-05-19 08:57:47 response :
------------
Array:
FromUserName : gh_87c9b624047c ;
ToUserName : oKap7wXt_peniwKR127iQ3RIFigg ;
MsgType : news ;
ArticleCount : 3 ;
Articles : Array ;

2016-05-19 08:58:08 trace :
------------
String:
<xml><ToUserName><![CDATA[gh_87c9b624047c]]></ToUserName>
<FromUserName><![CDATA[oKap7wYXWPXMZ4kes11qvvcuJmyg]]></FromUserName>
<CreateTime>1463619488</CreateTime>
<MsgType><![CDATA[event]]></MsgType>
<Event><![CDATA[SCAN]]></Event>
<EventKey><![CDATA[100001]]></EventKey>
<Ticket><![CDATA[gQGd8DoAAAAAAAAAASxodHRwOi8vd2VpeGluLnFxLmNvbS9xL3BqcGVENnJsTXZ4TDQ4RU0zeFR0AAIEIog8VwMEAI0nAA==]]></Ticket>
</xml>

2016-05-19 08:58:08 params :
------------
Array:
message : Array ;
module : mon_qmshake ;
rule : 54 ;
priority : 0 ;
keyword : Array ;

2016-05-19 08:58:08 response :
------------
Array:
FromUserName : gh_87c9b624047c ;
ToUserName : oKap7wYXWPXMZ4kes11qvvcuJmyg ;
MsgType : news ;
ArticleCount : 1 ;
Articles : Array ;

2016-05-19 08:58:29 trace :
------------
String:
<xml><ToUserName><![CDATA[gh_87c9b624047c]]></ToUserName>
<FromUserName><![CDATA[oKap7wYXWPXMZ4kes11qvvcuJmyg]]></FromUserName>
<CreateTime>1463619509</CreateTime>
<MsgType><![CDATA[event]]></MsgType>
<Event><![CDATA[CLICK]]></Event>
<EventKey><![CDATA[每天摇一摇]]></EventKey>
</xml>

2016-05-19 08:58:29 params :
------------
Array:
rule : -2 ;
module :  ;
message : Array ;

2016-05-19 08:58:29 response :
------------

2016-05-19 08:58:35 trace :
------------
String:
<xml><ToUserName><![CDATA[gh_87c9b624047c]]></ToUserName>
<FromUserName><![CDATA[oKap7wYXWPXMZ4kes11qvvcuJmyg]]></FromUserName>
<CreateTime>1463619515</CreateTime>
<MsgType><![CDATA[event]]></MsgType>
<Event><![CDATA[CLICK]]></Event>
<EventKey><![CDATA[每天摇一摇]]></EventKey>
</xml>

2016-05-19 08:58:35 params :
------------
Array:
rule : -2 ;
module :  ;
message : Array ;

2016-05-19 08:58:35 response :
------------

2016-05-19 08:59:47 trace :
------------
String:
<xml><ToUserName><![CDATA[gh_87c9b624047c]]></ToUserName>
<FromUserName><![CDATA[oKap7wYXWPXMZ4kes11qvvcuJmyg]]></FromUserName>
<CreateTime>1463619587</CreateTime>
<MsgType><![CDATA[event]]></MsgType>
<Event><![CDATA[CLICK]]></Event>
<EventKey><![CDATA[每天摇一摇]]></EventKey>
</xml>

2016-05-19 08:59:47 params :
------------
Array:
rule : -2 ;
module :  ;
message : Array ;

2016-05-19 08:59:47 response :
------------

2016-05-19 09:00:02 trace :
------------
String:
<xml><ToUserName><![CDATA[gh_87c9b624047c]]></ToUserName>
<FromUserName><![CDATA[oKap7wYXWPXMZ4kes11qvvcuJmyg]]></FromUserName>
<CreateTime>1463619602</CreateTime>
<MsgType><![CDATA[event]]></MsgType>
<Event><![CDATA[SCAN]]></Event>
<EventKey><![CDATA[100001]]></EventKey>
<Ticket><![CDATA[gQGd8DoAAAAAAAAAASxodHRwOi8vd2VpeGluLnFxLmNvbS9xL3BqcGVENnJsTXZ4TDQ4RU0zeFR0AAIEIog8VwMEAI0nAA==]]></Ticket>
</xml>

2016-05-19 09:00:02 params :
------------
Array:
message : Array ;
module : mon_qmshake ;
rule : 54 ;
priority : 0 ;
keyword : Array ;

2016-05-19 09:00:02 response :
------------
Array:
FromUserName : gh_87c9b624047c ;
ToUserName : oKap7wYXWPXMZ4kes11qvvcuJmyg ;
MsgType : news ;
ArticleCount : 1 ;
Articles : Array ;

2016-05-19 09:00:30 trace :
------------
String:
<xml><ToUserName><![CDATA[gh_87c9b624047c]]></ToUserName>
<FromUserName><![CDATA[oKap7wYXWPXMZ4kes11qvvcuJmyg]]></FromUserName>
<CreateTime>1463619630</CreateTime>
<MsgType><![CDATA[event]]></MsgType>
<Event><![CDATA[SCAN]]></Event>
<EventKey><![CDATA[100001]]></EventKey>
<Ticket><![CDATA[gQGd8DoAAAAAAAAAASxodHRwOi8vd2VpeGluLnFxLmNvbS9xL3BqcGVENnJsTXZ4TDQ4RU0zeFR0AAIEIog8VwMEAI0nAA==]]></Ticket>
</xml>

2016-05-19 09:00:30 params :
------------
Array:
message : Array ;
module : mon_qmshake ;
rule : 54 ;
priority : 0 ;
keyword : Array ;

2016-05-19 09:00:30 response :
------------
Array:
FromUserName : gh_87c9b624047c ;
ToUserName : oKap7wYXWPXMZ4kes11qvvcuJmyg ;
MsgType : news ;
ArticleCount : 1 ;
Articles : Array ;

2016-05-19 09:08:07 trace :
------------
String:
<xml><ToUserName><![CDATA[gh_87c9b624047c]]></ToUserName>
<FromUserName><![CDATA[oKap7wYXWPXMZ4kes11qvvcuJmyg]]></FromUserName>
<CreateTime>1463620087</CreateTime>
<MsgType><![CDATA[event]]></MsgType>
<Event><![CDATA[SCAN]]></Event>
<EventKey><![CDATA[100001]]></EventKey>
<Ticket><![CDATA[gQGd8DoAAAAAAAAAASxodHRwOi8vd2VpeGluLnFxLmNvbS9xL3BqcGVENnJsTXZ4TDQ4RU0zeFR0AAIEIog8VwMEAI0nAA==]]></Ticket>
</xml>

2016-05-19 09:08:07 params :
------------
Array:
message : Array ;
module : mon_qmshake ;
rule : 54 ;
priority : 0 ;
keyword : Array ;

2016-05-19 09:08:07 response :
------------
Array:
FromUserName : gh_87c9b624047c ;
ToUserName : oKap7wYXWPXMZ4kes11qvvcuJmyg ;
MsgType : news ;
ArticleCount : 1 ;
Articles : Array ;

2016-05-19 09:08:43 trace :
------------
String:
<xml><ToUserName><![CDATA[gh_87c9b624047c]]></ToUserName>
<FromUserName><![CDATA[oKap7wYXWPXMZ4kes11qvvcuJmyg]]></FromUserName>
<CreateTime>1463620123</CreateTime>
<MsgType><![CDATA[event]]></MsgType>
<Event><![CDATA[SCAN]]></Event>
<EventKey><![CDATA[100001]]></EventKey>
<Ticket><![CDATA[gQGd8DoAAAAAAAAAASxodHRwOi8vd2VpeGluLnFxLmNvbS9xL3BqcGVENnJsTXZ4TDQ4RU0zeFR0AAIEIog8VwMEAI0nAA==]]></Ticket>
</xml>

2016-05-19 09:08:43 params :
------------
Array:
message : Array ;
module : mon_qmshake ;
rule : 54 ;
priority : 0 ;
keyword : Array ;

2016-05-19 09:08:43 response :
------------
Array:
FromUserName : gh_87c9b624047c ;
ToUserName : oKap7wYXWPXMZ4kes11qvvcuJmyg ;
MsgType : news ;
ArticleCount : 1 ;
Articles : Array ;

2016-05-19 09:09:06 trace :
------------
String:
<xml><ToUserName><![CDATA[gh_87c9b624047c]]></ToUserName>
<FromUserName><![CDATA[oKap7wYXWPXMZ4kes11qvvcuJmyg]]></FromUserName>
<CreateTime>1463620146</CreateTime>
<MsgType><![CDATA[event]]></MsgType>
<Event><![CDATA[SCAN]]></Event>
<EventKey><![CDATA[100002]]></EventKey>
<Ticket><![CDATA[gQGg8DoAAAAAAAAAASxodHRwOi8vd2VpeGluLnFxLmNvbS9xL3NUb3BOODdsUi13X3FOWTJxQlR0AAIEM4o8VwMEAI0nAA==]]></Ticket>
</xml>

2016-05-19 09:09:06 params :
------------
Array:
message : Array ;
module : wdl_bigwheel ;
rule : 50 ;
priority : 0 ;
keyword : Array ;

2016-05-19 09:09:06 response :
------------
Array:
FromUserName : gh_87c9b624047c ;
ToUserName : oKap7wYXWPXMZ4kes11qvvcuJmyg ;
MsgType : news ;
ArticleCount : 1 ;
Articles : Array ;

2016-05-19 09:36:04 trace :
------------
String:
<xml><ToUserName><![CDATA[gh_87c9b624047c]]></ToUserName>
<FromUserName><![CDATA[oKap7wYXWPXMZ4kes11qvvcuJmyg]]></FromUserName>
<CreateTime>1463621764</CreateTime>
<MsgType><![CDATA[event]]></MsgType>
<Event><![CDATA[CLICK]]></Event>
<EventKey><![CDATA[大转盘]]></EventKey>
</xml>

2016-05-19 09:36:04 params :
------------
Array:
message : Array ;
module : wdl_bigwheel ;
rule : 50 ;
priority : 0 ;
keyword : Array ;

2016-05-19 09:36:04 response :
------------
Array:
FromUserName : gh_87c9b624047c ;
ToUserName : oKap7wYXWPXMZ4kes11qvvcuJmyg ;
MsgType : news ;
ArticleCount : 1 ;
Articles : Array ;

2016-05-19 09:36:41 trace :
------------
String:
<xml><ToUserName><![CDATA[gh_87c9b624047c]]></ToUserName>
<FromUserName><![CDATA[oKap7wYXWPXMZ4kes11qvvcuJmyg]]></FromUserName>
<CreateTime>1463621801</CreateTime>
<MsgType><![CDATA[event]]></MsgType>
<Event><![CDATA[SCAN]]></Event>
<EventKey><![CDATA[100002]]></EventKey>
<Ticket><![CDATA[gQGg8DoAAAAAAAAAASxodHRwOi8vd2VpeGluLnFxLmNvbS9xL3NUb3BOODdsUi13X3FOWTJxQlR0AAIEM4o8VwMEAI0nAA==]]></Ticket>
</xml>

2016-05-19 09:36:41 params :
------------
Array:
message : Array ;
module : wdl_bigwheel ;
rule : 50 ;
priority : 0 ;
keyword : Array ;

2016-05-19 09:36:41 response :
------------
Array:
FromUserName : gh_87c9b624047c ;
ToUserName : oKap7wYXWPXMZ4kes11qvvcuJmyg ;
MsgType : news ;
ArticleCount : 1 ;
Articles : Array ;

2016-05-19 10:01:04 trace :
------------
String:
<xml><ToUserName><![CDATA[gh_87c9b624047c]]></ToUserName>
<FromUserName><![CDATA[oKap7wS6MgthkFdkHMTP7NTr0deI]]></FromUserName>
<CreateTime>1463623264</CreateTime>
<MsgType><![CDATA[event]]></MsgType>
<Event><![CDATA[subscribe]]></Event>
<EventKey><![CDATA[]]></EventKey>
</xml>

2016-05-19 10:01:04 params :
------------
Array:
message : Array ;
module : news ;
rule : 55 ;
priority : 0 ;
keyword : Array ;

2016-05-19 10:01:04 response :
------------
Array:
FromUserName : gh_87c9b624047c ;
ToUserName : oKap7wS6MgthkFdkHMTP7NTr0deI ;
MsgType : news ;
ArticleCount : 3 ;
Articles : Array ;

2016-05-19 10:01:18 trace :
------------
String:
<xml><ToUserName><![CDATA[gh_87c9b624047c]]></ToUserName>
<FromUserName><![CDATA[oKap7wS6MgthkFdkHMTP7NTr0deI]]></FromUserName>
<CreateTime>1463623278</CreateTime>
<MsgType><![CDATA[event]]></MsgType>
<Event><![CDATA[SCAN]]></Event>
<EventKey><![CDATA[100001]]></EventKey>
<Ticket><![CDATA[gQEf8DoAAAAAAAAAASxodHRwOi8vd2VpeGluLnFxLmNvbS9xL21UcDdicHpsR1B4aGktNWlfaFR0AAIEQ4o8VwMEAI0nAA==]]></Ticket>
</xml>

2016-05-19 10:01:18 params :
------------
Array:
message : Array ;
module : mon_qmshake ;
rule : 54 ;
priority : 0 ;
keyword : Array ;

2016-05-19 10:01:18 response :
------------
Array:
FromUserName : gh_87c9b624047c ;
ToUserName : oKap7wS6MgthkFdkHMTP7NTr0deI ;
MsgType : news ;
ArticleCount : 1 ;
Articles : Array ;

2016-05-19 10:16:37 trace :
------------
String:
<xml><ToUserName><![CDATA[gh_b75bad3e9d82]]></ToUserName>
<FromUserName><![CDATA[oH51jw-1e0bq2N-xtxAGqeMAMcXE]]></FromUserName>
<CreateTime>1463624197</CreateTime>
<MsgType><![CDATA[event]]></MsgType>
<Event><![CDATA[unsubscribe]]></Event>
<EventKey><![CDATA[]]></EventKey>
</xml>

2016-05-19 10:58:33 trace :
------------
String:
<xml><ToUserName><![CDATA[gh_87c9b624047c]]></ToUserName>
<FromUserName><![CDATA[oKap7wYjjgm0DRcFsW3HsRktNgFo]]></FromUserName>
<CreateTime>1463626713</CreateTime>
<MsgType><![CDATA[event]]></MsgType>
<Event><![CDATA[CLICK]]></Event>
<EventKey><![CDATA[每天摇一摇]]></EventKey>
</xml>

2016-05-19 10:58:33 params :
------------
Array:
rule : -2 ;
module :  ;
message : Array ;

2016-05-19 10:58:33 response :
------------

2016-05-19 10:58:40 trace :
------------
String:
<xml><ToUserName><![CDATA[gh_87c9b624047c]]></ToUserName>
<FromUserName><![CDATA[oKap7wYjjgm0DRcFsW3HsRktNgFo]]></FromUserName>
<CreateTime>1463626720</CreateTime>
<MsgType><![CDATA[event]]></MsgType>
<Event><![CDATA[CLICK]]></Event>
<EventKey><![CDATA[每天摇一摇]]></EventKey>
</xml>

2016-05-19 10:58:40 params :
------------
Array:
rule : -2 ;
module :  ;
message : Array ;

2016-05-19 10:58:40 response :
------------

2016-05-19 10:58:49 trace :
------------
String:
<xml><ToUserName><![CDATA[gh_87c9b624047c]]></ToUserName>
<FromUserName><![CDATA[oKap7wYjjgm0DRcFsW3HsRktNgFo]]></FromUserName>
<CreateTime>1463626729</CreateTime>
<MsgType><![CDATA[event]]></MsgType>
<Event><![CDATA[CLICK]]></Event>
<EventKey><![CDATA[大转盘]]></EventKey>
</xml>

2016-05-19 10:58:49 params :
------------
Array:
message : Array ;
module : wdl_bigwheel ;
rule : 50 ;
priority : 0 ;
keyword : Array ;

2016-05-19 10:58:49 response :
------------
Array:
FromUserName : gh_87c9b624047c ;
ToUserName : oKap7wYjjgm0DRcFsW3HsRktNgFo ;
MsgType : news ;
ArticleCount : 1 ;
Articles : Array ;

2016-05-19 10:58:53 trace :
------------
String:
<xml><ToUserName><![CDATA[gh_87c9b624047c]]></ToUserName>
<FromUserName><![CDATA[oKap7wYjjgm0DRcFsW3HsRktNgFo]]></FromUserName>
<CreateTime>1463626733</CreateTime>
<MsgType><![CDATA[event]]></MsgType>
<Event><![CDATA[CLICK]]></Event>
<EventKey><![CDATA[每天摇一摇]]></EventKey>
</xml>

2016-05-19 10:58:53 params :
------------
Array:
rule : -2 ;
module :  ;
message : Array ;

2016-05-19 10:58:53 response :
------------

2016-05-19 10:58:58 trace :
------------
String:
<xml><ToUserName><![CDATA[gh_87c9b624047c]]></ToUserName>
<FromUserName><![CDATA[oKap7wYjjgm0DRcFsW3HsRktNgFo]]></FromUserName>
<CreateTime>1463626738</CreateTime>
<MsgType><![CDATA[event]]></MsgType>
<Event><![CDATA[CLICK]]></Event>
<EventKey><![CDATA[每天摇一摇]]></EventKey>
</xml>

2016-05-19 10:58:58 params :
------------
Array:
rule : -2 ;
module :  ;
message : Array ;

2016-05-19 10:58:58 response :
------------

2016-05-19 10:59:03 trace :
------------
String:
<xml><ToUserName><![CDATA[gh_87c9b624047c]]></ToUserName>
<FromUserName><![CDATA[oKap7wYjjgm0DRcFsW3HsRktNgFo]]></FromUserName>
<CreateTime>1463626742</CreateTime>
<MsgType><![CDATA[event]]></MsgType>
<Event><![CDATA[CLICK]]></Event>
<EventKey><![CDATA[每天摇一摇]]></EventKey>
</xml>

2016-05-19 10:59:03 params :
------------
Array:
rule : -2 ;
module :  ;
message : Array ;

2016-05-19 10:59:03 response :
------------

2016-05-19 11:00:23 trace :
------------
String:
<xml><ToUserName><![CDATA[gh_87c9b624047c]]></ToUserName>
<FromUserName><![CDATA[oKap7wYXWPXMZ4kes11qvvcuJmyg]]></FromUserName>
<CreateTime>1463626822</CreateTime>
<MsgType><![CDATA[event]]></MsgType>
<Event><![CDATA[CLICK]]></Event>
<EventKey><![CDATA[每天摇一摇]]></EventKey>
</xml>

2016-05-19 11:00:23 params :
------------
Array:
rule : -2 ;
module :  ;
message : Array ;

2016-05-19 11:00:23 response :
------------

2016-05-19 11:00:27 trace :
------------
String:
<xml><ToUserName><![CDATA[gh_87c9b624047c]]></ToUserName>
<FromUserName><![CDATA[oKap7wYXWPXMZ4kes11qvvcuJmyg]]></FromUserName>
<CreateTime>1463626827</CreateTime>
<MsgType><![CDATA[event]]></MsgType>
<Event><![CDATA[CLICK]]></Event>
<EventKey><![CDATA[大转盘]]></EventKey>
</xml>

2016-05-19 11:00:27 params :
------------
Array:
message : Array ;
module : wdl_bigwheel ;
rule : 50 ;
priority : 0 ;
keyword : Array ;

2016-05-19 11:00:27 response :
------------
Array:
FromUserName : gh_87c9b624047c ;
ToUserName : oKap7wYXWPXMZ4kes11qvvcuJmyg ;
MsgType : news ;
ArticleCount : 1 ;
Articles : Array ;

2016-05-19 11:00:29 trace :
------------
String:
<xml><ToUserName><![CDATA[gh_87c9b624047c]]></ToUserName>
<FromUserName><![CDATA[oKap7wYXWPXMZ4kes11qvvcuJmyg]]></FromUserName>
<CreateTime>1463626829</CreateTime>
<MsgType><![CDATA[event]]></MsgType>
<Event><![CDATA[CLICK]]></Event>
<EventKey><![CDATA[每天摇一摇]]></EventKey>
</xml>

2016-05-19 11:00:29 params :
------------
Array:
rule : -2 ;
module :  ;
message : Array ;

2016-05-19 11:00:29 response :
------------

2016-05-19 11:00:31 trace :
------------
String:
<xml><ToUserName><![CDATA[gh_87c9b624047c]]></ToUserName>
<FromUserName><![CDATA[oKap7wYXWPXMZ4kes11qvvcuJmyg]]></FromUserName>
<CreateTime>1463626831</CreateTime>
<MsgType><![CDATA[event]]></MsgType>
<Event><![CDATA[CLICK]]></Event>
<EventKey><![CDATA[刮刮卡]]></EventKey>
</xml>

2016-05-19 11:00:31 params :
------------
Array:
message : Array ;
module : stonefish_scratch ;
rule : 48 ;
priority : 0 ;
keyword : Array ;

2016-05-19 11:00:31 response :
------------
Array:
FromUserName : gh_87c9b624047c ;
ToUserName : oKap7wYXWPXMZ4kes11qvvcuJmyg ;
MsgType : news ;
ArticleCount : 1 ;
Articles : Array ;

2016-05-19 11:00:45 trace :
------------
String:
<xml><ToUserName><![CDATA[gh_87c9b624047c]]></ToUserName>
<FromUserName><![CDATA[oKap7wYjjgm0DRcFsW3HsRktNgFo]]></FromUserName>
<CreateTime>1463626845</CreateTime>
<MsgType><![CDATA[event]]></MsgType>
<Event><![CDATA[CLICK]]></Event>
<EventKey><![CDATA[每天摇一摇]]></EventKey>
</xml>

2016-05-19 11:00:45 params :
------------
Array:
rule : -2 ;
module :  ;
message : Array ;

2016-05-19 11:00:45 response :
------------

2016-05-19 11:01:11 trace :
------------
String:
<xml><ToUserName><![CDATA[gh_87c9b624047c]]></ToUserName>
<FromUserName><![CDATA[oKap7wYjjgm0DRcFsW3HsRktNgFo]]></FromUserName>
<CreateTime>1463626871</CreateTime>
<MsgType><![CDATA[event]]></MsgType>
<Event><![CDATA[CLICK]]></Event>
<EventKey><![CDATA[每天摇一摇]]></EventKey>
</xml>

2016-05-19 11:01:11 params :
------------
Array:
rule : -2 ;
module :  ;
message : Array ;

2016-05-19 11:01:11 response :
------------

2016-05-19 11:01:23 trace :
------------
String:
<xml><ToUserName><![CDATA[gh_87c9b624047c]]></ToUserName>
<FromUserName><![CDATA[oKap7wYXWPXMZ4kes11qvvcuJmyg]]></FromUserName>
<CreateTime>1463626883</CreateTime>
<MsgType><![CDATA[event]]></MsgType>
<Event><![CDATA[CLICK]]></Event>
<EventKey><![CDATA[每天摇一摇]]></EventKey>
</xml>

2016-05-19 11:01:23 params :
------------
Array:
message : Array ;
module : mon_qmshake ;
rule : 54 ;
priority : 0 ;
keyword : Array ;

2016-05-19 11:01:23 response :
------------
Array:
FromUserName : gh_87c9b624047c ;
ToUserName : oKap7wYXWPXMZ4kes11qvvcuJmyg ;
MsgType : news ;
ArticleCount : 1 ;
Articles : Array ;

2016-05-19 11:07:04 trace :
------------
String:
<xml><ToUserName><![CDATA[gh_87c9b624047c]]></ToUserName>
<FromUserName><![CDATA[oKap7wYjjgm0DRcFsW3HsRktNgFo]]></FromUserName>
<CreateTime>1463627224</CreateTime>
<MsgType><![CDATA[event]]></MsgType>
<Event><![CDATA[CLICK]]></Event>
<EventKey><![CDATA[每天摇一摇]]></EventKey>
</xml>

2016-05-19 11:07:04 params :
------------
Array:
message : Array ;
module : mon_qmshake ;
rule : 54 ;
priority : 0 ;
keyword : Array ;

2016-05-19 11:07:04 response :
------------
Array:
FromUserName : gh_87c9b624047c ;
ToUserName : oKap7wYjjgm0DRcFsW3HsRktNgFo ;
MsgType : news ;
ArticleCount : 1 ;
Articles : Array ;

2016-05-19 11:41:27 trace :
------------
String:
<xml><ToUserName><![CDATA[gh_87c9b624047c]]></ToUserName>
<FromUserName><![CDATA[oKap7wYXWPXMZ4kes11qvvcuJmyg]]></FromUserName>
<CreateTime>1463629287</CreateTime>
<MsgType><![CDATA[event]]></MsgType>
<Event><![CDATA[unsubscribe]]></Event>
<EventKey><![CDATA[]]></EventKey>
</xml>

2016-05-19 12:01:20 trace :
------------
String:
<xml><ToUserName><![CDATA[gh_87c9b624047c]]></ToUserName>
<FromUserName><![CDATA[oKap7wft10Vj0zqk-6mHiUYiUT_A]]></FromUserName>
<CreateTime>1463630480</CreateTime>
<MsgType><![CDATA[event]]></MsgType>
<Event><![CDATA[subscribe]]></Event>
<EventKey><![CDATA[]]></EventKey>
</xml>

2016-05-19 12:01:20 params :
------------
Array:
message : Array ;
module : news ;
rule : 55 ;
priority : 0 ;
keyword : Array ;

2016-05-19 12:01:20 response :
------------
Array:
FromUserName : gh_87c9b624047c ;
ToUserName : oKap7wft10Vj0zqk-6mHiUYiUT_A ;
MsgType : news ;
ArticleCount : 3 ;
Articles : Array ;

2016-05-19 12:01:44 trace :
------------
String:
<xml><ToUserName><![CDATA[gh_87c9b624047c]]></ToUserName>
<FromUserName><![CDATA[oKap7wedRm5do7G6CElykiwFJFp0]]></FromUserName>
<CreateTime>1463630504</CreateTime>
<MsgType><![CDATA[event]]></MsgType>
<Event><![CDATA[CLICK]]></Event>
<EventKey><![CDATA[刮刮卡]]></EventKey>
</xml>

2016-05-19 12:01:44 params :
------------
Array:
message : Array ;
module : stonefish_scratch ;
rule : 48 ;
priority : 0 ;
keyword : Array ;

2016-05-19 12:01:44 response :
------------
Array:
FromUserName : gh_87c9b624047c ;
ToUserName : oKap7wedRm5do7G6CElykiwFJFp0 ;
MsgType : news ;
ArticleCount : 1 ;
Articles : Array ;

2016-05-19 14:45:45 trace :
------------
String:
<xml><ToUserName><![CDATA[gh_87c9b624047c]]></ToUserName>
<FromUserName><![CDATA[oKap7wYjjgm0DRcFsW3HsRktNgFo]]></FromUserName>
<CreateTime>1463640345</CreateTime>
<MsgType><![CDATA[event]]></MsgType>
<Event><![CDATA[SCAN]]></Event>
<EventKey><![CDATA[100001]]></EventKey>
<Ticket><![CDATA[gQGd8DoAAAAAAAAAASxodHRwOi8vd2VpeGluLnFxLmNvbS9xL3BqcGVENnJsTXZ4TDQ4RU0zeFR0AAIEIog8VwMEAI0nAA==]]></Ticket>
</xml>

2016-05-19 14:45:45 params :
------------
Array:
message : Array ;
module : we7_shake ;
rule : 51 ;
priority : 0 ;
keyword : Array ;

2016-05-19 14:45:45 response :
------------
Array:
FromUserName : gh_87c9b624047c ;
ToUserName : oKap7wYjjgm0DRcFsW3HsRktNgFo ;
MsgType : news ;
ArticleCount : 1 ;
Articles : Array ;

2016-05-19 14:46:44 trace :
------------
String:
<xml><ToUserName><![CDATA[gh_87c9b624047c]]></ToUserName>
<FromUserName><![CDATA[oKap7wYjjgm0DRcFsW3HsRktNgFo]]></FromUserName>
<CreateTime>1463640404</CreateTime>
<MsgType><![CDATA[event]]></MsgType>
<Event><![CDATA[SCAN]]></Event>
<EventKey><![CDATA[100001]]></EventKey>
<Ticket><![CDATA[gQGd8DoAAAAAAAAAASxodHRwOi8vd2VpeGluLnFxLmNvbS9xL3BqcGVENnJsTXZ4TDQ4RU0zeFR0AAIEIog8VwMEAI0nAA==]]></Ticket>
</xml>

2016-05-19 14:46:44 params :
------------
Array:
message : Array ;
module : we7_shake ;
rule : 51 ;
priority : 0 ;
keyword : Array ;

2016-05-19 14:46:44 response :
------------
Array:
FromUserName : gh_87c9b624047c ;
ToUserName : oKap7wYjjgm0DRcFsW3HsRktNgFo ;
MsgType : news ;
ArticleCount : 1 ;
Articles : Array ;

2016-05-19 14:47:08 trace :
------------
String:
<xml><ToUserName><![CDATA[gh_87c9b624047c]]></ToUserName>
<FromUserName><![CDATA[oKap7wYXWPXMZ4kes11qvvcuJmyg]]></FromUserName>
<CreateTime>1463640428</CreateTime>
<MsgType><![CDATA[event]]></MsgType>
<Event><![CDATA[subscribe]]></Event>
<EventKey><![CDATA[]]></EventKey>
</xml>

2016-05-19 14:47:08 params :
------------
Array:
message : Array ;
module : news ;
rule : 55 ;
priority : 0 ;
keyword : Array ;

2016-05-19 14:47:08 response :
------------
Array:
FromUserName : gh_87c9b624047c ;
ToUserName : oKap7wYXWPXMZ4kes11qvvcuJmyg ;
MsgType : news ;
ArticleCount : 3 ;
Articles : Array ;

2016-05-19 14:47:21 trace :
------------
String:
<xml><ToUserName><![CDATA[gh_87c9b624047c]]></ToUserName>
<FromUserName><![CDATA[oKap7wYXWPXMZ4kes11qvvcuJmyg]]></FromUserName>
<CreateTime>1463640440</CreateTime>
<MsgType><![CDATA[event]]></MsgType>
<Event><![CDATA[SCAN]]></Event>
<EventKey><![CDATA[100001]]></EventKey>
<Ticket><![CDATA[gQGd8DoAAAAAAAAAASxodHRwOi8vd2VpeGluLnFxLmNvbS9xL3BqcGVENnJsTXZ4TDQ4RU0zeFR0AAIEIog8VwMEAI0nAA==]]></Ticket>
</xml>

2016-05-19 14:47:21 params :
------------
Array:
message : Array ;
module : we7_shake ;
rule : 51 ;
priority : 0 ;
keyword : Array ;

2016-05-19 14:47:21 response :
------------
Array:
FromUserName : gh_87c9b624047c ;
ToUserName : oKap7wYXWPXMZ4kes11qvvcuJmyg ;
MsgType : news ;
ArticleCount : 1 ;
Articles : Array ;

2016-05-19 14:47:47 trace :
------------
String:
<xml><ToUserName><![CDATA[gh_87c9b624047c]]></ToUserName>
<FromUserName><![CDATA[oKap7wYXWPXMZ4kes11qvvcuJmyg]]></FromUserName>
<CreateTime>1463640467</CreateTime>
<MsgType><![CDATA[event]]></MsgType>
<Event><![CDATA[SCAN]]></Event>
<EventKey><![CDATA[100002]]></EventKey>
<Ticket><![CDATA[gQGg8DoAAAAAAAAAASxodHRwOi8vd2VpeGluLnFxLmNvbS9xL3NUb3BOODdsUi13X3FOWTJxQlR0AAIEM4o8VwMEAI0nAA==]]></Ticket>
</xml>

2016-05-19 14:47:47 params :
------------
Array:
message : Array ;
module : wdl_bigwheel ;
rule : 50 ;
priority : 0 ;
keyword : Array ;

2016-05-19 14:47:47 response :
------------
Array:
FromUserName : gh_87c9b624047c ;
ToUserName : oKap7wYXWPXMZ4kes11qvvcuJmyg ;
MsgType : news ;
ArticleCount : 1 ;
Articles : Array ;

2016-05-19 14:48:09 trace :
------------
String:
<xml><ToUserName><![CDATA[gh_87c9b624047c]]></ToUserName>
<FromUserName><![CDATA[oKap7wYXWPXMZ4kes11qvvcuJmyg]]></FromUserName>
<CreateTime>1463640488</CreateTime>
<MsgType><![CDATA[event]]></MsgType>
<Event><![CDATA[SCAN]]></Event>
<EventKey><![CDATA[100001]]></EventKey>
<Ticket><![CDATA[gQGd8DoAAAAAAAAAASxodHRwOi8vd2VpeGluLnFxLmNvbS9xL3BqcGVENnJsTXZ4TDQ4RU0zeFR0AAIEIog8VwMEAI0nAA==]]></Ticket>
</xml>

2016-05-19 14:48:09 params :
------------
Array:
message : Array ;
module : we7_shake ;
rule : 51 ;
priority : 0 ;
keyword : Array ;

2016-05-19 14:48:09 response :
------------
Array:
FromUserName : gh_87c9b624047c ;
ToUserName : oKap7wYXWPXMZ4kes11qvvcuJmyg ;
MsgType : news ;
ArticleCount : 1 ;
Articles : Array ;

2016-05-19 14:50:07 trace :
------------
String:
<xml><ToUserName><![CDATA[gh_87c9b624047c]]></ToUserName>
<FromUserName><![CDATA[oKap7wYXWPXMZ4kes11qvvcuJmyg]]></FromUserName>
<CreateTime>1463640607</CreateTime>
<MsgType><![CDATA[event]]></MsgType>
<Event><![CDATA[SCAN]]></Event>
<EventKey><![CDATA[100001]]></EventKey>
<Ticket><![CDATA[gQGd8DoAAAAAAAAAASxodHRwOi8vd2VpeGluLnFxLmNvbS9xL3BqcGVENnJsTXZ4TDQ4RU0zeFR0AAIEIog8VwMEAI0nAA==]]></Ticket>
</xml>

2016-05-19 14:50:07 params :
------------
Array:
message : Array ;
module : mon_qmshake ;
rule : 54 ;
priority : 0 ;
keyword : Array ;

2016-05-19 14:50:07 response :
------------
Array:
FromUserName : gh_87c9b624047c ;
ToUserName : oKap7wYXWPXMZ4kes11qvvcuJmyg ;
MsgType : news ;
ArticleCount : 1 ;
Articles : Array ;

2016-05-19 14:50:47 trace :
------------
String:
<xml><ToUserName><![CDATA[gh_87c9b624047c]]></ToUserName>
<FromUserName><![CDATA[oKap7wYXWPXMZ4kes11qvvcuJmyg]]></FromUserName>
<CreateTime>1463640647</CreateTime>
<MsgType><![CDATA[event]]></MsgType>
<Event><![CDATA[unsubscribe]]></Event>
<EventKey><![CDATA[]]></EventKey>
</xml>

2016-05-19 14:51:07 trace :
------------
String:
<xml><ToUserName><![CDATA[gh_87c9b624047c]]></ToUserName>
<FromUserName><![CDATA[oKap7wYXWPXMZ4kes11qvvcuJmyg]]></FromUserName>
<CreateTime>1463640667</CreateTime>
<MsgType><![CDATA[event]]></MsgType>
<Event><![CDATA[subscribe]]></Event>
<EventKey><![CDATA[qrscene_100001]]></EventKey>
<Ticket><![CDATA[gQGd8DoAAAAAAAAAASxodHRwOi8vd2VpeGluLnFxLmNvbS9xL3BqcGVENnJsTXZ4TDQ4RU0zeFR0AAIEIog8VwMEAI0nAA==]]></Ticket>
</xml>

2016-05-19 14:51:07 params :
------------
Array:
message : Array ;
module : mon_qmshake ;
rule : 54 ;
priority : 0 ;
keyword : Array ;

2016-05-19 14:51:07 response :
------------
Array:
FromUserName : gh_87c9b624047c ;
ToUserName : oKap7wYXWPXMZ4kes11qvvcuJmyg ;
MsgType : news ;
ArticleCount : 1 ;
Articles : Array ;

2016-05-19 14:57:18 trace :
------------
String:
<xml><ToUserName><![CDATA[gh_87c9b624047c]]></ToUserName>
<FromUserName><![CDATA[oKap7wYjjgm0DRcFsW3HsRktNgFo]]></FromUserName>
<CreateTime>1463641038</CreateTime>
<MsgType><![CDATA[event]]></MsgType>
<Event><![CDATA[SCAN]]></Event>
<EventKey><![CDATA[100001]]></EventKey>
<Ticket><![CDATA[gQGd8DoAAAAAAAAAASxodHRwOi8vd2VpeGluLnFxLmNvbS9xL3BqcGVENnJsTXZ4TDQ4RU0zeFR0AAIEIog8VwMEAI0nAA==]]></Ticket>
</xml>

2016-05-19 14:57:18 params :
------------
Array:
message : Array ;
module : mon_qmshake ;
rule : 54 ;
priority : 0 ;
keyword : Array ;

2016-05-19 14:57:18 response :
------------
Array:
FromUserName : gh_87c9b624047c ;
ToUserName : oKap7wYjjgm0DRcFsW3HsRktNgFo ;
MsgType : news ;
ArticleCount : 1 ;
Articles : Array ;

2016-05-19 15:14:46 trace :
------------
String:
<xml><ToUserName><![CDATA[gh_87c9b624047c]]></ToUserName>
<FromUserName><![CDATA[oKap7wYjjgm0DRcFsW3HsRktNgFo]]></FromUserName>
<CreateTime>1463642086</CreateTime>
<MsgType><![CDATA[event]]></MsgType>
<Event><![CDATA[VIEW]]></Event>
<EventKey><![CDATA[http://show.artels.cn/v-U70510PXM38WA3X5?eqrcode=1]]></EventKey>
<MenuId>503127948</MenuId>
</xml>

2016-05-19 15:14:46 params :
------------
Array:
rule : -2 ;
module :  ;
message : Array ;

2016-05-19 15:14:46 response :
------------

2016-05-19 15:15:02 trace :
------------
String:
<xml><ToUserName><![CDATA[gh_87c9b624047c]]></ToUserName>
<FromUserName><![CDATA[oKap7wYjjgm0DRcFsW3HsRktNgFo]]></FromUserName>
<CreateTime>1463642102</CreateTime>
<MsgType><![CDATA[event]]></MsgType>
<Event><![CDATA[VIEW]]></Event>
<EventKey><![CDATA[http://show.artels.cn/v-U70510PXM38WA3X5?eqrcode=1]]></EventKey>
<MenuId>503127948</MenuId>
</xml>

2016-05-19 15:15:02 params :
------------
Array:
rule : -2 ;
module :  ;
message : Array ;

2016-05-19 15:15:02 response :
------------

2016-05-19 19:13:50 trace :
------------
String:
<xml><ToUserName><![CDATA[gh_87c9b624047c]]></ToUserName>
<FromUserName><![CDATA[oKap7wTNjnrXdo_mz7in9L6Krgbs]]></FromUserName>
<CreateTime>1463656430</CreateTime>
<MsgType><![CDATA[event]]></MsgType>
<Event><![CDATA[subscribe]]></Event>
<EventKey><![CDATA[]]></EventKey>
</xml>

2016-05-19 19:13:51 params :
------------
Array:
message : Array ;
module : news ;
rule : 55 ;
priority : 0 ;
keyword : Array ;

2016-05-19 19:13:51 response :
------------
Array:
FromUserName : gh_87c9b624047c ;
ToUserName : oKap7wTNjnrXdo_mz7in9L6Krgbs ;
MsgType : news ;
ArticleCount : 3 ;
Articles : Array ;

2016-05-19 19:25:54 trace :
------------
String:
<xml><ToUserName><![CDATA[gh_87c9b624047c]]></ToUserName>
<FromUserName><![CDATA[oKap7wVhqSnmPwOozthxjpoxiE24]]></FromUserName>
<CreateTime>1463657154</CreateTime>
<MsgType><![CDATA[event]]></MsgType>
<Event><![CDATA[subscribe]]></Event>
<EventKey><![CDATA[]]></EventKey>
</xml>

2016-05-19 19:25:54 params :
------------
Array:
message : Array ;
module : news ;
rule : 55 ;
priority : 0 ;
keyword : Array ;

2016-05-19 19:25:54 response :
------------
Array:
FromUserName : gh_87c9b624047c ;
ToUserName : oKap7wVhqSnmPwOozthxjpoxiE24 ;
MsgType : news ;
ArticleCount : 3 ;
Articles : Array ;

