2016-04-01 11:47:26 trace :
------------
String:
<xml><ToUserName><![CDATA[gh_b75bad3e9d82]]></ToUserName>
<FromUserName><![CDATA[oH51jw56Vf0dca7sUr5FqPnau1Mo]]></FromUserName>
<CreateTime>1459482446</CreateTime>
<MsgType><![CDATA[event]]></MsgType>
<Event><![CDATA[VIEW]]></Event>
<EventKey><![CDATA[http://mp.weixin.qq.com/s?__biz=MzI3ODA4NTQwNw==&mid=400587201&idx=1&sn=26c0cc4aa8356102fd2d63e6c5770d48&scene=18#wechat_redirect]]></EventKey>
<MenuId>401838942</MenuId>
</xml>

2016-04-01 11:47:26 params :
------------
Array:
rule : -2 ;
module :  ;
message : Array ;

2016-04-01 11:47:26 response :
------------

2016-04-01 11:47:39 trace :
------------
String:
<xml><ToUserName><![CDATA[gh_b75bad3e9d82]]></ToUserName>
<FromUserName><![CDATA[oH51jw56Vf0dca7sUr5FqPnau1Mo]]></FromUserName>
<CreateTime>1459482459</CreateTime>
<MsgType><![CDATA[event]]></MsgType>
<Event><![CDATA[VIEW]]></Event>
<EventKey><![CDATA[http://mp.weixin.qq.com/s?__biz=MzI3ODA4NTQwNw==&mid=400624196&idx=1&sn=03ee2c92bbbbd1b1786eda450ae022ff&scene=18#wechat_redirect]]></EventKey>
<MenuId>401838942</MenuId>
</xml>

2016-04-01 11:47:39 params :
------------
Array:
rule : -2 ;
module :  ;
message : Array ;

2016-04-01 11:47:39 response :
------------

