2016-04-08 17:46:22 trace :
------------
String:
<xml><ToUserName><![CDATA[gh_b75bad3e9d82]]></ToUserName>
<FromUserName><![CDATA[oH51jwz8DjMTSD9FRwpx3seEKrl8]]></FromUserName>
<CreateTime>1460108782</CreateTime>
<MsgType><![CDATA[event]]></MsgType>
<Event><![CDATA[MASSSENDJOBFINISH]]></Event>
<MsgID>402757956</MsgID>
<Status><![CDATA[send success]]></Status>
<TotalCount>156</TotalCount>
<FilterCount>156</FilterCount>
<SentCount>156</SentCount>
<ErrorCount>0</ErrorCount>
</xml>

2016-04-08 17:46:22 params :
------------
Array:
rule : -2 ;
module :  ;
message : Array ;

2016-04-08 17:46:22 response :
------------

2016-04-08 18:48:18 trace :
------------
String:
<xml><ToUserName><![CDATA[gh_b75bad3e9d82]]></ToUserName>
<FromUserName><![CDATA[oH51jw960SfP-Nw_V7p4vL3Qo1gw]]></FromUserName>
<CreateTime>1460112498</CreateTime>
<MsgType><![CDATA[event]]></MsgType>
<Event><![CDATA[subscribe]]></Event>
<EventKey><![CDATA[]]></EventKey>
</xml>

2016-04-08 18:48:18 params :
------------
Array:
rule : -2 ;
module :  ;
message : Array ;

2016-04-08 18:48:18 response :
------------

2016-04-08 18:49:01 trace :
------------
String:
<xml><ToUserName><![CDATA[gh_b75bad3e9d82]]></ToUserName>
<FromUserName><![CDATA[oH51jww-8zIA0Dzdwt9fOf_Qg1Ps]]></FromUserName>
<CreateTime>1460112541</CreateTime>
<MsgType><![CDATA[event]]></MsgType>
<Event><![CDATA[subscribe]]></Event>
<EventKey><![CDATA[]]></EventKey>
</xml>

2016-04-08 18:49:01 params :
------------
Array:
rule : -2 ;
module :  ;
message : Array ;

2016-04-08 18:49:01 response :
------------

2016-04-08 20:04:55 trace :
------------
String:
<xml><ToUserName><![CDATA[gh_b75bad3e9d82]]></ToUserName>
<FromUserName><![CDATA[oH51jwz-tcm6NFauDMekXNEhG8JY]]></FromUserName>
<CreateTime>1460117095</CreateTime>
<MsgType><![CDATA[event]]></MsgType>
<Event><![CDATA[subscribe]]></Event>
<EventKey><![CDATA[]]></EventKey>
</xml>

2016-04-08 20:04:55 params :
------------
Array:
rule : -2 ;
module :  ;
message : Array ;

2016-04-08 20:04:55 response :
------------

2016-04-08 21:29:27 trace :
------------
String:
<xml><ToUserName><![CDATA[gh_b75bad3e9d82]]></ToUserName>
<FromUserName><![CDATA[oH51jw_Sdl4QvCWqRywcbF_DvyWQ]]></FromUserName>
<CreateTime>1460122167</CreateTime>
<MsgType><![CDATA[event]]></MsgType>
<Event><![CDATA[subscribe]]></Event>
<EventKey><![CDATA[]]></EventKey>
</xml>

2016-04-08 21:29:27 params :
------------
Array:
rule : -2 ;
module :  ;
message : Array ;

2016-04-08 21:29:27 response :
------------

