2016-03-19 11:29:39 trace :
------------
String:
<xml><ToUserName><![CDATA[gh_b75bad3e9d82]]></ToUserName>
<FromUserName><![CDATA[oH51jw1B0jBEVIttdzGcL1LL9hRM]]></FromUserName>
<CreateTime>1458358179</CreateTime>
<MsgType><![CDATA[event]]></MsgType>
<Event><![CDATA[subscribe]]></Event>
<EventKey><![CDATA[]]></EventKey>
</xml>

2016-03-19 11:29:39 params :
------------
Array:
rule : -2 ;
module :  ;
message : Array ;

2016-03-19 11:29:39 response :
------------

2016-03-19 14:03:54 trace :
------------
String:
<xml><ToUserName><![CDATA[gh_b75bad3e9d82]]></ToUserName>
<FromUserName><![CDATA[oH51jwz8DjMTSD9FRwpx3seEKrl8]]></FromUserName>
<CreateTime>1458367434</CreateTime>
<MsgType><![CDATA[event]]></MsgType>
<Event><![CDATA[MASSSENDJOBFINISH]]></Event>
<MsgID>402144259</MsgID>
<Status><![CDATA[send success]]></Status>
<TotalCount>134</TotalCount>
<FilterCount>134</FilterCount>
<SentCount>134</SentCount>
<ErrorCount>0</ErrorCount>
</xml>

2016-03-19 14:03:54 params :
------------
Array:
rule : -2 ;
module :  ;
message : Array ;

2016-03-19 14:03:54 response :
------------

