2016-06-06 08:44:15 trace :
------------
String:
<xml><ToUserName><![CDATA[gh_87c9b624047c]]></ToUserName>
<FromUserName><![CDATA[oKap7wS8xhOfx0uAGwkdNZyX35Qw]]></FromUserName>
<CreateTime>1465173855</CreateTime>
<MsgType><![CDATA[event]]></MsgType>
<Event><![CDATA[subscribe]]></Event>
<EventKey><![CDATA[]]></EventKey>
</xml>

2016-06-06 08:44:15 params :
------------
Array:
message : Array ;
module : news ;
rule : 55 ;
priority : 0 ;
keyword : Array ;

2016-06-06 08:44:15 response :
------------
Array:
FromUserName : gh_87c9b624047c ;
ToUserName : oKap7wS8xhOfx0uAGwkdNZyX35Qw ;
MsgType : news ;
ArticleCount : 3 ;
Articles : Array ;

2016-06-06 08:44:24 trace :
------------
String:
<xml><ToUserName><![CDATA[gh_87c9b624047c]]></ToUserName>
<FromUserName><![CDATA[oKap7wS8xhOfx0uAGwkdNZyX35Qw]]></FromUserName>
<CreateTime>1465173864</CreateTime>
<MsgType><![CDATA[event]]></MsgType>
<Event><![CDATA[CLICK]]></Event>
<EventKey><![CDATA[大转盘]]></EventKey>
</xml>

2016-06-06 08:44:24 params :
------------
Array:
message : Array ;
module : wdl_bigwheel ;
rule : 50 ;
priority : 0 ;
keyword : Array ;

2016-06-06 08:44:24 response :
------------
Array:
FromUserName : gh_87c9b624047c ;
ToUserName : oKap7wS8xhOfx0uAGwkdNZyX35Qw ;
MsgType : news ;
ArticleCount : 1 ;
Articles : Array ;

2016-06-06 08:44:34 trace :
------------
String:
<xml><ToUserName><![CDATA[gh_87c9b624047c]]></ToUserName>
<FromUserName><![CDATA[oKap7wS8xhOfx0uAGwkdNZyX35Qw]]></FromUserName>
<CreateTime>1465173874</CreateTime>
<MsgType><![CDATA[event]]></MsgType>
<Event><![CDATA[CLICK]]></Event>
<EventKey><![CDATA[刮刮卡]]></EventKey>
</xml>

2016-06-06 08:44:34 params :
------------
Array:
message : Array ;
module : stonefish_scratch ;
rule : 48 ;
priority : 0 ;
keyword : Array ;

2016-06-06 08:44:34 response :
------------
Array:
FromUserName : gh_87c9b624047c ;
ToUserName : oKap7wS8xhOfx0uAGwkdNZyX35Qw ;
MsgType : news ;
ArticleCount : 1 ;
Articles : Array ;

2016-06-06 09:00:07 trace :
------------
String:
<xml><ToUserName><![CDATA[gh_87c9b624047c]]></ToUserName>
<FromUserName><![CDATA[oKap7wVeL5n24-QSzgsx_Sule6n4]]></FromUserName>
<CreateTime>1465174807</CreateTime>
<MsgType><![CDATA[event]]></MsgType>
<Event><![CDATA[subscribe]]></Event>
<EventKey><![CDATA[]]></EventKey>
</xml>

2016-06-06 09:00:07 params :
------------
Array:
message : Array ;
module : news ;
rule : 55 ;
priority : 0 ;
keyword : Array ;

2016-06-06 09:00:07 response :
------------
Array:
FromUserName : gh_87c9b624047c ;
ToUserName : oKap7wVeL5n24-QSzgsx_Sule6n4 ;
MsgType : news ;
ArticleCount : 3 ;
Articles : Array ;

2016-06-06 09:00:58 trace :
------------
String:
<xml><ToUserName><![CDATA[gh_87c9b624047c]]></ToUserName>
<FromUserName><![CDATA[oKap7wVeL5n24-QSzgsx_Sule6n4]]></FromUserName>
<CreateTime>1465174858</CreateTime>
<MsgType><![CDATA[event]]></MsgType>
<Event><![CDATA[SCAN]]></Event>
<EventKey><![CDATA[100001]]></EventKey>
<Ticket><![CDATA[gQGd8DoAAAAAAAAAASxodHRwOi8vd2VpeGluLnFxLmNvbS9xL3BqcGVENnJsTXZ4TDQ4RU0zeFR0AAIEIog8VwMEAI0nAA==]]></Ticket>
</xml>

2016-06-06 09:00:58 params :
------------
Array:
message : Array ;
module : mon_qmshake ;
rule : 54 ;
priority : 0 ;
keyword : Array ;

2016-06-06 09:00:58 response :
------------
Array:
FromUserName : gh_87c9b624047c ;
ToUserName : oKap7wVeL5n24-QSzgsx_Sule6n4 ;
MsgType : news ;
ArticleCount : 1 ;
Articles : Array ;

2016-06-06 11:03:50 trace :
------------
String:
<xml><ToUserName><![CDATA[gh_87c9b624047c]]></ToUserName>
<FromUserName><![CDATA[oKap7wcKc2ufLZy_w9cRt5FdxhDk]]></FromUserName>
<CreateTime>1465182229</CreateTime>
<MsgType><![CDATA[event]]></MsgType>
<Event><![CDATA[CLICK]]></Event>
<EventKey><![CDATA[每天摇一摇]]></EventKey>
</xml>

2016-06-06 11:03:50 params :
------------
Array:
message : Array ;
module : mon_qmshake ;
rule : 54 ;
priority : 0 ;
keyword : Array ;

2016-06-06 11:03:50 response :
------------
Array:
FromUserName : gh_87c9b624047c ;
ToUserName : oKap7wcKc2ufLZy_w9cRt5FdxhDk ;
MsgType : news ;
ArticleCount : 1 ;
Articles : Array ;

2016-06-06 11:29:57 trace :
------------
String:
<xml><ToUserName><![CDATA[gh_87c9b624047c]]></ToUserName>
<FromUserName><![CDATA[oKap7wZK6YYrBlRgbOMTzeXyEJ5U]]></FromUserName>
<CreateTime>1465183797</CreateTime>
<MsgType><![CDATA[event]]></MsgType>
<Event><![CDATA[unsubscribe]]></Event>
<EventKey><![CDATA[]]></EventKey>
</xml>

