2016-05-08 10:03:23 trace :
------------
String:
<xml><ToUserName><![CDATA[gh_b75bad3e9d82]]></ToUserName>
<FromUserName><![CDATA[oH51jwz8DjMTSD9FRwpx3seEKrl8]]></FromUserName>
<CreateTime>1462673004</CreateTime>
<MsgType><![CDATA[event]]></MsgType>
<Event><![CDATA[MASSSENDJOBFINISH]]></Event>
<MsgID>412975348</MsgID>
<Status><![CDATA[send success]]></Status>
<TotalCount>170</TotalCount>
<FilterCount>170</FilterCount>
<SentCount>170</SentCount>
<ErrorCount>0</ErrorCount>
</xml>

2016-05-08 10:03:23 params :
------------
Array:
rule : -2 ;
module :  ;
message : Array ;

2016-05-08 10:03:23 response :
------------

