2016-05-06 11:51:54 trace :
------------
String:
<xml><ToUserName><![CDATA[gh_b75bad3e9d82]]></ToUserName>
<FromUserName><![CDATA[oH51jw4wsPuhrIUXBzIZdnA1oRuE]]></FromUserName>
<CreateTime>1462506714</CreateTime>
<MsgType><![CDATA[event]]></MsgType>
<Event><![CDATA[VIEW]]></Event>
<EventKey><![CDATA[http://mp.weixin.qq.com/s?__biz=MzI3ODA4NTQwNw==&mid=400575959&idx=1&sn=cd9388040793615cae056826bddac700&scene=18#wechat_redirect]]></EventKey>
<MenuId>401838942</MenuId>
</xml>

2016-05-06 11:51:54 params :
------------
Array:
rule : -2 ;
module :  ;
message : Array ;

2016-05-06 11:51:54 response :
------------

2016-05-06 14:42:33 trace :
------------
String:
<xml><ToUserName><![CDATA[gh_b75bad3e9d82]]></ToUserName>
<FromUserName><![CDATA[oH51jw_fOEfHf9hsL9ibSekXlDvU]]></FromUserName>
<CreateTime>1462516953</CreateTime>
<MsgType><![CDATA[event]]></MsgType>
<Event><![CDATA[unsubscribe]]></Event>
<EventKey><![CDATA[]]></EventKey>
</xml>

2016-05-06 16:49:44 trace :
------------
String:
<xml><ToUserName><![CDATA[gh_87c9b624047c]]></ToUserName>
<FromUserName><![CDATA[oKap7wcJQdtPPNzQlq_8383AcR8I]]></FromUserName>
<CreateTime>1462524584</CreateTime>
<MsgType><![CDATA[event]]></MsgType>
<Event><![CDATA[subscribe]]></Event>
<EventKey><![CDATA[]]></EventKey>
</xml>

2016-05-06 16:49:44 params :
------------
Array:
rule : -2 ;
module :  ;
message : Array ;

2016-05-06 16:49:44 response :
------------

2016-05-06 21:22:29 trace :
------------
String:
<xml><ToUserName><![CDATA[gh_b75bad3e9d82]]></ToUserName>
<FromUserName><![CDATA[oH51jww4E0LdD64McbDvpADlzBWk]]></FromUserName>
<CreateTime>1462540949</CreateTime>
<MsgType><![CDATA[event]]></MsgType>
<Event><![CDATA[subscribe]]></Event>
<EventKey><![CDATA[]]></EventKey>
</xml>

2016-05-06 21:22:29 params :
------------
Array:
rule : -2 ;
module :  ;
message : Array ;

2016-05-06 21:22:29 response :
------------

