2016-06-01 00:03:51 trace :
------------
String:
<xml><ToUserName><![CDATA[gh_b75bad3e9d82]]></ToUserName>
<FromUserName><![CDATA[oH51jw8haWHZDeWjL2ErJ9Ja1OO8]]></FromUserName>
<CreateTime>1464710631</CreateTime>
<MsgType><![CDATA[event]]></MsgType>
<Event><![CDATA[subscribe]]></Event>
<EventKey><![CDATA[]]></EventKey>
</xml>

2016-06-01 00:03:51 params :
------------
Array:
rule : -2 ;
module :  ;
message : Array ;

2016-06-01 00:03:51 response :
------------

2016-06-01 07:18:45 trace :
------------
String:
<xml><ToUserName><![CDATA[gh_87c9b624047c]]></ToUserName>
<FromUserName><![CDATA[oKap7wWtsUN82boHZkF1ibA3Wld8]]></FromUserName>
<CreateTime>1464736725</CreateTime>
<MsgType><![CDATA[event]]></MsgType>
<Event><![CDATA[VIEW]]></Event>
<EventKey><![CDATA[http://show.artels.cn/v-U70510PXM38WA3X5?eqrcode=1]]></EventKey>
<MenuId>503253745</MenuId>
</xml>

2016-06-01 07:18:45 params :
------------
Array:
rule : -2 ;
module :  ;
message : Array ;

2016-06-01 07:18:45 response :
------------

2016-06-01 07:18:56 trace :
------------
String:
<xml><ToUserName><![CDATA[gh_87c9b624047c]]></ToUserName>
<FromUserName><![CDATA[oKap7wWtsUN82boHZkF1ibA3Wld8]]></FromUserName>
<CreateTime>1464736735</CreateTime>
<MsgType><![CDATA[event]]></MsgType>
<Event><![CDATA[VIEW]]></Event>
<EventKey><![CDATA[http://show.artels.cn/v-U70510PXM38WA3X5?eqrcode=1]]></EventKey>
<MenuId>503253745</MenuId>
</xml>

2016-06-01 07:18:56 params :
------------
Array:
rule : -2 ;
module :  ;
message : Array ;

2016-06-01 07:18:56 response :
------------

2016-06-01 11:13:08 trace :
------------
String:
<xml><ToUserName><![CDATA[gh_87c9b624047c]]></ToUserName>
<FromUserName><![CDATA[oKap7wfZ_vAFNkHq7kLndZ6emoT4]]></FromUserName>
<CreateTime>1464750788</CreateTime>
<MsgType><![CDATA[event]]></MsgType>
<Event><![CDATA[subscribe]]></Event>
<EventKey><![CDATA[]]></EventKey>
</xml>

2016-06-01 11:13:08 params :
------------
Array:
message : Array ;
module : news ;
rule : 55 ;
priority : 0 ;
keyword : Array ;

2016-06-01 11:13:08 response :
------------
Array:
FromUserName : gh_87c9b624047c ;
ToUserName : oKap7wfZ_vAFNkHq7kLndZ6emoT4 ;
MsgType : news ;
ArticleCount : 3 ;
Articles : Array ;

2016-06-01 11:14:12 trace :
------------
String:
<xml><ToUserName><![CDATA[gh_87c9b624047c]]></ToUserName>
<FromUserName><![CDATA[oKap7wfZ_vAFNkHq7kLndZ6emoT4]]></FromUserName>
<CreateTime>1464750852</CreateTime>
<MsgType><![CDATA[event]]></MsgType>
<Event><![CDATA[VIEW]]></Event>
<EventKey><![CDATA[http://show.artels.cn/v-U70510PXM38WA3X5?eqrcode=1]]></EventKey>
<MenuId>503253745</MenuId>
</xml>

2016-06-01 11:14:12 params :
------------
Array:
rule : -2 ;
module :  ;
message : Array ;

2016-06-01 11:14:12 response :
------------

2016-06-01 14:14:08 trace :
------------
String:
<xml><ToUserName><![CDATA[gh_87c9b624047c]]></ToUserName>
<FromUserName><![CDATA[oKap7wUVSbA04lEiKziIGr9kF7ps]]></FromUserName>
<CreateTime>1464761648</CreateTime>
<MsgType><![CDATA[event]]></MsgType>
<Event><![CDATA[VIEW]]></Event>
<EventKey><![CDATA[http://show.artels.cn/v-U70510PXM38WA3X5?eqrcode=1]]></EventKey>
<MenuId>503253745</MenuId>
</xml>

2016-06-01 14:14:08 params :
------------
Array:
rule : -2 ;
module :  ;
message : Array ;

2016-06-01 14:14:08 response :
------------

2016-06-01 14:15:20 trace :
------------
String:
<xml><ToUserName><![CDATA[gh_87c9b624047c]]></ToUserName>
<FromUserName><![CDATA[oKap7wUVSbA04lEiKziIGr9kF7ps]]></FromUserName>
<CreateTime>1464761720</CreateTime>
<MsgType><![CDATA[event]]></MsgType>
<Event><![CDATA[VIEW]]></Event>
<EventKey><![CDATA[http://show.artels.cn/v-U70510PXM38WA3X5?eqrcode=1]]></EventKey>
<MenuId>503253745</MenuId>
</xml>

2016-06-01 14:15:20 params :
------------
Array:
rule : -2 ;
module :  ;
message : Array ;

2016-06-01 14:15:20 response :
------------

2016-06-01 14:18:02 trace :
------------
String:
<xml><ToUserName><![CDATA[gh_87c9b624047c]]></ToUserName>
<FromUserName><![CDATA[oKap7wUVSbA04lEiKziIGr9kF7ps]]></FromUserName>
<CreateTime>1464761882</CreateTime>
<MsgType><![CDATA[event]]></MsgType>
<Event><![CDATA[VIEW]]></Event>
<EventKey><![CDATA[http://show.artels.cn/v-U70510PXM38WA3X5?eqrcode=1]]></EventKey>
<MenuId>503253745</MenuId>
</xml>

2016-06-01 14:18:02 params :
------------
Array:
rule : -2 ;
module :  ;
message : Array ;

2016-06-01 14:18:02 response :
------------

2016-06-01 15:35:51 trace :
------------
String:
<xml><ToUserName><![CDATA[gh_b75bad3e9d82]]></ToUserName>
<FromUserName><![CDATA[oH51jwz8DjMTSD9FRwpx3seEKrl8]]></FromUserName>
<CreateTime>1464766551</CreateTime>
<MsgType><![CDATA[event]]></MsgType>
<Event><![CDATA[MASSSENDJOBFINISH]]></Event>
<MsgID>413475764</MsgID>
<Status><![CDATA[send success]]></Status>
<TotalCount>178</TotalCount>
<FilterCount>178</FilterCount>
<SentCount>178</SentCount>
<ErrorCount>0</ErrorCount>
</xml>

2016-06-01 15:35:51 params :
------------
Array:
rule : -2 ;
module :  ;
message : Array ;

2016-06-01 15:35:51 response :
------------

2016-06-01 15:42:35 trace :
------------
String:
<xml><ToUserName><![CDATA[gh_87c9b624047c]]></ToUserName>
<FromUserName><![CDATA[oKap7wYXWPXMZ4kes11qvvcuJmyg]]></FromUserName>
<CreateTime>1464766955</CreateTime>
<MsgType><![CDATA[text]]></MsgType>
<Content><![CDATA[表单]]></Content>
<MsgId>6291126168489781088</MsgId>
</xml>

2016-06-01 15:42:35 params :
------------
Array:
rule : -2 ;
module :  ;
message : Array ;

2016-06-01 15:42:35 response :
------------

2016-06-01 15:42:39 trace :
------------
String:
<xml><ToUserName><![CDATA[gh_87c9b624047c]]></ToUserName>
<FromUserName><![CDATA[oKap7wYXWPXMZ4kes11qvvcuJmyg]]></FromUserName>
<CreateTime>1464766959</CreateTime>
<MsgType><![CDATA[text]]></MsgType>
<Content><![CDATA[蔬菜预定]]></Content>
<MsgId>6291126185669650274</MsgId>
</xml>

2016-06-01 15:42:39 params :
------------
Array:
rule : -2 ;
module :  ;
message : Array ;

2016-06-01 15:42:39 response :
------------

2016-06-01 15:59:24 trace :
------------
String:
<xml><ToUserName><![CDATA[gh_b75bad3e9d82]]></ToUserName>
<FromUserName><![CDATA[oH51jw2-z_DM0dktb3XuaURPPUyA]]></FromUserName>
<CreateTime>1464767964</CreateTime>
<MsgType><![CDATA[event]]></MsgType>
<Event><![CDATA[unsubscribe]]></Event>
<EventKey><![CDATA[]]></EventKey>
</xml>

2016-06-01 17:36:17 trace :
------------
String:
<xml><ToUserName><![CDATA[gh_87c9b624047c]]></ToUserName>
<FromUserName><![CDATA[oKap7wbSJa8KsSFj4pggzFKfcpvA]]></FromUserName>
<CreateTime>1464773776</CreateTime>
<MsgType><![CDATA[event]]></MsgType>
<Event><![CDATA[MASSSENDJOBFINISH]]></Event>
<MsgID>503278744</MsgID>
<Status><![CDATA[send success]]></Status>
<TotalCount>424</TotalCount>
<FilterCount>424</FilterCount>
<SentCount>424</SentCount>
<ErrorCount>0</ErrorCount>
</xml>

2016-06-01 17:36:17 params :
------------
Array:
rule : -2 ;
module :  ;
message : Array ;

2016-06-01 17:36:17 response :
------------

2016-06-01 17:37:00 trace :
------------
String:
<xml><ToUserName><![CDATA[gh_87c9b624047c]]></ToUserName>
<FromUserName><![CDATA[oKap7wQ1OrzTlLQse50M0ByPJITE]]></FromUserName>
<CreateTime>1464773820</CreateTime>
<MsgType><![CDATA[event]]></MsgType>
<Event><![CDATA[VIEW]]></Event>
<EventKey><![CDATA[http://appsnap.weixinprint.com/vins/netPrintCloud1?publicUserId=86116&type=1]]></EventKey>
<MenuId>503253745</MenuId>
</xml>

2016-06-01 17:37:00 params :
------------
Array:
rule : -2 ;
module :  ;
message : Array ;

2016-06-01 17:37:00 response :
------------

2016-06-01 17:37:13 trace :
------------
String:
<xml><ToUserName><![CDATA[gh_87c9b624047c]]></ToUserName>
<FromUserName><![CDATA[oKap7wQ1OrzTlLQse50M0ByPJITE]]></FromUserName>
<CreateTime>1464773833</CreateTime>
<MsgType><![CDATA[event]]></MsgType>
<Event><![CDATA[CLICK]]></Event>
<EventKey><![CDATA[每天摇一摇]]></EventKey>
</xml>

2016-06-01 17:37:13 params :
------------
Array:
message : Array ;
module : mon_qmshake ;
rule : 54 ;
priority : 0 ;
keyword : Array ;

2016-06-01 17:37:13 response :
------------
Array:
FromUserName : gh_87c9b624047c ;
ToUserName : oKap7wQ1OrzTlLQse50M0ByPJITE ;
MsgType : news ;
ArticleCount : 1 ;
Articles : Array ;

2016-06-01 17:37:22 trace :
------------
String:
<xml><ToUserName><![CDATA[gh_87c9b624047c]]></ToUserName>
<FromUserName><![CDATA[oKap7wYl3tz6eXxJ1z2hi6TzlmWs]]></FromUserName>
<CreateTime>1464773841</CreateTime>
<MsgType><![CDATA[event]]></MsgType>
<Event><![CDATA[unsubscribe]]></Event>
<EventKey><![CDATA[]]></EventKey>
</xml>

2016-06-01 17:37:35 trace :
------------
String:
<xml><ToUserName><![CDATA[gh_87c9b624047c]]></ToUserName>
<FromUserName><![CDATA[oKap7wQ1OrzTlLQse50M0ByPJITE]]></FromUserName>
<CreateTime>1464773854</CreateTime>
<MsgType><![CDATA[event]]></MsgType>
<Event><![CDATA[CLICK]]></Event>
<EventKey><![CDATA[刮刮卡]]></EventKey>
</xml>

2016-06-01 17:37:35 params :
------------
Array:
message : Array ;
module : stonefish_scratch ;
rule : 48 ;
priority : 0 ;
keyword : Array ;

2016-06-01 17:37:35 response :
------------
Array:
FromUserName : gh_87c9b624047c ;
ToUserName : oKap7wQ1OrzTlLQse50M0ByPJITE ;
MsgType : news ;
ArticleCount : 1 ;
Articles : Array ;

2016-06-01 17:37:47 trace :
------------
String:
<xml><ToUserName><![CDATA[gh_87c9b624047c]]></ToUserName>
<FromUserName><![CDATA[oKap7wU84ai1d154Ard0O64MuJGQ]]></FromUserName>
<CreateTime>1464773867</CreateTime>
<MsgType><![CDATA[event]]></MsgType>
<Event><![CDATA[CLICK]]></Event>
<EventKey><![CDATA[刮刮卡]]></EventKey>
</xml>

2016-06-01 17:37:47 params :
------------
Array:
message : Array ;
module : stonefish_scratch ;
rule : 48 ;
priority : 0 ;
keyword : Array ;

2016-06-01 17:37:47 response :
------------
Array:
FromUserName : gh_87c9b624047c ;
ToUserName : oKap7wU84ai1d154Ard0O64MuJGQ ;
MsgType : news ;
ArticleCount : 1 ;
Articles : Array ;

2016-06-01 17:38:19 trace :
------------
String:
<xml><ToUserName><![CDATA[gh_87c9b624047c]]></ToUserName>
<FromUserName><![CDATA[oKap7wU84ai1d154Ard0O64MuJGQ]]></FromUserName>
<CreateTime>1464773899</CreateTime>
<MsgType><![CDATA[event]]></MsgType>
<Event><![CDATA[VIEW]]></Event>
<EventKey><![CDATA[http://appsnap.weixinprint.com/vins/netPrintCloud1?publicUserId=86116&type=1]]></EventKey>
<MenuId>503253745</MenuId>
</xml>

2016-06-01 17:38:19 params :
------------
Array:
rule : -2 ;
module :  ;
message : Array ;

2016-06-01 17:38:19 response :
------------

2016-06-01 17:38:51 trace :
------------
String:
<xml><ToUserName><![CDATA[gh_87c9b624047c]]></ToUserName>
<FromUserName><![CDATA[oKap7wQ1OrzTlLQse50M0ByPJITE]]></FromUserName>
<CreateTime>1464773930</CreateTime>
<MsgType><![CDATA[event]]></MsgType>
<Event><![CDATA[CLICK]]></Event>
<EventKey><![CDATA[大转盘]]></EventKey>
</xml>

2016-06-01 17:38:51 params :
------------
Array:
message : Array ;
module : wdl_bigwheel ;
rule : 50 ;
priority : 0 ;
keyword : Array ;

2016-06-01 17:38:51 response :
------------
Array:
FromUserName : gh_87c9b624047c ;
ToUserName : oKap7wQ1OrzTlLQse50M0ByPJITE ;
MsgType : news ;
ArticleCount : 1 ;
Articles : Array ;

2016-06-01 17:39:12 trace :
------------
String:
<xml><ToUserName><![CDATA[gh_87c9b624047c]]></ToUserName>
<FromUserName><![CDATA[oKap7wbRkvLdAZH_gTLxZORE3PZo]]></FromUserName>
<CreateTime>1464773951</CreateTime>
<MsgType><![CDATA[text]]></MsgType>
<Content><![CDATA[房间价格]]></Content>
<MsgId>6291156216080985312</MsgId>
</xml>

2016-06-01 17:39:12 params :
------------
Array:
rule : -2 ;
module :  ;
message : Array ;

2016-06-01 17:39:12 response :
------------

2016-06-01 17:39:28 trace :
------------
String:
<xml><ToUserName><![CDATA[gh_87c9b624047c]]></ToUserName>
<FromUserName><![CDATA[oKap7wQ1OrzTlLQse50M0ByPJITE]]></FromUserName>
<CreateTime>1464773968</CreateTime>
<MsgType><![CDATA[event]]></MsgType>
<Event><![CDATA[CLICK]]></Event>
<EventKey><![CDATA[大转盘]]></EventKey>
</xml>

2016-06-01 17:39:28 params :
------------
Array:
message : Array ;
module : wdl_bigwheel ;
rule : 50 ;
priority : 0 ;
keyword : Array ;

2016-06-01 17:39:28 response :
------------
Array:
FromUserName : gh_87c9b624047c ;
ToUserName : oKap7wQ1OrzTlLQse50M0ByPJITE ;
MsgType : news ;
ArticleCount : 1 ;
Articles : Array ;

2016-06-01 17:39:31 trace :
------------
String:
<xml><ToUserName><![CDATA[gh_87c9b624047c]]></ToUserName>
<FromUserName><![CDATA[oKap7wQ1OrzTlLQse50M0ByPJITE]]></FromUserName>
<CreateTime>1464773970</CreateTime>
<MsgType><![CDATA[event]]></MsgType>
<Event><![CDATA[CLICK]]></Event>
<EventKey><![CDATA[每天摇一摇]]></EventKey>
</xml>

2016-06-01 17:39:31 params :
------------
Array:
message : Array ;
module : mon_qmshake ;
rule : 54 ;
priority : 0 ;
keyword : Array ;

2016-06-01 17:39:31 response :
------------
Array:
FromUserName : gh_87c9b624047c ;
ToUserName : oKap7wQ1OrzTlLQse50M0ByPJITE ;
MsgType : news ;
ArticleCount : 1 ;
Articles : Array ;

2016-06-01 17:40:12 trace :
------------
String:
<xml><ToUserName><![CDATA[gh_87c9b624047c]]></ToUserName>
<FromUserName><![CDATA[oKap7wZZlzkVpOvwbjsweAn260Ic]]></FromUserName>
<CreateTime>1464774012</CreateTime>
<MsgType><![CDATA[event]]></MsgType>
<Event><![CDATA[VIEW]]></Event>
<EventKey><![CDATA[http://show.artels.cn/v-U70510PXM38WA3X5?eqrcode=1]]></EventKey>
<MenuId>503253745</MenuId>
</xml>

2016-06-01 17:40:12 params :
------------
Array:
rule : -2 ;
module :  ;
message : Array ;

2016-06-01 17:40:12 response :
------------

2016-06-01 17:40:23 trace :
------------
String:
<xml><ToUserName><![CDATA[gh_87c9b624047c]]></ToUserName>
<FromUserName><![CDATA[oKap7wQ1OrzTlLQse50M0ByPJITE]]></FromUserName>
<CreateTime>1464774023</CreateTime>
<MsgType><![CDATA[event]]></MsgType>
<Event><![CDATA[CLICK]]></Event>
<EventKey><![CDATA[每天摇一摇]]></EventKey>
</xml>

2016-06-01 17:40:23 params :
------------
Array:
message : Array ;
module : mon_qmshake ;
rule : 54 ;
priority : 0 ;
keyword : Array ;

2016-06-01 17:40:23 response :
------------
Array:
FromUserName : gh_87c9b624047c ;
ToUserName : oKap7wQ1OrzTlLQse50M0ByPJITE ;
MsgType : news ;
ArticleCount : 1 ;
Articles : Array ;

2016-06-01 17:40:53 trace :
------------
String:
<xml><ToUserName><![CDATA[gh_87c9b624047c]]></ToUserName>
<FromUserName><![CDATA[oKap7wW_k3UUyp5qGqofNH70CCuA]]></FromUserName>
<CreateTime>1464774052</CreateTime>
<MsgType><![CDATA[event]]></MsgType>
<Event><![CDATA[VIEW]]></Event>
<EventKey><![CDATA[http://show.artels.cn/v-U70510PXM38WA3X5?eqrcode=1]]></EventKey>
<MenuId>503253745</MenuId>
</xml>

2016-06-01 17:40:53 params :
------------
Array:
rule : -2 ;
module :  ;
message : Array ;

2016-06-01 17:40:53 response :
------------

2016-06-01 17:41:37 trace :
------------
String:
<xml><ToUserName><![CDATA[gh_87c9b624047c]]></ToUserName>
<FromUserName><![CDATA[oKap7wRXWm50KAmkY3WOpg0H5mZ8]]></FromUserName>
<CreateTime>1464774097</CreateTime>
<MsgType><![CDATA[event]]></MsgType>
<Event><![CDATA[CLICK]]></Event>
<EventKey><![CDATA[大转盘]]></EventKey>
</xml>

2016-06-01 17:41:37 params :
------------
Array:
message : Array ;
module : wdl_bigwheel ;
rule : 50 ;
priority : 0 ;
keyword : Array ;

2016-06-01 17:41:37 response :
------------
Array:
FromUserName : gh_87c9b624047c ;
ToUserName : oKap7wRXWm50KAmkY3WOpg0H5mZ8 ;
MsgType : news ;
ArticleCount : 1 ;
Articles : Array ;

2016-06-01 17:43:24 trace :
------------
String:
<xml><ToUserName><![CDATA[gh_87c9b624047c]]></ToUserName>
<FromUserName><![CDATA[oKap7wTCogKnSOjejkjbnXxJBviA]]></FromUserName>
<CreateTime>1464774204</CreateTime>
<MsgType><![CDATA[event]]></MsgType>
<Event><![CDATA[CLICK]]></Event>
<EventKey><![CDATA[刮刮卡]]></EventKey>
</xml>

2016-06-01 17:43:24 params :
------------
Array:
message : Array ;
module : stonefish_scratch ;
rule : 48 ;
priority : 0 ;
keyword : Array ;

2016-06-01 17:43:24 response :
------------
Array:
FromUserName : gh_87c9b624047c ;
ToUserName : oKap7wTCogKnSOjejkjbnXxJBviA ;
MsgType : news ;
ArticleCount : 1 ;
Articles : Array ;

2016-06-01 17:44:40 trace :
------------
String:
<xml><ToUserName><![CDATA[gh_87c9b624047c]]></ToUserName>
<FromUserName><![CDATA[oKap7wTCogKnSOjejkjbnXxJBviA]]></FromUserName>
<CreateTime>1464774280</CreateTime>
<MsgType><![CDATA[event]]></MsgType>
<Event><![CDATA[CLICK]]></Event>
<EventKey><![CDATA[每天摇一摇]]></EventKey>
</xml>

2016-06-01 17:44:40 params :
------------
Array:
message : Array ;
module : mon_qmshake ;
rule : 54 ;
priority : 0 ;
keyword : Array ;

2016-06-01 17:44:40 response :
------------
Array:
FromUserName : gh_87c9b624047c ;
ToUserName : oKap7wTCogKnSOjejkjbnXxJBviA ;
MsgType : news ;
ArticleCount : 1 ;
Articles : Array ;

2016-06-01 17:44:56 trace :
------------
String:
<xml><ToUserName><![CDATA[gh_87c9b624047c]]></ToUserName>
<FromUserName><![CDATA[oKap7wYXWPXMZ4kes11qvvcuJmyg]]></FromUserName>
<CreateTime>1464774296</CreateTime>
<MsgType><![CDATA[event]]></MsgType>
<Event><![CDATA[CLICK]]></Event>
<EventKey><![CDATA[每天摇一摇]]></EventKey>
</xml>

2016-06-01 17:44:56 params :
------------
Array:
message : Array ;
module : mon_qmshake ;
rule : 54 ;
priority : 0 ;
keyword : Array ;

2016-06-01 17:44:56 response :
------------
Array:
FromUserName : gh_87c9b624047c ;
ToUserName : oKap7wYXWPXMZ4kes11qvvcuJmyg ;
MsgType : news ;
ArticleCount : 1 ;
Articles : Array ;

2016-06-01 17:45:37 trace :
------------
String:
<xml><ToUserName><![CDATA[gh_87c9b624047c]]></ToUserName>
<FromUserName><![CDATA[oKap7wTCogKnSOjejkjbnXxJBviA]]></FromUserName>
<CreateTime>1464774337</CreateTime>
<MsgType><![CDATA[event]]></MsgType>
<Event><![CDATA[CLICK]]></Event>
<EventKey><![CDATA[大转盘]]></EventKey>
</xml>

2016-06-01 17:45:37 params :
------------
Array:
message : Array ;
module : wdl_bigwheel ;
rule : 50 ;
priority : 0 ;
keyword : Array ;

2016-06-01 17:45:37 response :
------------
Array:
FromUserName : gh_87c9b624047c ;
ToUserName : oKap7wTCogKnSOjejkjbnXxJBviA ;
MsgType : news ;
ArticleCount : 1 ;
Articles : Array ;

2016-06-01 17:45:46 trace :
------------
String:
<xml><ToUserName><![CDATA[gh_87c9b624047c]]></ToUserName>
<FromUserName><![CDATA[oKap7wTCogKnSOjejkjbnXxJBviA]]></FromUserName>
<CreateTime>1464774346</CreateTime>
<MsgType><![CDATA[event]]></MsgType>
<Event><![CDATA[VIEW]]></Event>
<EventKey><![CDATA[http://appsnap.weixinprint.com/vins/netPrintCloud1?publicUserId=86116&type=1]]></EventKey>
<MenuId>503253745</MenuId>
</xml>

2016-06-01 17:45:46 params :
------------
Array:
rule : -2 ;
module :  ;
message : Array ;

2016-06-01 17:45:46 response :
------------

2016-06-01 17:45:55 trace :
------------
String:
<xml><ToUserName><![CDATA[gh_87c9b624047c]]></ToUserName>
<FromUserName><![CDATA[oKap7wTCogKnSOjejkjbnXxJBviA]]></FromUserName>
<CreateTime>1464774355</CreateTime>
<MsgType><![CDATA[event]]></MsgType>
<Event><![CDATA[VIEW]]></Event>
<EventKey><![CDATA[http://show.artels.cn/v-U70510PXM38WA3X5?eqrcode=1]]></EventKey>
<MenuId>503253745</MenuId>
</xml>

2016-06-01 17:45:55 params :
------------
Array:
rule : -2 ;
module :  ;
message : Array ;

2016-06-01 17:45:55 response :
------------

2016-06-01 17:46:11 trace :
------------
String:
<xml><ToUserName><![CDATA[gh_87c9b624047c]]></ToUserName>
<FromUserName><![CDATA[oKap7wYXWPXMZ4kes11qvvcuJmyg]]></FromUserName>
<CreateTime>1464774370</CreateTime>
<MsgType><![CDATA[event]]></MsgType>
<Event><![CDATA[SCAN]]></Event>
<EventKey><![CDATA[100001]]></EventKey>
<Ticket><![CDATA[gQGd8DoAAAAAAAAAASxodHRwOi8vd2VpeGluLnFxLmNvbS9xL3BqcGVENnJsTXZ4TDQ4RU0zeFR0AAIEIog8VwMEAI0nAA==]]></Ticket>
</xml>

2016-06-01 17:46:11 params :
------------
Array:
message : Array ;
module : mon_qmshake ;
rule : 54 ;
priority : 0 ;
keyword : Array ;

2016-06-01 17:46:11 response :
------------
Array:
FromUserName : gh_87c9b624047c ;
ToUserName : oKap7wYXWPXMZ4kes11qvvcuJmyg ;
MsgType : news ;
ArticleCount : 1 ;
Articles : Array ;

2016-06-01 17:47:07 trace :
------------
String:
<xml><ToUserName><![CDATA[gh_87c9b624047c]]></ToUserName>
<FromUserName><![CDATA[oKap7wQ1OrzTlLQse50M0ByPJITE]]></FromUserName>
<CreateTime>1464774427</CreateTime>
<MsgType><![CDATA[event]]></MsgType>
<Event><![CDATA[CLICK]]></Event>
<EventKey><![CDATA[每天摇一摇]]></EventKey>
</xml>

2016-06-01 17:47:07 params :
------------
Array:
message : Array ;
module : mon_qmshake ;
rule : 54 ;
priority : 0 ;
keyword : Array ;

2016-06-01 17:47:07 response :
------------
Array:
FromUserName : gh_87c9b624047c ;
ToUserName : oKap7wQ1OrzTlLQse50M0ByPJITE ;
MsgType : news ;
ArticleCount : 1 ;
Articles : Array ;

2016-06-01 17:48:14 trace :
------------
String:
<xml><ToUserName><![CDATA[gh_87c9b624047c]]></ToUserName>
<FromUserName><![CDATA[oKap7wU2XKBCQjQKeV467RVyvKcs]]></FromUserName>
<CreateTime>1464774494</CreateTime>
<MsgType><![CDATA[event]]></MsgType>
<Event><![CDATA[unsubscribe]]></Event>
<EventKey><![CDATA[]]></EventKey>
</xml>

2016-06-01 17:51:37 trace :
------------
String:
<xml><ToUserName><![CDATA[gh_87c9b624047c]]></ToUserName>
<FromUserName><![CDATA[oKap7wanm16fbh7onwZ0ztHKbkOs]]></FromUserName>
<CreateTime>1464774696</CreateTime>
<MsgType><![CDATA[event]]></MsgType>
<Event><![CDATA[VIEW]]></Event>
<EventKey><![CDATA[http://show.artels.cn/v-U70510PXM38WA3X5?eqrcode=1]]></EventKey>
<MenuId>503253745</MenuId>
</xml>

2016-06-01 17:51:37 params :
------------
Array:
rule : -2 ;
module :  ;
message : Array ;

2016-06-01 17:51:37 response :
------------

2016-06-01 17:53:50 trace :
------------
String:
<xml><ToUserName><![CDATA[gh_87c9b624047c]]></ToUserName>
<FromUserName><![CDATA[oKap7wansPOmTDu6cOMZHCOpx_08]]></FromUserName>
<CreateTime>1464774830</CreateTime>
<MsgType><![CDATA[event]]></MsgType>
<Event><![CDATA[CLICK]]></Event>
<EventKey><![CDATA[每天摇一摇]]></EventKey>
</xml>

2016-06-01 17:53:50 params :
------------
Array:
message : Array ;
module : mon_qmshake ;
rule : 54 ;
priority : 0 ;
keyword : Array ;

2016-06-01 17:53:50 response :
------------
Array:
FromUserName : gh_87c9b624047c ;
ToUserName : oKap7wansPOmTDu6cOMZHCOpx_08 ;
MsgType : news ;
ArticleCount : 1 ;
Articles : Array ;

2016-06-01 17:54:36 trace :
------------
String:
<xml><ToUserName><![CDATA[gh_87c9b624047c]]></ToUserName>
<FromUserName><![CDATA[oKap7wansPOmTDu6cOMZHCOpx_08]]></FromUserName>
<CreateTime>1464774876</CreateTime>
<MsgType><![CDATA[event]]></MsgType>
<Event><![CDATA[CLICK]]></Event>
<EventKey><![CDATA[刮刮卡]]></EventKey>
</xml>

2016-06-01 17:54:36 params :
------------
Array:
message : Array ;
module : stonefish_scratch ;
rule : 48 ;
priority : 0 ;
keyword : Array ;

2016-06-01 17:54:36 response :
------------
Array:
FromUserName : gh_87c9b624047c ;
ToUserName : oKap7wansPOmTDu6cOMZHCOpx_08 ;
MsgType : news ;
ArticleCount : 1 ;
Articles : Array ;

2016-06-01 17:55:28 trace :
------------
String:
<xml><ToUserName><![CDATA[gh_87c9b624047c]]></ToUserName>
<FromUserName><![CDATA[oKap7wansPOmTDu6cOMZHCOpx_08]]></FromUserName>
<CreateTime>1464774928</CreateTime>
<MsgType><![CDATA[event]]></MsgType>
<Event><![CDATA[CLICK]]></Event>
<EventKey><![CDATA[大转盘]]></EventKey>
</xml>

2016-06-01 17:55:28 params :
------------
Array:
message : Array ;
module : wdl_bigwheel ;
rule : 50 ;
priority : 0 ;
keyword : Array ;

2016-06-01 17:55:28 response :
------------
Array:
FromUserName : gh_87c9b624047c ;
ToUserName : oKap7wansPOmTDu6cOMZHCOpx_08 ;
MsgType : news ;
ArticleCount : 1 ;
Articles : Array ;

2016-06-01 17:56:07 trace :
------------
String:
<xml><ToUserName><![CDATA[gh_87c9b624047c]]></ToUserName>
<FromUserName><![CDATA[oKap7wansPOmTDu6cOMZHCOpx_08]]></FromUserName>
<CreateTime>1464774966</CreateTime>
<MsgType><![CDATA[event]]></MsgType>
<Event><![CDATA[VIEW]]></Event>
<EventKey><![CDATA[http://appsnap.weixinprint.com/vins/netPrintCloud1?publicUserId=86116&type=1]]></EventKey>
<MenuId>503253745</MenuId>
</xml>

2016-06-01 17:56:07 params :
------------
Array:
rule : -2 ;
module :  ;
message : Array ;

2016-06-01 17:56:07 response :
------------

2016-06-01 17:57:21 trace :
------------
String:
<xml><ToUserName><![CDATA[gh_87c9b624047c]]></ToUserName>
<FromUserName><![CDATA[oKap7weCfdyo_cragciyo4HbqfKU]]></FromUserName>
<CreateTime>1464775041</CreateTime>
<MsgType><![CDATA[event]]></MsgType>
<Event><![CDATA[subscribe]]></Event>
<EventKey><![CDATA[]]></EventKey>
</xml>

2016-06-01 17:57:21 params :
------------
Array:
message : Array ;
module : news ;
rule : 55 ;
priority : 0 ;
keyword : Array ;

2016-06-01 17:57:21 response :
------------
Array:
FromUserName : gh_87c9b624047c ;
ToUserName : oKap7weCfdyo_cragciyo4HbqfKU ;
MsgType : news ;
ArticleCount : 3 ;
Articles : Array ;

2016-06-01 17:58:35 trace :
------------
String:
<xml><ToUserName><![CDATA[gh_87c9b624047c]]></ToUserName>
<FromUserName><![CDATA[oKap7waQ5BbwDTGhw-JLB7OotLmI]]></FromUserName>
<CreateTime>1464775114</CreateTime>
<MsgType><![CDATA[event]]></MsgType>
<Event><![CDATA[VIEW]]></Event>
<EventKey><![CDATA[http://appsnap.weixinprint.com/vins/netPrintCloud1?publicUserId=86116&type=1]]></EventKey>
<MenuId>503253745</MenuId>
</xml>

2016-06-01 17:58:35 params :
------------
Array:
rule : -2 ;
module :  ;
message : Array ;

2016-06-01 17:58:35 response :
------------

2016-06-01 17:58:58 trace :
------------
String:
<xml><ToUserName><![CDATA[gh_87c9b624047c]]></ToUserName>
<FromUserName><![CDATA[oKap7waQ5BbwDTGhw-JLB7OotLmI]]></FromUserName>
<CreateTime>1464775137</CreateTime>
<MsgType><![CDATA[event]]></MsgType>
<Event><![CDATA[CLICK]]></Event>
<EventKey><![CDATA[刮刮卡]]></EventKey>
</xml>

2016-06-01 17:58:58 params :
------------
Array:
message : Array ;
module : stonefish_scratch ;
rule : 48 ;
priority : 0 ;
keyword : Array ;

2016-06-01 17:58:58 response :
------------
Array:
FromUserName : gh_87c9b624047c ;
ToUserName : oKap7waQ5BbwDTGhw-JLB7OotLmI ;
MsgType : news ;
ArticleCount : 1 ;
Articles : Array ;

2016-06-01 18:00:31 trace :
------------
String:
<xml><ToUserName><![CDATA[gh_87c9b624047c]]></ToUserName>
<FromUserName><![CDATA[oKap7wfymeLW4I7VnSnQeN5AtkXg]]></FromUserName>
<CreateTime>1464775230</CreateTime>
<MsgType><![CDATA[event]]></MsgType>
<Event><![CDATA[unsubscribe]]></Event>
<EventKey><![CDATA[]]></EventKey>
</xml>

2016-06-01 18:00:50 trace :
------------
String:
<xml><ToUserName><![CDATA[gh_87c9b624047c]]></ToUserName>
<FromUserName><![CDATA[oKap7wYcXS1Ig9gt-ZJRuUZvDIYo]]></FromUserName>
<CreateTime>1464775250</CreateTime>
<MsgType><![CDATA[event]]></MsgType>
<Event><![CDATA[VIEW]]></Event>
<EventKey><![CDATA[http://show.artels.cn/v-U70510PXM38WA3X5?eqrcode=1]]></EventKey>
<MenuId>503253745</MenuId>
</xml>

2016-06-01 18:00:50 params :
------------
Array:
rule : -2 ;
module :  ;
message : Array ;

2016-06-01 18:00:50 response :
------------

2016-06-01 18:00:52 trace :
------------
String:
<xml><ToUserName><![CDATA[gh_87c9b624047c]]></ToUserName>
<FromUserName><![CDATA[oKap7waQ5BbwDTGhw-JLB7OotLmI]]></FromUserName>
<CreateTime>1464775252</CreateTime>
<MsgType><![CDATA[event]]></MsgType>
<Event><![CDATA[VIEW]]></Event>
<EventKey><![CDATA[http://show.artels.cn/v-U70510PXM38WA3X5?eqrcode=1]]></EventKey>
<MenuId>503253745</MenuId>
</xml>

2016-06-01 18:00:52 params :
------------
Array:
rule : -2 ;
module :  ;
message : Array ;

2016-06-01 18:00:52 response :
------------

2016-06-01 18:01:43 trace :
------------
String:
<xml><ToUserName><![CDATA[gh_87c9b624047c]]></ToUserName>
<FromUserName><![CDATA[oKap7wYcXS1Ig9gt-ZJRuUZvDIYo]]></FromUserName>
<CreateTime>1464775303</CreateTime>
<MsgType><![CDATA[event]]></MsgType>
<Event><![CDATA[VIEW]]></Event>
<EventKey><![CDATA[http://appsnap.weixinprint.com/vins/netPrintCloud1?publicUserId=86116&type=1]]></EventKey>
<MenuId>503253745</MenuId>
</xml>

2016-06-01 18:01:43 params :
------------
Array:
rule : -2 ;
module :  ;
message : Array ;

2016-06-01 18:01:43 response :
------------

2016-06-01 18:01:50 trace :
------------
String:
<xml><ToUserName><![CDATA[gh_87c9b624047c]]></ToUserName>
<FromUserName><![CDATA[oKap7wYcXS1Ig9gt-ZJRuUZvDIYo]]></FromUserName>
<CreateTime>1464775310</CreateTime>
<MsgType><![CDATA[event]]></MsgType>
<Event><![CDATA[CLICK]]></Event>
<EventKey><![CDATA[每天摇一摇]]></EventKey>
</xml>

2016-06-01 18:01:50 params :
------------
Array:
message : Array ;
module : mon_qmshake ;
rule : 54 ;
priority : 0 ;
keyword : Array ;

2016-06-01 18:01:50 response :
------------
Array:
FromUserName : gh_87c9b624047c ;
ToUserName : oKap7wYcXS1Ig9gt-ZJRuUZvDIYo ;
MsgType : news ;
ArticleCount : 1 ;
Articles : Array ;

2016-06-01 18:02:10 trace :
------------
String:
<xml><ToUserName><![CDATA[gh_87c9b624047c]]></ToUserName>
<FromUserName><![CDATA[oKap7wfHqnDpq6NsvjFXrQ3siewo]]></FromUserName>
<CreateTime>1464775330</CreateTime>
<MsgType><![CDATA[event]]></MsgType>
<Event><![CDATA[CLICK]]></Event>
<EventKey><![CDATA[大转盘]]></EventKey>
</xml>

2016-06-01 18:02:10 params :
------------
Array:
message : Array ;
module : wdl_bigwheel ;
rule : 50 ;
priority : 0 ;
keyword : Array ;

2016-06-01 18:02:10 response :
------------
Array:
FromUserName : gh_87c9b624047c ;
ToUserName : oKap7wfHqnDpq6NsvjFXrQ3siewo ;
MsgType : news ;
ArticleCount : 1 ;
Articles : Array ;

2016-06-01 18:02:25 trace :
------------
String:
<xml><ToUserName><![CDATA[gh_87c9b624047c]]></ToUserName>
<FromUserName><![CDATA[oKap7wYcXS1Ig9gt-ZJRuUZvDIYo]]></FromUserName>
<CreateTime>1464775344</CreateTime>
<MsgType><![CDATA[event]]></MsgType>
<Event><![CDATA[CLICK]]></Event>
<EventKey><![CDATA[刮刮卡]]></EventKey>
</xml>

2016-06-01 18:02:25 params :
------------
Array:
message : Array ;
module : stonefish_scratch ;
rule : 48 ;
priority : 0 ;
keyword : Array ;

2016-06-01 18:02:25 response :
------------
Array:
FromUserName : gh_87c9b624047c ;
ToUserName : oKap7wYcXS1Ig9gt-ZJRuUZvDIYo ;
MsgType : news ;
ArticleCount : 1 ;
Articles : Array ;

2016-06-01 18:02:33 trace :
------------
String:
<xml><ToUserName><![CDATA[gh_87c9b624047c]]></ToUserName>
<FromUserName><![CDATA[oKap7waQ5BbwDTGhw-JLB7OotLmI]]></FromUserName>
<CreateTime>1464775353</CreateTime>
<MsgType><![CDATA[event]]></MsgType>
<Event><![CDATA[CLICK]]></Event>
<EventKey><![CDATA[大转盘]]></EventKey>
</xml>

2016-06-01 18:02:33 params :
------------
Array:
message : Array ;
module : wdl_bigwheel ;
rule : 50 ;
priority : 0 ;
keyword : Array ;

2016-06-01 18:02:33 response :
------------
Array:
FromUserName : gh_87c9b624047c ;
ToUserName : oKap7waQ5BbwDTGhw-JLB7OotLmI ;
MsgType : news ;
ArticleCount : 1 ;
Articles : Array ;

2016-06-01 18:03:22 trace :
------------
String:
<xml><ToUserName><![CDATA[gh_87c9b624047c]]></ToUserName>
<FromUserName><![CDATA[oKap7wVkGPdpsVLuRmIvhf-VhZ1A]]></FromUserName>
<CreateTime>1464775402</CreateTime>
<MsgType><![CDATA[event]]></MsgType>
<Event><![CDATA[VIEW]]></Event>
<EventKey><![CDATA[http://show.artels.cn/v-U70510PXM38WA3X5?eqrcode=1]]></EventKey>
<MenuId>503253745</MenuId>
</xml>

2016-06-01 18:03:22 params :
------------
Array:
rule : -2 ;
module :  ;
message : Array ;

2016-06-01 18:03:22 response :
------------

2016-06-01 18:04:05 trace :
------------
String:
<xml><ToUserName><![CDATA[gh_87c9b624047c]]></ToUserName>
<FromUserName><![CDATA[oKap7wYcXS1Ig9gt-ZJRuUZvDIYo]]></FromUserName>
<CreateTime>1464775445</CreateTime>
<MsgType><![CDATA[event]]></MsgType>
<Event><![CDATA[CLICK]]></Event>
<EventKey><![CDATA[大转盘]]></EventKey>
</xml>

2016-06-01 18:04:05 params :
------------
Array:
message : Array ;
module : wdl_bigwheel ;
rule : 50 ;
priority : 0 ;
keyword : Array ;

2016-06-01 18:04:05 response :
------------
Array:
FromUserName : gh_87c9b624047c ;
ToUserName : oKap7wYcXS1Ig9gt-ZJRuUZvDIYo ;
MsgType : news ;
ArticleCount : 1 ;
Articles : Array ;

2016-06-01 18:06:02 trace :
------------
String:
<xml><ToUserName><![CDATA[gh_87c9b624047c]]></ToUserName>
<FromUserName><![CDATA[oKap7wXg5tkqawycxSLFaKVm-D8c]]></FromUserName>
<CreateTime>1464775562</CreateTime>
<MsgType><![CDATA[event]]></MsgType>
<Event><![CDATA[CLICK]]></Event>
<EventKey><![CDATA[刮刮卡]]></EventKey>
</xml>

2016-06-01 18:06:02 params :
------------
Array:
message : Array ;
module : stonefish_scratch ;
rule : 48 ;
priority : 0 ;
keyword : Array ;

2016-06-01 18:06:02 response :
------------
Array:
FromUserName : gh_87c9b624047c ;
ToUserName : oKap7wXg5tkqawycxSLFaKVm-D8c ;
MsgType : news ;
ArticleCount : 1 ;
Articles : Array ;

2016-06-01 18:07:51 trace :
------------
String:
<xml><ToUserName><![CDATA[gh_87c9b624047c]]></ToUserName>
<FromUserName><![CDATA[oKap7wXg5tkqawycxSLFaKVm-D8c]]></FromUserName>
<CreateTime>1464775670</CreateTime>
<MsgType><![CDATA[event]]></MsgType>
<Event><![CDATA[CLICK]]></Event>
<EventKey><![CDATA[大转盘]]></EventKey>
</xml>

2016-06-01 18:07:51 params :
------------
Array:
message : Array ;
module : wdl_bigwheel ;
rule : 50 ;
priority : 0 ;
keyword : Array ;

2016-06-01 18:07:51 response :
------------
Array:
FromUserName : gh_87c9b624047c ;
ToUserName : oKap7wXg5tkqawycxSLFaKVm-D8c ;
MsgType : news ;
ArticleCount : 1 ;
Articles : Array ;

2016-06-01 18:28:10 trace :
------------
String:
<xml><ToUserName><![CDATA[gh_87c9b624047c]]></ToUserName>
<FromUserName><![CDATA[oKap7we0MNneYvUz9VUBnhkF6CJQ]]></FromUserName>
<CreateTime>1464776890</CreateTime>
<MsgType><![CDATA[event]]></MsgType>
<Event><![CDATA[CLICK]]></Event>
<EventKey><![CDATA[刮刮卡]]></EventKey>
</xml>

2016-06-01 18:28:10 params :
------------
Array:
message : Array ;
module : stonefish_scratch ;
rule : 48 ;
priority : 0 ;
keyword : Array ;

2016-06-01 18:28:10 response :
------------
Array:
FromUserName : gh_87c9b624047c ;
ToUserName : oKap7we0MNneYvUz9VUBnhkF6CJQ ;
MsgType : news ;
ArticleCount : 1 ;
Articles : Array ;

2016-06-01 18:48:48 trace :
------------
String:
<xml><ToUserName><![CDATA[gh_87c9b624047c]]></ToUserName>
<FromUserName><![CDATA[oKap7wYCjy4pCeBV_iuDPoJdsENM]]></FromUserName>
<CreateTime>1464778128</CreateTime>
<MsgType><![CDATA[event]]></MsgType>
<Event><![CDATA[CLICK]]></Event>
<EventKey><![CDATA[刮刮卡]]></EventKey>
</xml>

2016-06-01 18:48:48 params :
------------
Array:
message : Array ;
module : stonefish_scratch ;
rule : 48 ;
priority : 0 ;
keyword : Array ;

2016-06-01 18:48:48 response :
------------
Array:
FromUserName : gh_87c9b624047c ;
ToUserName : oKap7wYCjy4pCeBV_iuDPoJdsENM ;
MsgType : news ;
ArticleCount : 1 ;
Articles : Array ;

2016-06-01 18:50:02 trace :
------------
String:
<xml><ToUserName><![CDATA[gh_87c9b624047c]]></ToUserName>
<FromUserName><![CDATA[oKap7wYCjy4pCeBV_iuDPoJdsENM]]></FromUserName>
<CreateTime>1464778202</CreateTime>
<MsgType><![CDATA[event]]></MsgType>
<Event><![CDATA[CLICK]]></Event>
<EventKey><![CDATA[每天摇一摇]]></EventKey>
</xml>

2016-06-01 18:50:02 params :
------------
Array:
message : Array ;
module : mon_qmshake ;
rule : 54 ;
priority : 0 ;
keyword : Array ;

2016-06-01 18:50:02 response :
------------
Array:
FromUserName : gh_87c9b624047c ;
ToUserName : oKap7wYCjy4pCeBV_iuDPoJdsENM ;
MsgType : news ;
ArticleCount : 1 ;
Articles : Array ;

2016-06-01 18:52:42 trace :
------------
String:
<xml><ToUserName><![CDATA[gh_87c9b624047c]]></ToUserName>
<FromUserName><![CDATA[oKap7wcvlBDufrzVIJ7YbbDy8yss]]></FromUserName>
<CreateTime>1464778362</CreateTime>
<MsgType><![CDATA[event]]></MsgType>
<Event><![CDATA[CLICK]]></Event>
<EventKey><![CDATA[刮刮卡]]></EventKey>
</xml>

2016-06-01 18:52:42 params :
------------
Array:
message : Array ;
module : stonefish_scratch ;
rule : 48 ;
priority : 0 ;
keyword : Array ;

2016-06-01 18:52:42 response :
------------
Array:
FromUserName : gh_87c9b624047c ;
ToUserName : oKap7wcvlBDufrzVIJ7YbbDy8yss ;
MsgType : news ;
ArticleCount : 1 ;
Articles : Array ;

2016-06-01 18:55:39 trace :
------------
String:
<xml><ToUserName><![CDATA[gh_87c9b624047c]]></ToUserName>
<FromUserName><![CDATA[oKap7wbRkvLdAZH_gTLxZORE3PZo]]></FromUserName>
<CreateTime>1464778539</CreateTime>
<MsgType><![CDATA[event]]></MsgType>
<Event><![CDATA[VIEW]]></Event>
<EventKey><![CDATA[http://show.artels.cn/v-U70510PXM38WA3X5?eqrcode=1]]></EventKey>
<MenuId>503253745</MenuId>
</xml>

2016-06-01 18:55:39 params :
------------
Array:
rule : -2 ;
module :  ;
message : Array ;

2016-06-01 18:55:39 response :
------------

2016-06-01 18:56:11 trace :
------------
String:
<xml><ToUserName><![CDATA[gh_87c9b624047c]]></ToUserName>
<FromUserName><![CDATA[oKap7wbRkvLdAZH_gTLxZORE3PZo]]></FromUserName>
<CreateTime>1464778571</CreateTime>
<MsgType><![CDATA[event]]></MsgType>
<Event><![CDATA[CLICK]]></Event>
<EventKey><![CDATA[刮刮卡]]></EventKey>
</xml>

2016-06-01 18:56:11 params :
------------
Array:
message : Array ;
module : stonefish_scratch ;
rule : 48 ;
priority : 0 ;
keyword : Array ;

2016-06-01 18:56:11 response :
------------
Array:
FromUserName : gh_87c9b624047c ;
ToUserName : oKap7wbRkvLdAZH_gTLxZORE3PZo ;
MsgType : news ;
ArticleCount : 1 ;
Articles : Array ;

2016-06-01 18:57:15 trace :
------------
String:
<xml><ToUserName><![CDATA[gh_87c9b624047c]]></ToUserName>
<FromUserName><![CDATA[oKap7wbRkvLdAZH_gTLxZORE3PZo]]></FromUserName>
<CreateTime>1464778635</CreateTime>
<MsgType><![CDATA[event]]></MsgType>
<Event><![CDATA[VIEW]]></Event>
<EventKey><![CDATA[http://appsnap.weixinprint.com/vins/netPrintCloud1?publicUserId=86116&type=1]]></EventKey>
<MenuId>503253745</MenuId>
</xml>

2016-06-01 18:57:15 params :
------------
Array:
rule : -2 ;
module :  ;
message : Array ;

2016-06-01 18:57:15 response :
------------

2016-06-01 18:57:25 trace :
------------
String:
<xml><ToUserName><![CDATA[gh_87c9b624047c]]></ToUserName>
<FromUserName><![CDATA[oKap7wbRkvLdAZH_gTLxZORE3PZo]]></FromUserName>
<CreateTime>1464778645</CreateTime>
<MsgType><![CDATA[event]]></MsgType>
<Event><![CDATA[CLICK]]></Event>
<EventKey><![CDATA[每天摇一摇]]></EventKey>
</xml>

2016-06-01 18:57:25 params :
------------
Array:
message : Array ;
module : mon_qmshake ;
rule : 54 ;
priority : 0 ;
keyword : Array ;

2016-06-01 18:57:25 response :
------------
Array:
FromUserName : gh_87c9b624047c ;
ToUserName : oKap7wbRkvLdAZH_gTLxZORE3PZo ;
MsgType : news ;
ArticleCount : 1 ;
Articles : Array ;

2016-06-01 18:57:29 trace :
------------
String:
<xml><ToUserName><![CDATA[gh_87c9b624047c]]></ToUserName>
<FromUserName><![CDATA[oKap7wbRkvLdAZH_gTLxZORE3PZo]]></FromUserName>
<CreateTime>1464778649</CreateTime>
<MsgType><![CDATA[event]]></MsgType>
<Event><![CDATA[CLICK]]></Event>
<EventKey><![CDATA[大转盘]]></EventKey>
</xml>

2016-06-01 18:57:29 params :
------------
Array:
message : Array ;
module : wdl_bigwheel ;
rule : 50 ;
priority : 0 ;
keyword : Array ;

2016-06-01 18:57:29 response :
------------
Array:
FromUserName : gh_87c9b624047c ;
ToUserName : oKap7wbRkvLdAZH_gTLxZORE3PZo ;
MsgType : news ;
ArticleCount : 1 ;
Articles : Array ;

2016-06-01 18:58:26 trace :
------------
String:
<xml><ToUserName><![CDATA[gh_87c9b624047c]]></ToUserName>
<FromUserName><![CDATA[oKap7wbRkvLdAZH_gTLxZORE3PZo]]></FromUserName>
<CreateTime>1464778705</CreateTime>
<MsgType><![CDATA[text]]></MsgType>
<Content><![CDATA[房费价格]]></Content>
<MsgId>6291176634355511521</MsgId>
</xml>

2016-06-01 18:58:26 params :
------------
Array:
rule : -2 ;
module :  ;
message : Array ;

2016-06-01 18:58:26 response :
------------

2016-06-01 19:09:33 trace :
------------
String:
<xml><ToUserName><![CDATA[gh_87c9b624047c]]></ToUserName>
<FromUserName><![CDATA[oKap7wSaiw2S_srHJwnOHLScInNA]]></FromUserName>
<CreateTime>1464779372</CreateTime>
<MsgType><![CDATA[event]]></MsgType>
<Event><![CDATA[VIEW]]></Event>
<EventKey><![CDATA[http://show.artels.cn/v-U70510PXM38WA3X5?eqrcode=1]]></EventKey>
<MenuId>503253745</MenuId>
</xml>

2016-06-01 19:09:33 params :
------------
Array:
rule : -2 ;
module :  ;
message : Array ;

2016-06-01 19:09:33 response :
------------

2016-06-01 19:13:39 trace :
------------
String:
<xml><ToUserName><![CDATA[gh_87c9b624047c]]></ToUserName>
<FromUserName><![CDATA[oKap7wdVkQ3r11ixiy-PmIOHvleo]]></FromUserName>
<CreateTime>1464779619</CreateTime>
<MsgType><![CDATA[event]]></MsgType>
<Event><![CDATA[subscribe]]></Event>
<EventKey><![CDATA[]]></EventKey>
</xml>

2016-06-01 19:13:39 params :
------------
Array:
message : Array ;
module : news ;
rule : 55 ;
priority : 0 ;
keyword : Array ;

2016-06-01 19:13:39 response :
------------
Array:
FromUserName : gh_87c9b624047c ;
ToUserName : oKap7wdVkQ3r11ixiy-PmIOHvleo ;
MsgType : news ;
ArticleCount : 3 ;
Articles : Array ;

2016-06-01 19:14:14 trace :
------------
String:
<xml><ToUserName><![CDATA[gh_87c9b624047c]]></ToUserName>
<FromUserName><![CDATA[oKap7wdVkQ3r11ixiy-PmIOHvleo]]></FromUserName>
<CreateTime>1464779654</CreateTime>
<MsgType><![CDATA[event]]></MsgType>
<Event><![CDATA[CLICK]]></Event>
<EventKey><![CDATA[大转盘]]></EventKey>
</xml>

2016-06-01 19:14:14 params :
------------
Array:
message : Array ;
module : wdl_bigwheel ;
rule : 50 ;
priority : 0 ;
keyword : Array ;

2016-06-01 19:14:14 response :
------------
Array:
FromUserName : gh_87c9b624047c ;
ToUserName : oKap7wdVkQ3r11ixiy-PmIOHvleo ;
MsgType : news ;
ArticleCount : 1 ;
Articles : Array ;

2016-06-01 19:14:36 trace :
------------
String:
<xml><ToUserName><![CDATA[gh_87c9b624047c]]></ToUserName>
<FromUserName><![CDATA[oKap7wdVkQ3r11ixiy-PmIOHvleo]]></FromUserName>
<CreateTime>1464779676</CreateTime>
<MsgType><![CDATA[event]]></MsgType>
<Event><![CDATA[CLICK]]></Event>
<EventKey><![CDATA[每天摇一摇]]></EventKey>
</xml>

2016-06-01 19:14:36 params :
------------
Array:
message : Array ;
module : mon_qmshake ;
rule : 54 ;
priority : 0 ;
keyword : Array ;

2016-06-01 19:14:36 response :
------------
Array:
FromUserName : gh_87c9b624047c ;
ToUserName : oKap7wdVkQ3r11ixiy-PmIOHvleo ;
MsgType : news ;
ArticleCount : 1 ;
Articles : Array ;

2016-06-01 19:18:16 trace :
------------
String:
<xml><ToUserName><![CDATA[gh_87c9b624047c]]></ToUserName>
<FromUserName><![CDATA[oKap7wdVkQ3r11ixiy-PmIOHvleo]]></FromUserName>
<CreateTime>1464779896</CreateTime>
<MsgType><![CDATA[event]]></MsgType>
<Event><![CDATA[CLICK]]></Event>
<EventKey><![CDATA[每天摇一摇]]></EventKey>
</xml>

2016-06-01 19:18:16 params :
------------
Array:
message : Array ;
module : mon_qmshake ;
rule : 54 ;
priority : 0 ;
keyword : Array ;

2016-06-01 19:18:16 response :
------------
Array:
FromUserName : gh_87c9b624047c ;
ToUserName : oKap7wdVkQ3r11ixiy-PmIOHvleo ;
MsgType : news ;
ArticleCount : 1 ;
Articles : Array ;

2016-06-01 19:20:17 trace :
------------
String:
<xml><ToUserName><![CDATA[gh_87c9b624047c]]></ToUserName>
<FromUserName><![CDATA[oKap7wdVkQ3r11ixiy-PmIOHvleo]]></FromUserName>
<CreateTime>1464780017</CreateTime>
<MsgType><![CDATA[event]]></MsgType>
<Event><![CDATA[CLICK]]></Event>
<EventKey><![CDATA[刮刮卡]]></EventKey>
</xml>

2016-06-01 19:20:17 params :
------------
Array:
message : Array ;
module : stonefish_scratch ;
rule : 48 ;
priority : 0 ;
keyword : Array ;

2016-06-01 19:20:17 response :
------------
Array:
FromUserName : gh_87c9b624047c ;
ToUserName : oKap7wdVkQ3r11ixiy-PmIOHvleo ;
MsgType : news ;
ArticleCount : 1 ;
Articles : Array ;

2016-06-01 19:23:16 trace :
------------
String:
<xml><ToUserName><![CDATA[gh_87c9b624047c]]></ToUserName>
<FromUserName><![CDATA[oKap7wdVkQ3r11ixiy-PmIOHvleo]]></FromUserName>
<CreateTime>1464780195</CreateTime>
<MsgType><![CDATA[event]]></MsgType>
<Event><![CDATA[CLICK]]></Event>
<EventKey><![CDATA[大转盘]]></EventKey>
</xml>

2016-06-01 19:23:16 params :
------------
Array:
message : Array ;
module : wdl_bigwheel ;
rule : 50 ;
priority : 0 ;
keyword : Array ;

2016-06-01 19:23:16 response :
------------
Array:
FromUserName : gh_87c9b624047c ;
ToUserName : oKap7wdVkQ3r11ixiy-PmIOHvleo ;
MsgType : news ;
ArticleCount : 1 ;
Articles : Array ;

2016-06-01 19:33:07 trace :
------------
String:
<xml><ToUserName><![CDATA[gh_87c9b624047c]]></ToUserName>
<FromUserName><![CDATA[oKap7wSaiw2S_srHJwnOHLScInNA]]></FromUserName>
<CreateTime>1464780786</CreateTime>
<MsgType><![CDATA[event]]></MsgType>
<Event><![CDATA[CLICK]]></Event>
<EventKey><![CDATA[每天摇一摇]]></EventKey>
</xml>

2016-06-01 19:33:07 params :
------------
Array:
message : Array ;
module : mon_qmshake ;
rule : 54 ;
priority : 0 ;
keyword : Array ;

2016-06-01 19:33:07 response :
------------
Array:
FromUserName : gh_87c9b624047c ;
ToUserName : oKap7wSaiw2S_srHJwnOHLScInNA ;
MsgType : news ;
ArticleCount : 1 ;
Articles : Array ;

2016-06-01 19:33:34 trace :
------------
String:
<xml><ToUserName><![CDATA[gh_87c9b624047c]]></ToUserName>
<FromUserName><![CDATA[oKap7wSaiw2S_srHJwnOHLScInNA]]></FromUserName>
<CreateTime>1464780814</CreateTime>
<MsgType><![CDATA[event]]></MsgType>
<Event><![CDATA[CLICK]]></Event>
<EventKey><![CDATA[大转盘]]></EventKey>
</xml>

2016-06-01 19:33:34 params :
------------
Array:
message : Array ;
module : wdl_bigwheel ;
rule : 50 ;
priority : 0 ;
keyword : Array ;

2016-06-01 19:33:34 response :
------------
Array:
FromUserName : gh_87c9b624047c ;
ToUserName : oKap7wSaiw2S_srHJwnOHLScInNA ;
MsgType : news ;
ArticleCount : 1 ;
Articles : Array ;

2016-06-01 19:37:51 trace :
------------
String:
<xml><ToUserName><![CDATA[gh_87c9b624047c]]></ToUserName>
<FromUserName><![CDATA[oKap7wTDmGM6KZkpuNqgAGySY-AE]]></FromUserName>
<CreateTime>1464781071</CreateTime>
<MsgType><![CDATA[event]]></MsgType>
<Event><![CDATA[subscribe]]></Event>
<EventKey><![CDATA[]]></EventKey>
</xml>

2016-06-01 19:37:51 params :
------------
Array:
message : Array ;
module : news ;
rule : 55 ;
priority : 0 ;
keyword : Array ;

2016-06-01 19:37:51 response :
------------
Array:
FromUserName : gh_87c9b624047c ;
ToUserName : oKap7wTDmGM6KZkpuNqgAGySY-AE ;
MsgType : news ;
ArticleCount : 3 ;
Articles : Array ;

2016-06-01 19:38:48 trace :
------------
String:
<xml><ToUserName><![CDATA[gh_87c9b624047c]]></ToUserName>
<FromUserName><![CDATA[oKap7wR7udtRQwAvR9a1j8mYId74]]></FromUserName>
<CreateTime>1464781128</CreateTime>
<MsgType><![CDATA[event]]></MsgType>
<Event><![CDATA[unsubscribe]]></Event>
<EventKey><![CDATA[]]></EventKey>
</xml>

2016-06-01 20:18:43 trace :
------------
String:
<xml><ToUserName><![CDATA[gh_87c9b624047c]]></ToUserName>
<FromUserName><![CDATA[oKap7wf7taBN8ybjHE2AX3sRZ260]]></FromUserName>
<CreateTime>1464783523</CreateTime>
<MsgType><![CDATA[event]]></MsgType>
<Event><![CDATA[subscribe]]></Event>
<EventKey><![CDATA[]]></EventKey>
</xml>

2016-06-01 20:18:43 params :
------------
Array:
message : Array ;
module : news ;
rule : 55 ;
priority : 0 ;
keyword : Array ;

2016-06-01 20:18:43 response :
------------
Array:
FromUserName : gh_87c9b624047c ;
ToUserName : oKap7wf7taBN8ybjHE2AX3sRZ260 ;
MsgType : news ;
ArticleCount : 3 ;
Articles : Array ;

2016-06-01 20:19:38 trace :
------------
String:
<xml><ToUserName><![CDATA[gh_87c9b624047c]]></ToUserName>
<FromUserName><![CDATA[oKap7wf7taBN8ybjHE2AX3sRZ260]]></FromUserName>
<CreateTime>1464783578</CreateTime>
<MsgType><![CDATA[event]]></MsgType>
<Event><![CDATA[VIEW]]></Event>
<EventKey><![CDATA[http://show.artels.cn/v-U70510PXM38WA3X5?eqrcode=1]]></EventKey>
<MenuId>503253745</MenuId>
</xml>

2016-06-01 20:19:38 params :
------------
Array:
rule : -2 ;
module :  ;
message : Array ;

2016-06-01 20:19:38 response :
------------

2016-06-01 20:22:28 trace :
------------
String:
<xml><ToUserName><![CDATA[gh_87c9b624047c]]></ToUserName>
<FromUserName><![CDATA[oKap7wYmoouVlo0KR3Xa1czCY3vo]]></FromUserName>
<CreateTime>1464783748</CreateTime>
<MsgType><![CDATA[event]]></MsgType>
<Event><![CDATA[subscribe]]></Event>
<EventKey><![CDATA[]]></EventKey>
</xml>

2016-06-01 20:22:28 params :
------------
Array:
message : Array ;
module : news ;
rule : 55 ;
priority : 0 ;
keyword : Array ;

2016-06-01 20:22:28 response :
------------
Array:
FromUserName : gh_87c9b624047c ;
ToUserName : oKap7wYmoouVlo0KR3Xa1czCY3vo ;
MsgType : news ;
ArticleCount : 3 ;
Articles : Array ;

2016-06-01 20:23:25 trace :
------------
String:
<xml><ToUserName><![CDATA[gh_87c9b624047c]]></ToUserName>
<FromUserName><![CDATA[oKap7wYmoouVlo0KR3Xa1czCY3vo]]></FromUserName>
<CreateTime>1464783805</CreateTime>
<MsgType><![CDATA[event]]></MsgType>
<Event><![CDATA[CLICK]]></Event>
<EventKey><![CDATA[酒店地址]]></EventKey>
</xml>

2016-06-01 20:23:25 params :
------------
Array:
message : Array ;
module : cover ;
rule : 56 ;
priority : 0 ;
keyword : Array ;

2016-06-01 20:23:25 response :
------------
Array:
FromUserName : gh_87c9b624047c ;
ToUserName : oKap7wYmoouVlo0KR3Xa1czCY3vo ;
MsgType : news ;
ArticleCount : 1 ;
Articles : Array ;

2016-06-01 20:23:44 trace :
------------
String:
<xml><ToUserName><![CDATA[gh_87c9b624047c]]></ToUserName>
<FromUserName><![CDATA[oKap7wYmoouVlo0KR3Xa1czCY3vo]]></FromUserName>
<CreateTime>1464783824</CreateTime>
<MsgType><![CDATA[event]]></MsgType>
<Event><![CDATA[VIEW]]></Event>
<EventKey><![CDATA[http://show.artels.cn/v-U70510PXM38WA3X5?eqrcode=1]]></EventKey>
<MenuId>503253745</MenuId>
</xml>

2016-06-01 20:23:44 params :
------------
Array:
rule : -2 ;
module :  ;
message : Array ;

2016-06-01 20:23:44 response :
------------

2016-06-01 20:27:55 trace :
------------
String:
<xml><ToUserName><![CDATA[gh_87c9b624047c]]></ToUserName>
<FromUserName><![CDATA[oKap7wRXWm50KAmkY3WOpg0H5mZ8]]></FromUserName>
<CreateTime>1464784074</CreateTime>
<MsgType><![CDATA[event]]></MsgType>
<Event><![CDATA[CLICK]]></Event>
<EventKey><![CDATA[每天摇一摇]]></EventKey>
</xml>

2016-06-01 20:27:55 params :
------------
Array:
message : Array ;
module : mon_qmshake ;
rule : 54 ;
priority : 0 ;
keyword : Array ;

2016-06-01 20:27:55 response :
------------
Array:
FromUserName : gh_87c9b624047c ;
ToUserName : oKap7wRXWm50KAmkY3WOpg0H5mZ8 ;
MsgType : news ;
ArticleCount : 1 ;
Articles : Array ;

2016-06-01 20:36:33 trace :
------------
String:
<xml><ToUserName><![CDATA[gh_87c9b624047c]]></ToUserName>
<FromUserName><![CDATA[oKap7wU_X2nBZ2AAbybic14BxkNw]]></FromUserName>
<CreateTime>1464784593</CreateTime>
<MsgType><![CDATA[event]]></MsgType>
<Event><![CDATA[CLICK]]></Event>
<EventKey><![CDATA[每天摇一摇]]></EventKey>
</xml>

2016-06-01 20:36:33 params :
------------
Array:
message : Array ;
module : mon_qmshake ;
rule : 54 ;
priority : 0 ;
keyword : Array ;

2016-06-01 20:36:33 response :
------------
Array:
FromUserName : gh_87c9b624047c ;
ToUserName : oKap7wU_X2nBZ2AAbybic14BxkNw ;
MsgType : news ;
ArticleCount : 1 ;
Articles : Array ;

2016-06-01 20:37:14 trace :
------------
String:
<xml><ToUserName><![CDATA[gh_87c9b624047c]]></ToUserName>
<FromUserName><![CDATA[oKap7wU_X2nBZ2AAbybic14BxkNw]]></FromUserName>
<CreateTime>1464784633</CreateTime>
<MsgType><![CDATA[event]]></MsgType>
<Event><![CDATA[CLICK]]></Event>
<EventKey><![CDATA[刮刮卡]]></EventKey>
</xml>

2016-06-01 20:37:14 params :
------------
Array:
message : Array ;
module : stonefish_scratch ;
rule : 48 ;
priority : 0 ;
keyword : Array ;

2016-06-01 20:37:14 response :
------------
Array:
FromUserName : gh_87c9b624047c ;
ToUserName : oKap7wU_X2nBZ2AAbybic14BxkNw ;
MsgType : news ;
ArticleCount : 1 ;
Articles : Array ;

2016-06-01 20:40:38 trace :
------------
String:
<xml><ToUserName><![CDATA[gh_87c9b624047c]]></ToUserName>
<FromUserName><![CDATA[oKap7wZCqnEMk2rom0IVTj97NCho]]></FromUserName>
<CreateTime>1464784838</CreateTime>
<MsgType><![CDATA[event]]></MsgType>
<Event><![CDATA[CLICK]]></Event>
<EventKey><![CDATA[每天摇一摇]]></EventKey>
</xml>

2016-06-01 20:40:38 params :
------------
Array:
message : Array ;
module : mon_qmshake ;
rule : 54 ;
priority : 0 ;
keyword : Array ;

2016-06-01 20:40:38 response :
------------
Array:
FromUserName : gh_87c9b624047c ;
ToUserName : oKap7wZCqnEMk2rom0IVTj97NCho ;
MsgType : news ;
ArticleCount : 1 ;
Articles : Array ;

2016-06-01 20:44:40 trace :
------------
String:
<xml><ToUserName><![CDATA[gh_87c9b624047c]]></ToUserName>
<FromUserName><![CDATA[oKap7wZCqnEMk2rom0IVTj97NCho]]></FromUserName>
<CreateTime>1464785079</CreateTime>
<MsgType><![CDATA[event]]></MsgType>
<Event><![CDATA[CLICK]]></Event>
<EventKey><![CDATA[刮刮卡]]></EventKey>
</xml>

2016-06-01 20:44:40 params :
------------
Array:
message : Array ;
module : stonefish_scratch ;
rule : 48 ;
priority : 0 ;
keyword : Array ;

2016-06-01 20:44:40 response :
------------
Array:
FromUserName : gh_87c9b624047c ;
ToUserName : oKap7wZCqnEMk2rom0IVTj97NCho ;
MsgType : news ;
ArticleCount : 1 ;
Articles : Array ;

2016-06-01 20:45:55 trace :
------------
String:
<xml><ToUserName><![CDATA[gh_87c9b624047c]]></ToUserName>
<FromUserName><![CDATA[oKap7wZCqnEMk2rom0IVTj97NCho]]></FromUserName>
<CreateTime>1464785154</CreateTime>
<MsgType><![CDATA[event]]></MsgType>
<Event><![CDATA[CLICK]]></Event>
<EventKey><![CDATA[刮刮卡]]></EventKey>
</xml>

2016-06-01 20:45:55 params :
------------
Array:
message : Array ;
module : stonefish_scratch ;
rule : 48 ;
priority : 0 ;
keyword : Array ;

2016-06-01 20:45:55 response :
------------
Array:
FromUserName : gh_87c9b624047c ;
ToUserName : oKap7wZCqnEMk2rom0IVTj97NCho ;
MsgType : news ;
ArticleCount : 1 ;
Articles : Array ;

2016-06-01 20:45:57 trace :
------------
String:
<xml><ToUserName><![CDATA[gh_87c9b624047c]]></ToUserName>
<FromUserName><![CDATA[oKap7wdaBE0W16VLLV7wFB1LePhc]]></FromUserName>
<CreateTime>1464785157</CreateTime>
<MsgType><![CDATA[event]]></MsgType>
<Event><![CDATA[subscribe]]></Event>
<EventKey><![CDATA[]]></EventKey>
</xml>

2016-06-01 20:45:57 params :
------------
Array:
message : Array ;
module : news ;
rule : 55 ;
priority : 0 ;
keyword : Array ;

2016-06-01 20:45:57 response :
------------
Array:
FromUserName : gh_87c9b624047c ;
ToUserName : oKap7wdaBE0W16VLLV7wFB1LePhc ;
MsgType : news ;
ArticleCount : 3 ;
Articles : Array ;

2016-06-01 20:45:58 trace :
------------
String:
<xml><ToUserName><![CDATA[gh_87c9b624047c]]></ToUserName>
<FromUserName><![CDATA[oKap7wZCqnEMk2rom0IVTj97NCho]]></FromUserName>
<CreateTime>1464785158</CreateTime>
<MsgType><![CDATA[event]]></MsgType>
<Event><![CDATA[CLICK]]></Event>
<EventKey><![CDATA[大转盘]]></EventKey>
</xml>

2016-06-01 20:45:58 params :
------------
Array:
message : Array ;
module : wdl_bigwheel ;
rule : 50 ;
priority : 0 ;
keyword : Array ;

2016-06-01 20:45:58 response :
------------
Array:
FromUserName : gh_87c9b624047c ;
ToUserName : oKap7wZCqnEMk2rom0IVTj97NCho ;
MsgType : news ;
ArticleCount : 1 ;
Articles : Array ;

2016-06-01 20:46:16 trace :
------------
String:
<xml><ToUserName><![CDATA[gh_87c9b624047c]]></ToUserName>
<FromUserName><![CDATA[oKap7wdaBE0W16VLLV7wFB1LePhc]]></FromUserName>
<CreateTime>1464785176</CreateTime>
<MsgType><![CDATA[event]]></MsgType>
<Event><![CDATA[SCAN]]></Event>
<EventKey><![CDATA[100001]]></EventKey>
<Ticket><![CDATA[gQGd8DoAAAAAAAAAASxodHRwOi8vd2VpeGluLnFxLmNvbS9xL3BqcGVENnJsTXZ4TDQ4RU0zeFR0AAIEIog8VwMEAI0nAA==]]></Ticket>
</xml>

2016-06-01 20:46:16 params :
------------
Array:
message : Array ;
module : mon_qmshake ;
rule : 54 ;
priority : 0 ;
keyword : Array ;

2016-06-01 20:46:16 response :
------------
Array:
FromUserName : gh_87c9b624047c ;
ToUserName : oKap7wdaBE0W16VLLV7wFB1LePhc ;
MsgType : news ;
ArticleCount : 1 ;
Articles : Array ;

2016-06-01 20:46:49 trace :
------------
String:
<xml><ToUserName><![CDATA[gh_87c9b624047c]]></ToUserName>
<FromUserName><![CDATA[oKap7wdaBE0W16VLLV7wFB1LePhc]]></FromUserName>
<CreateTime>1464785209</CreateTime>
<MsgType><![CDATA[event]]></MsgType>
<Event><![CDATA[CLICK]]></Event>
<EventKey><![CDATA[刮刮卡]]></EventKey>
</xml>

2016-06-01 20:46:49 params :
------------
Array:
message : Array ;
module : stonefish_scratch ;
rule : 48 ;
priority : 0 ;
keyword : Array ;

2016-06-01 20:46:49 response :
------------
Array:
FromUserName : gh_87c9b624047c ;
ToUserName : oKap7wdaBE0W16VLLV7wFB1LePhc ;
MsgType : news ;
ArticleCount : 1 ;
Articles : Array ;

2016-06-01 20:47:26 trace :
------------
String:
<xml><ToUserName><![CDATA[gh_87c9b624047c]]></ToUserName>
<FromUserName><![CDATA[oKap7wUmdCYLteOQsz3I-fyEwNMY]]></FromUserName>
<CreateTime>1464785246</CreateTime>
<MsgType><![CDATA[event]]></MsgType>
<Event><![CDATA[CLICK]]></Event>
<EventKey><![CDATA[刮刮卡]]></EventKey>
</xml>

2016-06-01 20:47:26 params :
------------
Array:
message : Array ;
module : stonefish_scratch ;
rule : 48 ;
priority : 0 ;
keyword : Array ;

2016-06-01 20:47:26 response :
------------
Array:
FromUserName : gh_87c9b624047c ;
ToUserName : oKap7wUmdCYLteOQsz3I-fyEwNMY ;
MsgType : news ;
ArticleCount : 1 ;
Articles : Array ;

2016-06-01 20:47:56 trace :
------------
String:
<xml><ToUserName><![CDATA[gh_87c9b624047c]]></ToUserName>
<FromUserName><![CDATA[oKap7wUmdCYLteOQsz3I-fyEwNMY]]></FromUserName>
<CreateTime>1464785276</CreateTime>
<MsgType><![CDATA[event]]></MsgType>
<Event><![CDATA[CLICK]]></Event>
<EventKey><![CDATA[大转盘]]></EventKey>
</xml>

2016-06-01 20:47:56 params :
------------
Array:
message : Array ;
module : wdl_bigwheel ;
rule : 50 ;
priority : 0 ;
keyword : Array ;

2016-06-01 20:47:56 response :
------------
Array:
FromUserName : gh_87c9b624047c ;
ToUserName : oKap7wUmdCYLteOQsz3I-fyEwNMY ;
MsgType : news ;
ArticleCount : 1 ;
Articles : Array ;

2016-06-01 20:48:03 trace :
------------
String:
<xml><ToUserName><![CDATA[gh_87c9b624047c]]></ToUserName>
<FromUserName><![CDATA[oKap7wUmdCYLteOQsz3I-fyEwNMY]]></FromUserName>
<CreateTime>1464785283</CreateTime>
<MsgType><![CDATA[event]]></MsgType>
<Event><![CDATA[CLICK]]></Event>
<EventKey><![CDATA[每天摇一摇]]></EventKey>
</xml>

2016-06-01 20:48:03 params :
------------
Array:
message : Array ;
module : mon_qmshake ;
rule : 54 ;
priority : 0 ;
keyword : Array ;

2016-06-01 20:48:03 response :
------------
Array:
FromUserName : gh_87c9b624047c ;
ToUserName : oKap7wUmdCYLteOQsz3I-fyEwNMY ;
MsgType : news ;
ArticleCount : 1 ;
Articles : Array ;

2016-06-01 21:07:30 trace :
------------
String:
<xml><ToUserName><![CDATA[gh_87c9b624047c]]></ToUserName>
<FromUserName><![CDATA[oKap7wTRj2QZf2ujjC3_QfwdveyE]]></FromUserName>
<CreateTime>1464786450</CreateTime>
<MsgType><![CDATA[event]]></MsgType>
<Event><![CDATA[CLICK]]></Event>
<EventKey><![CDATA[刮刮卡]]></EventKey>
</xml>

2016-06-01 21:07:30 params :
------------
Array:
message : Array ;
module : stonefish_scratch ;
rule : 48 ;
priority : 0 ;
keyword : Array ;

2016-06-01 21:07:30 response :
------------
Array:
FromUserName : gh_87c9b624047c ;
ToUserName : oKap7wTRj2QZf2ujjC3_QfwdveyE ;
MsgType : news ;
ArticleCount : 1 ;
Articles : Array ;

2016-06-01 21:07:34 trace :
------------
String:
<xml><ToUserName><![CDATA[gh_87c9b624047c]]></ToUserName>
<FromUserName><![CDATA[oKap7wcskX7o3K23r1a7oi7rJEOg]]></FromUserName>
<CreateTime>1464786454</CreateTime>
<MsgType><![CDATA[event]]></MsgType>
<Event><![CDATA[CLICK]]></Event>
<EventKey><![CDATA[一键导航]]></EventKey>
</xml>

2016-06-01 21:07:34 params :
------------
Array:
message : Array ;
module : yhc_onenavi ;
rule : 58 ;
priority : 0 ;
keyword : Array ;

2016-06-01 21:07:34 response :
------------
Array:
FromUserName : gh_87c9b624047c ;
ToUserName : oKap7wcskX7o3K23r1a7oi7rJEOg ;
MsgType : news ;
ArticleCount : 1 ;
Articles : Array ;

2016-06-01 21:07:46 trace :
------------
String:
<xml><ToUserName><![CDATA[gh_87c9b624047c]]></ToUserName>
<FromUserName><![CDATA[oKap7wcskX7o3K23r1a7oi7rJEOg]]></FromUserName>
<CreateTime>1464786466</CreateTime>
<MsgType><![CDATA[event]]></MsgType>
<Event><![CDATA[VIEW]]></Event>
<EventKey><![CDATA[http://show.artels.cn/v-U70510PXM38WA3X5?eqrcode=1]]></EventKey>
<MenuId>503253745</MenuId>
</xml>

2016-06-01 21:07:46 params :
------------
Array:
rule : -2 ;
module :  ;
message : Array ;

2016-06-01 21:07:46 response :
------------

2016-06-01 21:13:40 trace :
------------
String:
<xml><ToUserName><![CDATA[gh_87c9b624047c]]></ToUserName>
<FromUserName><![CDATA[oKap7wTRj2QZf2ujjC3_QfwdveyE]]></FromUserName>
<CreateTime>1464786820</CreateTime>
<MsgType><![CDATA[event]]></MsgType>
<Event><![CDATA[CLICK]]></Event>
<EventKey><![CDATA[大转盘]]></EventKey>
</xml>

2016-06-01 21:13:41 params :
------------
Array:
message : Array ;
module : wdl_bigwheel ;
rule : 50 ;
priority : 0 ;
keyword : Array ;

2016-06-01 21:13:41 response :
------------
Array:
FromUserName : gh_87c9b624047c ;
ToUserName : oKap7wTRj2QZf2ujjC3_QfwdveyE ;
MsgType : news ;
ArticleCount : 1 ;
Articles : Array ;

2016-06-01 21:14:00 trace :
------------
String:
<xml><ToUserName><![CDATA[gh_87c9b624047c]]></ToUserName>
<FromUserName><![CDATA[oKap7wTRj2QZf2ujjC3_QfwdveyE]]></FromUserName>
<CreateTime>1464786840</CreateTime>
<MsgType><![CDATA[event]]></MsgType>
<Event><![CDATA[VIEW]]></Event>
<EventKey><![CDATA[http://show.artels.cn/v-U70510PXM38WA3X5?eqrcode=1]]></EventKey>
<MenuId>503253745</MenuId>
</xml>

2016-06-01 21:14:00 params :
------------
Array:
rule : -2 ;
module :  ;
message : Array ;

2016-06-01 21:14:00 response :
------------

2016-06-01 21:14:27 trace :
------------
String:
<xml><ToUserName><![CDATA[gh_87c9b624047c]]></ToUserName>
<FromUserName><![CDATA[oKap7wTRj2QZf2ujjC3_QfwdveyE]]></FromUserName>
<CreateTime>1464786867</CreateTime>
<MsgType><![CDATA[event]]></MsgType>
<Event><![CDATA[VIEW]]></Event>
<EventKey><![CDATA[http://appsnap.weixinprint.com/vins/netPrintCloud1?publicUserId=86116&type=1]]></EventKey>
<MenuId>503253745</MenuId>
</xml>

2016-06-01 21:14:27 params :
------------
Array:
rule : -2 ;
module :  ;
message : Array ;

2016-06-01 21:14:27 response :
------------

2016-06-01 21:20:39 trace :
------------
String:
<xml><ToUserName><![CDATA[gh_87c9b624047c]]></ToUserName>
<FromUserName><![CDATA[oKap7wYXoj2boRdoUIlszT1vitLo]]></FromUserName>
<CreateTime>1464787239</CreateTime>
<MsgType><![CDATA[event]]></MsgType>
<Event><![CDATA[VIEW]]></Event>
<EventKey><![CDATA[http://show.artels.cn/v-U70510PXM38WA3X5?eqrcode=1]]></EventKey>
<MenuId>503253745</MenuId>
</xml>

2016-06-01 21:20:39 params :
------------
Array:
rule : -2 ;
module :  ;
message : Array ;

2016-06-01 21:20:39 response :
------------

2016-06-01 21:21:54 trace :
------------
String:
<xml><ToUserName><![CDATA[gh_87c9b624047c]]></ToUserName>
<FromUserName><![CDATA[oKap7wYXoj2boRdoUIlszT1vitLo]]></FromUserName>
<CreateTime>1464787314</CreateTime>
<MsgType><![CDATA[event]]></MsgType>
<Event><![CDATA[CLICK]]></Event>
<EventKey><![CDATA[刮刮卡]]></EventKey>
</xml>

2016-06-01 21:21:54 params :
------------
Array:
message : Array ;
module : stonefish_scratch ;
rule : 48 ;
priority : 0 ;
keyword : Array ;

2016-06-01 21:21:54 response :
------------
Array:
FromUserName : gh_87c9b624047c ;
ToUserName : oKap7wYXoj2boRdoUIlszT1vitLo ;
MsgType : news ;
ArticleCount : 1 ;
Articles : Array ;

2016-06-01 21:22:10 trace :
------------
String:
<xml><ToUserName><![CDATA[gh_87c9b624047c]]></ToUserName>
<FromUserName><![CDATA[oKap7wYXoj2boRdoUIlszT1vitLo]]></FromUserName>
<CreateTime>1464787330</CreateTime>
<MsgType><![CDATA[event]]></MsgType>
<Event><![CDATA[VIEW]]></Event>
<EventKey><![CDATA[http://show.artels.cn/v-U70510PXM38WA3X5?eqrcode=1]]></EventKey>
<MenuId>503253745</MenuId>
</xml>

2016-06-01 21:22:10 params :
------------
Array:
rule : -2 ;
module :  ;
message : Array ;

2016-06-01 21:22:10 response :
------------

2016-06-01 21:26:01 trace :
------------
String:
<xml><ToUserName><![CDATA[gh_87c9b624047c]]></ToUserName>
<FromUserName><![CDATA[oKap7wcKc2ufLZy_w9cRt5FdxhDk]]></FromUserName>
<CreateTime>1464787560</CreateTime>
<MsgType><![CDATA[event]]></MsgType>
<Event><![CDATA[CLICK]]></Event>
<EventKey><![CDATA[每天摇一摇]]></EventKey>
</xml>

2016-06-01 21:26:01 params :
------------
Array:
message : Array ;
module : mon_qmshake ;
rule : 54 ;
priority : 0 ;
keyword : Array ;

2016-06-01 21:26:01 response :
------------
Array:
FromUserName : gh_87c9b624047c ;
ToUserName : oKap7wcKc2ufLZy_w9cRt5FdxhDk ;
MsgType : news ;
ArticleCount : 1 ;
Articles : Array ;

2016-06-01 21:27:10 trace :
------------
String:
<xml><ToUserName><![CDATA[gh_87c9b624047c]]></ToUserName>
<FromUserName><![CDATA[oKap7wcKc2ufLZy_w9cRt5FdxhDk]]></FromUserName>
<CreateTime>1464787630</CreateTime>
<MsgType><![CDATA[event]]></MsgType>
<Event><![CDATA[CLICK]]></Event>
<EventKey><![CDATA[刮刮卡]]></EventKey>
</xml>

2016-06-01 21:27:10 params :
------------
Array:
message : Array ;
module : stonefish_scratch ;
rule : 48 ;
priority : 0 ;
keyword : Array ;

2016-06-01 21:27:10 response :
------------
Array:
FromUserName : gh_87c9b624047c ;
ToUserName : oKap7wcKc2ufLZy_w9cRt5FdxhDk ;
MsgType : news ;
ArticleCount : 1 ;
Articles : Array ;

2016-06-01 21:46:58 trace :
------------
String:
<xml><ToUserName><![CDATA[gh_87c9b624047c]]></ToUserName>
<FromUserName><![CDATA[oKap7wbgI5wxWc-ErgUbB2cRdOlg]]></FromUserName>
<CreateTime>1464788818</CreateTime>
<MsgType><![CDATA[event]]></MsgType>
<Event><![CDATA[unsubscribe]]></Event>
<EventKey><![CDATA[]]></EventKey>
</xml>

2016-06-01 21:53:45 trace :
------------
String:
<xml><ToUserName><![CDATA[gh_87c9b624047c]]></ToUserName>
<FromUserName><![CDATA[oKap7wZdBY-ofuCsybZx-PIi1tlA]]></FromUserName>
<CreateTime>1464789225</CreateTime>
<MsgType><![CDATA[event]]></MsgType>
<Event><![CDATA[CLICK]]></Event>
<EventKey><![CDATA[刮刮卡]]></EventKey>
</xml>

2016-06-01 21:53:45 params :
------------
Array:
message : Array ;
module : stonefish_scratch ;
rule : 48 ;
priority : 0 ;
keyword : Array ;

2016-06-01 21:53:45 response :
------------
Array:
FromUserName : gh_87c9b624047c ;
ToUserName : oKap7wZdBY-ofuCsybZx-PIi1tlA ;
MsgType : news ;
ArticleCount : 1 ;
Articles : Array ;

2016-06-01 22:09:53 trace :
------------
String:
<xml><ToUserName><![CDATA[gh_87c9b624047c]]></ToUserName>
<FromUserName><![CDATA[oKap7wYmoouVlo0KR3Xa1czCY3vo]]></FromUserName>
<CreateTime>1464790193</CreateTime>
<MsgType><![CDATA[event]]></MsgType>
<Event><![CDATA[CLICK]]></Event>
<EventKey><![CDATA[大转盘]]></EventKey>
</xml>

2016-06-01 22:09:53 params :
------------
Array:
message : Array ;
module : wdl_bigwheel ;
rule : 50 ;
priority : 0 ;
keyword : Array ;

2016-06-01 22:09:53 response :
------------
Array:
FromUserName : gh_87c9b624047c ;
ToUserName : oKap7wYmoouVlo0KR3Xa1czCY3vo ;
MsgType : news ;
ArticleCount : 1 ;
Articles : Array ;

2016-06-01 22:10:16 trace :
------------
String:
<xml><ToUserName><![CDATA[gh_87c9b624047c]]></ToUserName>
<FromUserName><![CDATA[oKap7wYmoouVlo0KR3Xa1czCY3vo]]></FromUserName>
<CreateTime>1464790216</CreateTime>
<MsgType><![CDATA[text]]></MsgType>
<Content><![CDATA[哪里可以预订房间？]]></Content>
<MsgId>6291226073724057780</MsgId>
</xml>

2016-06-01 22:10:16 params :
------------
Array:
rule : -2 ;
module :  ;
message : Array ;

2016-06-01 22:10:16 response :
------------

2016-06-01 22:10:46 trace :
------------
String:
<xml><ToUserName><![CDATA[gh_87c9b624047c]]></ToUserName>
<FromUserName><![CDATA[oKap7wYmoouVlo0KR3Xa1czCY3vo]]></FromUserName>
<CreateTime>1464790246</CreateTime>
<MsgType><![CDATA[event]]></MsgType>
<Event><![CDATA[CLICK]]></Event>
<EventKey><![CDATA[一键导航]]></EventKey>
</xml>

2016-06-01 22:10:46 params :
------------
Array:
message : Array ;
module : yhc_onenavi ;
rule : 58 ;
priority : 0 ;
keyword : Array ;

2016-06-01 22:10:46 response :
------------
Array:
FromUserName : gh_87c9b624047c ;
ToUserName : oKap7wYmoouVlo0KR3Xa1czCY3vo ;
MsgType : news ;
ArticleCount : 1 ;
Articles : Array ;

2016-06-01 22:31:52 trace :
------------
String:
<xml><ToUserName><![CDATA[gh_87c9b624047c]]></ToUserName>
<FromUserName><![CDATA[oKap7wd4ZIw6u8AEFURIcKhdfQfI]]></FromUserName>
<CreateTime>1464791511</CreateTime>
<MsgType><![CDATA[event]]></MsgType>
<Event><![CDATA[unsubscribe]]></Event>
<EventKey><![CDATA[]]></EventKey>
</xml>

