2016-03-26 10:40:31 trace :
------------
String:
<xml><ToUserName><![CDATA[gh_b75bad3e9d82]]></ToUserName>
<FromUserName><![CDATA[oH51jwz8DjMTSD9FRwpx3seEKrl8]]></FromUserName>
<CreateTime>1458960031</CreateTime>
<MsgType><![CDATA[event]]></MsgType>
<Event><![CDATA[MASSSENDJOBFINISH]]></Event>
<MsgID>402372626</MsgID>
<Status><![CDATA[send success]]></Status>
<TotalCount>138</TotalCount>
<FilterCount>138</FilterCount>
<SentCount>138</SentCount>
<ErrorCount>0</ErrorCount>
</xml>

2016-03-26 10:40:31 params :
------------
Array:
rule : -2 ;
module :  ;
message : Array ;

2016-03-26 10:40:31 response :
------------

2016-03-26 15:00:59 trace :
------------
String:
<xml><ToUserName><![CDATA[gh_b75bad3e9d82]]></ToUserName>
<FromUserName><![CDATA[oH51jwzp8dpAufTG-vygQy6VJoxM]]></FromUserName>
<CreateTime>1458975658</CreateTime>
<MsgType><![CDATA[event]]></MsgType>
<Event><![CDATA[subscribe]]></Event>
<EventKey><![CDATA[]]></EventKey>
</xml>

2016-03-26 15:00:59 params :
------------
Array:
rule : -2 ;
module :  ;
message : Array ;

2016-03-26 15:00:59 response :
------------

2016-03-26 15:01:32 trace :
------------
String:
<xml><ToUserName><![CDATA[gh_b75bad3e9d82]]></ToUserName>
<FromUserName><![CDATA[oH51jw4wsPuhrIUXBzIZdnA1oRuE]]></FromUserName>
<CreateTime>1458975692</CreateTime>
<MsgType><![CDATA[event]]></MsgType>
<Event><![CDATA[subscribe]]></Event>
<EventKey><![CDATA[]]></EventKey>
</xml>

2016-03-26 15:01:32 params :
------------
Array:
rule : -2 ;
module :  ;
message : Array ;

2016-03-26 15:01:32 response :
------------

2016-03-26 15:01:36 trace :
------------
String:
<xml><ToUserName><![CDATA[gh_b75bad3e9d82]]></ToUserName>
<FromUserName><![CDATA[oH51jw4zl6IHlQ7CzZd24YrH24qY]]></FromUserName>
<CreateTime>1458975695</CreateTime>
<MsgType><![CDATA[event]]></MsgType>
<Event><![CDATA[subscribe]]></Event>
<EventKey><![CDATA[]]></EventKey>
</xml>

2016-03-26 15:01:36 params :
------------
Array:
rule : -2 ;
module :  ;
message : Array ;

2016-03-26 15:01:36 response :
------------

2016-03-26 15:01:44 trace :
------------
String:
<xml><ToUserName><![CDATA[gh_b75bad3e9d82]]></ToUserName>
<FromUserName><![CDATA[oH51jw4zl6IHlQ7CzZd24YrH24qY]]></FromUserName>
<CreateTime>1458975704</CreateTime>
<MsgType><![CDATA[event]]></MsgType>
<Event><![CDATA[VIEW]]></Event>
<EventKey><![CDATA[http://mp.weixin.qq.com/s?__biz=MzI3ODA4NTQwNw==&mid=400575959&idx=1&sn=cd9388040793615cae056826bddac700&scene=18#wechat_redirect]]></EventKey>
<MenuId>401838942</MenuId>
</xml>

2016-03-26 15:01:44 params :
------------
Array:
rule : -2 ;
module :  ;
message : Array ;

2016-03-26 15:01:44 response :
------------

2016-03-26 15:01:45 trace :
------------
String:
<xml><ToUserName><![CDATA[gh_b75bad3e9d82]]></ToUserName>
<FromUserName><![CDATA[oH51jw4wsPuhrIUXBzIZdnA1oRuE]]></FromUserName>
<CreateTime>1458975704</CreateTime>
<MsgType><![CDATA[event]]></MsgType>
<Event><![CDATA[VIEW]]></Event>
<EventKey><![CDATA[http://mp.weixin.qq.com/s?__biz=MzI3ODA4NTQwNw==&mid=400575959&idx=1&sn=cd9388040793615cae056826bddac700&scene=18#wechat_redirect]]></EventKey>
<MenuId>401838942</MenuId>
</xml>

2016-03-26 15:01:45 params :
------------
Array:
rule : -2 ;
module :  ;
message : Array ;

2016-03-26 15:01:45 response :
------------

2016-03-26 15:01:58 trace :
------------
String:
<xml><ToUserName><![CDATA[gh_b75bad3e9d82]]></ToUserName>
<FromUserName><![CDATA[oH51jw_g1pWM_mGiB2xeA7cupdS8]]></FromUserName>
<CreateTime>1458975718</CreateTime>
<MsgType><![CDATA[event]]></MsgType>
<Event><![CDATA[subscribe]]></Event>
<EventKey><![CDATA[]]></EventKey>
</xml>

2016-03-26 15:01:58 params :
------------
Array:
rule : -2 ;
module :  ;
message : Array ;

2016-03-26 15:01:58 response :
------------

2016-03-26 15:02:01 trace :
------------
String:
<xml><ToUserName><![CDATA[gh_b75bad3e9d82]]></ToUserName>
<FromUserName><![CDATA[oH51jwzp8dpAufTG-vygQy6VJoxM]]></FromUserName>
<CreateTime>1458975721</CreateTime>
<MsgType><![CDATA[event]]></MsgType>
<Event><![CDATA[VIEW]]></Event>
<EventKey><![CDATA[http://mp.weixin.qq.com/s?__biz=MzI3ODA4NTQwNw==&mid=401461109&idx=2&sn=f945c784441c753111a0560d8748c346&scene=18#wechat_redirect]]></EventKey>
<MenuId>401838942</MenuId>
</xml>

2016-03-26 15:02:01 params :
------------
Array:
rule : -2 ;
module :  ;
message : Array ;

2016-03-26 15:02:01 response :
------------

2016-03-26 15:02:07 trace :
------------
String:
<xml><ToUserName><![CDATA[gh_b75bad3e9d82]]></ToUserName>
<FromUserName><![CDATA[oH51jw_g1pWM_mGiB2xeA7cupdS8]]></FromUserName>
<CreateTime>1458975727</CreateTime>
<MsgType><![CDATA[event]]></MsgType>
<Event><![CDATA[VIEW]]></Event>
<EventKey><![CDATA[http://mp.weixin.qq.com/s?__biz=MzI3ODA4NTQwNw==&mid=400575959&idx=1&sn=cd9388040793615cae056826bddac700&scene=18#wechat_redirect]]></EventKey>
<MenuId>401838942</MenuId>
</xml>

2016-03-26 15:02:07 params :
------------
Array:
rule : -2 ;
module :  ;
message : Array ;

2016-03-26 15:02:07 response :
------------

2016-03-26 15:02:37 trace :
------------
String:
<xml><ToUserName><![CDATA[gh_b75bad3e9d82]]></ToUserName>
<FromUserName><![CDATA[oH51jw4wsPuhrIUXBzIZdnA1oRuE]]></FromUserName>
<CreateTime>1458975757</CreateTime>
<MsgType><![CDATA[event]]></MsgType>
<Event><![CDATA[VIEW]]></Event>
<EventKey><![CDATA[http://mp.weixin.qq.com/s?__biz=MzI3ODA4NTQwNw==&mid=400624196&idx=1&sn=03ee2c92bbbbd1b1786eda450ae022ff&scene=18#wechat_redirect]]></EventKey>
<MenuId>401838942</MenuId>
</xml>

2016-03-26 15:02:37 params :
------------
Array:
rule : -2 ;
module :  ;
message : Array ;

2016-03-26 15:02:37 response :
------------

2016-03-26 15:02:54 trace :
------------
String:
<xml><ToUserName><![CDATA[gh_b75bad3e9d82]]></ToUserName>
<FromUserName><![CDATA[oH51jwwPcDiJbifqW9pX1EJhgwno]]></FromUserName>
<CreateTime>1458975773</CreateTime>
<MsgType><![CDATA[event]]></MsgType>
<Event><![CDATA[subscribe]]></Event>
<EventKey><![CDATA[]]></EventKey>
</xml>

2016-03-26 15:02:54 params :
------------
Array:
rule : -2 ;
module :  ;
message : Array ;

2016-03-26 15:02:54 response :
------------

2016-03-26 15:03:28 trace :
------------
String:
<xml><ToUserName><![CDATA[gh_b75bad3e9d82]]></ToUserName>
<FromUserName><![CDATA[oH51jw0FlaENduRO6zaWqbJplcOU]]></FromUserName>
<CreateTime>1458975808</CreateTime>
<MsgType><![CDATA[event]]></MsgType>
<Event><![CDATA[subscribe]]></Event>
<EventKey><![CDATA[]]></EventKey>
</xml>

2016-03-26 15:03:28 params :
------------
Array:
rule : -2 ;
module :  ;
message : Array ;

2016-03-26 15:03:28 response :
------------

2016-03-26 15:07:11 trace :
------------
String:
<xml><ToUserName><![CDATA[gh_b75bad3e9d82]]></ToUserName>
<FromUserName><![CDATA[oH51jw88DaZe1vs8cJ3OY-JmIjV8]]></FromUserName>
<CreateTime>1458976030</CreateTime>
<MsgType><![CDATA[event]]></MsgType>
<Event><![CDATA[subscribe]]></Event>
<EventKey><![CDATA[]]></EventKey>
</xml>

2016-03-26 15:07:11 params :
------------
Array:
rule : -2 ;
module :  ;
message : Array ;

2016-03-26 15:07:11 response :
------------

2016-03-26 15:10:52 trace :
------------
String:
<xml><ToUserName><![CDATA[gh_b75bad3e9d82]]></ToUserName>
<FromUserName><![CDATA[oH51jw85F1X_PSTDuv7cuQR086u8]]></FromUserName>
<CreateTime>1458976252</CreateTime>
<MsgType><![CDATA[event]]></MsgType>
<Event><![CDATA[subscribe]]></Event>
<EventKey><![CDATA[]]></EventKey>
</xml>

2016-03-26 15:10:52 params :
------------
Array:
rule : -2 ;
module :  ;
message : Array ;

2016-03-26 15:10:52 response :
------------

2016-03-26 15:11:53 trace :
------------
String:
<xml><ToUserName><![CDATA[gh_b75bad3e9d82]]></ToUserName>
<FromUserName><![CDATA[oH51jw4-cXlyrrBrxUL6VMIWlIbw]]></FromUserName>
<CreateTime>1458976313</CreateTime>
<MsgType><![CDATA[event]]></MsgType>
<Event><![CDATA[subscribe]]></Event>
<EventKey><![CDATA[]]></EventKey>
</xml>

2016-03-26 15:11:53 params :
------------
Array:
rule : -2 ;
module :  ;
message : Array ;

2016-03-26 15:11:53 response :
------------

2016-03-26 15:12:31 trace :
------------
String:
<xml><ToUserName><![CDATA[gh_b75bad3e9d82]]></ToUserName>
<FromUserName><![CDATA[oH51jw7vxWsEcBzVAIbEw0ALt7ik]]></FromUserName>
<CreateTime>1458976350</CreateTime>
<MsgType><![CDATA[event]]></MsgType>
<Event><![CDATA[subscribe]]></Event>
<EventKey><![CDATA[]]></EventKey>
</xml>

2016-03-26 15:12:31 params :
------------
Array:
rule : -2 ;
module :  ;
message : Array ;

2016-03-26 15:12:31 response :
------------

2016-03-26 15:12:44 trace :
------------
String:
<xml><ToUserName><![CDATA[gh_b75bad3e9d82]]></ToUserName>
<FromUserName><![CDATA[oH51jw7vxWsEcBzVAIbEw0ALt7ik]]></FromUserName>
<CreateTime>1458976363</CreateTime>
<MsgType><![CDATA[event]]></MsgType>
<Event><![CDATA[VIEW]]></Event>
<EventKey><![CDATA[http://mp.weixin.qq.com/s?__biz=MzI3ODA4NTQwNw==&mid=400575959&idx=1&sn=cd9388040793615cae056826bddac700&scene=18#wechat_redirect]]></EventKey>
<MenuId>401838942</MenuId>
</xml>

2016-03-26 15:12:44 params :
------------
Array:
rule : -2 ;
module :  ;
message : Array ;

2016-03-26 15:12:44 response :
------------

2016-03-26 16:35:13 trace :
------------
String:
<xml><ToUserName><![CDATA[gh_b75bad3e9d82]]></ToUserName>
<FromUserName><![CDATA[oH51jw4zl6IHlQ7CzZd24YrH24qY]]></FromUserName>
<CreateTime>1458981313</CreateTime>
<MsgType><![CDATA[event]]></MsgType>
<Event><![CDATA[VIEW]]></Event>
<EventKey><![CDATA[http://mp.weixin.qq.com/s?__biz=MzI3ODA4NTQwNw==&mid=400575959&idx=1&sn=cd9388040793615cae056826bddac700&scene=18#wechat_redirect]]></EventKey>
<MenuId>401838942</MenuId>
</xml>

2016-03-26 16:35:13 params :
------------
Array:
rule : -2 ;
module :  ;
message : Array ;

2016-03-26 16:35:13 response :
------------

2016-03-26 17:56:22 trace :
------------
String:
<xml><ToUserName><![CDATA[gh_b75bad3e9d82]]></ToUserName>
<FromUserName><![CDATA[oH51jw0kF2xJyZJY3z6IneomFr8E]]></FromUserName>
<CreateTime>1458986182</CreateTime>
<MsgType><![CDATA[event]]></MsgType>
<Event><![CDATA[subscribe]]></Event>
<EventKey><![CDATA[]]></EventKey>
</xml>

2016-03-26 17:56:22 params :
------------
Array:
rule : -2 ;
module :  ;
message : Array ;

2016-03-26 17:56:22 response :
------------

2016-03-26 19:24:38 trace :
------------
String:
<xml><ToUserName><![CDATA[gh_b75bad3e9d82]]></ToUserName>
<FromUserName><![CDATA[oH51jw_g1pWM_mGiB2xeA7cupdS8]]></FromUserName>
<CreateTime>1458991478</CreateTime>
<MsgType><![CDATA[event]]></MsgType>
<Event><![CDATA[VIEW]]></Event>
<EventKey><![CDATA[http://mp.weixin.qq.com/s?__biz=MzI3ODA4NTQwNw==&mid=401613448&idx=1&sn=cdbdb063d366e8fb6f07ed693c4fad58&scene=18#wechat_redirect]]></EventKey>
<MenuId>401838942</MenuId>
</xml>

2016-03-26 19:24:38 params :
------------
Array:
rule : -2 ;
module :  ;
message : Array ;

2016-03-26 19:24:38 response :
------------

2016-03-26 19:25:14 trace :
------------
String:
<xml><ToUserName><![CDATA[gh_b75bad3e9d82]]></ToUserName>
<FromUserName><![CDATA[oH51jw_g1pWM_mGiB2xeA7cupdS8]]></FromUserName>
<CreateTime>1458991514</CreateTime>
<MsgType><![CDATA[event]]></MsgType>
<Event><![CDATA[VIEW]]></Event>
<EventKey><![CDATA[http://mp.weixin.qq.com/s?__biz=MzI3ODA4NTQwNw==&mid=401067717&idx=1&sn=e809ac6c2d0ee2883240d79549b6a405&scene=18#wechat_redirect]]></EventKey>
<MenuId>401838942</MenuId>
</xml>

2016-03-26 19:25:14 params :
------------
Array:
rule : -2 ;
module :  ;
message : Array ;

2016-03-26 19:25:14 response :
------------

2016-03-26 19:25:26 trace :
------------
String:
<xml><ToUserName><![CDATA[gh_b75bad3e9d82]]></ToUserName>
<FromUserName><![CDATA[oH51jw_g1pWM_mGiB2xeA7cupdS8]]></FromUserName>
<CreateTime>1458991526</CreateTime>
<MsgType><![CDATA[event]]></MsgType>
<Event><![CDATA[VIEW]]></Event>
<EventKey><![CDATA[http://mp.weixin.qq.com/s?__biz=MzI3ODA4NTQwNw==&mid=401461109&idx=2&sn=f945c784441c753111a0560d8748c346&scene=18#wechat_redirect]]></EventKey>
<MenuId>401838942</MenuId>
</xml>

2016-03-26 19:25:26 params :
------------
Array:
rule : -2 ;
module :  ;
message : Array ;

2016-03-26 19:25:26 response :
------------

