2016-06-28 17:09:57 trace :
------------
String:
<xml><ToUserName><![CDATA[gh_87c9b624047c]]></ToUserName>
<FromUserName><![CDATA[oKap7waKsAtydR-jr-0pWqeh9cyo]]></FromUserName>
<CreateTime>1467104997</CreateTime>
<MsgType><![CDATA[event]]></MsgType>
<Event><![CDATA[subscribe]]></Event>
<EventKey><![CDATA[]]></EventKey>
</xml>

2016-06-28 17:09:57 params :
------------
Array:
message : Array ;
module : news ;
rule : 55 ;
priority : 0 ;
keyword : Array ;

2016-06-28 17:09:57 response :
------------
Array:
FromUserName : gh_87c9b624047c ;
ToUserName : oKap7waKsAtydR-jr-0pWqeh9cyo ;
MsgType : news ;
ArticleCount : 3 ;
Articles : Array ;

2016-06-28 17:43:58 trace :
------------
String:
<xml><ToUserName><![CDATA[gh_87c9b624047c]]></ToUserName>
<FromUserName><![CDATA[oKap7wXcC1jxFPL43XpeQhHD38dA]]></FromUserName>
<CreateTime>1467107038</CreateTime>
<MsgType><![CDATA[event]]></MsgType>
<Event><![CDATA[subscribe]]></Event>
<EventKey><![CDATA[]]></EventKey>
</xml>

2016-06-28 17:43:58 params :
------------
Array:
message : Array ;
module : news ;
rule : 55 ;
priority : 0 ;
keyword : Array ;

2016-06-28 17:43:58 response :
------------
Array:
FromUserName : gh_87c9b624047c ;
ToUserName : oKap7wXcC1jxFPL43XpeQhHD38dA ;
MsgType : news ;
ArticleCount : 3 ;
Articles : Array ;

2016-06-28 17:44:40 trace :
------------
String:
<xml><ToUserName><![CDATA[gh_87c9b624047c]]></ToUserName>
<FromUserName><![CDATA[oKap7wXcC1jxFPL43XpeQhHD38dA]]></FromUserName>
<CreateTime>1467107080</CreateTime>
<MsgType><![CDATA[event]]></MsgType>
<Event><![CDATA[CLICK]]></Event>
<EventKey><![CDATA[每天摇一摇]]></EventKey>
</xml>

2016-06-28 17:44:40 params :
------------
Array:
message : Array ;
module : mon_qmshake ;
rule : 54 ;
priority : 0 ;
keyword : Array ;

2016-06-28 17:44:40 response :
------------
Array:
FromUserName : gh_87c9b624047c ;
ToUserName : oKap7wXcC1jxFPL43XpeQhHD38dA ;
MsgType : news ;
ArticleCount : 1 ;
Articles : Array ;

2016-06-28 17:44:43 trace :
------------
String:
<xml><ToUserName><![CDATA[gh_87c9b624047c]]></ToUserName>
<FromUserName><![CDATA[oKap7wYXWPXMZ4kes11qvvcuJmyg]]></FromUserName>
<CreateTime>1467107083</CreateTime>
<MsgType><![CDATA[event]]></MsgType>
<Event><![CDATA[unsubscribe]]></Event>
<EventKey><![CDATA[]]></EventKey>
</xml>

2016-06-28 17:44:46 trace :
------------
String:
<xml><ToUserName><![CDATA[gh_87c9b624047c]]></ToUserName>
<FromUserName><![CDATA[oKap7wYXWPXMZ4kes11qvvcuJmyg]]></FromUserName>
<CreateTime>1467107086</CreateTime>
<MsgType><![CDATA[event]]></MsgType>
<Event><![CDATA[subscribe]]></Event>
<EventKey><![CDATA[]]></EventKey>
</xml>

2016-06-28 17:44:46 params :
------------
Array:
rule : -2 ;
module :  ;
message : Array ;

2016-06-28 17:44:46 response :
------------

2016-06-28 17:45:36 trace :
------------
String:
<xml><ToUserName><![CDATA[gh_87c9b624047c]]></ToUserName>
<FromUserName><![CDATA[oKap7wXcC1jxFPL43XpeQhHD38dA]]></FromUserName>
<CreateTime>1467107136</CreateTime>
<MsgType><![CDATA[event]]></MsgType>
<Event><![CDATA[CLICK]]></Event>
<EventKey><![CDATA[大转盘]]></EventKey>
</xml>

2016-06-28 17:45:36 params :
------------
Array:
message : Array ;
module : wdl_bigwheel ;
rule : 50 ;
priority : 0 ;
keyword : Array ;

2016-06-28 17:45:36 response :
------------
Array:
FromUserName : gh_87c9b624047c ;
ToUserName : oKap7wXcC1jxFPL43XpeQhHD38dA ;
MsgType : news ;
ArticleCount : 1 ;
Articles : Array ;

2016-06-28 17:46:14 trace :
------------
String:
<xml><ToUserName><![CDATA[gh_87c9b624047c]]></ToUserName>
<FromUserName><![CDATA[oKap7wXcC1jxFPL43XpeQhHD38dA]]></FromUserName>
<CreateTime>1467107174</CreateTime>
<MsgType><![CDATA[event]]></MsgType>
<Event><![CDATA[CLICK]]></Event>
<EventKey><![CDATA[一键导航]]></EventKey>
</xml>

2016-06-28 17:46:14 params :
------------
Array:
message : Array ;
module : yhc_onenavi ;
rule : 58 ;
priority : 0 ;
keyword : Array ;

2016-06-28 17:46:14 response :
------------
Array:
FromUserName : gh_87c9b624047c ;
ToUserName : oKap7wXcC1jxFPL43XpeQhHD38dA ;
MsgType : news ;
ArticleCount : 1 ;
Articles : Array ;

2016-06-28 17:46:22 trace :
------------
String:
<xml><ToUserName><![CDATA[gh_87c9b624047c]]></ToUserName>
<FromUserName><![CDATA[oKap7wXcC1jxFPL43XpeQhHD38dA]]></FromUserName>
<CreateTime>1467107182</CreateTime>
<MsgType><![CDATA[event]]></MsgType>
<Event><![CDATA[VIEW]]></Event>
<EventKey><![CDATA[http://show.artels.cn/v-U70510PXM38WA3X5?eqrcode=1]]></EventKey>
<MenuId>503559281</MenuId>
</xml>

2016-06-28 17:46:22 params :
------------
Array:
rule : -2 ;
module :  ;
message : Array ;

2016-06-28 17:46:22 response :
------------

2016-06-28 17:46:54 trace :
------------
String:
<xml><ToUserName><![CDATA[gh_87c9b624047c]]></ToUserName>
<FromUserName><![CDATA[oKap7wXcC1jxFPL43XpeQhHD38dA]]></FromUserName>
<CreateTime>1467107214</CreateTime>
<MsgType><![CDATA[event]]></MsgType>
<Event><![CDATA[CLICK]]></Event>
<EventKey><![CDATA[酒店地址]]></EventKey>
</xml>

2016-06-28 17:46:54 params :
------------
Array:
message : Array ;
module : cover ;
rule : 56 ;
priority : 0 ;
keyword : Array ;

2016-06-28 17:46:54 response :
------------
Array:
FromUserName : gh_87c9b624047c ;
ToUserName : oKap7wXcC1jxFPL43XpeQhHD38dA ;
MsgType : news ;
ArticleCount : 1 ;
Articles : Array ;

2016-06-28 17:47:01 trace :
------------
String:
<xml><ToUserName><![CDATA[gh_87c9b624047c]]></ToUserName>
<FromUserName><![CDATA[oKap7wbQjPuCod6No0fu6-fUHLCM]]></FromUserName>
<CreateTime>1467107221</CreateTime>
<MsgType><![CDATA[event]]></MsgType>
<Event><![CDATA[subscribe]]></Event>
<EventKey><![CDATA[]]></EventKey>
</xml>

2016-06-28 17:47:01 params :
------------
Array:
rule : -2 ;
module :  ;
message : Array ;

2016-06-28 17:47:01 response :
------------

2016-06-28 17:47:11 trace :
------------
String:
<xml><ToUserName><![CDATA[gh_87c9b624047c]]></ToUserName>
<FromUserName><![CDATA[oKap7wbQjPuCod6No0fu6-fUHLCM]]></FromUserName>
<CreateTime>1467107231</CreateTime>
<MsgType><![CDATA[event]]></MsgType>
<Event><![CDATA[CLICK]]></Event>
<EventKey><![CDATA[每天摇一摇]]></EventKey>
</xml>

2016-06-28 17:47:11 params :
------------
Array:
message : Array ;
module : mon_qmshake ;
rule : 54 ;
priority : 0 ;
keyword : Array ;

2016-06-28 17:47:11 response :
------------
Array:
FromUserName : gh_87c9b624047c ;
ToUserName : oKap7wbQjPuCod6No0fu6-fUHLCM ;
MsgType : news ;
ArticleCount : 1 ;
Articles : Array ;

2016-06-28 17:47:18 trace :
------------
String:
<xml><ToUserName><![CDATA[gh_87c9b624047c]]></ToUserName>
<FromUserName><![CDATA[oKap7wXcC1jxFPL43XpeQhHD38dA]]></FromUserName>
<CreateTime>1467107238</CreateTime>
<MsgType><![CDATA[text]]></MsgType>
<Content><![CDATA[请问电话是多少]]></Content>
<MsgId>6301177607438447872</MsgId>
</xml>

2016-06-28 17:47:18 params :
------------
Array:
rule : -2 ;
module :  ;
message : Array ;

2016-06-28 17:47:18 response :
------------

2016-06-28 18:01:57 trace :
------------
String:
<xml><ToUserName><![CDATA[gh_87c9b624047c]]></ToUserName>
<FromUserName><![CDATA[oKap7wbQjPuCod6No0fu6-fUHLCM]]></FromUserName>
<CreateTime>1467108117</CreateTime>
<MsgType><![CDATA[event]]></MsgType>
<Event><![CDATA[CLICK]]></Event>
<EventKey><![CDATA[刮刮卡]]></EventKey>
</xml>

2016-06-28 18:01:57 params :
------------
Array:
message : Array ;
module : stonefish_scratch ;
rule : 48 ;
priority : 0 ;
keyword : Array ;

2016-06-28 18:01:57 response :
------------
Array:
FromUserName : gh_87c9b624047c ;
ToUserName : oKap7wbQjPuCod6No0fu6-fUHLCM ;
MsgType : news ;
ArticleCount : 1 ;
Articles : Array ;

2016-06-28 18:05:36 trace :
------------
String:
<xml><ToUserName><![CDATA[gh_87c9b624047c]]></ToUserName>
<FromUserName><![CDATA[oKap7wbQjPuCod6No0fu6-fUHLCM]]></FromUserName>
<CreateTime>1467108336</CreateTime>
<MsgType><![CDATA[event]]></MsgType>
<Event><![CDATA[VIEW]]></Event>
<EventKey><![CDATA[http://show.artels.cn/v-U70510PXM38WA3X5?eqrcode=1]]></EventKey>
<MenuId>503559417</MenuId>
</xml>

2016-06-28 18:05:36 params :
------------
Array:
rule : -2 ;
module :  ;
message : Array ;

2016-06-28 18:05:36 response :
------------

2016-06-28 19:59:43 trace :
------------
String:
<xml><ToUserName><![CDATA[gh_87c9b624047c]]></ToUserName>
<FromUserName><![CDATA[oKap7wctw3ddFsJtWJClMojX9SJk]]></FromUserName>
<CreateTime>1467115183</CreateTime>
<MsgType><![CDATA[event]]></MsgType>
<Event><![CDATA[subscribe]]></Event>
<EventKey><![CDATA[]]></EventKey>
</xml>

2016-06-28 19:59:43 params :
------------
Array:
rule : -2 ;
module :  ;
message : Array ;

2016-06-28 19:59:43 response :
------------

2016-06-28 19:59:48 trace :
------------
String:
<xml><ToUserName><![CDATA[gh_87c9b624047c]]></ToUserName>
<FromUserName><![CDATA[oKap7wctw3ddFsJtWJClMojX9SJk]]></FromUserName>
<CreateTime>1467115188</CreateTime>
<MsgType><![CDATA[event]]></MsgType>
<Event><![CDATA[VIEW]]></Event>
<EventKey><![CDATA[http://show.artels.cn/v-U70510PXM38WA3X5?eqrcode=1]]></EventKey>
<MenuId>503559417</MenuId>
</xml>

2016-06-28 19:59:48 params :
------------
Array:
rule : -2 ;
module :  ;
message : Array ;

2016-06-28 19:59:48 response :
------------

2016-06-28 20:01:33 trace :
------------
String:
<xml><ToUserName><![CDATA[gh_87c9b624047c]]></ToUserName>
<FromUserName><![CDATA[oKap7wctw3ddFsJtWJClMojX9SJk]]></FromUserName>
<CreateTime>1467115293</CreateTime>
<MsgType><![CDATA[event]]></MsgType>
<Event><![CDATA[VIEW]]></Event>
<EventKey><![CDATA[http://appsnap.weixinprint.com/vins/netPrintCloud1?publicUserId=86116&type=1]]></EventKey>
<MenuId>503559417</MenuId>
</xml>

2016-06-28 20:01:33 params :
------------
Array:
rule : -2 ;
module :  ;
message : Array ;

2016-06-28 20:01:33 response :
------------

2016-06-28 20:01:43 trace :
------------
String:
<xml><ToUserName><![CDATA[gh_87c9b624047c]]></ToUserName>
<FromUserName><![CDATA[oKap7wctw3ddFsJtWJClMojX9SJk]]></FromUserName>
<CreateTime>1467115303</CreateTime>
<MsgType><![CDATA[event]]></MsgType>
<Event><![CDATA[CLICK]]></Event>
<EventKey><![CDATA[每天摇一摇]]></EventKey>
</xml>

2016-06-28 20:01:43 params :
------------
Array:
message : Array ;
module : mon_qmshake ;
rule : 54 ;
priority : 0 ;
keyword : Array ;

2016-06-28 20:01:43 response :
------------
Array:
FromUserName : gh_87c9b624047c ;
ToUserName : oKap7wctw3ddFsJtWJClMojX9SJk ;
MsgType : news ;
ArticleCount : 1 ;
Articles : Array ;

2016-06-28 20:02:17 trace :
------------
String:
<xml><ToUserName><![CDATA[gh_87c9b624047c]]></ToUserName>
<FromUserName><![CDATA[oKap7wctw3ddFsJtWJClMojX9SJk]]></FromUserName>
<CreateTime>1467115337</CreateTime>
<MsgType><![CDATA[event]]></MsgType>
<Event><![CDATA[CLICK]]></Event>
<EventKey><![CDATA[刮刮卡]]></EventKey>
</xml>

2016-06-28 20:02:17 params :
------------
Array:
message : Array ;
module : stonefish_scratch ;
rule : 48 ;
priority : 0 ;
keyword : Array ;

2016-06-28 20:02:17 response :
------------
Array:
FromUserName : gh_87c9b624047c ;
ToUserName : oKap7wctw3ddFsJtWJClMojX9SJk ;
MsgType : news ;
ArticleCount : 1 ;
Articles : Array ;

2016-06-28 20:03:07 trace :
------------
String:
<xml><ToUserName><![CDATA[gh_87c9b624047c]]></ToUserName>
<FromUserName><![CDATA[oKap7wctw3ddFsJtWJClMojX9SJk]]></FromUserName>
<CreateTime>1467115387</CreateTime>
<MsgType><![CDATA[event]]></MsgType>
<Event><![CDATA[CLICK]]></Event>
<EventKey><![CDATA[酒店地址]]></EventKey>
</xml>

2016-06-28 20:03:07 params :
------------
Array:
message : Array ;
module : cover ;
rule : 56 ;
priority : 0 ;
keyword : Array ;

2016-06-28 20:03:07 response :
------------
Array:
FromUserName : gh_87c9b624047c ;
ToUserName : oKap7wctw3ddFsJtWJClMojX9SJk ;
MsgType : news ;
ArticleCount : 1 ;
Articles : Array ;

