2016-06-02 13:37:56 trace :
------------
String:
<xml><ToUserName><![CDATA[gh_87c9b624047c]]></ToUserName>
<FromUserName><![CDATA[oKap7wXHnUISOkbobQrT7TM3LXO8]]></FromUserName>
<CreateTime>1464845876</CreateTime>
<MsgType><![CDATA[event]]></MsgType>
<Event><![CDATA[CLICK]]></Event>
<EventKey><![CDATA[大转盘]]></EventKey>
</xml>

2016-06-02 13:37:56 params :
------------
Array:
message : Array ;
module : wdl_bigwheel ;
rule : 50 ;
priority : 0 ;
keyword : Array ;

2016-06-02 13:37:56 response :
------------
Array:
FromUserName : gh_87c9b624047c ;
ToUserName : oKap7wXHnUISOkbobQrT7TM3LXO8 ;
MsgType : news ;
ArticleCount : 1 ;
Articles : Array ;

2016-06-02 13:37:59 trace :
------------
String:
<xml><ToUserName><![CDATA[gh_87c9b624047c]]></ToUserName>
<FromUserName><![CDATA[oKap7wXHnUISOkbobQrT7TM3LXO8]]></FromUserName>
<CreateTime>1464845879</CreateTime>
<MsgType><![CDATA[event]]></MsgType>
<Event><![CDATA[CLICK]]></Event>
<EventKey><![CDATA[刮刮卡]]></EventKey>
</xml>

2016-06-02 13:37:59 params :
------------
Array:
message : Array ;
module : stonefish_scratch ;
rule : 48 ;
priority : 0 ;
keyword : Array ;

2016-06-02 13:37:59 response :
------------
Array:
FromUserName : gh_87c9b624047c ;
ToUserName : oKap7wXHnUISOkbobQrT7TM3LXO8 ;
MsgType : news ;
ArticleCount : 1 ;
Articles : Array ;

2016-06-02 13:38:53 trace :
------------
String:
<xml><ToUserName><![CDATA[gh_87c9b624047c]]></ToUserName>
<FromUserName><![CDATA[oKap7wXHnUISOkbobQrT7TM3LXO8]]></FromUserName>
<CreateTime>1464845933</CreateTime>
<MsgType><![CDATA[event]]></MsgType>
<Event><![CDATA[CLICK]]></Event>
<EventKey><![CDATA[刮刮卡]]></EventKey>
</xml>

2016-06-02 13:38:53 params :
------------
Array:
message : Array ;
module : stonefish_scratch ;
rule : 48 ;
priority : 0 ;
keyword : Array ;

2016-06-02 13:38:53 response :
------------
Array:
FromUserName : gh_87c9b624047c ;
ToUserName : oKap7wXHnUISOkbobQrT7TM3LXO8 ;
MsgType : news ;
ArticleCount : 1 ;
Articles : Array ;

2016-06-02 13:39:39 trace :
------------
String:
<xml><ToUserName><![CDATA[gh_87c9b624047c]]></ToUserName>
<FromUserName><![CDATA[oKap7wXHnUISOkbobQrT7TM3LXO8]]></FromUserName>
<CreateTime>1464845979</CreateTime>
<MsgType><![CDATA[event]]></MsgType>
<Event><![CDATA[CLICK]]></Event>
<EventKey><![CDATA[刮刮卡]]></EventKey>
</xml>

2016-06-02 13:39:39 params :
------------
Array:
message : Array ;
module : stonefish_scratch ;
rule : 48 ;
priority : 0 ;
keyword : Array ;

2016-06-02 13:39:39 response :
------------
Array:
FromUserName : gh_87c9b624047c ;
ToUserName : oKap7wXHnUISOkbobQrT7TM3LXO8 ;
MsgType : news ;
ArticleCount : 1 ;
Articles : Array ;

2016-06-02 13:40:34 trace :
------------
String:
<xml><ToUserName><![CDATA[gh_87c9b624047c]]></ToUserName>
<FromUserName><![CDATA[oKap7wXHnUISOkbobQrT7TM3LXO8]]></FromUserName>
<CreateTime>1464846034</CreateTime>
<MsgType><![CDATA[event]]></MsgType>
<Event><![CDATA[CLICK]]></Event>
<EventKey><![CDATA[酒店地址]]></EventKey>
</xml>

2016-06-02 13:40:34 params :
------------
Array:
message : Array ;
module : cover ;
rule : 56 ;
priority : 0 ;
keyword : Array ;

2016-06-02 13:40:34 response :
------------
Array:
FromUserName : gh_87c9b624047c ;
ToUserName : oKap7wXHnUISOkbobQrT7TM3LXO8 ;
MsgType : news ;
ArticleCount : 1 ;
Articles : Array ;

2016-06-02 13:44:35 trace :
------------
String:
<xml><ToUserName><![CDATA[gh_87c9b624047c]]></ToUserName>
<FromUserName><![CDATA[oKap7waxdPwJhxUMc2dwdLEQz57w]]></FromUserName>
<CreateTime>1464846275</CreateTime>
<MsgType><![CDATA[event]]></MsgType>
<Event><![CDATA[VIEW]]></Event>
<EventKey><![CDATA[http://show.artels.cn/v-U70510PXM38WA3X5?eqrcode=1]]></EventKey>
<MenuId>503253745</MenuId>
</xml>

2016-06-02 13:44:35 params :
------------
Array:
rule : -2 ;
module :  ;
message : Array ;

2016-06-02 13:44:35 response :
------------

2016-06-02 14:43:04 trace :
------------
String:
<xml><ToUserName><![CDATA[gh_87c9b624047c]]></ToUserName>
<FromUserName><![CDATA[oKap7wW-enJC50nO3Lq0SQjyRzh4]]></FromUserName>
<CreateTime>1464849784</CreateTime>
<MsgType><![CDATA[event]]></MsgType>
<Event><![CDATA[CLICK]]></Event>
<EventKey><![CDATA[每天摇一摇]]></EventKey>
</xml>

2016-06-02 14:43:04 params :
------------
Array:
message : Array ;
module : mon_qmshake ;
rule : 54 ;
priority : 0 ;
keyword : Array ;

2016-06-02 14:43:04 response :
------------
Array:
FromUserName : gh_87c9b624047c ;
ToUserName : oKap7wW-enJC50nO3Lq0SQjyRzh4 ;
MsgType : news ;
ArticleCount : 1 ;
Articles : Array ;

2016-06-02 14:44:46 trace :
------------
String:
<xml><ToUserName><![CDATA[gh_87c9b624047c]]></ToUserName>
<FromUserName><![CDATA[oKap7wW-enJC50nO3Lq0SQjyRzh4]]></FromUserName>
<CreateTime>1464849886</CreateTime>
<MsgType><![CDATA[event]]></MsgType>
<Event><![CDATA[CLICK]]></Event>
<EventKey><![CDATA[刮刮卡]]></EventKey>
</xml>

2016-06-02 14:44:46 params :
------------
Array:
message : Array ;
module : stonefish_scratch ;
rule : 48 ;
priority : 0 ;
keyword : Array ;

2016-06-02 14:44:46 response :
------------
Array:
FromUserName : gh_87c9b624047c ;
ToUserName : oKap7wW-enJC50nO3Lq0SQjyRzh4 ;
MsgType : news ;
ArticleCount : 1 ;
Articles : Array ;

2016-06-02 14:46:06 trace :
------------
String:
<xml><ToUserName><![CDATA[gh_87c9b624047c]]></ToUserName>
<FromUserName><![CDATA[oKap7wW-enJC50nO3Lq0SQjyRzh4]]></FromUserName>
<CreateTime>1464849966</CreateTime>
<MsgType><![CDATA[event]]></MsgType>
<Event><![CDATA[CLICK]]></Event>
<EventKey><![CDATA[大转盘]]></EventKey>
</xml>

2016-06-02 14:46:06 params :
------------
Array:
message : Array ;
module : wdl_bigwheel ;
rule : 50 ;
priority : 0 ;
keyword : Array ;

2016-06-02 14:46:06 response :
------------
Array:
FromUserName : gh_87c9b624047c ;
ToUserName : oKap7wW-enJC50nO3Lq0SQjyRzh4 ;
MsgType : news ;
ArticleCount : 1 ;
Articles : Array ;

2016-06-02 14:46:33 trace :
------------
String:
<xml><ToUserName><![CDATA[gh_87c9b624047c]]></ToUserName>
<FromUserName><![CDATA[oKap7wW-enJC50nO3Lq0SQjyRzh4]]></FromUserName>
<CreateTime>1464849992</CreateTime>
<MsgType><![CDATA[event]]></MsgType>
<Event><![CDATA[CLICK]]></Event>
<EventKey><![CDATA[大转盘]]></EventKey>
</xml>

2016-06-02 14:46:33 params :
------------
Array:
message : Array ;
module : wdl_bigwheel ;
rule : 50 ;
priority : 0 ;
keyword : Array ;

2016-06-02 14:46:33 response :
------------
Array:
FromUserName : gh_87c9b624047c ;
ToUserName : oKap7wW-enJC50nO3Lq0SQjyRzh4 ;
MsgType : news ;
ArticleCount : 1 ;
Articles : Array ;

2016-06-02 14:46:46 trace :
------------
String:
<xml><ToUserName><![CDATA[gh_87c9b624047c]]></ToUserName>
<FromUserName><![CDATA[oKap7wW-enJC50nO3Lq0SQjyRzh4]]></FromUserName>
<CreateTime>1464850006</CreateTime>
<MsgType><![CDATA[event]]></MsgType>
<Event><![CDATA[VIEW]]></Event>
<EventKey><![CDATA[http://appsnap.weixinprint.com/vins/netPrintCloud1?publicUserId=86116&type=1]]></EventKey>
<MenuId>503253745</MenuId>
</xml>

2016-06-02 14:46:46 params :
------------
Array:
rule : -2 ;
module :  ;
message : Array ;

2016-06-02 14:46:46 response :
------------

2016-06-02 15:57:36 trace :
------------
String:
<xml><ToUserName><![CDATA[gh_87c9b624047c]]></ToUserName>
<FromUserName><![CDATA[oKap7wXjrPWBLrRLDu5tdoLT9-3M]]></FromUserName>
<CreateTime>1464854256</CreateTime>
<MsgType><![CDATA[event]]></MsgType>
<Event><![CDATA[subscribe]]></Event>
<EventKey><![CDATA[]]></EventKey>
</xml>

2016-06-02 15:57:36 params :
------------
Array:
message : Array ;
module : news ;
rule : 55 ;
priority : 0 ;
keyword : Array ;

2016-06-02 15:57:36 response :
------------
Array:
FromUserName : gh_87c9b624047c ;
ToUserName : oKap7wXjrPWBLrRLDu5tdoLT9-3M ;
MsgType : news ;
ArticleCount : 3 ;
Articles : Array ;

2016-06-02 15:57:53 trace :
------------
String:
<xml><ToUserName><![CDATA[gh_87c9b624047c]]></ToUserName>
<FromUserName><![CDATA[oKap7wXjrPWBLrRLDu5tdoLT9-3M]]></FromUserName>
<CreateTime>1464854273</CreateTime>
<MsgType><![CDATA[event]]></MsgType>
<Event><![CDATA[SCAN]]></Event>
<EventKey><![CDATA[100002]]></EventKey>
<Ticket><![CDATA[gQGg8DoAAAAAAAAAASxodHRwOi8vd2VpeGluLnFxLmNvbS9xL3NUb3BOODdsUi13X3FOWTJxQlR0AAIEM4o8VwMEAI0nAA==]]></Ticket>
</xml>

2016-06-02 15:57:53 params :
------------
Array:
message : Array ;
module : wdl_bigwheel ;
rule : 50 ;
priority : 0 ;
keyword : Array ;

2016-06-02 15:57:53 response :
------------
Array:
FromUserName : gh_87c9b624047c ;
ToUserName : oKap7wXjrPWBLrRLDu5tdoLT9-3M ;
MsgType : news ;
ArticleCount : 1 ;
Articles : Array ;

2016-06-02 16:01:53 trace :
------------
String:
<xml><ToUserName><![CDATA[gh_87c9b624047c]]></ToUserName>
<FromUserName><![CDATA[oKap7wXjrPWBLrRLDu5tdoLT9-3M]]></FromUserName>
<CreateTime>1464854513</CreateTime>
<MsgType><![CDATA[event]]></MsgType>
<Event><![CDATA[SCAN]]></Event>
<EventKey><![CDATA[100001]]></EventKey>
<Ticket><![CDATA[gQGd8DoAAAAAAAAAASxodHRwOi8vd2VpeGluLnFxLmNvbS9xL3BqcGVENnJsTXZ4TDQ4RU0zeFR0AAIEIog8VwMEAI0nAA==]]></Ticket>
</xml>

2016-06-02 16:01:53 params :
------------
Array:
message : Array ;
module : mon_qmshake ;
rule : 54 ;
priority : 0 ;
keyword : Array ;

2016-06-02 16:01:53 response :
------------
Array:
FromUserName : gh_87c9b624047c ;
ToUserName : oKap7wXjrPWBLrRLDu5tdoLT9-3M ;
MsgType : news ;
ArticleCount : 1 ;
Articles : Array ;

2016-06-02 16:04:06 trace :
------------
String:
<xml><ToUserName><![CDATA[gh_87c9b624047c]]></ToUserName>
<FromUserName><![CDATA[oKap7wZK6YYrBlRgbOMTzeXyEJ5U]]></FromUserName>
<CreateTime>1464854646</CreateTime>
<MsgType><![CDATA[event]]></MsgType>
<Event><![CDATA[CLICK]]></Event>
<EventKey><![CDATA[刮刮卡]]></EventKey>
</xml>

2016-06-02 16:04:06 params :
------------
Array:
message : Array ;
module : stonefish_scratch ;
rule : 48 ;
priority : 0 ;
keyword : Array ;

2016-06-02 16:04:06 response :
------------
Array:
FromUserName : gh_87c9b624047c ;
ToUserName : oKap7wZK6YYrBlRgbOMTzeXyEJ5U ;
MsgType : news ;
ArticleCount : 1 ;
Articles : Array ;

2016-06-02 16:06:21 trace :
------------
String:
<xml><ToUserName><![CDATA[gh_87c9b624047c]]></ToUserName>
<FromUserName><![CDATA[oKap7wXjrPWBLrRLDu5tdoLT9-3M]]></FromUserName>
<CreateTime>1464854781</CreateTime>
<MsgType><![CDATA[event]]></MsgType>
<Event><![CDATA[VIEW]]></Event>
<EventKey><![CDATA[http://show.artels.cn/v-U70510PXM38WA3X5?eqrcode=1]]></EventKey>
<MenuId>503253745</MenuId>
</xml>

2016-06-02 16:06:21 params :
------------
Array:
rule : -2 ;
module :  ;
message : Array ;

2016-06-02 16:06:21 response :
------------

2016-06-02 16:07:28 trace :
------------
String:
<xml><ToUserName><![CDATA[gh_87c9b624047c]]></ToUserName>
<FromUserName><![CDATA[oKap7wXjrPWBLrRLDu5tdoLT9-3M]]></FromUserName>
<CreateTime>1464854848</CreateTime>
<MsgType><![CDATA[event]]></MsgType>
<Event><![CDATA[VIEW]]></Event>
<EventKey><![CDATA[http://appsnap.weixinprint.com/vins/netPrintCloud1?publicUserId=86116&type=1]]></EventKey>
<MenuId>503253745</MenuId>
</xml>

2016-06-02 16:07:28 params :
------------
Array:
rule : -2 ;
module :  ;
message : Array ;

2016-06-02 16:07:28 response :
------------

2016-06-02 16:07:45 trace :
------------
String:
<xml><ToUserName><![CDATA[gh_87c9b624047c]]></ToUserName>
<FromUserName><![CDATA[oKap7wXjrPWBLrRLDu5tdoLT9-3M]]></FromUserName>
<CreateTime>1464854865</CreateTime>
<MsgType><![CDATA[event]]></MsgType>
<Event><![CDATA[CLICK]]></Event>
<EventKey><![CDATA[每天摇一摇]]></EventKey>
</xml>

2016-06-02 16:07:45 params :
------------
Array:
message : Array ;
module : mon_qmshake ;
rule : 54 ;
priority : 0 ;
keyword : Array ;

2016-06-02 16:07:45 response :
------------
Array:
FromUserName : gh_87c9b624047c ;
ToUserName : oKap7wXjrPWBLrRLDu5tdoLT9-3M ;
MsgType : news ;
ArticleCount : 1 ;
Articles : Array ;

2016-06-02 16:10:00 trace :
------------
String:
<xml><ToUserName><![CDATA[gh_b75bad3e9d82]]></ToUserName>
<FromUserName><![CDATA[oH51jw-SCWmbgJFCliUV_fXGVLos]]></FromUserName>
<CreateTime>1464855000</CreateTime>
<MsgType><![CDATA[event]]></MsgType>
<Event><![CDATA[VIEW]]></Event>
<EventKey><![CDATA[http://mp.weixin.qq.com/s?__biz=MzI3ODA4NTQwNw==&mid=400575959&idx=1&sn=cd9388040793615cae056826bddac700&scene=18#wechat_redirect]]></EventKey>
<MenuId>401838942</MenuId>
</xml>

2016-06-02 16:10:00 params :
------------
Array:
rule : -2 ;
module :  ;
message : Array ;

2016-06-02 16:10:00 response :
------------

2016-06-02 16:12:53 trace :
------------
String:
<xml><ToUserName><![CDATA[gh_b75bad3e9d82]]></ToUserName>
<FromUserName><![CDATA[oH51jw-SCWmbgJFCliUV_fXGVLos]]></FromUserName>
<CreateTime>1464855173</CreateTime>
<MsgType><![CDATA[event]]></MsgType>
<Event><![CDATA[VIEW]]></Event>
<EventKey><![CDATA[http://mp.weixin.qq.com/s?__biz=MzI3ODA4NTQwNw==&mid=400624196&idx=1&sn=03ee2c92bbbbd1b1786eda450ae022ff&scene=18#wechat_redirect]]></EventKey>
<MenuId>401838942</MenuId>
</xml>

2016-06-02 16:12:53 params :
------------
Array:
rule : -2 ;
module :  ;
message : Array ;

2016-06-02 16:12:53 response :
------------

2016-06-02 16:18:16 trace :
------------
String:
<xml><ToUserName><![CDATA[gh_b75bad3e9d82]]></ToUserName>
<FromUserName><![CDATA[oH51jw-SCWmbgJFCliUV_fXGVLos]]></FromUserName>
<CreateTime>1464855496</CreateTime>
<MsgType><![CDATA[event]]></MsgType>
<Event><![CDATA[VIEW]]></Event>
<EventKey><![CDATA[http://mp.weixin.qq.com/s?__biz=MzI3ODA4NTQwNw==&mid=400587201&idx=1&sn=26c0cc4aa8356102fd2d63e6c5770d48&scene=18#wechat_redirect]]></EventKey>
<MenuId>401838942</MenuId>
</xml>

2016-06-02 16:18:16 params :
------------
Array:
rule : -2 ;
module :  ;
message : Array ;

2016-06-02 16:18:16 response :
------------

2016-06-02 16:19:49 trace :
------------
String:
<xml><ToUserName><![CDATA[gh_b75bad3e9d82]]></ToUserName>
<FromUserName><![CDATA[oH51jw-SCWmbgJFCliUV_fXGVLos]]></FromUserName>
<CreateTime>1464855589</CreateTime>
<MsgType><![CDATA[event]]></MsgType>
<Event><![CDATA[VIEW]]></Event>
<EventKey><![CDATA[http://mp.weixin.qq.com/s?__biz=MzI3ODA4NTQwNw==&mid=401067717&idx=1&sn=e809ac6c2d0ee2883240d79549b6a405&scene=18#wechat_redirect]]></EventKey>
<MenuId>401838942</MenuId>
</xml>

2016-06-02 16:19:49 params :
------------
Array:
rule : -2 ;
module :  ;
message : Array ;

2016-06-02 16:19:49 response :
------------

2016-06-02 16:47:00 trace :
------------
String:
<xml><ToUserName><![CDATA[gh_87c9b624047c]]></ToUserName>
<FromUserName><![CDATA[oKap7wXjrPWBLrRLDu5tdoLT9-3M]]></FromUserName>
<CreateTime>1464857220</CreateTime>
<MsgType><![CDATA[event]]></MsgType>
<Event><![CDATA[unsubscribe]]></Event>
<EventKey><![CDATA[]]></EventKey>
</xml>

2016-06-02 17:06:06 trace :
------------
String:
<xml><ToUserName><![CDATA[gh_87c9b624047c]]></ToUserName>
<FromUserName><![CDATA[oKap7wYCjy4pCeBV_iuDPoJdsENM]]></FromUserName>
<CreateTime>1464858366</CreateTime>
<MsgType><![CDATA[event]]></MsgType>
<Event><![CDATA[CLICK]]></Event>
<EventKey><![CDATA[刮刮卡]]></EventKey>
</xml>

2016-06-02 17:06:06 params :
------------
Array:
message : Array ;
module : stonefish_scratch ;
rule : 48 ;
priority : 0 ;
keyword : Array ;

2016-06-02 17:06:06 response :
------------
Array:
FromUserName : gh_87c9b624047c ;
ToUserName : oKap7wYCjy4pCeBV_iuDPoJdsENM ;
MsgType : news ;
ArticleCount : 1 ;
Articles : Array ;

2016-06-02 17:06:17 trace :
------------
String:
<xml><ToUserName><![CDATA[gh_87c9b624047c]]></ToUserName>
<FromUserName><![CDATA[oKap7wYCjy4pCeBV_iuDPoJdsENM]]></FromUserName>
<CreateTime>1464858377</CreateTime>
<MsgType><![CDATA[event]]></MsgType>
<Event><![CDATA[CLICK]]></Event>
<EventKey><![CDATA[每天摇一摇]]></EventKey>
</xml>

2016-06-02 17:06:17 params :
------------
Array:
message : Array ;
module : mon_qmshake ;
rule : 54 ;
priority : 0 ;
keyword : Array ;

2016-06-02 17:06:17 response :
------------
Array:
FromUserName : gh_87c9b624047c ;
ToUserName : oKap7wYCjy4pCeBV_iuDPoJdsENM ;
MsgType : news ;
ArticleCount : 1 ;
Articles : Array ;

2016-06-02 17:07:06 trace :
------------
String:
<xml><ToUserName><![CDATA[gh_87c9b624047c]]></ToUserName>
<FromUserName><![CDATA[oKap7wYCjy4pCeBV_iuDPoJdsENM]]></FromUserName>
<CreateTime>1464858426</CreateTime>
<MsgType><![CDATA[event]]></MsgType>
<Event><![CDATA[CLICK]]></Event>
<EventKey><![CDATA[大转盘]]></EventKey>
</xml>

2016-06-02 17:07:06 params :
------------
Array:
message : Array ;
module : wdl_bigwheel ;
rule : 50 ;
priority : 0 ;
keyword : Array ;

2016-06-02 17:07:06 response :
------------
Array:
FromUserName : gh_87c9b624047c ;
ToUserName : oKap7wYCjy4pCeBV_iuDPoJdsENM ;
MsgType : news ;
ArticleCount : 1 ;
Articles : Array ;

2016-06-02 17:18:35 trace :
------------
String:
<xml><ToUserName><![CDATA[gh_b75bad3e9d82]]></ToUserName>
<FromUserName><![CDATA[oH51jw-SCWmbgJFCliUV_fXGVLos]]></FromUserName>
<CreateTime>1464859115</CreateTime>
<MsgType><![CDATA[event]]></MsgType>
<Event><![CDATA[VIEW]]></Event>
<EventKey><![CDATA[http://mp.weixin.qq.com/s?__biz=MzI3ODA4NTQwNw==&mid=400587201&idx=1&sn=26c0cc4aa8356102fd2d63e6c5770d48&scene=18#wechat_redirect]]></EventKey>
<MenuId>401838942</MenuId>
</xml>

2016-06-02 17:18:35 params :
------------
Array:
rule : -2 ;
module :  ;
message : Array ;

2016-06-02 17:18:35 response :
------------

2016-06-02 17:19:45 trace :
------------
String:
<xml><ToUserName><![CDATA[gh_b75bad3e9d82]]></ToUserName>
<FromUserName><![CDATA[oH51jw-SCWmbgJFCliUV_fXGVLos]]></FromUserName>
<CreateTime>1464859185</CreateTime>
<MsgType><![CDATA[event]]></MsgType>
<Event><![CDATA[VIEW]]></Event>
<EventKey><![CDATA[http://mp.weixin.qq.com/s?__biz=MzI3ODA4NTQwNw==&mid=400587201&idx=1&sn=26c0cc4aa8356102fd2d63e6c5770d48&scene=18#wechat_redirect]]></EventKey>
<MenuId>401838942</MenuId>
</xml>

2016-06-02 17:19:45 params :
------------
Array:
rule : -2 ;
module :  ;
message : Array ;

2016-06-02 17:19:45 response :
------------

2016-06-02 17:50:55 trace :
------------
String:
<xml><ToUserName><![CDATA[gh_b75bad3e9d82]]></ToUserName>
<FromUserName><![CDATA[oH51jw-SCWmbgJFCliUV_fXGVLos]]></FromUserName>
<CreateTime>1464861055</CreateTime>
<MsgType><![CDATA[event]]></MsgType>
<Event><![CDATA[VIEW]]></Event>
<EventKey><![CDATA[http://mp.weixin.qq.com/s?__biz=MzI3ODA4NTQwNw==&mid=400575959&idx=1&sn=cd9388040793615cae056826bddac700&scene=18#wechat_redirect]]></EventKey>
<MenuId>401838942</MenuId>
</xml>

2016-06-02 17:50:55 params :
------------
Array:
rule : -2 ;
module :  ;
message : Array ;

2016-06-02 17:50:55 response :
------------

2016-06-02 18:47:37 trace :
------------
String:
<xml><ToUserName><![CDATA[gh_87c9b624047c]]></ToUserName>
<FromUserName><![CDATA[oKap7wWfuATakmhOfM7VjJDejmsQ]]></FromUserName>
<CreateTime>1464864457</CreateTime>
<MsgType><![CDATA[event]]></MsgType>
<Event><![CDATA[subscribe]]></Event>
<EventKey><![CDATA[]]></EventKey>
</xml>

2016-06-02 18:47:37 params :
------------
Array:
message : Array ;
module : news ;
rule : 55 ;
priority : 0 ;
keyword : Array ;

2016-06-02 18:47:37 response :
------------
Array:
FromUserName : gh_87c9b624047c ;
ToUserName : oKap7wWfuATakmhOfM7VjJDejmsQ ;
MsgType : news ;
ArticleCount : 3 ;
Articles : Array ;

2016-06-02 18:51:31 trace :
------------
String:
<xml><ToUserName><![CDATA[gh_87c9b624047c]]></ToUserName>
<FromUserName><![CDATA[oKap7wWfuATakmhOfM7VjJDejmsQ]]></FromUserName>
<CreateTime>1464864691</CreateTime>
<MsgType><![CDATA[event]]></MsgType>
<Event><![CDATA[SCAN]]></Event>
<EventKey><![CDATA[100001]]></EventKey>
<Ticket><![CDATA[gQGd8DoAAAAAAAAAASxodHRwOi8vd2VpeGluLnFxLmNvbS9xL3BqcGVENnJsTXZ4TDQ4RU0zeFR0AAIEIog8VwMEAI0nAA==]]></Ticket>
</xml>

2016-06-02 18:51:31 params :
------------
Array:
message : Array ;
module : mon_qmshake ;
rule : 54 ;
priority : 0 ;
keyword : Array ;

2016-06-02 18:51:31 response :
------------
Array:
FromUserName : gh_87c9b624047c ;
ToUserName : oKap7wWfuATakmhOfM7VjJDejmsQ ;
MsgType : news ;
ArticleCount : 1 ;
Articles : Array ;

2016-06-02 18:53:18 trace :
------------
String:
<xml><ToUserName><![CDATA[gh_87c9b624047c]]></ToUserName>
<FromUserName><![CDATA[oKap7wWfuATakmhOfM7VjJDejmsQ]]></FromUserName>
<CreateTime>1464864798</CreateTime>
<MsgType><![CDATA[event]]></MsgType>
<Event><![CDATA[SCAN]]></Event>
<EventKey><![CDATA[100002]]></EventKey>
<Ticket><![CDATA[gQGg8DoAAAAAAAAAASxodHRwOi8vd2VpeGluLnFxLmNvbS9xL3NUb3BOODdsUi13X3FOWTJxQlR0AAIEM4o8VwMEAI0nAA==]]></Ticket>
</xml>

2016-06-02 18:53:18 params :
------------
Array:
message : Array ;
module : wdl_bigwheel ;
rule : 50 ;
priority : 0 ;
keyword : Array ;

2016-06-02 18:53:18 response :
------------
Array:
FromUserName : gh_87c9b624047c ;
ToUserName : oKap7wWfuATakmhOfM7VjJDejmsQ ;
MsgType : news ;
ArticleCount : 1 ;
Articles : Array ;

2016-06-02 18:54:23 trace :
------------
String:
<xml><ToUserName><![CDATA[gh_87c9b624047c]]></ToUserName>
<FromUserName><![CDATA[oKap7wWfuATakmhOfM7VjJDejmsQ]]></FromUserName>
<CreateTime>1464864863</CreateTime>
<MsgType><![CDATA[event]]></MsgType>
<Event><![CDATA[VIEW]]></Event>
<EventKey><![CDATA[http://show.artels.cn/v-U70510PXM38WA3X5?eqrcode=1]]></EventKey>
<MenuId>503253745</MenuId>
</xml>

2016-06-02 18:54:23 params :
------------
Array:
rule : -2 ;
module :  ;
message : Array ;

2016-06-02 18:54:23 response :
------------

2016-06-02 18:55:26 trace :
------------
String:
<xml><ToUserName><![CDATA[gh_87c9b624047c]]></ToUserName>
<FromUserName><![CDATA[oKap7wWfuATakmhOfM7VjJDejmsQ]]></FromUserName>
<CreateTime>1464864926</CreateTime>
<MsgType><![CDATA[event]]></MsgType>
<Event><![CDATA[VIEW]]></Event>
<EventKey><![CDATA[http://appsnap.weixinprint.com/vins/netPrintCloud1?publicUserId=86116&type=1]]></EventKey>
<MenuId>503253745</MenuId>
</xml>

2016-06-02 18:55:26 params :
------------
Array:
rule : -2 ;
module :  ;
message : Array ;

2016-06-02 18:55:26 response :
------------

2016-06-02 18:55:33 trace :
------------
String:
<xml><ToUserName><![CDATA[gh_87c9b624047c]]></ToUserName>
<FromUserName><![CDATA[oKap7wWfuATakmhOfM7VjJDejmsQ]]></FromUserName>
<CreateTime>1464864933</CreateTime>
<MsgType><![CDATA[event]]></MsgType>
<Event><![CDATA[CLICK]]></Event>
<EventKey><![CDATA[每天摇一摇]]></EventKey>
</xml>

2016-06-02 18:55:33 params :
------------
Array:
message : Array ;
module : mon_qmshake ;
rule : 54 ;
priority : 0 ;
keyword : Array ;

2016-06-02 18:55:33 response :
------------
Array:
FromUserName : gh_87c9b624047c ;
ToUserName : oKap7wWfuATakmhOfM7VjJDejmsQ ;
MsgType : news ;
ArticleCount : 1 ;
Articles : Array ;

2016-06-02 20:44:09 trace :
------------
String:
<xml><ToUserName><![CDATA[gh_87c9b624047c]]></ToUserName>
<FromUserName><![CDATA[oKap7wdC5TPaRiCJhiUs0OklTYuc]]></FromUserName>
<CreateTime>1464871449</CreateTime>
<MsgType><![CDATA[event]]></MsgType>
<Event><![CDATA[VIEW]]></Event>
<EventKey><![CDATA[http://show.artels.cn/v-U70510PXM38WA3X5?eqrcode=1]]></EventKey>
<MenuId>503253745</MenuId>
</xml>

2016-06-02 20:44:09 params :
------------
Array:
rule : -2 ;
module :  ;
message : Array ;

2016-06-02 20:44:09 response :
------------

2016-06-02 20:48:15 trace :
------------
String:
<xml><ToUserName><![CDATA[gh_87c9b624047c]]></ToUserName>
<FromUserName><![CDATA[oKap7wdC5TPaRiCJhiUs0OklTYuc]]></FromUserName>
<CreateTime>1464871694</CreateTime>
<MsgType><![CDATA[event]]></MsgType>
<Event><![CDATA[CLICK]]></Event>
<EventKey><![CDATA[每天摇一摇]]></EventKey>
</xml>

2016-06-02 20:48:15 params :
------------
Array:
message : Array ;
module : mon_qmshake ;
rule : 54 ;
priority : 0 ;
keyword : Array ;

2016-06-02 20:48:15 response :
------------
Array:
FromUserName : gh_87c9b624047c ;
ToUserName : oKap7wdC5TPaRiCJhiUs0OklTYuc ;
MsgType : news ;
ArticleCount : 1 ;
Articles : Array ;

2016-06-02 21:32:29 trace :
------------
String:
<xml><ToUserName><![CDATA[gh_87c9b624047c]]></ToUserName>
<FromUserName><![CDATA[oKap7wVd55ajnktFTfmcPoEPNMLU]]></FromUserName>
<CreateTime>1464874349</CreateTime>
<MsgType><![CDATA[event]]></MsgType>
<Event><![CDATA[CLICK]]></Event>
<EventKey><![CDATA[大转盘]]></EventKey>
</xml>

2016-06-02 21:32:29 params :
------------
Array:
message : Array ;
module : wdl_bigwheel ;
rule : 50 ;
priority : 0 ;
keyword : Array ;

2016-06-02 21:32:29 response :
------------
Array:
FromUserName : gh_87c9b624047c ;
ToUserName : oKap7wVd55ajnktFTfmcPoEPNMLU ;
MsgType : news ;
ArticleCount : 1 ;
Articles : Array ;

2016-06-02 22:39:22 trace :
------------
String:
<xml><ToUserName><![CDATA[gh_b75bad3e9d82]]></ToUserName>
<FromUserName><![CDATA[oH51jw4wsPuhrIUXBzIZdnA1oRuE]]></FromUserName>
<CreateTime>1464878362</CreateTime>
<MsgType><![CDATA[event]]></MsgType>
<Event><![CDATA[VIEW]]></Event>
<EventKey><![CDATA[http://mp.weixin.qq.com/s?__biz=MzI3ODA4NTQwNw==&mid=401067717&idx=1&sn=e809ac6c2d0ee2883240d79549b6a405&scene=18#wechat_redirect]]></EventKey>
<MenuId>401838942</MenuId>
</xml>

2016-06-02 22:39:22 params :
------------
Array:
rule : -2 ;
module :  ;
message : Array ;

2016-06-02 22:39:22 response :
------------

2016-06-02 22:42:25 trace :
------------
String:
<xml><ToUserName><![CDATA[gh_b75bad3e9d82]]></ToUserName>
<FromUserName><![CDATA[oH51jw4wsPuhrIUXBzIZdnA1oRuE]]></FromUserName>
<CreateTime>1464878545</CreateTime>
<MsgType><![CDATA[event]]></MsgType>
<Event><![CDATA[VIEW]]></Event>
<EventKey><![CDATA[http://mp.weixin.qq.com/s?__biz=MzI3ODA4NTQwNw==&mid=401247941&idx=1&sn=0042f168978dc73076f45b73e84d6c38&scene=18#wechat_redirect]]></EventKey>
<MenuId>401838942</MenuId>
</xml>

2016-06-02 22:42:25 params :
------------
Array:
rule : -2 ;
module :  ;
message : Array ;

2016-06-02 22:42:25 response :
------------

